{"target": 638.6474640360522, "params": {"d1": 1.7531249307946883, "d2": 1.260084306110933, "i1": 0.4090452796431884, "i2": 0.7041504982287755, "p1": 3.0649292882429426, "p2": 1.3231241467181047}, "datetime": {"datetime": "2023-11-22 15:52:03", "elapsed": 1632.569461, "delta": 4.208075}}
{"target": 625.2016404395101, "params": {"d1": 0.9373964365252897, "d2": 2.2157363209654313, "i1": 0.4657656219639892, "i2": 1.0, "p1": 1.3958691779162622, "p2": 2.7773146188812876}, "datetime": {"datetime": "2023-11-22 15:52:11", "elapsed": 1640.959167, "delta": 8.389706}}
{"target": 604.6489924824274, "params": {"d1": 2.0096079491773025, "d2": 2.443049671872227, "i1": 0.3642937883439107, "i2": 0.5520498749563831, "p1": 3.457748264681924, "p2": 2.3569705089418083}, "datetime": {"datetime": "2023-11-22 15:52:18", "elapsed": 1648.166377, "delta": 7.20721}}
{"target": 663.331557337043, "params": {"d1": 2.025502636812613, "d2": 1.1635518119954502, "i1": 0.021048821476562174, "i2": 0.8660221284102275, "p1": 3.1530277735289176, "p2": 1.6143205085050294}, "datetime": {"datetime": "2023-11-22 15:52:23", "elapsed": 1652.964704, "delta": 4.798327}}
{"target": 665.8844659922437, "params": {"d1": 1.031326241171676, "d2": 0.8519305303619267, "i1": 0.6761968472122096, "i2": 0.21236458842195208, "p1": 1.7299530148458675, "p2": 1.1100972595854584}, "datetime": {"datetime": "2023-11-22 15:52:31", "elapsed": 1660.673566, "delta": 7.708862}}
{"target": 544.0718796995083, "params": {"d1": 4.390718638040461, "d2": 1.8733391391910779, "i1": 1.0, "i2": 1.0, "p1": 2.7965262756020164, "p2": 3.1560780935564714}, "datetime": {"datetime": "2023-11-22 15:52:36", "elapsed": 1666.065932, "delta": 5.392366}}
{"target": 652.3004436118234, "params": {"d1": 1.2900175764153603, "d2": 1.567125533156546, "i1": 1.0, "i2": 1.0, "p1": 2.0458712441384126, "p2": 1.968838674687756}, "datetime": {"datetime": "2023-11-22 15:52:42", "elapsed": 1671.577054, "delta": 5.511122}}
{"target": 315.89265618127035, "params": {"d1": 5.0, "d2": 5.0, "i1": 1.0, "i2": 0.0, "p1": 0.0, "p2": 3.048541323653088}, "datetime": {"datetime": "2023-11-22 15:52:50", "elapsed": 1679.865213, "delta": 8.288159}}
{"target": 511.9926971251028, "params": {"d1": 2.7734018551485686, "d2": 1.2488499559264354, "i1": 1.0, "i2": 0.0, "p1": 5.0, "p2": 2.2281380693298916}, "datetime": {"datetime": "2023-11-22 15:52:57", "elapsed": 1686.769485, "delta": 6.904272}}
{"target": 667.4971093736217, "params": {"d1": 1.835498883567918, "d2": 1.121734945769406, "i1": 0.1511253646380391, "i2": 0.7655641566249055, "p1": 3.2840881085733122, "p2": 1.7730422851410046}, "datetime": {"datetime": "2023-11-22 15:53:01", "elapsed": 1691.059726, "delta": 4.290241}}
{"target": 545.0831931773516, "params": {"d1": 1.3384330547085495, "d2": 1.529903425588609, "i1": 1.0, "i2": 0.0, "p1": 2.219975161122683, "p2": 4.547272271446847}, "datetime": {"datetime": "2023-11-22 15:53:05", "elapsed": 1695.263915, "delta": 4.204189}}
{"target": 300.0269255281799, "params": {"d1": 0.0, "d2": 2.596506644664794, "i1": 0.0, "i2": 0.0, "p1": 5.0, "p2": 5.0}, "datetime": {"datetime": "2023-11-22 15:53:10", "elapsed": 1699.974138, "delta": 4.710223}}
{"target": 545.0325841390668, "params": {"d1": 1.5850448228132772, "d2": 4.0476293905157625, "i1": 0.7617775456262527, "i2": 0.5889439481608307, "p1": 1.886008573620884, "p2": 5.0}, "datetime": {"datetime": "2023-11-22 15:53:17", "elapsed": 1706.798631, "delta": 6.824493}}
{"target": 623.7802608245739, "params": {"d1": 1.332666783793484, "d2": 2.298546777082959, "i1": 0.23364617103784283, "i2": 1.0, "p1": 2.195203939653002, "p2": 2.3824442408242588}, "datetime": {"datetime": "2023-11-22 15:53:22", "elapsed": 1711.669564, "delta": 4.870933}}
{"target": 510.4264759476578, "params": {"d1": 2.6539999244100065, "d2": 5.0, "i1": 0.0, "i2": 0.0, "p1": 3.577375999462288, "p2": 5.0}, "datetime": {"datetime": "2023-11-22 15:53:28", "elapsed": 1718.276988, "delta": 6.607424}}
{"target": 544.1640745311201, "params": {"d1": 1.1163252129749646, "d2": 0.7176919495078679, "i1": 0.43804678389472884, "i2": 0.0, "p1": 2.6978114187138984, "p2": 1.4662781020125268}, "datetime": {"datetime": "2023-11-22 15:53:33", "elapsed": 1722.571457, "delta": 4.294469}}
{"target": 557.9296631162745, "params": {"d1": 4.376855990685161, "d2": 1.4248650153662368, "i1": 0.0, "i2": 1.0, "p1": 4.201709850271842, "p2": 1.7459053461126464}, "datetime": {"datetime": "2023-11-22 15:53:41", "elapsed": 1731.070278, "delta": 8.498821}}
{"target": 597.3976746282999, "params": {"d1": 2.3960436252505257, "d2": 1.8237050024339299, "i1": 1.0, "i2": 0.0, "p1": 3.117095494735399, "p2": 3.7739461425588767}, "datetime": {"datetime": "2023-11-22 15:53:45", "elapsed": 1734.780972, "delta": 3.710694}}
{"target": 655.9843931178963, "params": {"d1": 2.0165703551043768, "d2": 1.1711053428169136, "i1": 0.24196433681522878, "i2": 0.8172921830491556, "p1": 2.9746484804051914, "p2": 1.8209903015332136}, "datetime": {"datetime": "2023-11-22 15:53:50", "elapsed": 1739.703637, "delta": 4.922665}}
{"target": 627.0982887546438, "params": {"d1": 1.5958489189092773, "d2": 1.5506432894620406, "i1": 1.0, "i2": 0.6798190547481799, "p1": 1.6745280038073913, "p2": 1.7869752517495905}, "datetime": {"datetime": "2023-11-22 15:53:55", "elapsed": 1744.710179, "delta": 5.006542}}
{"target": 257.91718225347046, "params": {"d1": 1.933866965691147, "d2": 5.0, "i1": 0.0, "i2": 0.0, "p1": 0.0, "p2": 1.8872157976648267}, "datetime": {"datetime": "2023-11-22 15:54:00", "elapsed": 1750.060301, "delta": 5.350122}}
{"target": 606.4477363151533, "params": {"d1": 1.5821500480457429, "d2": 2.07505292468741, "i1": 0.34647684629208514, "i2": 0.6218450344902607, "p1": 2.1852520848878085, "p2": 1.891798257591732}, "datetime": {"datetime": "2023-11-22 15:54:05", "elapsed": 1755.173071, "delta": 5.11277}}
{"target": 623.2578622336737, "params": {"d1": 1.4131054019403209, "d2": 1.7444186645626298, "i1": 1.0, "i2": 1.0, "p1": 2.747928761081203, "p2": 3.520445599470862}, "datetime": {"datetime": "2023-11-22 15:54:11", "elapsed": 1760.963551, "delta": 5.79048}}
{"target": 633.079919429828, "params": {"d1": 1.1147702801686656, "d2": 1.8185408922024036, "i1": 1.0, "i2": 0.7839337932178592, "p1": 1.9264231115830126, "p2": 1.5376809726379395}, "datetime": {"datetime": "2023-11-22 15:54:15", "elapsed": 1764.758242, "delta": 3.794691}}
{"target": 471.04236710854036, "params": {"d1": 2.2099741877862287, "d2": 3.158690297665402, "i1": 1.0, "i2": 1.0, "p1": 3.726509460394268, "p2": 1.2082968033698924}, "datetime": {"datetime": "2023-11-22 15:54:19", "elapsed": 1769.264413, "delta": 4.506171}}
{"target": 501.729241579282, "params": {"d1": 3.9658852303311933, "d2": 3.2272444006480496, "i1": 0.0, "i2": 0.0, "p1": 5.0, "p2": 5.0}, "datetime": {"datetime": "2023-11-22 15:54:27", "elapsed": 1776.768091, "delta": 7.503678}}
{"target": 528.2476261994966, "params": {"d1": 1.8513594243086888, "d2": 4.715193156231594, "i1": 0.0, "i2": 0.0, "p1": 2.401478302819948, "p2": 3.956139557765853}, "datetime": {"datetime": "2023-11-22 15:54:35", "elapsed": 1784.617643, "delta": 7.849552}}
{"target": 578.86512282986, "params": {"d1": 1.4600335392282011, "d2": 1.774759330094072, "i1": 0.0, "i2": 0.0, "p1": 3.856177405004387, "p2": 2.524204145503625}, "datetime": {"datetime": "2023-11-22 15:54:41", "elapsed": 1791.079432, "delta": 6.461789}}
{"target": 429.3188631591526, "params": {"d1": 5.0, "d2": 5.0, "i1": 1.0, "i2": 1.0, "p1": 2.771493444225427, "p2": 1.5348511971221803}, "datetime": {"datetime": "2023-11-22 15:54:46", "elapsed": 1796.363741, "delta": 5.284309}}
{"target": 467.29584841470074, "params": {"d1": 2.3808613306931283, "d2": 5.0, "i1": 1.0, "i2": 1.0, "p1": 5.0, "p2": 3.364101831839128}, "datetime": {"datetime": "2023-11-22 15:54:50", "elapsed": 1800.111818, "delta": 3.748077}}
{"target": 618.4850853092811, "params": {"d1": 1.1366520627935723, "d2": 1.4141544654386207, "i1": 1.0, "i2": 1.0, "p1": 2.389837993453071, "p2": 2.553948396774232}, "datetime": {"datetime": "2023-11-22 15:54:54", "elapsed": 1803.620072, "delta": 3.508254}}
{"target": 608.5959636697816, "params": {"d1": 1.1024792879643628, "d2": 1.5832218882327882, "i1": 0.47617178836351887, "i2": 0.549948146115765, "p1": 1.2179170084330335, "p2": 1.8481121849054836}, "datetime": {"datetime": "2023-11-22 15:55:02", "elapsed": 1812.271373, "delta": 8.651301}}
{"target": 537.6964894398075, "params": {"d1": 3.6955594394963485, "d2": 1.067180254820193, "i1": 0.0, "i2": 0.0, "p1": 4.186358664867808, "p2": 1.7368583587057262}, "datetime": {"datetime": "2023-11-22 15:55:07", "elapsed": 1817.372436, "delta": 5.101063}}
{"target": 579.1071370538117, "params": {"d1": 2.6938926030356343, "d2": 1.4488995556419373, "i1": 0.0, "i2": 0.5054439147524011, "p1": 3.215198168207285, "p2": 1.5161636605762496}, "datetime": {"datetime": "2023-11-22 15:55:15", "elapsed": 1825.091742, "delta": 7.719306}}
{"target": 543.3546455122846, "params": {"d1": 1.7701455142388287, "d2": 5.0, "i1": 1.0, "i2": 1.0, "p1": 3.0956496890855245, "p2": 5.0}, "datetime": {"datetime": "2023-11-22 15:55:20", "elapsed": 1830.044421, "delta": 4.952679}}
{"target": 577.9604315555138, "params": {"d1": 1.9620409855432897, "d2": 2.4286353609221494, "i1": 0.5806193786567192, "i2": 1.0, "p1": 1.7094456985012683, "p2": 1.9371313369424907}, "datetime": {"datetime": "2023-11-22 15:55:25", "elapsed": 1835.065459, "delta": 5.021038}}
{"target": 541.9354975754736, "params": {"d1": 3.5388644186489984, "d2": 1.8790925631433466, "i1": 1.0, "i2": 1.0, "p1": 2.179172464619357, "p2": 2.1258641626855876}, "datetime": {"datetime": "2023-11-22 15:55:33", "elapsed": 1843.203924, "delta": 8.138465}}
{"target": 515.3533223315691, "params": {"d1": 1.403033381743059, "d2": 3.3525816033650373, "i1": 0.0, "i2": 1.0, "p1": 3.6007634227320637, "p2": 5.0}, "datetime": {"datetime": "2023-11-22 15:55:41", "elapsed": 1851.261185, "delta": 8.057261}}
{"target": 591.584437165464, "params": {"d1": 1.5712214311407897, "d2": 1.9645574737133098, "i1": 0.504005114156671, "i2": 0.0, "p1": 2.3335561234436084, "p2": 3.64796423859653}, "datetime": {"datetime": "2023-11-22 15:55:49", "elapsed": 1859.258047, "delta": 7.996862}}
{"target": 598.3572371021513, "params": {"d1": 1.6411588097915748, "d2": 1.7273193009562429, "i1": 0.47480195968334077, "i2": 0.61065043467393, "p1": 3.317858294761648, "p2": 1.0880700432214543}, "datetime": {"datetime": "2023-11-22 15:55:56", "elapsed": 1866.475554, "delta": 7.217507}}
{"target": 605.0598898394835, "params": {"d1": 1.0634303636446008, "d2": 1.5637339100576384, "i1": 1.0, "i2": 0.0, "p1": 2.000970858347749, "p2": 3.8048513182409542}, "datetime": {"datetime": "2023-11-22 15:56:04", "elapsed": 1874.466056, "delta": 7.990502}}
{"target": 598.712238378229, "params": {"d1": 1.4960945522994182, "d2": 2.1641804220435614, "i1": 0.3241533241239738, "i2": 1.0, "p1": 2.4528525565753108, "p2": 2.9865820006640336}, "datetime": {"datetime": "2023-11-22 15:56:10", "elapsed": 1880.297905, "delta": 5.831849}}
{"target": 605.6786189618127, "params": {"d1": 1.5331194360957094, "d2": 1.3130684306418636, "i1": 0.0, "i2": 0.5004489824090842, "p1": 3.362978822729719, "p2": 2.434686786888646}, "datetime": {"datetime": "2023-11-22 15:56:17", "elapsed": 1886.681075, "delta": 6.38317}}
{"target": 551.9058306501929, "params": {"d1": 1.9226779934594738, "d2": 2.4872834181366814, "i1": 1.0, "i2": 0.0, "p1": 3.354798367639245, "p2": 3.9946596592152126}, "datetime": {"datetime": "2023-11-22 15:56:25", "elapsed": 1895.502822, "delta": 8.821747}}
{"target": 594.7280677451015, "params": {"d1": 1.7739222770428675, "d2": 1.4419099371920072, "i1": 0.2547891712527696, "i2": 0.0, "p1": 1.8548302719278555, "p2": 2.801390670499908}, "datetime": {"datetime": "2023-11-22 15:56:31", "elapsed": 1900.853918, "delta": 5.351096}}
{"target": 576.3435203802858, "params": {"d1": 0.9313143995036812, "d2": 1.221834480304678, "i1": 1.0, "i2": 1.0, "p1": 0.955217582544701, "p2": 1.9480738076981574}, "datetime": {"datetime": "2023-11-22 15:56:40", "elapsed": 1910.175802, "delta": 9.321884}}
{"target": 633.910685180289, "params": {"d1": 2.159052397448861, "d2": 1.1802894476495427, "i1": 0.3010855556847655, "i2": 1.0, "p1": 3.0967070425151433, "p2": 2.35508645638631}, "datetime": {"datetime": "2023-11-22 15:56:44", "elapsed": 1914.030798, "delta": 3.854996}}
{"target": 620.1124717632814, "params": {"d1": 2.0453987516990537, "d2": 2.3010891056057545, "i1": 1.0, "i2": 1.0, "p1": 3.0592499881562345, "p2": 2.4352810165286716}, "datetime": {"datetime": "2023-11-22 15:56:51", "elapsed": 1921.024125, "delta": 6.993327}}
{"target": 574.5839478656382, "params": {"d1": 2.0759451268757543, "d2": 1.0438026878116364, "i1": 0.0, "i2": 0.6452385734041113, "p1": 2.7735438159771797, "p2": 2.865677713890155}, "datetime": {"datetime": "2023-11-22 15:56:58", "elapsed": 1928.244601, "delta": 7.220476}}
{"target": 604.3388543904362, "params": {"d1": 2.3627955760472967, "d2": 1.5634391805052301, "i1": 1.0, "i2": 0.0, "p1": 2.2814058035081235, "p2": 3.454408157594726}, "datetime": {"datetime": "2023-11-22 15:57:03", "elapsed": 1933.465906, "delta": 5.221305}}
{"target": 450.8806510825973, "params": {"d1": 3.3711732153712015, "d2": 5.0, "i1": 1.0, "i2": 1.0, "p1": 1.5654443874986157, "p2": 5.0}, "datetime": {"datetime": "2023-11-22 15:57:10", "elapsed": 1940.501769, "delta": 7.035863}}
{"target": 545.186907467558, "params": {"d1": 2.8815488299655, "d2": 1.847285887768231, "i1": 1.0, "i2": 0.0, "p1": 2.8411369181725736, "p2": 3.041175607115274}, "datetime": {"datetime": "2023-11-22 15:57:16", "elapsed": 1946.031479, "delta": 5.52971}}
{"target": 510.468911345621, "params": {"d1": 5.0, "d2": 1.9768879954983842, "i1": 1.0, "i2": 1.0, "p1": 1.856986615394001, "p2": 3.499303291704031}, "datetime": {"datetime": "2023-11-22 15:57:21", "elapsed": 1950.998971, "delta": 4.967492}}
{"target": 559.0679015412964, "params": {"d1": 1.7328909012578915, "d2": 4.102252301241163, "i1": 1.0, "i2": 0.0, "p1": 2.031347442369903, "p2": 3.5874073534136492}, "datetime": {"datetime": "2023-11-22 15:57:31", "elapsed": 1961.171857, "delta": 10.172886}}
{"target": 306.6798460518843, "params": {"d1": 2.6023075196307315, "d2": 0.0, "i1": 0.0, "i2": 0.0, "p1": 5.0, "p2": 5.0}, "datetime": {"datetime": "2023-11-22 15:57:38", "elapsed": 1967.828125, "delta": 6.656268}}
{"target": 641.3858380069892, "params": {"d1": 1.5989901208200832, "d2": 1.2843342972791896, "i1": 1.0, "i2": 1.0, "p1": 1.5949455059821873, "p2": 2.49764888793503}, "datetime": {"datetime": "2023-11-22 15:57:46", "elapsed": 1975.571668, "delta": 7.743543}}
{"target": 605.5531689273188, "params": {"d1": 1.005970486081937, "d2": 2.491168623829203, "i1": 0.6502756906956506, "i2": 0.6503742003727705, "p1": 1.0359765827091116, "p2": 2.160091774132286}, "datetime": {"datetime": "2023-11-22 15:57:53", "elapsed": 1983.168161, "delta": 7.596493}}
{"target": 533.3619883838355, "params": {"d1": 2.0681595562760453, "d2": 4.8295913809403865, "i1": 0.9858033015386278, "i2": 0.06269588040214058, "p1": 2.8916595841630737, "p2": 4.946543027669347}, "datetime": {"datetime": "2023-11-22 15:58:04", "elapsed": 1994.077199, "delta": 10.909038}}
{"target": 541.0601489421551, "params": {"d1": 1.9542066384827899, "d2": 3.78798696004827, "i1": 0.0, "i2": 0.0, "p1": 3.7677177556696204, "p2": 3.199045017177407}, "datetime": {"datetime": "2023-11-22 15:58:12", "elapsed": 2002.371225, "delta": 8.294026}}
{"target": 554.1964279937615, "params": {"d1": 1.47450137914484, "d2": 1.726276491310362, "i1": 0.31958679391067474, "i2": 0.5929466180665987, "p1": 2.3556722215686454, "p2": 0.7566205801548539}, "datetime": {"datetime": "2023-11-22 15:58:21", "elapsed": 2010.858016, "delta": 8.486791}}
{"target": 467.2225278259628, "params": {"d1": 4.168995326014361, "d2": 3.5548782632796296, "i1": 0.0, "i2": 0.0, "p1": 2.8142966996917282, "p2": 3.491153120935905}, "datetime": {"datetime": "2023-11-22 15:58:30", "elapsed": 2019.664398, "delta": 8.806382}}
{"target": 567.8854272136804, "params": {"d1": 3.7821820584924564, "d2": 1.3668530874383404, "i1": 1.0, "i2": 1.0, "p1": 4.304496960408979, "p2": 1.684133481688213}, "datetime": {"datetime": "2023-11-22 15:58:36", "elapsed": 2025.948222, "delta": 6.283824}}
{"target": 640.7913003145237, "params": {"d1": 1.3115585725348138, "d2": 1.716046115220228, "i1": 1.0, "i2": 1.0, "p1": 2.6904647188838844, "p2": 2.2273523418096857}, "datetime": {"datetime": "2023-11-22 15:58:44", "elapsed": 2034.11273, "delta": 8.164508}}
{"target": 694.9022874119693, "params": {"d1": 1.7412954672919763, "d2": 1.196516997934348, "i1": 0.1633711210959903, "i2": 0.9629865005782902, "p1": 3.1749351013361937, "p2": 1.688933111679037}, "datetime": {"datetime": "2023-11-22 15:58:56", "elapsed": 2046.160814, "delta": 12.048084}}
{"target": 440.1794727090315, "params": {"d1": 5.0, "d2": 4.005683363883491, "i1": 1.0, "i2": 0.0, "p1": 5.0, "p2": 2.595485239995103}, "datetime": {"datetime": "2023-11-22 15:59:02", "elapsed": 2052.46834, "delta": 6.307526}}
{"target": 477.0861076190761, "params": {"d1": 0.9006329628971969, "d2": 2.7286051867371444, "i1": 0.0, "i2": 0.0, "p1": 0.8344006992596857, "p2": 1.8457459152114897}, "datetime": {"datetime": "2023-11-22 15:59:08", "elapsed": 2058.374821, "delta": 5.906481}}
{"target": 483.79034204470474, "params": {"d1": 3.188191972396396, "d2": 2.299650279234404, "i1": 0.0, "i2": 1.0, "p1": 3.267624142667694, "p2": 5.0}, "datetime": {"datetime": "2023-11-22 15:59:14", "elapsed": 2064.098396, "delta": 5.723575}}
{"target": 670.4927378181435, "params": {"d1": 1.406987332657149, "d2": 1.555521911483326, "i1": 1.0, "i2": 1.0, "p1": 1.917253395389371, "p2": 2.6857673030799214}, "datetime": {"datetime": "2023-11-22 15:59:23", "elapsed": 2072.574257, "delta": 8.475861}}
{"target": 638.8123368986415, "params": {"d1": 1.3036156470720335, "d2": 1.2852839046860942, "i1": 0.971271526197278, "i2": 0.7382027561182343, "p1": 2.13515866246959, "p2": 1.6242262867630353}, "datetime": {"datetime": "2023-11-22 15:59:32", "elapsed": 2081.576676, "delta": 9.002419}}
{"target": 476.85477343591515, "params": {"d1": 3.975475089915096, "d2": 5.0, "i1": 1.0, "i2": 0.0, "p1": 2.5120895605477607, "p2": 5.0}, "datetime": {"datetime": "2023-11-22 15:59:38", "elapsed": 2087.883965, "delta": 6.307289}}
{"target": 663.4855187629056, "params": {"d1": 1.7123951685044214, "d2": 1.3251229805058267, "i1": 0.2582063854438915, "i2": 0.8868472412357051, "p1": 3.212981900504973, "p2": 1.5257455568203304}, "datetime": {"datetime": "2023-11-22 15:59:43", "elapsed": 2093.479443, "delta": 5.595478}}
{"target": 129.67255814904493, "params": {"d1": 3.0047339427267747, "d2": 0.0, "i1": 0.0, "i2": 0.0, "p1": 0.0, "p2": 5.0}, "datetime": {"datetime": "2023-11-22 15:59:49", "elapsed": 2099.260147, "delta": 5.780704}}
{"target": 651.5612865420443, "params": {"d1": 1.9325177914156844, "d2": 1.402816777623257, "i1": 0.046595760099273575, "i2": 0.7738407747174405, "p1": 2.922023165044978, "p2": 1.6408304921888668}, "datetime": {"datetime": "2023-11-22 15:59:57", "elapsed": 2107.145798, "delta": 7.885651}}
{"target": 597.8378071674588, "params": {"d1": 1.930818024948025, "d2": 1.5430983156956852, "i1": 0.3824141035790881, "i2": 1.0, "p1": 4.245689891538718, "p2": 2.525446360403218}, "datetime": {"datetime": "2023-11-22 16:00:07", "elapsed": 2116.958316, "delta": 9.812518}}
{"target": 561.5342010605505, "params": {"d1": 2.5496230816403553, "d2": 0.971089825786497, "i1": 0.0, "i2": 1.0, "p1": 2.8795739105540887, "p2": 2.275583659463912}, "datetime": {"datetime": "2023-11-22 16:00:12", "elapsed": 2121.549511, "delta": 4.591195}}
{"target": 509.26866890089065, "params": {"d1": 2.000541228372208, "d2": 3.717666334104328, "i1": 0.0, "i2": 0.0, "p1": 2.4390769864286126, "p2": 2.9876375752493947}, "datetime": {"datetime": "2023-11-22 16:00:18", "elapsed": 2128.257619, "delta": 6.708108}}
{"target": 603.2039081844987, "params": {"d1": 2.43632119728271, "d2": 1.7275097248056328, "i1": 0.3722487104377197, "i2": 1.0, "p1": 2.2891655513532996, "p2": 2.7514886189920045}, "datetime": {"datetime": "2023-11-22 16:00:24", "elapsed": 2133.646233, "delta": 5.388614}}
{"target": 636.1258104868215, "params": {"d1": 1.5380579391202898, "d2": 1.4918481465203408, "i1": 1.0, "i2": 1.0, "p1": 2.547571804646357, "p2": 2.0531143332160813}, "datetime": {"datetime": "2023-11-22 16:00:29", "elapsed": 2138.889472, "delta": 5.243239}}
{"target": 508.9516901636256, "params": {"d1": 4.288451559472684, "d2": 2.3091410728196693, "i1": 0.0, "i2": 1.0, "p1": 2.3588179222304797, "p2": 2.5484244925752657}, "datetime": {"datetime": "2023-11-22 16:00:33", "elapsed": 2143.017715, "delta": 4.128243}}
{"target": 542.0756274467592, "params": {"d1": 1.4827410071630844, "d2": 2.698925212213213, "i1": 0.0, "i2": 0.0, "p1": 3.639615309997953, "p2": 2.929305705935609}, "datetime": {"datetime": "2023-11-22 16:00:42", "elapsed": 2151.668192, "delta": 8.650477}}
{"target": 630.3166528172285, "params": {"d1": 2.1463164453792887, "d2": 1.3366938792250767, "i1": 1.0, "i2": 1.0, "p1": 2.0815171379227975, "p2": 2.2004451213273013}, "datetime": {"datetime": "2023-11-22 16:00:49", "elapsed": 2159.457018, "delta": 7.788826}}
{"target": 578.6914544208655, "params": {"d1": 2.2564906054709777, "d2": 2.34866974352868, "i1": 1.0, "i2": 0.0, "p1": 1.8674645972482975, "p2": 3.536819615118473}, "datetime": {"datetime": "2023-11-22 16:00:55", "elapsed": 2165.266062, "delta": 5.809044}}
{"target": 548.4154062877701, "params": {"d1": 1.2299649963409838, "d2": 2.1809281778375285, "i1": 0.0, "i2": 0.0, "p1": 2.328566845876411, "p2": 4.471309828099492}, "datetime": {"datetime": "2023-11-22 16:01:04", "elapsed": 2173.97943, "delta": 8.713368}}
{"target": 658.47067131594, "params": {"d1": 1.3801650743213916, "d2": 1.84654358580478, "i1": 1.0, "i2": 1.0, "p1": 1.8200671804982058, "p2": 2.800994385744066}, "datetime": {"datetime": "2023-11-22 16:01:09", "elapsed": 2179.009763, "delta": 5.030333}}
