{"target": 550.6080807068602, "params": {"d1": 4.035049647107809, "d2": 1.565076855711477, "i1": 0.0, "i2": 1.0, "p1": 3.9653879703922676, "p2": 2.8752570904740304}, "datetime": {"datetime": "2023-11-22 16:13:17", "elapsed": 2906.662348, "delta": 12.199632}}
{"target": 526.5622388398057, "params": {"d1": 3.8577634151176072, "d2": 1.2608599977995307, "i1": 0.0, "i2": 0.0, "p1": 5.0, "p2": 2.215846237069068}, "datetime": {"datetime": "2023-11-22 16:13:24", "elapsed": 2913.874348, "delta": 7.212}}
{"target": 616.4052384270016, "params": {"d1": 1.3921321708379675, "d2": 1.4408157257004677, "i1": 1.0, "i2": 1.0, "p1": 1.5257467373856408, "p2": 2.06839003317522}, "datetime": {"datetime": "2023-11-22 16:13:31", "elapsed": 2921.36069, "delta": 7.486342}}
{"target": 514.5871778266728, "params": {"d1": 3.9493857545401454, "d2": 1.3862394375672147, "i1": 1.0, "i2": 1.0, "p1": 5.0, "p2": 3.375245306458398}, "datetime": {"datetime": "2023-11-22 16:13:40", "elapsed": 2929.982863, "delta": 8.622173}}
{"target": 603.8326638159853, "params": {"d1": 2.0066243110017035, "d2": 1.4437350486630103, "i1": 0.31299457643114786, "i2": 1.0, "p1": 1.2642256479966203, "p2": 1.6215997082499904}, "datetime": {"datetime": "2023-11-22 16:13:46", "elapsed": 2936.16301, "delta": 6.180147}}
{"target": 539.5946549328664, "params": {"d1": 1.6383994474748644, "d2": 4.501489744583626, "i1": 1.0, "i2": 0.7676621296820118, "p1": 1.9553923834011373, "p2": 2.7570437782022807}, "datetime": {"datetime": "2023-11-22 16:13:53", "elapsed": 2942.857777, "delta": 6.694767}}
{"target": 678.6747689869326, "params": {"d1": 1.351308806495172, "d2": 1.4858857394311136, "i1": 1.0, "i2": 1.0, "p1": 1.647746792718881, "p2": 2.753408152562235}, "datetime": {"datetime": "2023-11-22 16:14:01", "elapsed": 2951.35658, "delta": 8.498803}}
{"target": 480.65779351725723, "params": {"d1": 3.811934945631424, "d2": 2.446304878610226, "i1": 1.0, "i2": 1.0, "p1": 3.192004114657142, "p2": 3.8736746725801967}, "datetime": {"datetime": "2023-11-22 16:14:11", "elapsed": 2961.389984, "delta": 10.033404}}
{"target": 655.6770997377541, "params": {"d1": 1.508686124087613, "d2": 1.2386781539921532, "i1": 0.24684745240158412, "i2": 0.9547017081761465, "p1": 3.3582881625961387, "p2": 1.7537561643027921}, "datetime": {"datetime": "2023-11-22 16:14:17", "elapsed": 2967.167571, "delta": 5.777587}}
{"target": 531.1545064686771, "params": {"d1": 1.3620103286888319, "d2": 1.267277622478789, "i1": 0.030265878204145613, "i2": 0.12648145319315474, "p1": 1.93363403910821, "p2": 4.197385662189376}, "datetime": {"datetime": "2023-11-22 16:14:23", "elapsed": 2973.162747, "delta": 5.995176}}
{"target": 482.4003226803904, "params": {"d1": 3.7908632117773586, "d2": 4.004461357295222, "i1": 1.0, "i2": 1.0, "p1": 5.0, "p2": 2.9612543886728058}, "datetime": {"datetime": "2023-11-22 16:14:30", "elapsed": 2980.265827, "delta": 7.10308}}
{"target": 498.79537205334236, "params": {"d1": 3.5210481814932133, "d2": 5.0, "i1": 0.0, "i2": 1.0, "p1": 4.235937181379679, "p2": 5.0}, "datetime": {"datetime": "2023-11-22 16:14:40", "elapsed": 2989.666503, "delta": 9.400676}}
{"target": 518.2829479678085, "params": {"d1": 1.1001804002078832, "d2": 2.7868602081947755, "i1": 0.0, "i2": 1.0, "p1": 1.8320279187485562, "p2": 2.6459442548100545}, "datetime": {"datetime": "2023-11-22 16:14:47", "elapsed": 2997.470997, "delta": 7.804494}}
{"target": 566.2607762437607, "params": {"d1": 2.9214149477076035, "d2": 1.4735594243967938, "i1": 1.0, "i2": 1.0, "p1": 4.337497594267848, "p2": 2.2449268152050768}, "datetime": {"datetime": "2023-11-22 16:14:59", "elapsed": 3009.441659, "delta": 11.970662}}
{"target": 623.3743842609158, "params": {"d1": 1.312453075950173, "d2": 1.2189373617307049, "i1": 1.0, "i2": 0.34593586136352344, "p1": 1.4968760210143301, "p2": 1.1643049499072826}, "datetime": {"datetime": "2023-11-22 16:15:17", "elapsed": 3026.567263, "delta": 17.125604}}
{"target": 412.7889778041892, "params": {"d1": 3.410710194552711, "d2": 2.9297143905983876, "i1": 0.0, "i2": 1.0, "p1": 1.2431163676566162, "p2": 5.0}, "datetime": {"datetime": "2023-11-22 16:15:25", "elapsed": 3034.580373, "delta": 8.01311}}
{"target": 530.8084605976996, "params": {"d1": 3.09853619467295, "d2": 1.2938306985179775, "i1": 1.0, "i2": 1.0, "p1": 2.1800131096229065, "p2": 1.1773144768557433}, "datetime": {"datetime": "2023-11-22 16:15:33", "elapsed": 3043.07293, "delta": 8.492557}}
{"target": 492.1317943676071, "params": {"d1": 1.7008354519177775, "d2": 2.1515210337139257, "i1": 0.0, "i2": 0.0, "p1": 5.0, "p2": 1.902295852404472}, "datetime": {"datetime": "2023-11-22 16:15:39", "elapsed": 3049.263214, "delta": 6.190284}}
{"target": 643.5775205366134, "params": {"d1": 1.0485789686986442, "d2": 2.08495194509225, "i1": 1.0, "i2": 0.7358406844373165, "p1": 1.3096758821812056, "p2": 2.2298713697041697}, "datetime": {"datetime": "2023-11-22 16:15:48", "elapsed": 3057.662082, "delta": 8.398868}}
{"target": 599.5895129256231, "params": {"d1": 1.557857613946473, "d2": 2.4715487942548275, "i1": 1.0, "i2": 0.20120092144179483, "p1": 1.7096793292695636, "p2": 3.327775637189474}, "datetime": {"datetime": "2023-11-22 16:15:55", "elapsed": 3064.775031, "delta": 7.112949}}
{"target": 580.7079495570118, "params": {"d1": 1.6952548414076984, "d2": 1.6133682142850376, "i1": 0.9780079129307258, "i2": 0.978704198126399, "p1": 1.2384763310314488, "p2": 2.9207635409715915}, "datetime": {"datetime": "2023-11-22 16:16:02", "elapsed": 3072.273411, "delta": 7.49838}}
{"target": 500.3891736496429, "params": {"d1": 5.0, "d2": 2.3222788651507984, "i1": 0.0, "i2": 1.0, "p1": 5.0, "p2": 3.863311026308543}, "datetime": {"datetime": "2023-11-22 16:16:09", "elapsed": 3079.375529, "delta": 7.102118}}
{"target": 521.3749724010025, "params": {"d1": 5.0, "d2": 2.1453881262839793, "i1": 1.0, "i2": 1.0, "p1": 3.0909578057188325, "p2": 2.28718424875469}, "datetime": {"datetime": "2023-11-22 16:16:24", "elapsed": 3094.361947, "delta": 14.986418}}
{"target": 590.5423261841087, "params": {"d1": 0.9922162859384008, "d2": 1.927278448040396, "i1": 1.0, "i2": 0.0, "p1": 1.360984706597715, "p2": 3.939704846506977}, "datetime": {"datetime": "2023-11-22 16:16:36", "elapsed": 3106.366295, "delta": 12.004348}}
{"target": 600.4328893415569, "params": {"d1": 1.7285545698677045, "d2": 1.9102324450760924, "i1": 0.6977427893661029, "i2": 0.0, "p1": 1.889888303932344, "p2": 3.056797188547917}, "datetime": {"datetime": "2023-11-22 16:16:48", "elapsed": 3117.859361, "delta": 11.493066}}
{"target": 524.9944199680655, "params": {"d1": 2.5011206734092424, "d2": 4.448301219224353, "i1": 0.0, "i2": 1.0, "p1": 3.074809511099513, "p2": 5.0}, "datetime": {"datetime": "2023-11-22 16:16:57", "elapsed": 3127.264757, "delta": 9.405396}}
{"target": 601.9158454815646, "params": {"d1": 1.9116745032144864, "d2": 2.6156256881354447, "i1": 0.48871550008785786, "i2": 0.4237760259598352, "p1": 2.5079123560210292, "p2": 2.57838760545768}, "datetime": {"datetime": "2023-11-22 16:17:11", "elapsed": 3140.558732, "delta": 13.293975}}
{"target": 571.9093312729924, "params": {"d1": 2.2924109624824527, "d2": 1.9427166298287581, "i1": 1.0, "i2": 0.5180157666642319, "p1": 1.7735670079206298, "p2": 3.3762011472412743}, "datetime": {"datetime": "2023-11-22 16:17:18", "elapsed": 3147.539461, "delta": 6.980729}}
{"target": 436.6404319677217, "params": {"d1": 1.5418784200934923, "d2": 1.6866874802967187, "i1": 0.0, "i2": 0.0, "p1": 1.5212132397189542, "p2": 0.4651985246046225}, "datetime": {"datetime": "2023-11-22 16:17:26", "elapsed": 3156.341272, "delta": 8.801811}}
{"target": 665.617896254089, "params": {"d1": 0.8383980145563452, "d2": 1.0775300238927037, "i1": 0.15198380145076484, "i2": 0.9564364112948672, "p1": 0.9032703040530105, "p2": 1.9305925200439322}, "datetime": {"datetime": "2023-11-22 16:17:33", "elapsed": 3162.569205, "delta": 6.227933}}
{"target": 472.55111176498104, "params": {"d1": 0.16886329651633725, "d2": 1.026289443817423, "i1": 0.1513391898360077, "i2": 0.9325187842538062, "p1": 0.794581207622444, "p2": 1.9988091084796618}, "datetime": {"datetime": "2023-11-22 16:17:40", "elapsed": 3170.271808, "delta": 7.702603}}
{"target": 571.3705761119022, "params": {"d1": 1.4666116489171217, "d2": 1.5804729308563379, "i1": 0.0, "i2": 0.0, "p1": 3.942259597560865, "p2": 3.6224035294435777}, "datetime": {"datetime": "2023-11-22 16:17:46", "elapsed": 3176.172503, "delta": 5.900695}}
{"target": 631.9992490806285, "params": {"d1": 1.4214728955532654, "d2": 2.147248665737586, "i1": 0.08555919077712132, "i2": 1.0, "p1": 1.9224459693638831, "p2": 1.853541792006806}, "datetime": {"datetime": "2023-11-22 16:17:54", "elapsed": 3184.513694, "delta": 8.341191}}
{"target": 462.775224070448, "params": {"d1": 4.316157094456884, "d2": 5.0, "i1": 0.0, "i2": 1.0, "p1": 3.6520167267819494, "p2": 2.128531911773651}, "datetime": {"datetime": "2023-11-22 16:18:00", "elapsed": 3189.653768, "delta": 5.140074}}
{"target": 507.2515130157874, "params": {"d1": 3.777824092035712, "d2": 1.4153296829721282, "i1": 0.0, "i2": 1.0, "p1": 2.8542947664558014, "p2": 3.276440075676948}, "datetime": {"datetime": "2023-11-22 16:18:07", "elapsed": 3196.862866, "delta": 7.209098}}
{"target": 576.0163732671939, "params": {"d1": 0.9695929000447494, "d2": 2.232216863526979, "i1": 1.0, "i2": 1.0, "p1": 1.11404039919526, "p2": 2.4239186696134327}, "datetime": {"datetime": "2023-11-22 16:18:16", "elapsed": 3206.070694, "delta": 9.207828}}
{"target": 630.4519697840017, "params": {"d1": 1.934455665808757, "d2": 1.4769903805035187, "i1": 1.0, "i2": 1.0, "p1": 2.7854576218876423, "p2": 2.003662492761301}, "datetime": {"datetime": "2023-11-22 16:18:28", "elapsed": 3218.46068, "delta": 12.389986}}
{"target": 652.7821452586825, "params": {"d1": 1.2436151747142303, "d2": 1.7230421034447294, "i1": 1.0, "i2": 0.8621629067107813, "p1": 1.5962769386061557, "p2": 1.6614522832090068}, "datetime": {"datetime": "2023-11-22 16:18:37", "elapsed": 3226.759819, "delta": 8.299139}}
{"target": 582.0285793805191, "params": {"d1": 1.7258062381895907, "d2": 1.387237922299823, "i1": 1.0, "i2": 1.0, "p1": 1.3027719220179599, "p2": 1.3225412130346295}, "datetime": {"datetime": "2023-11-22 16:18:46", "elapsed": 3236.31675, "delta": 9.556931}}
{"target": 506.5221423028595, "params": {"d1": 1.4702895757624928, "d2": 2.2769657878066605, "i1": 0.0, "i2": 0.0, "p1": 0.8557908808741838, "p2": 3.2711358178307894}, "datetime": {"datetime": "2023-11-22 16:18:53", "elapsed": 3242.676964, "delta": 6.360214}}
{"target": 622.3901800720957, "params": {"d1": 2.093849591694516, "d2": 2.064600918111895, "i1": 1.0, "i2": 1.0, "p1": 2.446780449712066, "p2": 2.431249453580659}, "datetime": {"datetime": "2023-11-22 16:19:12", "elapsed": 3262.357664, "delta": 19.6807}}
{"target": 627.9331936831175, "params": {"d1": 1.662113169705873, "d2": 1.8013297861149629, "i1": 1.0, "i2": 0.716433362137765, "p1": 2.9942097320240335, "p2": 2.8749508721753863}, "datetime": {"datetime": "2023-11-22 16:19:25", "elapsed": 3274.603162, "delta": 12.245498}}
{"target": 643.1393321180625, "params": {"d1": 1.2527573551123512, "d2": 1.722569969773275, "i1": 1.0, "i2": 1.0, "p1": 1.8529813164164908, "p2": 1.7037006661525802}, "datetime": {"datetime": "2023-11-22 16:19:34", "elapsed": 3284.197394, "delta": 9.594232}}
{"target": 611.224932057464, "params": {"d1": 1.8901629261609723, "d2": 1.7246541345307624, "i1": 1.0, "i2": 0.0, "p1": 2.584307474198557, "p2": 3.7356146466699167}, "datetime": {"datetime": "2023-11-22 16:19:46", "elapsed": 3295.789265, "delta": 11.591871}}
{"target": 584.5701279163704, "params": {"d1": 0.8952085686418697, "d2": 1.3863284463597154, "i1": 1.0, "i2": 1.0, "p1": 1.3955130785902667, "p2": 1.293740517608491}, "datetime": {"datetime": "2023-11-22 16:20:00", "elapsed": 3309.67367, "delta": 13.884405}}
{"target": 505.3267983546976, "params": {"d1": 3.3317765333264826, "d2": 1.2515118486908494, "i1": 0.0, "i2": 0.0, "p1": 1.8953958289169504, "p2": 3.394125209357277}, "datetime": {"datetime": "2023-11-22 16:20:08", "elapsed": 3317.558395, "delta": 7.884725}}
{"target": 370.07111182214084, "params": {"d1": 5.0, "d2": 3.73574839633531, "i1": 1.0, "i2": 1.0, "p1": 5.0, "p2": 0.0}, "datetime": {"datetime": "2023-11-22 16:20:17", "elapsed": 3327.067133, "delta": 9.508738}}
{"target": 556.8018865305514, "params": {"d1": 1.3940813167416697, "d2": 3.730790756049487, "i1": 1.0, "i2": 0.0, "p1": 3.0214787336691433, "p2": 5.0}, "datetime": {"datetime": "2023-11-22 16:20:28", "elapsed": 3338.348264, "delta": 11.281131}}
{"target": 578.1076071556465, "params": {"d1": 1.758428698015044, "d2": 2.4597876142299406, "i1": 1.0, "i2": 0.5600046719775271, "p1": 3.2227973776766796, "p2": 2.0349454378132226}, "datetime": {"datetime": "2023-11-22 16:20:37", "elapsed": 3347.337268, "delta": 8.989004}}
{"target": 619.3960860866717, "params": {"d1": 1.7693257889143368, "d2": 2.301568458689574, "i1": 0.7533321817510443, "i2": 1.0, "p1": 1.6190654764768004, "p2": 3.062550618820381}, "datetime": {"datetime": "2023-11-22 16:20:50", "elapsed": 3359.684932, "delta": 12.347664}}
{"target": 515.2372028421803, "params": {"d1": 3.071428686424054, "d2": 2.566265388123449, "i1": 0.0, "i2": 0.0, "p1": 5.0, "p2": 3.9019488874449357}, "datetime": {"datetime": "2023-11-22 16:20:55", "elapsed": 3365.264448, "delta": 5.579516}}
{"target": 563.039494424664, "params": {"d1": 1.1383639780513422, "d2": 4.039739594582393, "i1": 0.36222622338252175, "i2": 0.6319115584097635, "p1": 2.0457490619492917, "p2": 3.8775879767695143}, "datetime": {"datetime": "2023-11-22 16:21:02", "elapsed": 3372.216167, "delta": 6.951719}}
{"target": 486.5860668828089, "params": {"d1": 4.326215774899445, "d2": 5.0, "i1": 1.0, "i2": 0.0, "p1": 3.7618789838735696, "p2": 4.230461567524986}, "datetime": {"datetime": "2023-11-22 16:21:15", "elapsed": 3385.176255, "delta": 12.960088}}
{"target": 630.7907025873993, "params": {"d1": 1.7031997661828417, "d2": 1.1903612181549927, "i1": 0.39387596008731174, "i2": 0.9757802960756997, "p1": 3.2169358739924325, "p2": 1.799274843007093}, "datetime": {"datetime": "2023-11-22 16:21:27", "elapsed": 3397.47045, "delta": 12.294195}}
{"target": 529.0055088088612, "params": {"d1": 3.496471386318669, "d2": 1.7642603009671425, "i1": 0.0, "i2": 0.0, "p1": 3.6124997986319505, "p2": 3.967393569445802}, "datetime": {"datetime": "2023-11-22 16:21:37", "elapsed": 3406.758926, "delta": 9.288476}}
{"target": 556.5578533400816, "params": {"d1": 1.849087245162726, "d2": 3.8138804408670475, "i1": 0.46048378755290403, "i2": 1.0, "p1": 2.721757652403595, "p2": 4.300231205225437}, "datetime": {"datetime": "2023-11-22 16:21:46", "elapsed": 3416.074263, "delta": 9.315337}}
{"target": 546.4101973213885, "params": {"d1": 2.0821322609148747, "d2": 1.8929739842790694, "i1": 0.0, "i2": 1.0, "p1": 0.9464746370820082, "p2": 1.8968615286595607}, "datetime": {"datetime": "2023-11-22 16:21:56", "elapsed": 3425.778782, "delta": 9.704519}}
{"target": 593.1177624608687, "params": {"d1": 1.3367946476813723, "d2": 1.1687647150076284, "i1": 1.0, "i2": 1.0, "p1": 2.9486664488249876, "p2": 2.172737295296155}, "datetime": {"datetime": "2023-11-22 16:22:05", "elapsed": 3434.86659, "delta": 9.087808}}
{"target": 558.0692519027784, "params": {"d1": 1.4430326904306046, "d2": 1.8236662437567537, "i1": 1.0, "i2": 0.6779008312939173, "p1": 1.6986480796996974, "p2": 1.1480548516030216}, "datetime": {"datetime": "2023-11-22 16:22:20", "elapsed": 3449.566377, "delta": 14.699787}}
{"target": 465.2311687492339, "params": {"d1": 1.8935563526936285, "d2": 5.0, "i1": 0.0, "i2": 0.0, "p1": 3.7292809739014143, "p2": 1.8410505415167404}, "datetime": {"datetime": "2023-11-22 16:22:26", "elapsed": 3456.457882, "delta": 6.891505}}
{"target": 391.29869163785656, "params": {"d1": 5.0, "d2": 2.8417491459931656, "i1": 0.0, "i2": 1.0, "p1": 1.5085782850012504, "p2": 3.0949287865224986}, "datetime": {"datetime": "2023-11-22 16:22:38", "elapsed": 3468.201899, "delta": 11.744017}}
{"target": 491.1925594033703, "params": {"d1": 1.1175939424616201, "d2": 2.504071313291301, "i1": 0.0, "i2": 1.0, "p1": 1.5950203241078116, "p2": 5.0}, "datetime": {"datetime": "2023-11-22 16:22:49", "elapsed": 3479.153853, "delta": 10.951954}}
{"target": 605.0936581567264, "params": {"d1": 1.583399537560484, "d2": 1.6851803532641618, "i1": 0.32591528591483127, "i2": 1.0, "p1": 1.7842863599625955, "p2": 1.6248973490263634}, "datetime": {"datetime": "2023-11-22 16:23:01", "elapsed": 3490.662137, "delta": 11.508284}}
{"target": 577.2510941265508, "params": {"d1": 1.506558084984069, "d2": 3.458662333332907, "i1": 1.0, "i2": 0.5248882077314657, "p1": 2.093884851987092, "p2": 4.381100481016411}, "datetime": {"datetime": "2023-11-22 16:23:06", "elapsed": 3496.460613, "delta": 5.798476}}
{"target": 538.364065525704, "params": {"d1": 5.0, "d2": 1.5322217017339215, "i1": 1.0, "i2": 0.0, "p1": 5.0, "p2": 3.7776770598520457}, "datetime": {"datetime": "2023-11-22 16:23:17", "elapsed": 3507.276603, "delta": 10.81599}}
{"target": 505.5238614315383, "params": {"d1": 2.484789901140237, "d2": 3.5476559713259728, "i1": 1.0, "i2": 0.0, "p1": 3.2866529715862907, "p2": 2.9601729990436776}, "datetime": {"datetime": "2023-11-22 16:23:27", "elapsed": 3517.263287, "delta": 9.986684}}
{"target": 575.195223964703, "params": {"d1": 1.9645123166240301, "d2": 2.1964817489883472, "i1": 0.0, "i2": 0.4499428090643585, "p1": 2.842135613727244, "p2": 2.9311329212745036}, "datetime": {"datetime": "2023-11-22 16:23:34", "elapsed": 3523.966074, "delta": 6.702787}}
{"target": 611.5663248315326, "params": {"d1": 2.9889506515932713, "d2": 1.2733007075798732, "i1": 0.29060881328643173, "i2": 1.0, "p1": 1.8216811261889738, "p2": 1.685191378018724}, "datetime": {"datetime": "2023-11-22 16:23:43", "elapsed": 3533.271431, "delta": 9.305357}}
{"target": 610.1486531248701, "params": {"d1": 1.863580997525228, "d2": 1.1661419856262296, "i1": 0.8056972370334442, "i2": 1.0, "p1": 2.2631931033347326, "p2": 1.9923126297982015}, "datetime": {"datetime": "2023-11-22 16:23:51", "elapsed": 3541.074227, "delta": 7.802796}}
{"target": 570.7850402381424, "params": {"d1": 4.3389104974303745, "d2": 2.024862338899964, "i1": 0.3663411521189393, "i2": 0.2528378838257146, "p1": 3.2202583493166372, "p2": 2.888432964028425}, "datetime": {"datetime": "2023-11-22 16:23:59", "elapsed": 3549.416326, "delta": 8.342099}}
{"target": 636.7808659116382, "params": {"d1": 1.660464068932237, "d2": 1.2654147339918491, "i1": 0.2468779772039648, "i2": 1.0, "p1": 3.446281739461358, "p2": 2.8930460422298014}, "datetime": {"datetime": "2023-11-22 16:24:05", "elapsed": 3554.968218, "delta": 5.551892}}
{"target": 635.7954038992931, "params": {"d1": 0.8080002176814188, "d2": 1.237176655735195, "i1": 0.3439105945354373, "i2": 1.0, "p1": 0.9947732062705922, "p2": 1.8923805037129147}, "datetime": {"datetime": "2023-11-22 16:24:10", "elapsed": 3560.259053, "delta": 5.290835}}
{"target": 511.0033174202019, "params": {"d1": 1.1824733594162824, "d2": 0.9103841126162637, "i1": 0.2054830219229079, "i2": 0.9713628941401246, "p1": 0.38729665382759404, "p2": 1.6103441084740115}, "datetime": {"datetime": "2023-11-22 16:24:16", "elapsed": 3566.463013, "delta": 6.20396}}
{"target": 587.9100389592944, "params": {"d1": 2.24196416078257, "d2": 1.2583996411810754, "i1": 1.0, "i2": 0.0, "p1": 2.544302230703739, "p2": 2.6406298198918368}, "datetime": {"datetime": "2023-11-22 16:24:24", "elapsed": 3573.713689, "delta": 7.250676}}
{"target": 517.4550893241558, "params": {"d1": 2.054082516443996, "d2": 0.8499206893080822, "i1": 1.0, "i2": 0.0, "p1": 1.901881552551144, "p2": 3.341443476562551}, "datetime": {"datetime": "2023-11-22 16:24:37", "elapsed": 3586.571775, "delta": 12.858086}}
{"target": 600.0830171071894, "params": {"d1": 1.4453810783593484, "d2": 2.1288295362373755, "i1": 0.524362597842471, "i2": 1.0, "p1": 2.230775656358795, "p2": 3.7125048274747012}, "datetime": {"datetime": "2023-11-22 16:24:43", "elapsed": 3592.569987, "delta": 5.998212}}
{"target": 504.0495684003792, "params": {"d1": 4.322325822983403, "d2": 1.1522945915511176, "i1": 0.0, "i2": 0.0, "p1": 3.0642425539806375, "p2": 2.482694662116959}, "datetime": {"datetime": "2023-11-22 16:24:50", "elapsed": 3600.306265, "delta": 7.736278}}
{"target": 425.0566568039716, "params": {"d1": 5.0, "d2": 2.1247227349316566, "i1": 1.0, "i2": 1.0, "p1": 1.6703650959046397, "p2": 5.0}, "datetime": {"datetime": "2023-11-22 16:25:00", "elapsed": 3610.059017, "delta": 9.752752}}
{"target": 453.64448807373157, "params": {"d1": 3.4816072470422235, "d2": 5.0, "i1": 1.0, "i2": 1.0, "p1": 2.229681444049562, "p2": 2.3105218912141576}, "datetime": {"datetime": "2023-11-22 16:25:13", "elapsed": 3622.974228, "delta": 12.915211}}
{"target": 469.95552555296837, "params": {"d1": 4.018365620682894, "d2": 2.4206796936973354, "i1": 0.0, "i2": 0.0, "p1": 2.4446106676058297, "p2": 4.395914596745503}, "datetime": {"datetime": "2023-11-22 16:25:28", "elapsed": 3637.732109, "delta": 14.757881}}
{"target": 630.7195255497935, "params": {"d1": 1.9855075263194495, "d2": 1.1186160734783028, "i1": 1.0, "i2": 1.0, "p1": 2.785448156813279, "p2": 1.259752257901695}, "datetime": {"datetime": "2023-11-22 16:25:34", "elapsed": 3644.475155, "delta": 6.743046}}
{"target": 391.9478356289508, "params": {"d1": 2.7373491091818525, "d2": 2.7023777329663035, "i1": 1.0, "i2": 1.0, "p1": 0.0, "p2": 3.16961380882786}, "datetime": {"datetime": "2023-11-22 16:25:43", "elapsed": 3652.568111, "delta": 8.092956}}
{"target": 484.5514049328694, "params": {"d1": 4.192076718811526, "d2": 4.129371677259428, "i1": 0.0, "i2": 1.0, "p1": 5.0, "p2": 3.8984998229609786}, "datetime": {"datetime": "2023-11-22 16:25:53", "elapsed": 3663.362606, "delta": 10.794495}}
{"target": 551.864658654285, "params": {"d1": 0.9632580620456652, "d2": 0.9577643753142743, "i1": 0.0, "i2": 1.0, "p1": 0.9923055060841706, "p2": 1.5449220583302805}, "datetime": {"datetime": "2023-11-22 16:26:01", "elapsed": 3671.361043, "delta": 7.998437}}
