{"target": 90.53442443182524, "params": {"d1": 0.0, "d2": 0.7046553565974114, "i1": 1.0, "i2": 0.0, "p1": 2.0263450382625523, "p2": 5.0}, "datetime": {"datetime": "2023-11-22 16:01:19", "elapsed": 2188.596227, "delta": 9.586464}}
{"target": 629.7569044967909, "params": {"d1": 2.177955962204509, "d2": 1.745984191595519, "i1": 1.0, "i2": 1.0, "p1": 2.5509018162484116, "p2": 1.9683198073151704}, "datetime": {"datetime": "2023-11-22 16:01:26", "elapsed": 2195.912422, "delta": 7.316195}}
{"target": 642.0967185287786, "params": {"d1": 1.5782527985122248, "d2": 1.4151091743901638, "i1": 1.0, "i2": 1.0, "p1": 3.124684340361748, "p2": 2.240323823839787}, "datetime": {"datetime": "2023-11-22 16:01:32", "elapsed": 2202.400664, "delta": 6.488242}}
{"target": 139.97541721982353, "params": {"d1": 1.9142664625074761, "d2": 0.0, "i1": 0.0, "i2": 0.0, "p1": 0.0, "p2": 1.7691327032432003}, "datetime": {"datetime": "2023-11-22 16:01:38", "elapsed": 2207.966038, "delta": 5.565374}}
{"target": 288.8981732542075, "params": {"d1": 5.0, "d2": 0.0, "i1": 1.0, "i2": 0.0, "p1": 3.1549958113150063, "p2": 5.0}, "datetime": {"datetime": "2023-11-22 16:01:44", "elapsed": 2213.591934, "delta": 5.625896}}
{"target": 538.2027400028758, "params": {"d1": 2.0864682209280843, "d2": 2.34381069220142, "i1": 0.07175861804137418, "i2": 0.02239761059379164, "p1": 3.7250848846660887, "p2": 4.993972108466168}, "datetime": {"datetime": "2023-11-22 16:01:53", "elapsed": 2222.561693, "delta": 8.969759}}
{"target": 546.9585696237432, "params": {"d1": 2.145571244873364, "d2": 2.2789306818267323, "i1": 0.0, "i2": 0.507771090417914, "p1": 2.2077943477777646, "p2": 3.7437910248660433}, "datetime": {"datetime": "2023-11-22 16:02:00", "elapsed": 2230.294571, "delta": 7.732878}}
{"target": 472.74245146133865, "params": {"d1": 3.911682377140092, "d2": 3.185862540465937, "i1": 1.0, "i2": 0.0, "p1": 1.6579664282687676, "p2": 5.0}, "datetime": {"datetime": "2023-11-22 16:02:05", "elapsed": 2235.063915, "delta": 4.769344}}
{"target": 565.5320334441897, "params": {"d1": 1.845212501594802, "d2": 4.229283187979676, "i1": 0.5719811558792658, "i2": 0.5233271764428359, "p1": 2.9545207214251192, "p2": 3.415234442867333}, "datetime": {"datetime": "2023-11-22 16:02:12", "elapsed": 2242.120038, "delta": 7.056123}}
{"target": 529.856690191033, "params": {"d1": 3.8154502139844437, "d2": 1.355928630302699, "i1": 0.0, "i2": 0.0, "p1": 4.438784042406142, "p2": 3.3334428810754613}, "datetime": {"datetime": "2023-11-22 16:02:20", "elapsed": 2250.168971, "delta": 8.048933}}
{"target": 493.42074957039796, "params": {"d1": 2.8976292365200904, "d2": 4.2128510007343625, "i1": 1.0, "i2": 1.0, "p1": 3.453675036553262, "p2": 3.1075161519829324}, "datetime": {"datetime": "2023-11-22 16:02:29", "elapsed": 2258.839572, "delta": 8.670601}}
{"target": 516.9959537156051, "params": {"d1": 1.5302659989777374, "d2": 0.8289850865129872, "i1": 0.8748950316865136, "i2": 0.02679491621849961, "p1": 4.102396199800137, "p2": 2.3762279742573185}, "datetime": {"datetime": "2023-11-22 16:02:35", "elapsed": 2264.920694, "delta": 6.081122}}
{"target": 632.2528469153873, "params": {"d1": 1.5262778771467889, "d2": 1.815692103018921, "i1": 1.0, "i2": 0.8599359606053962, "p1": 1.972508305638919, "p2": 1.7459254729237121}, "datetime": {"datetime": "2023-11-22 16:02:47", "elapsed": 2277.467787, "delta": 12.547093}}
{"target": 563.8961895144024, "params": {"d1": 1.6547595161871143, "d2": 1.5054528984747446, "i1": 0.0, "i2": 1.0, "p1": 4.188464874263005, "p2": 3.374223012283941}, "datetime": {"datetime": "2023-11-22 16:02:55", "elapsed": 2285.19487, "delta": 7.727083}}
{"target": 509.2250955826388, "params": {"d1": 1.8105509975666052, "d2": 1.9192174402412001, "i1": 1.0, "i2": 1.0, "p1": 2.7313090478991313, "p2": 5.0}, "datetime": {"datetime": "2023-11-22 16:03:02", "elapsed": 2291.548606, "delta": 6.353736}}
{"target": 537.5215772838922, "params": {"d1": 3.1726470919764136, "d2": 1.5829735724639842, "i1": 1.0, "i2": 0.0, "p1": 4.111136479425382, "p2": 3.005658569328384}, "datetime": {"datetime": "2023-11-22 16:03:06", "elapsed": 2295.974091, "delta": 4.425485}}
{"target": 285.284646383884, "params": {"d1": 2.8804859832387977, "d2": 5.0, "i1": 1.0, "i2": 0.0, "p1": 5.0, "p2": 0.0}, "datetime": {"datetime": "2023-11-22 16:03:13", "elapsed": 2302.895325, "delta": 6.921234}}
{"target": 636.7671140802069, "params": {"d1": 1.1035322435222368, "d2": 1.6531258287196366, "i1": 1.0, "i2": 0.5520791535510332, "p1": 1.7296120310924068, "p2": 1.922599263691287}, "datetime": {"datetime": "2023-11-22 16:03:22", "elapsed": 2311.820355, "delta": 8.92503}}
{"target": 601.12275245044, "params": {"d1": 2.186929346775767, "d2": 1.6902229904421169, "i1": 1.0, "i2": 0.0, "p1": 1.779999128717169, "p2": 2.9317960388665254}, "datetime": {"datetime": "2023-11-22 16:03:27", "elapsed": 2317.465448, "delta": 5.645093}}
{"target": 670.6873098556218, "params": {"d1": 1.7975585169285828, "d2": 1.2034961530134476, "i1": 1.0, "i2": 1.0, "p1": 2.1594028045828724, "p2": 1.8115427588344972}, "datetime": {"datetime": "2023-11-22 16:03:34", "elapsed": 2324.076098, "delta": 6.61065}}
{"target": 576.8162514203864, "params": {"d1": 1.4263580584260285, "d2": 2.716481557490929, "i1": 1.0, "i2": 0.0, "p1": 2.502963289513706, "p2": 3.0710612353009012}, "datetime": {"datetime": "2023-11-22 16:03:48", "elapsed": 2337.965069, "delta": 13.888971}}
{"target": 486.15746571062067, "params": {"d1": 2.4382503135467553, "d2": 4.016208032643629, "i1": 0.0, "i2": 1.0, "p1": 5.0, "p2": 2.7920940478566174}, "datetime": {"datetime": "2023-11-22 16:04:00", "elapsed": 2349.814008, "delta": 11.848939}}
{"target": 594.2969720665741, "params": {"d1": 1.423612613961382, "d2": 1.7109813127348115, "i1": 1.0, "i2": 1.0, "p1": 3.023223527218757, "p2": 1.6497636759198353}, "datetime": {"datetime": "2023-11-22 16:04:07", "elapsed": 2357.40793, "delta": 7.593922}}
{"target": 564.518790938488, "params": {"d1": 2.3191423947459198, "d2": 2.0478331493115745, "i1": 0.3965509960119125, "i2": 0.0, "p1": 3.5235260361306397, "p2": 3.333193590111643}, "datetime": {"datetime": "2023-11-22 16:04:15", "elapsed": 2365.450575, "delta": 8.042645}}
{"target": 650.7617477469952, "params": {"d1": 1.8339140530469102, "d2": 1.9264063912109097, "i1": 1.0, "i2": 1.0, "p1": 2.9594790483700004, "p2": 2.029101626036956}, "datetime": {"datetime": "2023-11-22 16:04:28", "elapsed": 2377.575238, "delta": 12.124663}}
{"target": 663.0922885922413, "params": {"d1": 0.7902030615002673, "d2": 1.1208598854888498, "i1": 0.16667257860152845, "i2": 1.0, "p1": 1.220692862595286, "p2": 1.6692608859151128}, "datetime": {"datetime": "2023-11-22 16:04:39", "elapsed": 2388.777343, "delta": 11.202105}}
{"target": 630.6095337662715, "params": {"d1": 0.7100738684189734, "d2": 0.9281841106006711, "i1": 0.19190302746043664, "i2": 0.8759363133584264, "p1": 1.221307302948974, "p2": 1.8337936553192369}, "datetime": {"datetime": "2023-11-22 16:04:50", "elapsed": 2400.110057, "delta": 11.332714}}
{"target": 494.85435135799906, "params": {"d1": 1.3915756040859504, "d2": 1.08141880123519, "i1": 1.0, "i2": 1.0, "p1": 4.058051014403909, "p2": 1.389536302798047}, "datetime": {"datetime": "2023-11-22 16:05:00", "elapsed": 2410.05987, "delta": 9.949813}}
{"target": 659.8822514994959, "params": {"d1": 1.7432777449519241, "d2": 1.3589418757842209, "i1": 1.0, "i2": 1.0, "p1": 1.9286105154760427, "p2": 2.0231421902350806}, "datetime": {"datetime": "2023-11-22 16:05:06", "elapsed": 2415.682536, "delta": 5.622666}}
{"target": 647.1152113339463, "params": {"d1": 1.2936408302400775, "d2": 1.8047335487046856, "i1": 1.0, "i2": 1.0, "p1": 2.179734464506138, "p2": 2.389271929511091}, "datetime": {"datetime": "2023-11-22 16:05:16", "elapsed": 2426.171203, "delta": 10.488667}}
{"target": 521.1571334555981, "params": {"d1": 4.097534281412793, "d2": 1.5209486400889505, "i1": 1.0, "i2": 0.0, "p1": 1.9576910645518812, "p2": 3.486192842814016}, "datetime": {"datetime": "2023-11-22 16:05:22", "elapsed": 2432.463627, "delta": 6.292424}}
{"target": 540.4653383436339, "params": {"d1": 4.108600852199407, "d2": 1.550218058166863, "i1": 0.0, "i2": 0.0, "p1": 2.743254415703894, "p2": 3.5039123594428063}, "datetime": {"datetime": "2023-11-22 16:05:31", "elapsed": 2440.663048, "delta": 8.199421}}
{"target": 559.1286283351002, "params": {"d1": 4.198554584981119, "d2": 1.4524891431950253, "i1": 1.0, "i2": 1.0, "p1": 4.099228901841179, "p2": 2.6186740607823498}, "datetime": {"datetime": "2023-11-22 16:05:35", "elapsed": 2445.157137, "delta": 4.494089}}
{"target": 502.29862848780175, "params": {"d1": 5.0, "d2": 1.6570633910711419, "i1": 0.0, "i2": 1.0, "p1": 2.2457050628970543, "p2": 3.659866578506527}, "datetime": {"datetime": "2023-11-22 16:05:49", "elapsed": 2459.170872, "delta": 14.013735}}
{"target": 544.2783622624986, "params": {"d1": 1.4837517567145055, "d2": 4.367076877736516, "i1": 1.0, "i2": 1.0, "p1": 3.437286235929352, "p2": 4.098995163972076}, "datetime": {"datetime": "2023-11-22 16:05:57", "elapsed": 2466.701991, "delta": 7.531119}}
{"target": 530.1134437825566, "params": {"d1": 3.067926378196902, "d2": 1.678809139777823, "i1": 1.0, "i2": 1.0, "p1": 3.9135206274073964, "p2": 3.9316363877363645}, "datetime": {"datetime": "2023-11-22 16:06:04", "elapsed": 2473.544592, "delta": 6.842601}}
{"target": 576.1112219302191, "params": {"d1": 0.5794294351757998, "d2": 1.271915894421343, "i1": 0.0, "i2": 1.0, "p1": 1.4908077740197845, "p2": 1.8362182567061411}, "datetime": {"datetime": "2023-11-22 16:06:10", "elapsed": 2480.469042, "delta": 6.92445}}
{"target": 502.3719600463019, "params": {"d1": 2.325081815306411, "d2": 1.9394654597398389, "i1": 1.0, "i2": 1.0, "p1": 5.0, "p2": 4.175302295922105}, "datetime": {"datetime": "2023-11-22 16:06:16", "elapsed": 2485.884043, "delta": 5.415001}}
{"target": 653.3439920216762, "params": {"d1": 2.1158156118247224, "d2": 1.282161208618123, "i1": 0.04677508848655537, "i2": 0.8791315084696607, "p1": 2.850469821959841, "p2": 2.30877728638034}, "datetime": {"datetime": "2023-11-22 16:06:26", "elapsed": 2496.472655, "delta": 10.588612}}
{"target": 628.864109176768, "params": {"d1": 1.32839919362564, "d2": 1.4669342730163009, "i1": 0.08651255191861273, "i2": 0.9431488027582962, "p1": 1.136971304086674, "p2": 1.5612883095776553}, "datetime": {"datetime": "2023-11-22 16:06:33", "elapsed": 2503.205045, "delta": 6.73239}}
{"target": 387.65159942697153, "params": {"d1": 1.4995814268108711, "d2": 2.6970509677886265, "i1": 1.0, "i2": 0.0, "p1": 1.4844703132993664, "p2": 0.0}, "datetime": {"datetime": "2023-11-22 16:06:48", "elapsed": 2518.254791, "delta": 15.049746}}
{"target": 645.0789727512453, "params": {"d1": 1.3312783101962258, "d2": 1.4486097694628377, "i1": 1.0, "i2": 1.0, "p1": 1.9701325736834125, "p2": 1.4289929268607198}, "datetime": {"datetime": "2023-11-22 16:06:57", "elapsed": 2527.266888, "delta": 9.012097}}
{"target": 503.5029714877075, "params": {"d1": 1.901336552790603, "d2": 5.0, "i1": 0.0, "i2": 1.0, "p1": 1.8915093698509233, "p2": 5.0}, "datetime": {"datetime": "2023-11-22 16:07:08", "elapsed": 2538.370925, "delta": 11.104037}}
{"target": 564.2100801271072, "params": {"d1": 2.1871406510433116, "d2": 2.851989750519117, "i1": 1.0, "i2": 1.0, "p1": 2.5898222348800166, "p2": 1.670119620491252}, "datetime": {"datetime": "2023-11-22 16:07:14", "elapsed": 2544.079984, "delta": 5.709059}}
{"target": 659.0187056925064, "params": {"d1": 1.9524688194003434, "d2": 1.2996930985072368, "i1": 1.0, "i2": 1.0, "p1": 2.4632187004284862, "p2": 1.6836890895787477}, "datetime": {"datetime": "2023-11-22 16:07:20", "elapsed": 2549.762017, "delta": 5.682033}}
{"target": 256.9252358790641, "params": {"d1": 0.0, "d2": 5.0, "i1": 0.0, "i2": 1.0, "p1": 5.0, "p2": 2.180898764384928}, "datetime": {"datetime": "2023-11-22 16:07:26", "elapsed": 2555.972853, "delta": 6.210836}}
{"target": 510.46842821349526, "params": {"d1": 1.7991244598018132, "d2": 2.1030227039509066, "i1": 1.0, "i2": 1.0, "p1": 1.3837231649355777, "p2": 5.0}, "datetime": {"datetime": "2023-11-22 16:07:36", "elapsed": 2566.467205, "delta": 10.494352}}
{"target": 549.5432590868055, "params": {"d1": 3.818218414625988, "d2": 1.9469761543108062, "i1": 0.0, "i2": 1.0, "p1": 5.0, "p2": 3.047530069272189}, "datetime": {"datetime": "2023-11-22 16:07:42", "elapsed": 2572.439684, "delta": 5.972479}}
{"target": 639.5557302514887, "params": {"d1": 1.116658198951131, "d2": 2.3387589759909955, "i1": 1.0, "i2": 1.0, "p1": 1.3609141014435147, "p2": 2.041243932931683}, "datetime": {"datetime": "2023-11-22 16:07:47", "elapsed": 2577.071717, "delta": 4.632033}}
{"target": 488.47557571293095, "params": {"d1": 5.0, "d2": 3.581771833704616, "i1": 0.0, "i2": 1.0, "p1": 5.0, "p2": 2.416199495515181}, "datetime": {"datetime": "2023-11-22 16:07:55", "elapsed": 2584.966851, "delta": 7.895134}}
{"target": 539.8340654825229, "params": {"d1": 1.7681221563160783, "d2": 3.375883773052687, "i1": 0.0, "i2": 0.0, "p1": 3.4279871936595803, "p2": 4.4798336392488345}, "datetime": {"datetime": "2023-11-22 16:08:05", "elapsed": 2594.564919, "delta": 9.598068}}
{"target": 680.8269775203167, "params": {"d1": 1.7733048797851108, "d2": 1.1054065458361078, "i1": 0.18188146922351617, "i2": 1.0, "p1": 3.15555106070864, "p2": 1.5927330154386037}, "datetime": {"datetime": "2023-11-22 16:08:14", "elapsed": 2604.140705, "delta": 9.575786}}
{"target": 475.34278154282583, "params": {"d1": 5.0, "d2": 2.324269652160934, "i1": 0.0, "i2": 1.0, "p1": 4.059317700919197, "p2": 5.0}, "datetime": {"datetime": "2023-11-22 16:08:20", "elapsed": 2610.168393, "delta": 6.027688}}
{"target": 605.2175360623834, "params": {"d1": 1.3816843353835904, "d2": 2.2652718053128265, "i1": 0.0, "i2": 1.0, "p1": 2.6334799828902713, "p2": 1.824148860208427}, "datetime": {"datetime": "2023-11-22 16:08:31", "elapsed": 2620.768838, "delta": 10.600445}}
{"target": 508.3079821751526, "params": {"d1": 1.299929407526803, "d2": 1.6159161359540388, "i1": 1.0, "i2": 1.0, "p1": 4.154107026984013, "p2": 2.6666175863668014}, "datetime": {"datetime": "2023-11-22 16:08:39", "elapsed": 2628.770852, "delta": 8.002014}}
{"target": 420.6729473228713, "params": {"d1": 0.6675469899633355, "d2": 3.7005446469639396, "i1": 1.0, "i2": 0.0, "p1": 1.211719759549785, "p2": 5.0}, "datetime": {"datetime": "2023-11-22 16:08:48", "elapsed": 2637.775804, "delta": 9.004952}}
{"target": 472.698272066068, "params": {"d1": 2.235447255884297, "d2": 5.0, "i1": 1.0, "i2": 0.0, "p1": 5.0, "p2": 5.0}, "datetime": {"datetime": "2023-11-22 16:08:55", "elapsed": 2644.968225, "delta": 7.192421}}
{"target": 567.5808311200066, "params": {"d1": 1.400649389859913, "d2": 1.6936535719076038, "i1": 0.0, "i2": 1.0, "p1": 1.885129165452033, "p2": 4.00407293014267}, "datetime": {"datetime": "2023-11-22 16:09:04", "elapsed": 2654.364754, "delta": 9.396529}}
{"target": 569.7247720378014, "params": {"d1": 2.1106172669355323, "d2": 1.7285017766532238, "i1": 0.0, "i2": 0.0, "p1": 2.9347277955312148, "p2": 4.190098321118754}, "datetime": {"datetime": "2023-11-22 16:09:09", "elapsed": 2659.473754, "delta": 5.109}}
{"target": 649.0669792101748, "params": {"d1": 0.9019810319323812, "d2": 1.1982166791305486, "i1": 0.29323358782945, "i2": 1.0, "p1": 0.8995476851478251, "p2": 1.5197842423548058}, "datetime": {"datetime": "2023-11-22 16:09:23", "elapsed": 2673.470206, "delta": 13.996452}}
{"target": 327.2508199786226, "params": {"d1": 2.7608183392562866, "d2": 5.0, "i1": 0.0, "i2": 1.0, "p1": 1.5471835214268885, "p2": 0.0}, "datetime": {"datetime": "2023-11-22 16:09:33", "elapsed": 2683.262198, "delta": 9.791992}}
{"target": 592.3848902753193, "params": {"d1": 2.220761083831044, "d2": 1.2340310449645162, "i1": 0.0, "i2": 1.0, "p1": 4.341431868778741, "p2": 2.0536950984222995}, "datetime": {"datetime": "2023-11-22 16:09:41", "elapsed": 2691.371269, "delta": 8.109071}}
{"target": 253.69793550283586, "params": {"d1": 5.0, "d2": 5.0, "i1": 1.0, "i2": 0.0, "p1": 2.4799715007959073, "p2": 0.0}, "datetime": {"datetime": "2023-11-22 16:09:52", "elapsed": 2701.765285, "delta": 10.394016}}
{"target": 493.18498213026425, "params": {"d1": 4.530746780711834, "d2": 2.7277942233453523, "i1": 1.0, "i2": 0.0, "p1": 3.6790893064694137, "p2": 4.557478627881832}, "datetime": {"datetime": "2023-11-22 16:10:01", "elapsed": 2710.613297, "delta": 8.848012}}
{"target": 622.3987806943685, "params": {"d1": 1.0086287486293821, "d2": 1.3484618291242452, "i1": 1.0, "i2": 1.0, "p1": 2.469003589445462, "p2": 1.9485834282030403}, "datetime": {"datetime": "2023-11-22 16:10:11", "elapsed": 2721.314055, "delta": 10.700758}}
{"target": 506.61573602592784, "params": {"d1": 2.6047784534021377, "d2": 2.8605427226270397, "i1": 0.0, "i2": 1.0, "p1": 4.3631272834794705, "p2": 4.28867249364919}, "datetime": {"datetime": "2023-11-22 16:10:20", "elapsed": 2730.268725, "delta": 8.95467}}
{"target": 631.2124317562474, "params": {"d1": 1.910032433116755, "d2": 1.4322620411089337, "i1": 1.0, "i2": 1.0, "p1": 2.191032734607415, "p2": 1.8277706532876665}, "datetime": {"datetime": "2023-11-22 16:10:29", "elapsed": 2738.663653, "delta": 8.394928}}
{"target": 601.7255676810599, "params": {"d1": 1.562720452716118, "d2": 0.9960294242885076, "i1": 0.9789347195640613, "i2": 0.8453444623430975, "p1": 2.1481476515387037, "p2": 2.097644308423478}, "datetime": {"datetime": "2023-11-22 16:10:36", "elapsed": 2745.552867, "delta": 6.889214}}
{"target": 503.84063596552346, "params": {"d1": 2.7767608296931225, "d2": 3.0373653087222863, "i1": 1.0, "i2": 0.0, "p1": 4.1068811014016005, "p2": 5.0}, "datetime": {"datetime": "2023-11-22 16:10:48", "elapsed": 2757.72681, "delta": 12.173943}}
{"target": 657.9152122682723, "params": {"d1": 1.6649365575134474, "d2": 1.015690825828773, "i1": 1.0, "i2": 1.0, "p1": 2.5388175822197407, "p2": 1.6235810949369556}, "datetime": {"datetime": "2023-11-22 16:10:54", "elapsed": 2764.362038, "delta": 6.635228}}
{"target": 582.3415248484605, "params": {"d1": 1.4234880041492393, "d2": 1.859485389926903, "i1": 0.3826020369658437, "i2": 0.0, "p1": 2.157106267356872, "p2": 2.5088761505601007}, "datetime": {"datetime": "2023-11-22 16:11:02", "elapsed": 2772.072414, "delta": 7.710376}}
{"target": 634.8702605569482, "params": {"d1": 1.6935280986051606, "d2": 1.216366362526421, "i1": 1.0, "i2": 0.5926130781514606, "p1": 2.636290525809345, "p2": 1.2344201512550754}, "datetime": {"datetime": "2023-11-22 16:11:12", "elapsed": 2781.567097, "delta": 9.494683}}
{"target": 627.4749970933167, "params": {"d1": 1.769831571272182, "d2": 2.1086729198975696, "i1": 0.5492801299442935, "i2": 1.0, "p1": 2.7331189868389973, "p2": 2.017651997561645}, "datetime": {"datetime": "2023-11-22 16:11:22", "elapsed": 2791.869876, "delta": 10.302779}}
{"target": 500.4174512101322, "params": {"d1": 2.4592752701569274, "d2": 3.019255976374885, "i1": 1.0, "i2": 1.0, "p1": 1.3854534422704758, "p2": 4.2127823635273725}, "datetime": {"datetime": "2023-11-22 16:11:29", "elapsed": 2798.774163, "delta": 6.904287}}
{"target": 486.7155810198776, "params": {"d1": 2.2497861321122374, "d2": 4.097859896380348, "i1": 0.0, "i2": 0.0, "p1": 5.0, "p2": 4.021612185493985}, "datetime": {"datetime": "2023-11-22 16:11:38", "elapsed": 2807.969274, "delta": 9.195111}}
{"target": 658.542833999412, "params": {"d1": 1.063636615440998, "d2": 1.2105240334599068, "i1": 0.2956376896430457, "i2": 1.0, "p1": 1.1757868539540408, "p2": 1.6711288570269762}, "datetime": {"datetime": "2023-11-22 16:11:49", "elapsed": 2819.063732, "delta": 11.094458}}
{"target": -33.134750005514114, "params": {"d1": 5.0, "d2": 0.0, "i1": 0.0, "i2": 1.0, "p1": 0.0, "p2": 0.0}, "datetime": {"datetime": "2023-11-22 16:12:01", "elapsed": 2831.174894, "delta": 12.111162}}
{"target": 489.93769239056047, "params": {"d1": 4.084642855027525, "d2": 5.0, "i1": 0.0, "i2": 0.0, "p1": 5.0, "p2": 4.2402665653865865}, "datetime": {"datetime": "2023-11-22 16:12:08", "elapsed": 2838.167707, "delta": 6.992813}}
{"target": 623.0522832108629, "params": {"d1": 1.2069523266024011, "d2": 1.7610941808349632, "i1": 0.5676325526616548, "i2": 1.0, "p1": 1.4698235321031676, "p2": 3.1747885936075857}, "datetime": {"datetime": "2023-11-22 16:12:16", "elapsed": 2846.20805, "delta": 8.040343}}
{"target": 660.3965613694673, "params": {"d1": 1.9560597992969828, "d2": 1.1547964196811054, "i1": 1.0, "i2": 1.0, "p1": 2.480399376202948, "p2": 2.0830422913209823}, "datetime": {"datetime": "2023-11-22 16:12:22", "elapsed": 2852.388631, "delta": 6.180581}}
{"target": 554.8628499034326, "params": {"d1": 4.357158048339317, "d2": 1.5193560835658722, "i1": 1.0, "i2": 0.4642950291490357, "p1": 4.538754193466073, "p2": 2.0338009087048814}, "datetime": {"datetime": "2023-11-22 16:12:30", "elapsed": 2859.672971, "delta": 7.28434}}
{"target": 470.2710218548667, "params": {"d1": 2.898772736950127, "d2": 2.226426918625931, "i1": 1.0, "i2": 1.0, "p1": 0.681699826251376, "p2": 1.7393375397695725}, "datetime": {"datetime": "2023-11-22 16:12:39", "elapsed": 2868.75995, "delta": 9.086979}}
{"target": 502.5690342104331, "params": {"d1": 1.5421210058674615, "d2": 3.7231438240753034, "i1": 0.0, "i2": 1.0, "p1": 3.02024867190162, "p2": 1.21254719254346}, "datetime": {"datetime": "2023-11-22 16:12:45", "elapsed": 2874.576764, "delta": 5.816814}}
{"target": 618.3210071888798, "params": {"d1": 1.3585376655408166, "d2": 1.0205303807581085, "i1": 0.6115338399259542, "i2": 0.40280532797494917, "p1": 2.6071172122525197, "p2": 1.1011224572843006}, "datetime": {"datetime": "2023-11-22 16:12:54", "elapsed": 2883.968617, "delta": 9.391853}}
{"target": 633.687400261277, "params": {"d1": 1.7865835283575946, "d2": 1.354151792187821, "i1": 1.0, "i2": 1.0, "p1": 2.1882215822433224, "p2": 2.5071466049893947}, "datetime": {"datetime": "2023-11-22 16:13:04", "elapsed": 2894.462716, "delta": 10.494099}}
