{"target": 192.675867960524, "params": {"d1": 5.0, "d2": 1.6034424283404114, "i1": 1.0, "i2": 0.0, "p1": 0.0, "p2": 0.0}, "datetime": {"datetime": "2023-11-22 15:29:59", "elapsed": 309.065906, "delta": 2.295655}}
{"target": 573.0624221086379, "params": {"d1": 4.212332108922256, "d2": 1.5453216141768495, "i1": 1.0, "i2": 1.0, "p1": 5.0, "p2": 1.4499299562168813}, "datetime": {"datetime": "2023-11-22 15:30:01", "elapsed": 310.970557, "delta": 1.904651}}
{"target": 537.0994862116363, "params": {"d1": 1.6621753006927684, "d2": 3.5902702578548933, "i1": 1.0, "i2": 1.0, "p1": 2.5222804505619316, "p2": 1.2409178221221309}, "datetime": {"datetime": "2023-11-22 15:30:05", "elapsed": 314.580095, "delta": 3.609538}}
{"target": 508.93970887214624, "params": {"d1": 5.0, "d2": 2.3292795124360577, "i1": 0.0, "i2": 1.0, "p1": 5.0, "p2": 1.413021230625318}, "datetime": {"datetime": "2023-11-22 15:30:07", "elapsed": 316.666968, "delta": 2.086873}}
{"target": 475.26078808630734, "params": {"d1": 2.353828042357428, "d2": 5.0, "i1": 1.0, "i2": 0.0, "p1": 3.8603540129642058, "p2": 3.985659837444705}, "datetime": {"datetime": "2023-11-22 15:30:09", "elapsed": 318.760082, "delta": 2.093114}}
{"target": 612.1674469785329, "params": {"d1": 1.597922436835426, "d2": 2.2231911820379127, "i1": 1.0, "i2": 1.0, "p1": 3.2318719097613977, "p2": 3.087139049393722}, "datetime": {"datetime": "2023-11-22 15:30:11", "elapsed": 320.548398, "delta": 1.788316}}
{"target": 543.9241910280908, "params": {"d1": 1.8035549397614297, "d2": 3.227039718885245, "i1": 1.0, "i2": 1.0, "p1": 3.2811573462006973, "p2": 2.32463318853354}, "datetime": {"datetime": "2023-11-22 15:30:12", "elapsed": 322.500623, "delta": 1.952225}}
{"target": 483.08833519391135, "params": {"d1": 3.538639977785042, "d2": 5.0, "i1": 0.0, "i2": 1.0, "p1": 2.7201975882900804, "p2": 5.0}, "datetime": {"datetime": "2023-11-22 15:30:15", "elapsed": 325.268516, "delta": 2.767893}}
{"target": 487.908036275083, "params": {"d1": 5.0, "d2": 4.0486599684588125, "i1": 0.0, "i2": 0.0, "p1": 5.0, "p2": 3.88236450965903}, "datetime": {"datetime": "2023-11-22 15:30:19", "elapsed": 329.072816, "delta": 3.8043}}
{"target": 480.04581132405656, "params": {"d1": 2.1842600925155997, "d2": 3.884996503613427, "i1": 1.0, "i2": 1.0, "p1": 5.0, "p2": 5.0}, "datetime": {"datetime": "2023-11-22 15:30:21", "elapsed": 331.353211, "delta": 2.280395}}
{"target": 555.0312114889472, "params": {"d1": 1.5832434342485566, "d2": 2.7555314776643027, "i1": 1.0, "i2": 0.0, "p1": 1.1469985693862326, "p2": 3.1166182286390294}, "datetime": {"datetime": "2023-11-22 15:30:23", "elapsed": 333.345108, "delta": 1.991897}}
{"target": 492.4933973146529, "params": {"d1": 1.7876282409470299, "d2": 3.6893446443770204, "i1": 0.0, "i2": 0.0, "p1": 3.3135763506672027, "p2": 1.9436321522262978}, "datetime": {"datetime": "2023-11-22 15:30:25", "elapsed": 335.086001, "delta": 1.740893}}
{"target": 625.4340767555151, "params": {"d1": 1.3722210073180345, "d2": 2.125033595647991, "i1": 1.0, "i2": 0.0, "p1": 1.9772470749551232, "p2": 3.446974065664506}, "datetime": {"datetime": "2023-11-22 15:30:28", "elapsed": 337.573439, "delta": 2.487438}}
{"target": 488.52355375416136, "params": {"d1": 2.6340862116753163, "d2": 5.0, "i1": 0.0, "i2": 1.0, "p1": 3.30040414756921, "p2": 1.8502724356573144}, "datetime": {"datetime": "2023-11-22 15:30:30", "elapsed": 339.52541, "delta": 1.951971}}
{"target": 153.64500783231307, "params": {"d1": 0.0, "d2": 5.0, "i1": 1.0, "i2": 1.0, "p1": 2.3845642508055778, "p2": 1.0957297487851674}, "datetime": {"datetime": "2023-11-22 15:30:32", "elapsed": 341.62633, "delta": 2.10092}}
{"target": 520.1661430400954, "params": {"d1": 2.8677467569070116, "d2": 1.566060058592507, "i1": 0.0, "i2": 0.0, "p1": 5.0, "p2": 1.741128933652019}, "datetime": {"datetime": "2023-11-22 15:30:34", "elapsed": 344.258007, "delta": 2.631677}}
{"target": 543.640148871447, "params": {"d1": 1.5110662749085533, "d2": 4.3200363563652, "i1": 0.0, "i2": 1.0, "p1": 2.8293058964427176, "p2": 5.0}, "datetime": {"datetime": "2023-11-22 15:30:37", "elapsed": 346.617374, "delta": 2.359367}}
{"target": 594.1125444563254, "params": {"d1": 1.672059437692947, "d2": 1.839869819781129, "i1": 0.5637944014503118, "i2": 0.4830890970960204, "p1": 1.9434948454060914, "p2": 3.3993206416509985}, "datetime": {"datetime": "2023-11-22 15:30:40", "elapsed": 349.971657, "delta": 3.354283}}
{"target": 513.2017138786168, "params": {"d1": 3.2105097250542483, "d2": 2.104448120718564, "i1": 0.0, "i2": 1.0, "p1": 2.1242291564961437, "p2": 3.354150932537872}, "datetime": {"datetime": "2023-11-22 15:30:43", "elapsed": 353.072592, "delta": 3.100935}}
{"target": 481.23634993419233, "params": {"d1": 3.48561953672999, "d2": 1.7625972562624028, "i1": 1.0, "i2": 1.0, "p1": 0.9498976171216501, "p2": 2.830847192047712}, "datetime": {"datetime": "2023-11-22 15:30:45", "elapsed": 355.078711, "delta": 2.006119}}
{"target": 516.5684216993205, "params": {"d1": 5.0, "d2": 1.541605510309151, "i1": 1.0, "i2": 0.0, "p1": 3.9798372578453978, "p2": 3.9343878071453537}, "datetime": {"datetime": "2023-11-22 15:30:47", "elapsed": 357.280632, "delta": 2.201921}}
{"target": 490.72178692481873, "params": {"d1": 3.760990633315467, "d2": 5.0, "i1": 1.0, "i2": 1.0, "p1": 5.0, "p2": 5.0}, "datetime": {"datetime": "2023-11-22 15:30:49", "elapsed": 359.030938, "delta": 1.750306}}
{"target": 508.205777300356, "params": {"d1": 4.203177659673228, "d2": 2.397221853000722, "i1": 1.0, "i2": 1.0, "p1": 5.0, "p2": 2.36124617699226}, "datetime": {"datetime": "2023-11-22 15:30:51", "elapsed": 360.819482, "delta": 1.788544}}
{"target": 604.5026976296206, "params": {"d1": 2.437891323096215, "d2": 1.2833329142072605, "i1": 0.0, "i2": 1.0, "p1": 3.1113730288021664, "p2": 2.790540755683728}, "datetime": {"datetime": "2023-11-22 15:30:53", "elapsed": 362.647324, "delta": 1.827842}}
{"target": 586.2600698741066, "params": {"d1": 1.712069135885538, "d2": 1.8671342507154947, "i1": 0.0, "i2": 1.0, "p1": 3.45871303389404, "p2": 2.9124353502493574}, "datetime": {"datetime": "2023-11-22 15:30:55", "elapsed": 365.174009, "delta": 2.526685}}
{"target": 548.3569319930335, "params": {"d1": 3.009632074779037, "d2": 1.4347280527693094, "i1": 1.0, "i2": 1.0, "p1": 5.0, "p2": 1.47221246722916}, "datetime": {"datetime": "2023-11-22 15:30:58", "elapsed": 367.583744, "delta": 2.409735}}
{"target": 560.9660688279924, "params": {"d1": 1.6173952522944695, "d2": 1.9554586935054907, "i1": 1.0, "i2": 0.0, "p1": 3.994721217263198, "p2": 3.558225029485869}, "datetime": {"datetime": "2023-11-22 15:31:00", "elapsed": 370.41397, "delta": 2.830226}}
{"target": 610.3557030167743, "params": {"d1": 0.5361145735925206, "d2": 1.3720378547895358, "i1": 0.3194456986946901, "i2": 1.0, "p1": 1.1058781212681665, "p2": 2.369761754471443}, "datetime": {"datetime": "2023-11-22 15:31:02", "elapsed": 372.032923, "delta": 1.618953}}
{"target": 564.8538533921503, "params": {"d1": 1.7055615750438862, "d2": 2.5987227696832904, "i1": 1.0, "i2": 1.0, "p1": 1.7254122583747713, "p2": 1.118660826262183}, "datetime": {"datetime": "2023-11-22 15:31:05", "elapsed": 374.654191, "delta": 2.621268}}
{"target": 539.3973324357237, "params": {"d1": 1.8060592240201816, "d2": 2.02283030543725, "i1": 0.0, "i2": 1.0, "p1": 3.8107742402163387, "p2": 4.326114053768205}, "datetime": {"datetime": "2023-11-22 15:31:07", "elapsed": 376.960327, "delta": 2.306136}}
{"target": 542.9461553430745, "params": {"d1": 3.8653673999738802, "d2": 1.4578389195639745, "i1": 0.0, "i2": 1.0, "p1": 5.0, "p2": 1.3174653939282495}, "datetime": {"datetime": "2023-11-22 15:31:10", "elapsed": 379.7277, "delta": 2.767373}}
{"target": 510.74119811695795, "params": {"d1": 5.0, "d2": 1.1737305382949441, "i1": 1.0, "i2": 0.0, "p1": 5.0, "p2": 1.6407796411865543}, "datetime": {"datetime": "2023-11-22 15:31:12", "elapsed": 382.15163, "delta": 2.42393}}
{"target": 612.9628874096129, "params": {"d1": 1.7846063603261721, "d2": 2.42046108616801, "i1": 0.3076319580787883, "i2": 1.0, "p1": 2.35311931126086, "p2": 1.6862286924608914}, "datetime": {"datetime": "2023-11-22 15:31:14", "elapsed": 384.510163, "delta": 2.358533}}
{"target": 544.2576267435885, "params": {"d1": 1.6496231676660014, "d2": 2.3962318875501336, "i1": 0.0, "i2": 0.0, "p1": 2.526322766728684, "p2": 2.2441951387223353}, "datetime": {"datetime": "2023-11-22 15:31:17", "elapsed": 386.979815, "delta": 2.469652}}
{"target": 495.1507601405574, "params": {"d1": 3.840133981413415, "d2": 2.268994530749281, "i1": 1.0, "i2": 1.0, "p1": 5.0, "p2": 5.0}, "datetime": {"datetime": "2023-11-22 15:31:20", "elapsed": 390.067998, "delta": 3.088183}}
{"target": 528.3737429057802, "params": {"d1": 1.578943958229674, "d2": 4.073461943461198, "i1": 0.0, "i2": 0.0, "p1": 2.4969231299866896, "p2": 5.0}, "datetime": {"datetime": "2023-11-22 15:31:24", "elapsed": 393.583902, "delta": 3.515904}}
{"target": 445.41797010096155, "params": {"d1": 5.0, "d2": 3.7244358873856083, "i1": 0.0, "i2": 0.0, "p1": 3.649572741630594, "p2": 2.198707174452784}, "datetime": {"datetime": "2023-11-22 15:31:27", "elapsed": 396.544169, "delta": 2.960267}}
{"target": 457.1948448362808, "params": {"d1": 1.5254086422172972, "d2": 2.779161620783804, "i1": 0.0, "i2": 1.0, "p1": 5.0, "p2": 5.0}, "datetime": {"datetime": "2023-11-22 15:31:28", "elapsed": 398.470635, "delta": 1.926466}}
{"target": 566.8479099782354, "params": {"d1": 1.886230218476694, "d2": 2.0523090533247936, "i1": 0.673343101529722, "i2": 0.0, "p1": 2.094033424605734, "p2": 4.258760660458436}, "datetime": {"datetime": "2023-11-22 15:31:32", "elapsed": 401.535428, "delta": 3.064793}}
{"target": 589.0142636945191, "params": {"d1": 1.7900199715286333, "d2": 1.6530774923293028, "i1": 1.0, "i2": 1.0, "p1": 3.180181482385806, "p2": 4.0218645091529455}, "datetime": {"datetime": "2023-11-22 15:31:34", "elapsed": 403.874017, "delta": 2.338589}}
{"target": 340.02363398425024, "params": {"d1": 5.0, "d2": 1.6257591978132182, "i1": 1.0, "i2": 1.0, "p1": 5.0, "p2": 0.0}, "datetime": {"datetime": "2023-11-22 15:31:37", "elapsed": 407.095288, "delta": 3.221271}}
{"target": 610.2526867408923, "params": {"d1": 2.399505875152746, "d2": 1.8035081529904413, "i1": 0.0, "i2": 1.0, "p1": 2.960719891717936, "p2": 1.7988332006250658}, "datetime": {"datetime": "2023-11-22 15:31:39", "elapsed": 409.088273, "delta": 1.992985}}
{"target": 611.0473753417454, "params": {"d1": 1.0836546842949417, "d2": 2.1428158163364524, "i1": 0.09981134505715628, "i2": 0.2815036266011305, "p1": 1.1671380311666457, "p2": 2.8980708636305796}, "datetime": {"datetime": "2023-11-22 15:31:41", "elapsed": 411.272574, "delta": 2.184301}}
{"target": 538.8217973461747, "params": {"d1": 1.374885016458135, "d2": 2.5807554831260937, "i1": 1.0, "i2": 1.0, "p1": 3.4735722441479857, "p2": 1.3683662850396678}, "datetime": {"datetime": "2023-11-22 15:31:43", "elapsed": 413.471882, "delta": 2.199308}}
{"target": 551.3276948276057, "params": {"d1": 0.8645524235006173, "d2": 1.7483420399655136, "i1": 0.0, "i2": 0.0, "p1": 1.4461066914721379, "p2": 4.134821943494171}, "datetime": {"datetime": "2023-11-22 15:31:46", "elapsed": 415.99935, "delta": 2.527468}}
{"target": 501.37930490512207, "params": {"d1": 3.967713950560128, "d2": 5.0, "i1": 0.0, "i2": 0.0, "p1": 4.075425857281312, "p2": 5.0}, "datetime": {"datetime": "2023-11-22 15:31:49", "elapsed": 418.906669, "delta": 2.907319}}
{"target": 504.0707853585374, "params": {"d1": 3.256384191169728, "d2": 3.6830194633115703, "i1": 0.0, "i2": 0.0, "p1": 5.0, "p2": 3.2070391370334708}, "datetime": {"datetime": "2023-11-22 15:31:51", "elapsed": 421.505426, "delta": 2.598757}}
{"target": 501.1066838248612, "params": {"d1": 0.4997983880067855, "d2": 1.3831923178616221, "i1": 0.0, "i2": 0.0, "p1": 1.1897710242971242, "p2": 2.5373163654125426}, "datetime": {"datetime": "2023-11-22 15:31:55", "elapsed": 425.263219, "delta": 3.757793}}
{"target": 495.21878938727633, "params": {"d1": 3.306771888234884, "d2": 3.7714793777200035, "i1": 0.0, "i2": 1.0, "p1": 5.0, "p2": 5.0}, "datetime": {"datetime": "2023-11-22 15:31:58", "elapsed": 428.150599, "delta": 2.88738}}
{"target": 601.7413582094757, "params": {"d1": 1.5647207277060753, "d2": 1.8896061015317536, "i1": 0.0, "i2": 1.0, "p1": 3.2384733514191866, "p2": 1.3659093990756892}, "datetime": {"datetime": "2023-11-22 15:32:01", "elapsed": 430.593305, "delta": 2.442706}}
{"target": 493.45880086501006, "params": {"d1": 3.335384402610265, "d2": 3.4267294183601655, "i1": 1.0, "i2": 1.0, "p1": 2.4102594700742683, "p2": 5.0}, "datetime": {"datetime": "2023-11-22 15:32:02", "elapsed": 432.344709, "delta": 1.751404}}
{"target": 609.8798083972073, "params": {"d1": 1.385220024075351, "d2": 1.0979618728478315, "i1": 0.688151940854394, "i2": 0.3887446518655326, "p1": 3.159507134478297, "p2": 1.2827650652124511}, "datetime": {"datetime": "2023-11-22 15:32:05", "elapsed": 434.667209, "delta": 2.3225}}
{"target": 512.1189087083482, "params": {"d1": 5.0, "d2": 2.1993517889436416, "i1": 1.0, "i2": 0.0, "p1": 2.5441442026197985, "p2": 3.7297123278695206}, "datetime": {"datetime": "2023-11-22 15:32:08", "elapsed": 437.706648, "delta": 3.039439}}
{"target": 496.50668329966646, "params": {"d1": 3.740170163571909, "d2": 2.486788181963366, "i1": 0.0, "i2": 0.0, "p1": 3.8958765766390973, "p2": 5.0}, "datetime": {"datetime": "2023-11-22 15:32:10", "elapsed": 439.634611, "delta": 1.927963}}
{"target": 448.769723387155, "params": {"d1": 2.224925429145698, "d2": 1.0271205395151592, "i1": 0.0, "i2": 1.0, "p1": 3.027052104144865, "p2": 3.8682041744056113}, "datetime": {"datetime": "2023-11-22 15:32:11", "elapsed": 441.468935, "delta": 1.834324}}
{"target": 537.1704117629503, "params": {"d1": 1.5698604958618179, "d2": 2.6049412421614058, "i1": 1.0, "i2": 1.0, "p1": 3.3863033184713913, "p2": 4.040980331668974}, "datetime": {"datetime": "2023-11-22 15:32:14", "elapsed": 444.466603, "delta": 2.997668}}
{"target": 584.3599192116898, "params": {"d1": 1.8486852080892269, "d2": 1.1119942414375228, "i1": 0.0, "i2": 0.0, "p1": 3.457924338992165, "p2": 2.0475300076889518}, "datetime": {"datetime": "2023-11-22 15:32:17", "elapsed": 447.355776, "delta": 2.889173}}
{"target": 541.4947738712517, "params": {"d1": 1.8177206164314588, "d2": 3.969699129724382, "i1": 1.0, "i2": 0.0, "p1": 2.5652468879423203, "p2": 2.849361699463921}, "datetime": {"datetime": "2023-11-22 15:32:20", "elapsed": 449.762394, "delta": 2.406618}}
{"target": 628.5070178551982, "params": {"d1": 2.2607288422294163, "d2": 1.5341860760928638, "i1": 0.24317595498783778, "i2": 0.43992800931393466, "p1": 3.102740023593905, "p2": 2.2849965517488466}, "datetime": {"datetime": "2023-11-22 15:32:23", "elapsed": 452.651093, "delta": 2.888699}}
{"target": 633.9676229886768, "params": {"d1": 1.7628005967820386, "d2": 1.5530863801322616, "i1": 1.0, "i2": 1.0, "p1": 2.7214866359976635, "p2": 3.1476382998903087}, "datetime": {"datetime": "2023-11-22 15:32:27", "elapsed": 456.666973, "delta": 4.01588}}
{"target": 510.7435711457051, "params": {"d1": 0.5699574082029346, "d2": 1.8581620196152402, "i1": 0.6531603782105119, "i2": 1.0, "p1": 1.4519813930624945, "p2": 1.9818912763496634}, "datetime": {"datetime": "2023-11-22 15:32:29", "elapsed": 459.207394, "delta": 2.540421}}
{"target": 629.3656541567797, "params": {"d1": 1.876430054903757, "d2": 1.8196684882780099, "i1": 0.5396297123929596, "i2": 0.5524776004247465, "p1": 3.0350053407013764, "p2": 3.2676004703774866}, "datetime": {"datetime": "2023-11-22 15:32:31", "elapsed": 461.253038, "delta": 2.045644}}
{"target": 591.5228182526397, "params": {"d1": 1.42041163780973, "d2": 1.9718562319419095, "i1": 1.0, "i2": 1.0, "p1": 1.021359131684643, "p2": 2.0886439934318504}, "datetime": {"datetime": "2023-11-22 15:32:33", "elapsed": 463.175583, "delta": 1.922545}}
{"target": 610.8380275069869, "params": {"d1": 1.4764714894708086, "d2": 1.2393936572748312, "i1": 1.0, "i2": 1.0, "p1": 3.7647021726300407, "p2": 2.14063433966261}, "datetime": {"datetime": "2023-11-22 15:32:35", "elapsed": 465.447858, "delta": 2.272275}}
{"target": 578.1287499800364, "params": {"d1": 0.850798711665402, "d2": 1.0637768685621003, "i1": 0.037973499653921494, "i2": 0.9984961565063617, "p1": 1.1029711266138509, "p2": 2.4103750599939557}, "datetime": {"datetime": "2023-11-22 15:32:37", "elapsed": 467.362488, "delta": 1.91463}}
{"target": 590.1577153078406, "params": {"d1": 1.6785627462562231, "d2": 1.244768211319511, "i1": 1.0, "i2": 0.0, "p1": 3.4244069469926113, "p2": 2.0879701774542703}, "datetime": {"datetime": "2023-11-22 15:32:41", "elapsed": 471.167511, "delta": 3.805023}}
{"target": 648.1497742074305, "params": {"d1": 1.2525946229973979, "d2": 1.2535899857002442, "i1": 1.0, "i2": 1.0, "p1": 2.899401155348993, "p2": 1.7457203269590886}, "datetime": {"datetime": "2023-11-22 15:32:43", "elapsed": 473.338206, "delta": 2.170695}}
{"target": 636.7588321893193, "params": {"d1": 1.1368219056639353, "d2": 1.7762615313267875, "i1": 0.3986340694255455, "i2": 1.0, "p1": 1.2507824947161326, "p2": 2.6533420271786614}, "datetime": {"datetime": "2023-11-22 15:32:46", "elapsed": 475.78913, "delta": 2.450924}}
{"target": 678.5669078546023, "params": {"d1": 1.4234079575818204, "d2": 1.5004265032879722, "i1": 1.0, "i2": 1.0, "p1": 1.975039213255577, "p2": 1.709004064946345}, "datetime": {"datetime": "2023-11-22 15:32:48", "elapsed": 477.685929, "delta": 1.896799}}
{"target": 667.4263716829098, "params": {"d1": 1.3102031973264332, "d2": 1.6124216434064709, "i1": 1.0, "i2": 1.0, "p1": 2.354652033381948, "p2": 2.1469469166011694}, "datetime": {"datetime": "2023-11-22 15:32:52", "elapsed": 481.714873, "delta": 4.028944}}
{"target": 621.8176529417855, "params": {"d1": 1.8232506665464139, "d2": 1.2765710824026395, "i1": 0.8500223078851751, "i2": 0.7652235162166073, "p1": 2.930269281390694, "p2": 2.215032369041299}, "datetime": {"datetime": "2023-11-22 15:32:55", "elapsed": 484.905957, "delta": 3.191084}}
{"target": 553.3998863758088, "params": {"d1": 1.8425307948014478, "d2": 4.272967377495838, "i1": 1.0, "i2": 0.41102786785915313, "p1": 2.7288680990969705, "p2": 4.370711696667489}, "datetime": {"datetime": "2023-11-22 15:32:58", "elapsed": 487.956323, "delta": 3.050366}}
{"target": 361.42171073031585, "params": {"d1": 5.0, "d2": 2.5477975248885336, "i1": 1.0, "i2": 0.0, "p1": 0.0, "p2": 5.0}, "datetime": {"datetime": "2023-11-22 15:33:01", "elapsed": 491.175279, "delta": 3.218956}}
{"target": 638.8057161561967, "params": {"d1": 1.3367134354372217, "d2": 1.7445986273921559, "i1": 0.6984374465975702, "i2": 1.0, "p1": 2.088517880014063, "p2": 1.8462278917264958}, "datetime": {"datetime": "2023-11-22 15:33:04", "elapsed": 493.8659, "delta": 2.690621}}
{"target": 503.1215737284467, "params": {"d1": 1.8760568895023157, "d2": 3.7136686031269015, "i1": 0.0, "i2": 1.0, "p1": 2.0645061903766018, "p2": 1.8230384348413837}, "datetime": {"datetime": "2023-11-22 15:33:06", "elapsed": 496.152158, "delta": 2.286258}}
{"target": 540.7757888635547, "params": {"d1": 1.6948544152365084, "d2": 4.541446201086499, "i1": 0.0, "i2": 1.0, "p1": 3.5173819880851735, "p2": 2.8078495232346916}, "datetime": {"datetime": "2023-11-22 15:33:09", "elapsed": 499.286103, "delta": 3.133945}}
{"target": 655.2527209832701, "params": {"d1": 1.2996844839417474, "d2": 1.299462829176738, "i1": 1.0, "i2": 1.0, "p1": 1.9342509858236585, "p2": 2.1967784075307017}, "datetime": {"datetime": "2023-11-22 15:33:13", "elapsed": 502.789025, "delta": 3.502922}}
{"target": 661.3255934591444, "params": {"d1": 1.7761242830461716, "d2": 1.5031251453801988, "i1": 1.0, "i2": 1.0, "p1": 2.346060830104352, "p2": 2.0114786263675852}, "datetime": {"datetime": "2023-11-22 15:33:16", "elapsed": 505.538833, "delta": 2.749808}}
{"target": 660.7470542212529, "params": {"d1": 1.641090890923985, "d2": 1.2601746022405487, "i1": 0.12070781903593239, "i2": 1.0, "p1": 3.5269190601242806, "p2": 1.9238427407737906}, "datetime": {"datetime": "2023-11-22 15:33:20", "elapsed": 509.526346, "delta": 3.987513}}
{"target": 579.6449008244341, "params": {"d1": 1.497576821317545, "d2": 1.4266169805802489, "i1": 0.0, "i2": 1.0, "p1": 4.137780198469726, "p2": 1.5859093454008295}, "datetime": {"datetime": "2023-11-22 15:33:22", "elapsed": 512.063847, "delta": 2.537501}}
{"target": 641.2106570396209, "params": {"d1": 1.2693250914532797, "d2": 1.367832925248247, "i1": 1.0, "i2": 1.0, "p1": 1.4182913400409785, "p2": 1.6575001583979443}, "datetime": {"datetime": "2023-11-22 15:33:25", "elapsed": 515.03273, "delta": 2.968883}}
{"target": 563.5115488597147, "params": {"d1": 1.1935332511683363, "d2": 1.0018462848173117, "i1": 0.3991820080684939, "i2": 1.0, "p1": 3.289897473339917, "p2": 1.7938241349794857}, "datetime": {"datetime": "2023-11-22 15:33:28", "elapsed": 518.261943, "delta": 3.229213}}
{"target": 611.518009914177, "params": {"d1": 2.2262919837592743, "d2": 1.226793586945122, "i1": 0.0, "i2": 1.0, "p1": 3.7010959486961923, "p2": 2.026787859446719}, "datetime": {"datetime": "2023-11-22 15:33:32", "elapsed": 522.267018, "delta": 4.005075}}
{"target": 620.8246002172851, "params": {"d1": 1.8447515815091249, "d2": 1.238413615334641, "i1": 0.37882792390487885, "i2": 0.6984484573361254, "p1": 3.6102403532489453, "p2": 2.0804601007071573}, "datetime": {"datetime": "2023-11-22 15:33:36", "elapsed": 526.260427, "delta": 3.993409}}
{"target": 523.6216988026433, "params": {"d1": 2.1183844034193453, "d2": 5.0, "i1": 0.0, "i2": 1.0, "p1": 3.987265910824582, "p2": 5.0}, "datetime": {"datetime": "2023-11-22 15:33:39", "elapsed": 529.067541, "delta": 2.807114}}
{"target": 469.0588803503802, "params": {"d1": 5.0, "d2": 1.7618884751188904, "i1": 0.0, "i2": 0.0, "p1": 3.2777250789702084, "p2": 1.5184983161808887}, "datetime": {"datetime": "2023-11-22 15:33:42", "elapsed": 531.971091, "delta": 2.90355}}
