{"target": 520.9857512939017, "params": {"d1": 1.6342039202515308, "d2": 3.501528170270194, "i1": 1.0, "i2": 1.0, "p1": 4.018865314192408, "p2": 3.5078521616023997}, "datetime": {"datetime": "2023-11-22 16:26:09", "elapsed": 3678.774494, "delta": 7.413451}}
{"target": 432.60714163498665, "params": {"d1": 2.426612513294825, "d2": 3.3978159690806695, "i1": 0.0, "i2": 0.0, "p1": 1.8539579419232706, "p2": 1.2318537111570473}, "datetime": {"datetime": "2023-11-22 16:26:20", "elapsed": 3689.867393, "delta": 11.092899}}
{"target": 509.8107006955514, "params": {"d1": 2.7715151321236187, "d2": 2.203011582074819, "i1": 1.0, "i2": 1.0, "p1": 5.0, "p2": 1.9093801117601936}, "datetime": {"datetime": "2023-11-22 16:26:29", "elapsed": 3698.722746, "delta": 8.855353}}
{"target": 660.1834520498045, "params": {"d1": 0.8766624104096432, "d2": 1.2958632045714273, "i1": 0.25847276460807944, "i2": 0.8397099614410197, "p1": 1.3082407660818065, "p2": 1.469546612881705}, "datetime": {"datetime": "2023-11-22 16:26:35", "elapsed": 3704.597833, "delta": 5.875087}}
{"target": 588.0416496454391, "params": {"d1": 1.9272993809291061, "d2": 1.5371837394151402, "i1": 1.0, "i2": 1.0, "p1": 3.9502476654663923, "p2": 2.2576417220690432}, "datetime": {"datetime": "2023-11-22 16:26:46", "elapsed": 3716.195851, "delta": 11.598018}}
{"target": 575.196269595712, "params": {"d1": 3.007062116506265, "d2": 1.4932326047735724, "i1": 0.5417877470400405, "i2": 1.0, "p1": 2.015108228003804, "p2": 2.318507107551177}, "datetime": {"datetime": "2023-11-22 16:26:55", "elapsed": 3724.975215, "delta": 8.779364}}
{"target": 463.38300872357075, "params": {"d1": 3.5261728662602243, "d2": 5.0, "i1": 0.0, "i2": 1.0, "p1": 3.24948691915672, "p2": 3.8221561389379595}, "datetime": {"datetime": "2023-11-22 16:27:02", "elapsed": 3731.789517, "delta": 6.814302}}
{"target": 643.0244078839656, "params": {"d1": 1.266425342350153, "d2": 2.0329619407043396, "i1": 1.0, "i2": 1.0, "p1": 1.5563290073816585, "p2": 2.1550327237050357}, "datetime": {"datetime": "2023-11-22 16:27:08", "elapsed": 3737.566179, "delta": 5.776662}}
{"target": 590.9473917112338, "params": {"d1": 2.8237747343813426, "d2": 1.1483852276078954, "i1": 0.2564972532952685, "i2": 0.5069982655582184, "p1": 3.8734560146697667, "p2": 2.118277365310512}, "datetime": {"datetime": "2023-11-22 16:27:15", "elapsed": 3744.570817, "delta": 7.004638}}
{"target": 554.9422140610699, "params": {"d1": 3.3464745104397746, "d2": 1.5847266956597048, "i1": 0.0, "i2": 1.0, "p1": 2.276671921770487, "p2": 1.4589017067964065}, "datetime": {"datetime": "2023-11-22 16:27:21", "elapsed": 3751.265537, "delta": 6.69472}}
{"target": 587.1842934111585, "params": {"d1": 1.6308905464235384, "d2": 2.5919448034312094, "i1": 0.49342193957736713, "i2": 1.0, "p1": 3.6356327458888513, "p2": 2.2132338867579033}, "datetime": {"datetime": "2023-11-22 16:27:27", "elapsed": 3757.372787, "delta": 6.10725}}
{"target": 481.5455656615242, "params": {"d1": 2.093364329862538, "d2": 5.0, "i1": 0.0, "i2": 1.0, "p1": 5.0, "p2": 5.0}, "datetime": {"datetime": "2023-11-22 16:27:33", "elapsed": 3763.454899, "delta": 6.082112}}
{"target": 644.794076588963, "params": {"d1": 1.5443334929427106, "d2": 1.4629482608202808, "i1": 0.03199936264096559, "i2": 0.993373522518581, "p1": 3.1224121118565944, "p2": 1.6832993125391997}, "datetime": {"datetime": "2023-11-22 16:27:40", "elapsed": 3770.475157, "delta": 7.020258}}
{"target": 496.9320202773633, "params": {"d1": 1.8446613059070074, "d2": 5.0, "i1": 0.0, "i2": 0.0, "p1": 1.4386927491703894, "p2": 5.0}, "datetime": {"datetime": "2023-11-22 16:27:52", "elapsed": 3781.716793, "delta": 11.241636}}
{"target": 557.2250519556226, "params": {"d1": 3.415372806195442, "d2": 1.3321202940866366, "i1": 0.4710118598002999, "i2": 0.5999948508920702, "p1": 4.529197235072646, "p2": 2.0017366380519035}, "datetime": {"datetime": "2023-11-22 16:28:00", "elapsed": 3789.57594, "delta": 7.859147}}
{"target": 608.033242102817, "params": {"d1": 1.5192290585803931, "d2": 1.629182341877136, "i1": 0.5603409722799483, "i2": 1.0, "p1": 3.1927737640636096, "p2": 3.2586766439284736}, "datetime": {"datetime": "2023-11-22 16:28:06", "elapsed": 3795.663703, "delta": 6.087763}}
{"target": 630.0315190098678, "params": {"d1": 0.8036471862030939, "d2": 1.656253641751437, "i1": 0.3394160677665045, "i2": 0.6877924575408285, "p1": 1.1832527922903615, "p2": 2.6383816110949683}, "datetime": {"datetime": "2023-11-22 16:28:16", "elapsed": 3805.577067, "delta": 9.913364}}
{"target": 490.1823823533245, "params": {"d1": 2.9724275038367836, "d2": 1.3944802595721117, "i1": 0.0, "i2": 1.0, "p1": 1.4046963745255323, "p2": 1.2431271417957797}, "datetime": {"datetime": "2023-11-22 16:28:30", "elapsed": 3819.563683, "delta": 13.986616}}
{"target": 532.8269675860703, "params": {"d1": 1.9230132984721455, "d2": 1.581727367854475, "i1": 1.0, "i2": 1.0, "p1": 4.034828688751578, "p2": 4.097239714194373}, "datetime": {"datetime": "2023-11-22 16:28:40", "elapsed": 3830.267696, "delta": 10.704013}}
{"target": 483.57257787613713, "params": {"d1": 5.0, "d2": 4.149799797929392, "i1": 1.0, "i2": 1.0, "p1": 3.7233776692938223, "p2": 3.1098217172126783}, "datetime": {"datetime": "2023-11-22 16:28:48", "elapsed": 3837.92745, "delta": 7.659754}}
{"target": 580.283892231434, "params": {"d1": 2.293674831411539, "d2": 1.6943534321002114, "i1": 0.1383276924773629, "i2": 0.0, "p1": 1.6574979274115902, "p2": 2.246289012452908}, "datetime": {"datetime": "2023-11-22 16:29:01", "elapsed": 3851.006618, "delta": 13.079168}}
{"target": 483.1673597315952, "params": {"d1": 5.0, "d2": 1.5965088185909333, "i1": 1.0, "i2": 0.0, "p1": 1.386478994953296, "p2": 2.971710130013532}, "datetime": {"datetime": "2023-11-22 16:29:09", "elapsed": 3859.066457, "delta": 8.059839}}
{"target": 638.4946204789973, "params": {"d1": 1.5618616813532542, "d2": 1.2511071114317043, "i1": 1.0, "i2": 1.0, "p1": 2.7295901348584106, "p2": 1.466915058166783}, "datetime": {"datetime": "2023-11-22 16:29:19", "elapsed": 3868.958141, "delta": 9.891684}}
{"target": 633.7383336945451, "params": {"d1": 2.2508619299215784, "d2": 0.9037383740983185, "i1": 0.9846189612939493, "i2": 0.7478916127015509, "p1": 2.414496285383768, "p2": 1.8772253632920695}, "datetime": {"datetime": "2023-11-22 16:29:28", "elapsed": 3878.269454, "delta": 9.311313}}
{"target": 588.1835942397753, "params": {"d1": 2.1332800939896424, "d2": 1.1122920138826964, "i1": 0.0, "i2": 1.0, "p1": 3.7671204068224835, "p2": 2.8274490316707395}, "datetime": {"datetime": "2023-11-22 16:29:35", "elapsed": 3885.470527, "delta": 7.201073}}
{"target": 509.00022670619757, "params": {"d1": 3.2834288184370304, "d2": 3.702499669784981, "i1": 0.0, "i2": 0.0, "p1": 3.9406592736114745, "p2": 5.0}, "datetime": {"datetime": "2023-11-22 16:29:47", "elapsed": 3896.622879, "delta": 11.152352}}
{"target": 223.2166759949094, "params": {"d1": 0.0, "d2": 3.086533048544632, "i1": 0.0, "i2": 1.0, "p1": 1.596711458291391, "p2": 0.0}, "datetime": {"datetime": "2023-11-22 16:30:01", "elapsed": 3911.077247, "delta": 14.454368}}
{"target": 558.9561583290943, "params": {"d1": 2.9056346052091886, "d2": 1.2630759665744113, "i1": 0.46658661232609483, "i2": 0.5061343034517255, "p1": 2.370985105358509, "p2": 1.8017206653880786}, "datetime": {"datetime": "2023-11-22 16:30:13", "elapsed": 3923.131629, "delta": 12.054382}}
{"target": 542.7760293234504, "params": {"d1": 1.3139155691517381, "d2": 3.7939290042245304, "i1": 1.0, "i2": 0.0, "p1": 1.6996624915053258, "p2": 2.4591482982466433}, "datetime": {"datetime": "2023-11-22 16:30:21", "elapsed": 3930.670735, "delta": 7.539106}}
{"target": 625.6894341652708, "params": {"d1": 2.1705842857139626, "d2": 1.6858841962089866, "i1": 1.0, "i2": 0.4389615798190857, "p1": 2.810166075115569, "p2": 3.3408492586899174}, "datetime": {"datetime": "2023-11-22 16:30:28", "elapsed": 3937.665574, "delta": 6.994839}}
{"target": 496.7159003626958, "params": {"d1": 4.249708379338414, "d2": 3.6558420658079362, "i1": 1.0, "i2": 1.0, "p1": 5.0, "p2": 5.0}, "datetime": {"datetime": "2023-11-22 16:30:40", "elapsed": 3950.15959, "delta": 12.494016}}
{"target": 633.0610328806938, "params": {"d1": 1.8712807375535483, "d2": 1.1957011567282354, "i1": 1.0, "i2": 0.49002905917122286, "p1": 3.2368853015084684, "p2": 1.1471446988452823}, "datetime": {"datetime": "2023-11-22 16:30:46", "elapsed": 3956.472175, "delta": 6.312585}}
{"target": 587.076799845416, "params": {"d1": 1.8066087236250792, "d2": 1.6706057868711606, "i1": 0.0, "i2": 0.513536493920689, "p1": 4.1618561258654525, "p2": 2.265265365254579}, "datetime": {"datetime": "2023-11-22 16:31:06", "elapsed": 3976.474322, "delta": 20.002147}}
{"target": 522.0291569375302, "params": {"d1": 1.6273632105945264, "d2": 3.6226333832509354, "i1": 0.0, "i2": 1.0, "p1": 3.1846988648388126, "p2": 2.388840840627558}, "datetime": {"datetime": "2023-11-22 16:31:17", "elapsed": 3986.869888, "delta": 10.395566}}
{"target": 652.201175127401, "params": {"d1": 1.7574059934123387, "d2": 1.0078745712168717, "i1": 0.9929855896856042, "i2": 0.35331882721967356, "p1": 3.3252934436718884, "p2": 1.6240568801946202}, "datetime": {"datetime": "2023-11-22 16:31:27", "elapsed": 3997.279653, "delta": 10.409765}}
{"target": 531.0903667494576, "params": {"d1": 4.072508096134961, "d2": 2.3752641565093477, "i1": 1.0, "i2": 0.0, "p1": 3.9570775264953344, "p2": 2.686460121711866}, "datetime": {"datetime": "2023-11-22 16:31:36", "elapsed": 4005.519684, "delta": 8.240031}}
{"target": 671.0433344893644, "params": {"d1": 1.7078376302848044, "d2": 1.207660811702491, "i1": 0.02316922920764697, "i2": 1.0, "p1": 3.228878207362585, "p2": 1.6183603049281683}, "datetime": {"datetime": "2023-11-22 16:31:42", "elapsed": 4012.453348, "delta": 6.933664}}
{"target": 647.5592245177323, "params": {"d1": 1.137075347832183, "d2": 1.889718532435491, "i1": 0.2836325046425891, "i2": 1.0, "p1": 2.28102208414656, "p2": 1.9626348570964283}, "datetime": {"datetime": "2023-11-22 16:31:49", "elapsed": 4018.767228, "delta": 6.31388}}
{"target": 633.7771136690196, "params": {"d1": 1.9859919639672476, "d2": 1.0334811866871538, "i1": 1.0, "i2": 0.5903633535102528, "p1": 2.823375110132388, "p2": 1.5915077864697997}, "datetime": {"datetime": "2023-11-22 16:31:59", "elapsed": 4029.066666, "delta": 10.299438}}
{"target": 553.431170273379, "params": {"d1": 2.0734904968065972, "d2": 0.9221246368491234, "i1": 1.0, "i2": 0.0, "p1": 3.718693664804668, "p2": 1.5620249943123694}, "datetime": {"datetime": "2023-11-22 16:32:06", "elapsed": 4035.601107, "delta": 6.534441}}
{"target": 601.0881821076807, "params": {"d1": 1.4896132248749754, "d2": 1.2192570147911563, "i1": 1.0, "i2": 1.0, "p1": 1.771979235054493, "p2": 2.904924233034857}, "datetime": {"datetime": "2023-11-22 16:32:13", "elapsed": 4042.624799, "delta": 7.023692}}
{"target": 529.6297478709571, "params": {"d1": 1.7052326187865372, "d2": 1.4316467432576334, "i1": 1.0, "i2": 1.0, "p1": 1.619415021058682, "p2": 4.1674467735958665}, "datetime": {"datetime": "2023-11-22 16:32:23", "elapsed": 4052.661039, "delta": 10.03624}}
{"target": 534.8196600000122, "params": {"d1": 4.0216305376589885, "d2": 1.7974657569024477, "i1": 1.0, "i2": 1.0, "p1": 3.2512453867529993, "p2": 1.7781267820418103}, "datetime": {"datetime": "2023-11-22 16:32:33", "elapsed": 4062.827691, "delta": 10.166652}}
{"target": 613.0096087332716, "params": {"d1": 1.0759965018950803, "d2": 1.0548462509001697, "i1": 0.5208203124686711, "i2": 0.29686325062874075, "p1": 1.600090287053429, "p2": 1.071680702252548}, "datetime": {"datetime": "2023-11-22 16:32:39", "elapsed": 4068.951088, "delta": 6.123397}}
{"target": 588.5620286619686, "params": {"d1": 1.191044618807227, "d2": 4.490682455790343, "i1": 1.0, "i2": 0.0, "p1": 2.379482446396021, "p2": 4.40727485143873}, "datetime": {"datetime": "2023-11-22 16:32:50", "elapsed": 4079.861583, "delta": 10.910495}}
{"target": 293.04265263527105, "params": {"d1": 5.0, "d2": 0.0, "i1": 1.0, "i2": 0.0, "p1": 5.0, "p2": 3.4933562377248153}, "datetime": {"datetime": "2023-11-22 16:32:58", "elapsed": 4088.266997, "delta": 8.405414}}
{"target": 556.3630045074467, "params": {"d1": 2.318516530084956, "d2": 1.7574908198444539, "i1": 0.0, "i2": 0.45535532669894996, "p1": 1.6546957781637521, "p2": 2.8712786984493177}, "datetime": {"datetime": "2023-11-22 16:33:06", "elapsed": 4095.663256, "delta": 7.396259}}
{"target": 625.2456298912388, "params": {"d1": 1.934510714553481, "d2": 0.9982112928668034, "i1": 0.15792074319540716, "i2": 0.69019251664066, "p1": 3.293629233438807, "p2": 2.568195294202707}, "datetime": {"datetime": "2023-11-22 16:33:15", "elapsed": 4104.67204, "delta": 9.008784}}
{"target": 508.15800469421663, "params": {"d1": 3.877890002760376, "d2": 2.2694224321831546, "i1": 0.0, "i2": 1.0, "p1": 3.512486960405222, "p2": 1.3492384413787368}, "datetime": {"datetime": "2023-11-22 16:33:25", "elapsed": 4115.25881, "delta": 10.58677}}
{"target": 597.5612898904558, "params": {"d1": 2.1921434659217587, "d2": 0.9145513776707374, "i1": 1.0, "i2": 1.0, "p1": 2.352725068602559, "p2": 1.564673772148861}, "datetime": {"datetime": "2023-11-22 16:33:33", "elapsed": 4122.568544, "delta": 7.309734}}
{"target": 588.6292722820217, "params": {"d1": 2.1465757083539323, "d2": 1.251553459085869, "i1": 1.0, "i2": 0.0, "p1": 1.6492512098280436, "p2": 2.2435933510716257}, "datetime": {"datetime": "2023-11-22 16:33:40", "elapsed": 4130.271439, "delta": 7.702895}}
{"target": 503.36316028517155, "params": {"d1": 2.677794171836008, "d2": 2.044148375083496, "i1": 1.0, "i2": 1.0, "p1": 2.8234803536322453, "p2": 1.0231891119328596}, "datetime": {"datetime": "2023-11-22 16:33:51", "elapsed": 4141.176323, "delta": 10.904884}}
{"target": 652.8084678949433, "params": {"d1": 1.2032280496843377, "d2": 1.6744646241296373, "i1": 1.0, "i2": 1.0, "p1": 1.576592105871745, "p2": 2.729294679874133}, "datetime": {"datetime": "2023-11-22 16:33:59", "elapsed": 4148.578929, "delta": 7.402606}}
{"target": 608.1080054325982, "params": {"d1": 1.2803971378137458, "d2": 0.8660639845126111, "i1": 0.9692607170514032, "i2": 0.038259468294850385, "p1": 1.4853979820924945, "p2": 1.4521879978886953}, "datetime": {"datetime": "2023-11-22 16:34:05", "elapsed": 4154.662583, "delta": 6.083654}}
{"target": 579.0999664002389, "params": {"d1": 1.375631917359335, "d2": 1.2980385323777854, "i1": 0.9870811443594414, "i2": 0.3902175063551796, "p1": 3.5851795979472803, "p2": 1.7931979447741826}, "datetime": {"datetime": "2023-11-22 16:34:14", "elapsed": 4164.374426, "delta": 9.711843}}
{"target": 521.9815443515695, "params": {"d1": 2.0388492754985283, "d2": 1.932253445676484, "i1": 1.0, "i2": 0.0, "p1": 5.0, "p2": 3.181227558404525}, "datetime": {"datetime": "2023-11-22 16:34:31", "elapsed": 4180.763126, "delta": 16.3887}}
{"target": 530.4431817374108, "params": {"d1": 3.956560872885508, "d2": 1.7645917749928663, "i1": 1.0, "i2": 0.0, "p1": 5.0, "p2": 3.6992435208169057}, "datetime": {"datetime": "2023-11-22 16:34:40", "elapsed": 4190.46565, "delta": 9.702524}}
{"target": 538.5925130640838, "params": {"d1": 2.378094401507923, "d2": 1.8545475205489348, "i1": 1.0, "i2": 0.0, "p1": 1.1363217825694618, "p2": 2.405719381664026}, "datetime": {"datetime": "2023-11-22 16:34:53", "elapsed": 4202.563724, "delta": 12.098074}}
{"target": 657.0560616433045, "params": {"d1": 1.0135543322345517, "d2": 1.2744148509391557, "i1": 0.24538382140338097, "i2": 0.7701234888478226, "p1": 1.4997087666452564, "p2": 1.627488662290728}, "datetime": {"datetime": "2023-11-22 16:35:05", "elapsed": 4215.372123, "delta": 12.808399}}
{"target": 656.1833558219383, "params": {"d1": 2.205404011841435, "d2": 1.2479160808090655, "i1": 1.0, "i2": 0.591025332588522, "p1": 2.4558015703727967, "p2": 2.1896723058269933}, "datetime": {"datetime": "2023-11-22 16:35:16", "elapsed": 4225.838307, "delta": 10.466184}}
{"target": 613.7179935419013, "params": {"d1": 0.8822080071042598, "d2": 1.0537949192408225, "i1": 0.2836854955483807, "i2": 1.0, "p1": 0.6087680383426294, "p2": 2.201146852442597}, "datetime": {"datetime": "2023-11-22 16:35:25", "elapsed": 4234.964349, "delta": 9.126042}}
{"target": 594.7063983024713, "params": {"d1": 1.3912434236368394, "d2": 2.762885316004597, "i1": 0.6504228559859013, "i2": 0.0, "p1": 2.0437087517129506, "p2": 2.399674672757994}, "datetime": {"datetime": "2023-11-22 16:35:32", "elapsed": 4241.973796, "delta": 7.009447}}
{"target": 221.09225147182963, "params": {"d1": 5.0, "d2": 0.0, "i1": 0.0, "i2": 0.0, "p1": 1.372133090286617, "p2": 3.4560645516880535}, "datetime": {"datetime": "2023-11-22 16:35:43", "elapsed": 4253.510358, "delta": 11.536562}}
{"target": 616.7496673946673, "params": {"d1": 1.179595483103879, "d2": 2.6508594705938644, "i1": 0.7428192349550966, "i2": 0.6285151842677975, "p1": 1.495865636317918, "p2": 2.1051983383293273}, "datetime": {"datetime": "2023-11-22 16:35:54", "elapsed": 4263.570392, "delta": 10.060034}}
{"target": 479.32321120270205, "params": {"d1": 2.1480993053017303, "d2": 3.327251596240628, "i1": 0.0, "i2": 0.0, "p1": 5.0, "p2": 2.5229158005759675}, "datetime": {"datetime": "2023-11-22 16:36:04", "elapsed": 4273.876817, "delta": 10.306425}}
{"target": 604.8566023062745, "params": {"d1": 1.166820675107293, "d2": 0.7466892706822346, "i1": 1.0, "i2": 0.41839122485095265, "p1": 1.4051187992149616, "p2": 1.0615017833694926}, "datetime": {"datetime": "2023-11-22 16:36:13", "elapsed": 4283.170128, "delta": 9.293311}}
{"target": 631.8422229307573, "params": {"d1": 1.7401933248176529, "d2": 1.9854153576350677, "i1": 1.0, "i2": 1.0, "p1": 2.478865921430415, "p2": 3.270976922122185}, "datetime": {"datetime": "2023-11-22 16:36:27", "elapsed": 4296.906905, "delta": 13.736777}}
{"target": 610.6075437224459, "params": {"d1": 2.5681634096449106, "d2": 1.0576353965777576, "i1": 1.0, "i2": 0.67039284748637, "p1": 2.5800009316948525, "p2": 2.2211833689370573}, "datetime": {"datetime": "2023-11-22 16:36:35", "elapsed": 4304.598977, "delta": 7.692072}}
{"target": 551.5163099931297, "params": {"d1": 1.7970090145630606, "d2": 4.505835204622092, "i1": 0.01704216269911807, "i2": 0.18702569295931792, "p1": 3.6575444229953114, "p2": 3.927802564810464}, "datetime": {"datetime": "2023-11-22 16:36:50", "elapsed": 4319.667995, "delta": 15.069018}}
{"target": 584.0073628131198, "params": {"d1": 1.175074415955609, "d2": 4.496281736538534, "i1": 1.0, "i2": 0.46952919456339337, "p1": 1.9131823324869732, "p2": 3.9194886733181913}, "datetime": {"datetime": "2023-11-22 16:36:58", "elapsed": 4327.57584, "delta": 7.907845}}
{"target": 291.18081976956006, "params": {"d1": 0.0, "d2": 2.33198538811245, "i1": 0.0, "i2": 0.0, "p1": 0.0, "p2": 5.0}, "datetime": {"datetime": "2023-11-22 16:37:07", "elapsed": 4337.465116, "delta": 9.889276}}
{"target": 473.74186286657465, "params": {"d1": 2.775747685439392, "d2": 5.0, "i1": 0.0, "i2": 0.0, "p1": 5.0, "p2": 3.271220478700731}, "datetime": {"datetime": "2023-11-22 16:37:15", "elapsed": 4344.795174, "delta": 7.330058}}
{"target": 568.0772142262631, "params": {"d1": 1.3453588740164262, "d2": 1.9831929134300372, "i1": 0.0, "i2": 0.0, "p1": 1.8103282473190174, "p2": 3.679403206841074}, "datetime": {"datetime": "2023-11-22 16:37:25", "elapsed": 4355.268818, "delta": 10.473644}}
{"target": 629.4129369509022, "params": {"d1": 2.2964887183207985, "d2": 1.1805700887474757, "i1": 0.4473699830608532, "i2": 0.5118833798178447, "p1": 2.6818430694955393, "p2": 2.3722072838853623}, "datetime": {"datetime": "2023-11-22 16:37:40", "elapsed": 4369.772876, "delta": 14.504058}}
{"target": 684.520814027626, "params": {"d1": 1.7717185433183074, "d2": 1.213405241942592, "i1": 0.11290268892009284, "i2": 0.9377787779046909, "p1": 3.051603329684431, "p2": 1.738662812828797}, "datetime": {"datetime": "2023-11-22 16:37:55", "elapsed": 4384.969111, "delta": 15.196235}}
{"target": 605.505723022719, "params": {"d1": 0.8585963999578304, "d2": 0.7318285916948801, "i1": 0.5045699265165859, "i2": 0.2702630154400805, "p1": 2.00624712466092, "p2": 1.2314723667264975}, "datetime": {"datetime": "2023-11-22 16:38:02", "elapsed": 4392.462218, "delta": 7.493107}}
{"target": 517.346475932137, "params": {"d1": 1.958987058669668, "d2": 1.7782762589369356, "i1": 0.0, "i2": 0.0, "p1": 4.652313269867289, "p2": 4.120678654737897}, "datetime": {"datetime": "2023-11-22 16:38:10", "elapsed": 4400.161766, "delta": 7.699548}}
{"target": 599.617975784887, "params": {"d1": 1.5515265940166978, "d2": 1.8072773947258018, "i1": 0.03303580196388578, "i2": 0.16230539385976817, "p1": 2.342120943339619, "p2": 1.1993331523367146}, "datetime": {"datetime": "2023-11-22 16:38:25", "elapsed": 4414.776439, "delta": 14.614673}}
{"target": 519.0995056092871, "params": {"d1": 1.2551216398059868, "d2": 5.0, "i1": 0.0, "i2": 1.0, "p1": 3.4167245348197444, "p2": 4.404317257956806}, "datetime": {"datetime": "2023-11-22 16:38:41", "elapsed": 4430.802368, "delta": 16.025929}}
{"target": 650.4620026277895, "params": {"d1": 1.106055016388078, "d2": 1.5893990909569278, "i1": 1.0, "i2": 0.6999474192431208, "p1": 2.1902589609518843, "p2": 1.7324049812198798}, "datetime": {"datetime": "2023-11-22 16:38:49", "elapsed": 4439.462625, "delta": 8.660257}}
{"target": 623.634217837372, "params": {"d1": 1.08211608657372, "d2": 0.8059413420184662, "i1": 0.9554360426898911, "i2": 0.5916832318584035, "p1": 2.097938130540445, "p2": 0.856546318511879}, "datetime": {"datetime": "2023-11-22 16:39:01", "elapsed": 4451.26696, "delta": 11.804335}}
{"target": 526.5098576630993, "params": {"d1": 1.207082827049224, "d2": 2.2684374859668837, "i1": 0.0, "i2": 0.49374534740239223, "p1": 3.930092785922068, "p2": 1.274280830747233}, "datetime": {"datetime": "2023-11-22 16:39:11", "elapsed": 4461.061936, "delta": 9.794976}}
{"target": 464.2493802258482, "params": {"d1": 4.2571897585292096, "d2": 1.4493575643144487, "i1": 0.0, "i2": 0.0, "p1": 5.0, "p2": 1.1323518086663795}, "datetime": {"datetime": "2023-11-22 16:39:18", "elapsed": 4467.866556, "delta": 6.80462}}
