{"target": 566.8520383613059, "params": {"d1": 2.241142882297014, "d2": 1.4197404119794543, "i1": 0.40919734396039253, "i2": 0.0, "p1": 2.8703535240487748, "p2": 3.4626565548714314}, "datetime": {"datetime": "2023-11-22 16:39:30", "elapsed": 4479.770341, "delta": 11.903785}}
{"target": 495.1633683691557, "params": {"d1": 3.489044108937302, "d2": 2.6341809727888856, "i1": 0.0, "i2": 1.0, "p1": 3.1279189513907717, "p2": 2.7063600474633644}, "datetime": {"datetime": "2023-11-22 16:39:40", "elapsed": 4490.362958, "delta": 10.592617}}
{"target": 654.8069892541557, "params": {"d1": 1.4223112806011349, "d2": 1.5190785294283433, "i1": 1.0, "i2": 0.8088981261775996, "p1": 1.6950391587917262, "p2": 2.6632531227556435}, "datetime": {"datetime": "2023-11-22 16:39:58", "elapsed": 4507.937361, "delta": 17.574403}}
{"target": 583.869976531943, "params": {"d1": 1.272807974284008, "d2": 1.3822590757816262, "i1": 0.5199343993498237, "i2": 1.0, "p1": 0.9530816493971325, "p2": 1.4596920391531418}, "datetime": {"datetime": "2023-11-22 16:40:09", "elapsed": 4518.576365, "delta": 10.639004}}
{"target": 581.4908693069258, "params": {"d1": 1.5973477170888684, "d2": 1.5756342813372068, "i1": 0.5808645982582167, "i2": 1.0, "p1": 2.398190348423141, "p2": 3.5158246011980268}, "datetime": {"datetime": "2023-11-22 16:40:24", "elapsed": 4534.325343, "delta": 15.748978}}
{"target": 499.0054755222281, "params": {"d1": 5.0, "d2": 2.7715877315969077, "i1": 1.0, "i2": 0.0, "p1": 2.6987825690920717, "p2": 1.9339481366838551}, "datetime": {"datetime": "2023-11-22 16:40:33", "elapsed": 4543.29939, "delta": 8.974047}}
{"target": 445.9998498629177, "params": {"d1": 1.5542165751974029, "d2": 3.1695060462461604, "i1": 1.0, "i2": 0.0, "p1": 5.0, "p2": 3.8099231599235384}, "datetime": {"datetime": "2023-11-22 16:40:42", "elapsed": 4552.163051, "delta": 8.863661}}
{"target": 586.5484843872883, "params": {"d1": 1.035020670983077, "d2": 2.2153077890862467, "i1": 1.0, "i2": 0.5676362244952937, "p1": 1.1266202045512084, "p2": 1.8265632816907966}, "datetime": {"datetime": "2023-11-22 16:40:54", "elapsed": 4563.569883, "delta": 11.406832}}
{"target": 616.2540840067667, "params": {"d1": 1.4256184780416548, "d2": 1.5188222058675132, "i1": 1.0, "i2": 1.0, "p1": 1.7857912650997436, "p2": 2.4801860434887133}, "datetime": {"datetime": "2023-11-22 16:41:06", "elapsed": 4576.085412, "delta": 12.515529}}
{"target": 583.8236508451007, "params": {"d1": 1.9615925990614165, "d2": 2.2142911495129143, "i1": 1.0, "i2": 0.2197154077424042, "p1": 1.235551936654659, "p2": 3.306995225975962}, "datetime": {"datetime": "2023-11-22 16:41:16", "elapsed": 4586.172243, "delta": 10.086831}}
{"target": 641.8108084585709, "params": {"d1": 2.0992227271127124, "d2": 1.8211621780752132, "i1": 0.24412270341149203, "i2": 0.665708566525689, "p1": 3.0249883194432616, "p2": 1.3774745874645788}, "datetime": {"datetime": "2023-11-22 16:41:24", "elapsed": 4593.559331, "delta": 7.387088}}
{"target": 518.3249257256335, "params": {"d1": 0.9251982442668939, "d2": 5.0, "i1": 1.0, "i2": 1.0, "p1": 2.487420307922845, "p2": 3.82184786773795}, "datetime": {"datetime": "2023-11-22 16:41:35", "elapsed": 4604.776144, "delta": 11.216813}}
{"target": 575.9999041222653, "params": {"d1": 1.2096204077049697, "d2": 1.722378148864695, "i1": 1.0, "i2": 1.0, "p1": 2.332623956136147, "p2": 4.108295365484397}, "datetime": {"datetime": "2023-11-22 16:41:43", "elapsed": 4612.801098, "delta": 8.024954}}
{"target": 487.86019322558604, "params": {"d1": 3.8429918766203564, "d2": 2.437554097465371, "i1": 1.0, "i2": 0.0, "p1": 1.3341131126359924, "p2": 3.6040025750630367}, "datetime": {"datetime": "2023-11-22 16:41:59", "elapsed": 4629.065349, "delta": 16.264251}}
{"target": 641.4383295614315, "params": {"d1": 2.179823333013246, "d2": 1.4890960009960503, "i1": 1.0, "i2": 0.6140581780652545, "p1": 2.394737865215472, "p2": 2.6443704520135807}, "datetime": {"datetime": "2023-11-22 16:42:09", "elapsed": 4638.862068, "delta": 9.796719}}
{"target": 621.5727882655809, "params": {"d1": 1.1216286315423094, "d2": 1.5763032049355579, "i1": 1.0, "i2": 1.0, "p1": 1.940500117335371, "p2": 2.7780570257628447}, "datetime": {"datetime": "2023-11-22 16:42:23", "elapsed": 4653.272707, "delta": 14.410639}}
{"target": 540.8643673375715, "params": {"d1": 2.355400127878333, "d2": 2.4356289893521708, "i1": 0.0, "i2": 0.7397136224872284, "p1": 3.670477603432813, "p2": 1.6692030360843406}, "datetime": {"datetime": "2023-11-22 16:42:32", "elapsed": 4661.75862, "delta": 8.485913}}
{"target": 455.11579461294497, "params": {"d1": 5.0, "d2": 2.8271342652068876, "i1": 0.0, "i2": 1.0, "p1": 2.6542825475653182, "p2": 1.447571395796216}, "datetime": {"datetime": "2023-11-22 16:42:43", "elapsed": 4673.12829, "delta": 11.36967}}
{"target": 533.4438197634521, "params": {"d1": 5.0, "d2": 1.7314558565700968, "i1": 0.0, "i2": 1.0, "p1": 4.483165875091846, "p2": 2.042236911730735}, "datetime": {"datetime": "2023-11-22 16:42:58", "elapsed": 4687.981249, "delta": 14.852959}}
{"target": 460.363609686093, "params": {"d1": 0.9461038888212078, "d2": 2.4850328095448, "i1": 1.0, "i2": 0.0, "p1": 3.374863567506033, "p2": 3.6578551750692645}, "datetime": {"datetime": "2023-11-22 16:43:11", "elapsed": 4700.710221, "delta": 12.728972}}
{"target": 16.267869759540314, "params": {"d1": 0.0, "d2": 0.0, "i1": 0.0, "i2": 1.0, "p1": 5.0, "p2": 2.599380247562791}, "datetime": {"datetime": "2023-11-22 16:43:26", "elapsed": 4716.363948, "delta": 15.653727}}
{"target": 663.6735000415647, "params": {"d1": 1.4844086265879797, "d2": 1.5719965178956767, "i1": 1.0, "i2": 1.0, "p1": 1.7132314105699262, "p2": 2.873076467942607}, "datetime": {"datetime": "2023-11-22 16:43:33", "elapsed": 4723.485766, "delta": 7.121818}}
{"target": 557.1817902647889, "params": {"d1": 2.597435387732968, "d2": 1.3207180743051925, "i1": 0.39698529619398815, "i2": 0.5459371502915846, "p1": 1.5049831222194143, "p2": 2.002184793151016}, "datetime": {"datetime": "2023-11-22 16:43:40", "elapsed": 4730.261806, "delta": 6.77604}}
{"target": 553.7325504867025, "params": {"d1": 1.416027903564025, "d2": 0.8882496642360199, "i1": 0.8086670795910018, "i2": 0.7456062898564675, "p1": 1.1729278196819597, "p2": 2.4103350887085586}, "datetime": {"datetime": "2023-11-22 16:43:55", "elapsed": 4745.065759, "delta": 14.803953}}
{"target": 573.2314593195817, "params": {"d1": 1.0341169886784198, "d2": 2.091253536324447, "i1": 0.0, "i2": 0.6324105763943445, "p1": 2.052490071729815, "p2": 1.9499352209367933}, "datetime": {"datetime": "2023-11-22 16:44:05", "elapsed": 4755.300607, "delta": 10.234848}}
{"target": 645.3159230879199, "params": {"d1": 1.0518868076545194, "d2": 0.7610067517732975, "i1": 0.5076058022431151, "i2": 0.16204722992729442, "p1": 1.4588068302599186, "p2": 1.3896509480918189}, "datetime": {"datetime": "2023-11-22 16:44:20", "elapsed": 4770.414084, "delta": 15.113477}}
{"target": -36.27740463775412, "params": {"d1": 0.0, "d2": 0.0, "i1": 1.0, "i2": 0.0, "p1": 0.0, "p2": 2.874507422244446}, "datetime": {"datetime": "2023-11-22 16:44:27", "elapsed": 4776.5611, "delta": 6.147016}}
{"target": 321.64012285875634, "params": {"d1": 0.0, "d2": 2.856802029820402, "i1": 0.0, "i2": 0.0, "p1": 5.0, "p2": 2.3342941167321762}, "datetime": {"datetime": "2023-11-22 16:44:35", "elapsed": 4785.47199, "delta": 8.91089}}
{"target": 541.9049595484518, "params": {"d1": 1.9420064356041313, "d2": 2.8341366580912792, "i1": 1.0, "i2": 1.0, "p1": 1.6027799105282339, "p2": 3.3542595135685356}, "datetime": {"datetime": "2023-11-22 16:44:50", "elapsed": 4799.666884, "delta": 14.194894}}
{"target": 521.2889195390899, "params": {"d1": 1.5281388500114919, "d2": 3.486364041658125, "i1": 1.0, "i2": 0.0, "p1": 2.55908780315617, "p2": 1.7433206680618507}, "datetime": {"datetime": "2023-11-22 16:44:58", "elapsed": 4808.288486, "delta": 8.621602}}
{"target": 570.5052865249178, "params": {"d1": 2.176336037950957, "d2": 2.2512268016735355, "i1": 0.0, "i2": 0.5775214720853777, "p1": 3.2580139164516564, "p2": 4.0548705442406465}, "datetime": {"datetime": "2023-11-22 16:45:02", "elapsed": 4812.362302, "delta": 4.073816}}
{"target": 246.69839820208801, "params": {"d1": 2.813027395854369, "d2": 5.0, "i1": 1.0, "i2": 1.0, "p1": 0.0, "p2": 0.0}, "datetime": {"datetime": "2023-11-22 16:45:06", "elapsed": 4816.348705, "delta": 3.986403}}
{"target": 611.0096421603431, "params": {"d1": 1.602663525410062, "d2": 0.8977508375892774, "i1": 1.0, "i2": 0.03865579450539373, "p1": 3.0403586600750976, "p2": 1.3344018080475668}, "datetime": {"datetime": "2023-11-22 16:45:12", "elapsed": 4822.381434, "delta": 6.032729}}
{"target": 511.46614401498636, "params": {"d1": 3.4167006398644837, "d2": 1.4664465997503924, "i1": 1.0, "i2": 1.0, "p1": 2.051979130324335, "p2": 3.6027078297931387}, "datetime": {"datetime": "2023-11-22 16:45:16", "elapsed": 4826.517328, "delta": 4.135894}}
{"target": 494.96119742939203, "params": {"d1": 3.334512122097717, "d2": 2.3375020252011476, "i1": 1.0, "i2": 1.0, "p1": 5.0, "p2": 3.557538230523594}, "datetime": {"datetime": "2023-11-22 16:45:20", "elapsed": 4830.351259, "delta": 3.833931}}
{"target": 622.8875004186496, "params": {"d1": 1.2267626481880298, "d2": 1.5154793922265462, "i1": 1.0, "i2": 0.4422407722831979, "p1": 1.4698623774617916, "p2": 3.679605587574891}, "datetime": {"datetime": "2023-11-22 16:45:29", "elapsed": 4839.280261, "delta": 8.929002}}
{"target": 524.6122737071685, "params": {"d1": 4.317330260592934, "d2": 2.5340093605433216, "i1": 1.0, "i2": 0.0, "p1": 2.8665406151338426, "p2": 3.0735932547900635}, "datetime": {"datetime": "2023-11-22 16:45:35", "elapsed": 4845.056383, "delta": 5.776122}}
{"target": 636.2596131880797, "params": {"d1": 1.5779680103861442, "d2": 1.658879011026772, "i1": 1.0, "i2": 1.0, "p1": 2.2529935818699673, "p2": 2.8422233655248177}, "datetime": {"datetime": "2023-11-22 16:45:41", "elapsed": 4850.930898, "delta": 5.874515}}
{"target": 539.8793319262392, "params": {"d1": 2.175842740549357, "d2": 1.297775860439304, "i1": 1.0, "i2": 0.0, "p1": 3.976418849900839, "p2": 3.6469511572901183}, "datetime": {"datetime": "2023-11-22 16:45:45", "elapsed": 4854.77852, "delta": 3.847622}}
{"target": 508.6354796350931, "params": {"d1": 5.0, "d2": 1.5458910973994135, "i1": 1.0, "i2": 1.0, "p1": 3.1278620329470876, "p2": 3.8006543075479837}, "datetime": {"datetime": "2023-11-22 16:45:51", "elapsed": 4860.864471, "delta": 6.085951}}
{"target": 563.1063997538888, "params": {"d1": 3.6525713153027337, "d2": 0.9995547204231325, "i1": 0.0, "i2": 1.0, "p1": 3.8559344463576855, "p2": 2.061482292967667}, "datetime": {"datetime": "2023-11-22 16:45:57", "elapsed": 4866.543224, "delta": 5.678753}}
{"target": 572.7719909489093, "params": {"d1": 1.5691611041459406, "d2": 2.45606616229091, "i1": 1.0, "i2": 0.5179575768736915, "p1": 2.46624010054827, "p2": 4.331841457090623}, "datetime": {"datetime": "2023-11-22 16:46:03", "elapsed": 4873.134039, "delta": 6.590815}}
{"target": 520.031657725774, "params": {"d1": 2.5867291867736757, "d2": 3.895298650124302, "i1": 0.0, "i2": 0.0, "p1": 2.334889797994083, "p2": 4.093866453118954}, "datetime": {"datetime": "2023-11-22 16:46:07", "elapsed": 4876.773894, "delta": 3.639855}}
{"target": 528.9706354931827, "params": {"d1": 5.0, "d2": 2.0986017377295654, "i1": 1.0, "i2": 1.0, "p1": 5.0, "p2": 1.8723685332904}, "datetime": {"datetime": "2023-11-22 16:46:10", "elapsed": 4880.456488, "delta": 3.682594}}
{"target": 499.00471471572405, "params": {"d1": 2.7420342930899713, "d2": 2.4158385906471733, "i1": 1.0, "i2": 0.0, "p1": 2.959486742643492, "p2": 5.0}, "datetime": {"datetime": "2023-11-22 16:46:15", "elapsed": 4884.581004, "delta": 4.124516}}
{"target": 636.7621063684984, "params": {"d1": 1.909274820023606, "d2": 1.944827085063445, "i1": 0.22253456472597224, "i2": 1.0, "p1": 2.794962994189712, "p2": 1.5835166098510418}, "datetime": {"datetime": "2023-11-22 16:46:22", "elapsed": 4892.492201, "delta": 7.911197}}
{"target": 279.00295202603326, "params": {"d1": 0.0, "d2": 5.0, "i1": 0.0, "i2": 0.0, "p1": 0.0, "p2": 2.8204996804074995}, "datetime": {"datetime": "2023-11-22 16:46:26", "elapsed": 4896.077002, "delta": 3.584801}}
{"target": 650.9225828232708, "params": {"d1": 1.3084153720141418, "d2": 1.450388887468613, "i1": 1.0, "i2": 0.7531158505460834, "p1": 1.486284027635995, "p2": 2.9094061809284555}, "datetime": {"datetime": "2023-11-22 16:46:29", "elapsed": 4899.499806, "delta": 3.422804}}
{"target": 635.9822558456002, "params": {"d1": 1.625814993546088, "d2": 0.9007737097844221, "i1": 1.0, "i2": 0.6646509503176463, "p1": 3.269600507541342, "p2": 1.3210006075610259}, "datetime": {"datetime": "2023-11-22 16:46:38", "elapsed": 4908.111931, "delta": 8.612125}}
{"target": 574.8232306613287, "params": {"d1": 2.394732103872529, "d2": 1.200405838025655, "i1": 0.0, "i2": 0.0, "p1": 2.833027979052918, "p2": 2.138721325865797}, "datetime": {"datetime": "2023-11-22 16:46:50", "elapsed": 4920.160348, "delta": 12.048417}}
{"target": 659.6967428753, "params": {"d1": 0.8605866300015116, "d2": 1.0571060000389763, "i1": 0.38815483709293763, "i2": 0.8103366691951474, "p1": 1.175082761522986, "p2": 1.5722803214019685}, "datetime": {"datetime": "2023-11-22 16:46:57", "elapsed": 4926.782919, "delta": 6.622571}}
{"target": 619.7007061052752, "params": {"d1": 2.3168388154250694, "d2": 1.1353887218668377, "i1": 1.0, "i2": 0.4997840582780674, "p1": 2.0816282469560963, "p2": 2.4666102483465666}, "datetime": {"datetime": "2023-11-22 16:47:01", "elapsed": 4930.666051, "delta": 3.883132}}
{"target": 622.5884187222667, "params": {"d1": 1.2394851640469846, "d2": 2.3413379990030814, "i1": 0.7319192936473774, "i2": 0.0, "p1": 1.1909076523799567, "p2": 2.8488166847116294}, "datetime": {"datetime": "2023-11-22 16:47:09", "elapsed": 4939.258768, "delta": 8.592717}}
{"target": 534.0388503446167, "params": {"d1": 2.1957371622818904, "d2": 5.0, "i1": 1.0, "i2": 1.0, "p1": 3.2850261749263603, "p2": 3.9723059575671043}, "datetime": {"datetime": "2023-11-22 16:47:13", "elapsed": 4943.167451, "delta": 3.908683}}
{"target": 531.0897955965588, "params": {"d1": 2.539658419575467, "d2": 1.672559670292179, "i1": 0.0, "i2": 1.0, "p1": 5.0, "p2": 1.0833521435123572}, "datetime": {"datetime": "2023-11-22 16:47:19", "elapsed": 4948.912986, "delta": 5.745535}}
{"target": 366.7802705737512, "params": {"d1": 1.478149100832748, "d2": 4.117260748911255, "i1": 0.0, "i2": 1.0, "p1": 0.33442809269280405, "p2": 4.671813891189692}, "datetime": {"datetime": "2023-11-22 16:47:24", "elapsed": 4954.199335, "delta": 5.286349}}
{"target": 608.4922517479331, "params": {"d1": 1.5890203008272834, "d2": 2.5951130781874294, "i1": 1.0, "i2": 1.0, "p1": 1.2470765828781103, "p2": 2.1195053502179118}, "datetime": {"datetime": "2023-11-22 16:47:28", "elapsed": 4957.640519, "delta": 3.441184}}
{"target": 542.2510949639211, "params": {"d1": 2.4729331375217543, "d2": 1.705794436803174, "i1": 0.0, "i2": 1.0, "p1": 4.178702389988503, "p2": 3.712591147305549}, "datetime": {"datetime": "2023-11-22 16:47:31", "elapsed": 4961.160281, "delta": 3.519762}}
{"target": 524.5220335996452, "params": {"d1": 5.0, "d2": 2.398676598022541, "i1": 1.0, "i2": 0.0, "p1": 4.584545792024451, "p2": 3.840203090963356}, "datetime": {"datetime": "2023-11-22 16:47:35", "elapsed": 4965.100857, "delta": 3.940576}}
{"target": 556.715268305567, "params": {"d1": 0.6921697556343148, "d2": 4.547396103275249, "i1": 0.3685672627758616, "i2": 1.0, "p1": 1.3799844777723371, "p2": 4.1093174641358825}, "datetime": {"datetime": "2023-11-22 16:47:39", "elapsed": 4969.102336, "delta": 4.001479}}
{"target": 542.0341496462826, "params": {"d1": 0.8376516510253826, "d2": 1.3604887749646404, "i1": 1.0, "i2": 1.0, "p1": 2.2331070830889623, "p2": 1.3051399423219547}, "datetime": {"datetime": "2023-11-22 16:47:48", "elapsed": 4978.483458, "delta": 9.381122}}
{"target": 533.3547902813311, "params": {"d1": 4.295242810668593, "d2": 1.5087060909685266, "i1": 0.0, "i2": 1.0, "p1": 2.872876657947917, "p2": 1.7753212116995976}, "datetime": {"datetime": "2023-11-22 16:47:56", "elapsed": 4986.127495, "delta": 7.644037}}
{"target": 644.2162753262894, "params": {"d1": 1.3859064311051403, "d2": 1.0814267263447441, "i1": 1.0, "i2": 0.12465859602592422, "p1": 2.2793737387337822, "p2": 1.317716590143518}, "datetime": {"datetime": "2023-11-22 16:48:02", "elapsed": 4991.979509, "delta": 5.852014}}
{"target": 565.0907523405181, "params": {"d1": 1.910969184654208, "d2": 2.6469832997646234, "i1": 1.0, "i2": 0.4854231542975389, "p1": 3.2374439151644263, "p2": 2.8904047320189057}, "datetime": {"datetime": "2023-11-22 16:48:06", "elapsed": 4995.624636, "delta": 3.645127}}
{"target": 632.9363020884252, "params": {"d1": 1.4441777645736298, "d2": 1.5268569152076854, "i1": 0.23310611490902708, "i2": 1.0, "p1": 3.0222547066483565, "p2": 2.351368366519708}, "datetime": {"datetime": "2023-11-22 16:48:13", "elapsed": 5002.603611, "delta": 6.978975}}
{"target": 568.0667887136573, "params": {"d1": 1.0190019558518513, "d2": 4.2043284177362406, "i1": 1.0, "i2": 1.0, "p1": 1.4747645470404107, "p2": 3.392599048809372}, "datetime": {"datetime": "2023-11-22 16:48:21", "elapsed": 5010.952362, "delta": 8.348751}}
{"target": 542.0688221030067, "params": {"d1": 4.265647415146546, "d2": 1.520047970181795, "i1": 0.5121400231392448, "i2": 0.0, "p1": 3.9922777958801334, "p2": 2.763476327610807}, "datetime": {"datetime": "2023-11-22 16:48:29", "elapsed": 5018.85657, "delta": 7.904208}}
{"target": 441.72576929225664, "params": {"d1": 5.0, "d2": 5.0, "i1": 0.0, "i2": 0.0, "p1": 5.0, "p2": 2.162826098396738}, "datetime": {"datetime": "2023-11-22 16:48:37", "elapsed": 5027.152858, "delta": 8.296288}}
{"target": 572.7237503427081, "params": {"d1": 1.7895268931852792, "d2": 1.9934138677886741, "i1": 0.0, "i2": 0.5495782923642349, "p1": 2.937185680095681, "p2": 1.495386126323748}, "datetime": {"datetime": "2023-11-22 16:48:42", "elapsed": 5032.404705, "delta": 5.251847}}
{"target": 546.3612638157963, "params": {"d1": 1.5654312143419162, "d2": 3.369019130536818, "i1": 0.0, "i2": 1.0, "p1": 2.380973526832181, "p2": 5.0}, "datetime": {"datetime": "2023-11-22 16:48:48", "elapsed": 5038.467201, "delta": 6.062496}}
{"target": 554.1725275985968, "params": {"d1": 2.4677684863043927, "d2": 1.9839642345821258, "i1": 0.34129868114190004, "i2": 0.7254324946399178, "p1": 3.7847504952548228, "p2": 2.7057862527666887}, "datetime": {"datetime": "2023-11-22 16:48:52", "elapsed": 5041.877325, "delta": 3.410124}}
{"target": 616.6886402067271, "params": {"d1": 1.0162379576875025, "d2": 0.6432523460987429, "i1": 0.7055954169275105, "i2": 0.3786855485971643, "p1": 1.6921840564350032, "p2": 0.9133090203415768}, "datetime": {"datetime": "2023-11-22 16:48:58", "elapsed": 5048.513691, "delta": 6.636366}}
{"target": 521.7556707329899, "params": {"d1": 1.5105378893032289, "d2": 2.102557717188849, "i1": 0.0, "i2": 1.0, "p1": 3.1387961053218625, "p2": 5.0}, "datetime": {"datetime": "2023-11-22 16:49:02", "elapsed": 5052.117045, "delta": 3.603354}}
{"target": 509.8265505078943, "params": {"d1": 3.781409396515277, "d2": 2.6928065453988994, "i1": 0.0, "i2": 0.0, "p1": 5.0, "p2": 2.5294190496161457}, "datetime": {"datetime": "2023-11-22 16:49:06", "elapsed": 5056.32334, "delta": 4.206295}}
{"target": 544.6104729879287, "params": {"d1": 2.358222329260462, "d2": 2.515191361809441, "i1": 0.0, "i2": 0.0, "p1": 2.1741335425401926, "p2": 2.70983979175568}, "datetime": {"datetime": "2023-11-22 16:49:17", "elapsed": 5066.929582, "delta": 10.606242}}
{"target": 491.93258271993227, "params": {"d1": 0.8285868576414466, "d2": 3.838494962931844, "i1": 1.0, "i2": 0.0, "p1": 1.7978097728565994, "p2": 3.4991057831287486}, "datetime": {"datetime": "2023-11-22 16:49:25", "elapsed": 5074.5867, "delta": 7.657118}}
{"target": 650.0311029755575, "params": {"d1": 1.0691339195370437, "d2": 1.3394264911358227, "i1": 1.0, "i2": 0.8574270611021663, "p1": 1.8127385018508142, "p2": 1.8511263672625546}, "datetime": {"datetime": "2023-11-22 16:49:29", "elapsed": 5078.793428, "delta": 4.206728}}
{"target": 581.8730499278167, "params": {"d1": 1.6226687709433487, "d2": 1.3512700776020725, "i1": 0.32928710697029223, "i2": 0.0, "p1": 3.6010271873810105, "p2": 3.035416060474224}, "datetime": {"datetime": "2023-11-22 16:49:38", "elapsed": 5088.450321, "delta": 9.656893}}
{"target": 628.7052432736566, "params": {"d1": 1.0554910461282474, "d2": 1.922766008033277, "i1": 0.503016606803758, "i2": 1.0, "p1": 2.0307028578371495, "p2": 2.329138833505642}, "datetime": {"datetime": "2023-11-22 16:49:45", "elapsed": 5095.485597, "delta": 7.035276}}
{"target": 607.5525699889818, "params": {"d1": 2.308955071401064, "d2": 1.5342432942686752, "i1": 0.3880432836950308, "i2": 1.0, "p1": 2.9582677810982982, "p2": 1.4647957936988185}, "datetime": {"datetime": "2023-11-22 16:49:52", "elapsed": 5102.053255, "delta": 6.567658}}
{"target": 500.561643747712, "params": {"d1": 2.308857522305331, "d2": 4.164101074848645, "i1": 1.0, "i2": 0.0, "p1": 1.6992565362412302, "p2": 2.540646694769536}, "datetime": {"datetime": "2023-11-22 16:49:58", "elapsed": 5107.778394, "delta": 5.725139}}
{"target": 476.64918998783025, "params": {"d1": 3.994396813676637, "d2": 3.4948142432112035, "i1": 0.0, "i2": 1.0, "p1": 5.0, "p2": 1.5585421730797668}, "datetime": {"datetime": "2023-11-22 16:50:02", "elapsed": 5111.704716, "delta": 3.926322}}
{"target": 566.887267033827, "params": {"d1": 3.5527698232369316, "d2": 1.0674071977627881, "i1": 0.4846587196615166, "i2": 1.0, "p1": 1.9929104556184631, "p2": 1.6610693010346416}, "datetime": {"datetime": "2023-11-22 16:50:06", "elapsed": 5115.760445, "delta": 4.055729}}
{"target": 502.1211089713437, "params": {"d1": 3.7187324781696645, "d2": 2.004276432257559, "i1": 0.0, "i2": 0.0, "p1": 3.4583920188037687, "p2": 1.7411356863144958}, "datetime": {"datetime": "2023-11-22 16:50:10", "elapsed": 5120.05058, "delta": 4.290135}}
