{"target": 559.4089492240846, "params": {"d1": 1.1587555046341003, "d2": 2.152860972136679, "i1": 0.0, "i2": 0.0, "p1": 1.6496801097034823, "p2": 2.791574215589173}, "datetime": {"datetime": "2023-11-22 16:50:18", "elapsed": 5128.41896, "delta": 8.36838}}
{"target": 421.76452482232077, "params": {"d1": 3.6128602982327145, "d2": 5.0, "i1": 0.0, "i2": 0.0, "p1": 1.5316956029268745, "p2": 5.0}, "datetime": {"datetime": "2023-11-22 16:50:27", "elapsed": 5136.620817, "delta": 8.201857}}
{"target": 624.8267831577065, "params": {"d1": 2.008997453092071, "d2": 1.2034866318094417, "i1": 0.08630604694020493, "i2": 0.4172518324632583, "p1": 3.0407011027985713, "p2": 1.453446118849706}, "datetime": {"datetime": "2023-11-22 16:50:32", "elapsed": 5142.012048, "delta": 5.391231}}
{"target": 514.2147328324189, "params": {"d1": 1.4250493580792671, "d2": 2.775712597741138, "i1": 0.0, "i2": 1.0, "p1": 4.012077419846238, "p2": 3.7013218678005333}, "datetime": {"datetime": "2023-11-22 16:50:38", "elapsed": 5147.635529, "delta": 5.623481}}
{"target": 555.957759714066, "params": {"d1": 1.766011250313048, "d2": 2.7728939352289035, "i1": 0.5188914762240888, "i2": 0.0, "p1": 3.79381000062688, "p2": 2.006640474469324}, "datetime": {"datetime": "2023-11-22 16:50:43", "elapsed": 5152.85961, "delta": 5.224081}}
{"target": 493.25688620206415, "params": {"d1": 5.0, "d2": 5.0, "i1": 0.0, "i2": 0.0, "p1": 5.0, "p2": 5.0}, "datetime": {"datetime": "2023-11-22 16:50:47", "elapsed": 5157.039807, "delta": 4.180197}}
{"target": 480.1281094217556, "params": {"d1": 5.0, "d2": 3.4798785581801677, "i1": 0.0, "i2": 1.0, "p1": 3.933350094887702, "p2": 3.85969492420293}, "datetime": {"datetime": "2023-11-22 16:50:51", "elapsed": 5160.976001, "delta": 3.936194}}
{"target": 592.8050474949074, "params": {"d1": 1.2997387123915611, "d2": 1.9624387532877527, "i1": 0.3112563282040041, "i2": 1.0, "p1": 2.368739012793629, "p2": 1.5040643784530627}, "datetime": {"datetime": "2023-11-22 16:50:55", "elapsed": 5164.851552, "delta": 3.875551}}
{"target": 455.44495295385354, "params": {"d1": 5.0, "d2": 5.0, "i1": 1.0, "i2": 0.0, "p1": 2.143396106012823, "p2": 3.9877885446534846}, "datetime": {"datetime": "2023-11-22 16:51:00", "elapsed": 5170.157773, "delta": 5.306221}}
{"target": 516.7854697933977, "params": {"d1": 0.7855079502032885, "d2": 2.25579881634434, "i1": 0.0, "i2": 1.0, "p1": 1.9388965189631786, "p2": 3.822599479372844}, "datetime": {"datetime": "2023-11-22 16:51:10", "elapsed": 5179.790591, "delta": 9.632818}}
{"target": 650.3194451902145, "params": {"d1": 1.9864330443033962, "d2": 1.436624779307768, "i1": 0.6734378941536426, "i2": 0.46951339904905226, "p1": 2.8553467632003504, "p2": 2.795675990938361}, "datetime": {"datetime": "2023-11-22 16:51:14", "elapsed": 5183.82517, "delta": 4.034579}}
{"target": 570.30123919263, "params": {"d1": 1.6360953188633762, "d2": 2.9407108561242645, "i1": 0.48186582967408864, "i2": 1.0, "p1": 2.894720069118192, "p2": 1.7008548932513574}, "datetime": {"datetime": "2023-11-22 16:51:18", "elapsed": 5188.037726, "delta": 4.212556}}
{"target": 653.6033490539388, "params": {"d1": 1.5011151977864703, "d2": 1.1616577533916035, "i1": 1.0, "i2": 1.0, "p1": 1.9102178417899816, "p2": 1.7982502554468294}, "datetime": {"datetime": "2023-11-22 16:51:24", "elapsed": 5193.750862, "delta": 5.713136}}
{"target": 367.7843476568307, "params": {"d1": 1.8724533894282713, "d2": 2.5868155287238017, "i1": 1.0, "i2": 0.0, "p1": 3.420180638651847, "p2": 0.0}, "datetime": {"datetime": "2023-11-22 16:51:34", "elapsed": 5204.429113, "delta": 10.678251}}
{"target": 509.67018633501334, "params": {"d1": 1.545406538096602, "d2": 5.0, "i1": 0.0, "i2": 1.0, "p1": 2.8676329767764943, "p2": 2.1313946577250493}, "datetime": {"datetime": "2023-11-22 16:51:43", "elapsed": 5213.145647, "delta": 8.716534}}
{"target": 529.7571203942803, "params": {"d1": 2.573035319088057, "d2": 0.9765341172868437, "i1": 0.0, "i2": 0.0, "p1": 4.1174878533858825, "p2": 2.394513296422364}, "datetime": {"datetime": "2023-11-22 16:51:49", "elapsed": 5218.738375, "delta": 5.592728}}
{"target": 585.620344881997, "params": {"d1": 2.326654453761839, "d2": 1.600774804163597, "i1": 0.4845452971531759, "i2": 0.4513517076312156, "p1": 2.9042204369932394, "p2": 2.8203630705747607}, "datetime": {"datetime": "2023-11-22 16:52:00", "elapsed": 5230.189391, "delta": 11.451016}}
{"target": 583.0420343039024, "params": {"d1": 1.930824960250792, "d2": 1.8905694281345997, "i1": 0.4503121564404499, "i2": 0.396904913434082, "p1": 3.7593168369385235, "p2": 3.9240076732751685}, "datetime": {"datetime": "2023-11-22 16:52:07", "elapsed": 5236.577687, "delta": 6.388296}}
{"target": 561.3786351569084, "params": {"d1": 2.0209971606556487, "d2": 2.295020836914366, "i1": 0.44166303000117285, "i2": 0.0, "p1": 1.9781176461962842, "p2": 2.0466972724448675}, "datetime": {"datetime": "2023-11-22 16:52:13", "elapsed": 5243.253905, "delta": 6.676218}}
{"target": 520.7314523009998, "params": {"d1": 2.5706099252621986, "d2": 2.947827497326137, "i1": 1.0, "i2": 0.0, "p1": 1.5880242216356821, "p2": 5.0}, "datetime": {"datetime": "2023-11-22 16:52:17", "elapsed": 5247.247539, "delta": 3.993634}}
