{"target": 638.9141271513113, "params": {"d1": 1.441575980658354, "d2": 1.6361031382327977, "i1": 0.48521161854145434, "i2": 1.0, "p1": 1.3912559326474914, "p2": 1.9141354055827648}, "datetime": {"datetime": "2023-11-22 15:25:35", "elapsed": 45.063535, "delta": 0.988806}}
{"target": 653.404620006075, "params": {"d1": 1.0143150491127884, "d2": 1.6987600402177285, "i1": 1.0, "i2": 1.0, "p1": 1.625480612819229, "p2": 1.9312523259914927}, "datetime": {"datetime": "2023-11-22 15:25:36", "elapsed": 46.11583, "delta": 1.052295}}
{"target": 609.5137915299885, "params": {"d1": 1.3269684758334748, "d2": 2.1585687036217207, "i1": 0.8056083529022224, "i2": 0.5883315667652783, "p1": 1.6174569193907835, "p2": 1.820768589170448}, "datetime": {"datetime": "2023-11-22 15:25:37", "elapsed": 47.384123, "delta": 1.268293}}
{"target": 605.2333416050041, "params": {"d1": 1.1544608948982407, "d2": 1.495249757244522, "i1": 0.899491893947087, "i2": 0.6725150897830161, "p1": 1.2988837265149553, "p2": 2.361635177019602}, "datetime": {"datetime": "2023-11-22 15:25:38", "elapsed": 48.437503, "delta": 1.05338}}
{"target": 647.4196125176937, "params": {"d1": 1.1004080321371585, "d2": 2.2082839242512846, "i1": 0.7106511264621023, "i2": 1.0, "p1": 1.4605558819821567, "p2": 2.430574950259745}, "datetime": {"datetime": "2023-11-22 15:25:39", "elapsed": 49.476412, "delta": 1.038909}}
{"target": 567.8798802439474, "params": {"d1": 1.3311688477989647, "d2": 2.336831826489222, "i1": 0.0426704733931409, "i2": 1.0, "p1": 1.1672437490758736, "p2": 2.16009991787507}, "datetime": {"datetime": "2023-11-22 15:25:41", "elapsed": 50.823367, "delta": 1.346955}}
{"target": 627.3380670284399, "params": {"d1": 1.6899057620846436, "d2": 1.9803708300773921, "i1": 1.0, "i2": 1.0, "p1": 1.8311649938742467, "p2": 2.4116155922637685}, "datetime": {"datetime": "2023-11-22 15:25:42", "elapsed": 52.042411, "delta": 1.219044}}
{"target": 566.6958468557191, "params": {"d1": 1.971048051983676, "d2": 2.361868745821862, "i1": 0.7118578510935198, "i2": 0.566438029948195, "p1": 1.0599941221216085, "p2": 2.6232572860016203}, "datetime": {"datetime": "2023-11-22 15:25:43", "elapsed": 53.000063, "delta": 0.957652}}
{"target": 640.6891154796554, "params": {"d1": 1.431652595606227, "d2": 2.3923120007984333, "i1": 1.0, "i2": 1.0, "p1": 1.708049994883281, "p2": 3.1532445058522494}, "datetime": {"datetime": "2023-11-22 15:25:44", "elapsed": 54.435069, "delta": 1.435006}}
{"target": 564.4558736629958, "params": {"d1": 1.518058323559329, "d2": 2.868282312121748, "i1": 1.0, "i2": 1.0, "p1": 1.7614014743220812, "p2": 2.513251879625542}, "datetime": {"datetime": "2023-11-22 15:25:45", "elapsed": 55.493281, "delta": 1.058212}}
{"target": 606.8180151127661, "params": {"d1": 1.3939290775733304, "d2": 2.2697467329361216, "i1": 0.29283563354991915, "i2": 0.8913807249648584, "p1": 1.6727899502844101, "p2": 3.121199534316881}, "datetime": {"datetime": "2023-11-22 15:25:47", "elapsed": 56.868908, "delta": 1.375627}}
{"target": 661.2498190677414, "params": {"d1": 1.318216624844264, "d2": 2.3571197964130395, "i1": 0.6893662099016687, "i2": 0.10944446215998749, "p1": 1.5039468831047342, "p2": 2.8330611071930827}, "datetime": {"datetime": "2023-11-22 15:25:48", "elapsed": 58.121917, "delta": 1.253009}}
{"target": 586.0436167061762, "params": {"d1": 1.2132643482943246, "d2": 2.963463237797961, "i1": 0.7753583926335058, "i2": 0.1438409827530378, "p1": 1.8166734867873564, "p2": 3.0376991662244968}, "datetime": {"datetime": "2023-11-22 15:25:49", "elapsed": 59.198487, "delta": 1.07657}}
{"target": 552.3109820882066, "params": {"d1": 0.8250674794544821, "d2": 2.178500928723049, "i1": 1.0, "i2": 0.4790487469974877, "p1": 1.527463958243733, "p2": 3.0290665722400045}, "datetime": {"datetime": "2023-11-22 15:25:51", "elapsed": 60.580696, "delta": 1.382209}}
{"target": 627.9580417805006, "params": {"d1": 1.6134999443187175, "d2": 2.3559810746635823, "i1": 0.6213796026422862, "i2": 0.08654335764448784, "p1": 2.2631386899928208, "p2": 2.9730959246162407}, "datetime": {"datetime": "2023-11-22 15:25:52", "elapsed": 61.534922, "delta": 0.954226}}
{"target": 615.51625735965, "params": {"d1": 2.007491400913011, "d2": 2.2454158826116313, "i1": 0.14996588187293813, "i2": 0.3825816991246288, "p1": 1.8996637521305955, "p2": 2.4774070551316347}, "datetime": {"datetime": "2023-11-22 15:25:53", "elapsed": 62.625062, "delta": 1.09014}}
{"target": 643.0852420227328, "params": {"d1": 1.909106887972881, "d2": 2.147891814753375, "i1": 1.0, "i2": 0.2433567732734222, "p1": 1.7174216598386507, "p2": 3.2153079146670183}, "datetime": {"datetime": "2023-11-22 15:25:54", "elapsed": 64.263099, "delta": 1.638037}}
{"target": 595.088522102296, "params": {"d1": 1.7938178514375578, "d2": 2.4181444523880105, "i1": 0.1964643322128713, "i2": 0.0, "p1": 1.5987209727011107, "p2": 3.3091420224146857}, "datetime": {"datetime": "2023-11-22 15:25:55", "elapsed": 65.322782, "delta": 1.059683}}
{"target": 613.7897895614182, "params": {"d1": 2.0630144908270323, "d2": 2.263463298046408, "i1": 0.8017722057633723, "i2": 0.9797511172265467, "p1": 2.18889124585122, "p2": 3.0016220390858472}, "datetime": {"datetime": "2023-11-22 15:25:56", "elapsed": 66.421965, "delta": 1.099183}}
{"target": 615.4774521133721, "params": {"d1": 1.7505497804856551, "d2": 2.0302829542906946, "i1": 0.8690365148835836, "i2": 0.018876167895922946, "p1": 2.025589924616897, "p2": 2.4950900871834323}, "datetime": {"datetime": "2023-11-22 15:25:57", "elapsed": 67.474434, "delta": 1.052469}}
{"target": 538.6304756251898, "params": {"d1": 1.15170498137808, "d2": 4.66695984256572, "i1": 0.0, "i2": 0.4595652251192456, "p1": 1.7762226406321981, "p2": 4.3979511349875775}, "datetime": {"datetime": "2023-11-22 15:25:59", "elapsed": 68.765119, "delta": 1.290685}}
{"target": 571.1349201769207, "params": {"d1": 1.8313752374151542, "d2": 2.7513288534374576, "i1": 0.9868314377381663, "i2": 0.4584459911332672, "p1": 2.097990352859378, "p2": 3.7470511618114957}, "datetime": {"datetime": "2023-11-22 15:26:00", "elapsed": 70.203831, "delta": 1.438712}}
{"target": 536.7601768100485, "params": {"d1": 1.6585817771606577, "d2": 5.0, "i1": 1.0, "i2": 0.0, "p1": 2.525123033383825, "p2": 3.6908604143377115}, "datetime": {"datetime": "2023-11-22 15:26:01", "elapsed": 71.27714, "delta": 1.073309}}
{"target": 543.9571813687252, "params": {"d1": 1.5818455398926223, "d2": 3.716102876788037, "i1": 0.0, "i2": 0.0, "p1": 2.828483574025694, "p2": 3.827210119620925}, "datetime": {"datetime": "2023-11-22 15:26:02", "elapsed": 72.387908, "delta": 1.110768}}
{"target": 635.7026157870814, "params": {"d1": 1.3292080809053903, "d2": 1.9019569978544641, "i1": 0.36206008361835373, "i2": 0.10582773301444615, "p1": 1.816462571535884, "p2": 2.9061615718828566}, "datetime": {"datetime": "2023-11-22 15:26:04", "elapsed": 73.538073, "delta": 1.150165}}
{"target": 535.0029020680986, "params": {"d1": 1.5801074813067668, "d2": 2.9757533246368206, "i1": 0.06005833155089735, "i2": 0.015767952296067422, "p1": 1.4161946373771412, "p2": 2.3992763194185467}, "datetime": {"datetime": "2023-11-22 15:26:05", "elapsed": 74.671746, "delta": 1.133673}}
{"target": 556.4613774876979, "params": {"d1": 2.5300373708565775, "d2": 1.3611710890794793, "i1": 0.5309243185134382, "i2": 0.9683489549174338, "p1": 1.7683810338738026, "p2": 3.2585436316077345}, "datetime": {"datetime": "2023-11-22 15:26:07", "elapsed": 76.559456, "delta": 1.88771}}
{"target": 575.3217414584662, "params": {"d1": 2.3838633936002775, "d2": 1.8022284651730403, "i1": 0.3385728749532584, "i2": 0.0, "p1": 2.268935448155119, "p2": 3.064042896067557}, "datetime": {"datetime": "2023-11-22 15:26:08", "elapsed": 77.810567, "delta": 1.251111}}
{"target": 440.7501902711545, "params": {"d1": 0.5269210961315441, "d2": 5.0, "i1": 0.0, "i2": 0.0, "p1": 0.7122564056025681, "p2": 5.0}, "datetime": {"datetime": "2023-11-22 15:26:09", "elapsed": 78.813763, "delta": 1.003196}}
{"target": 534.3372629437177, "params": {"d1": 2.019399859735561, "d2": 4.931121348815863, "i1": 0.0, "i2": 1.0, "p1": 2.9343710161785896, "p2": 4.034441685669876}, "datetime": {"datetime": "2023-11-22 15:26:10", "elapsed": 79.775438, "delta": 0.961675}}
{"target": 597.4992539557461, "params": {"d1": 1.8552799630560757, "d2": 1.875287356634872, "i1": 0.985856436062973, "i2": 0.8373835986438021, "p1": 2.1852358757525945, "p2": 3.859557073407699}, "datetime": {"datetime": "2023-11-22 15:26:11", "elapsed": 80.879385, "delta": 1.103947}}
{"target": 554.9865162027912, "params": {"d1": 1.2826526348976794, "d2": 3.8083120428736024, "i1": 1.0, "i2": 1.0, "p1": 2.627695647637015, "p2": 4.777623049071976}, "datetime": {"datetime": "2023-11-22 15:26:12", "elapsed": 82.195505, "delta": 1.31612}}
{"target": 476.0735713901489, "params": {"d1": 1.0854724080155433, "d2": 4.41282823147896, "i1": 0.7753411352798953, "i2": 0.08285913592090426, "p1": 3.6626836481149003, "p2": 5.0}, "datetime": {"datetime": "2023-11-22 15:26:14", "elapsed": 83.555475, "delta": 1.35997}}
{"target": 550.2949061282006, "params": {"d1": 1.5232267523585024, "d2": 2.697440707588776, "i1": 0.009800785365755571, "i2": 0.9921725590373583, "p1": 2.639371062732354, "p2": 4.33323220362332}, "datetime": {"datetime": "2023-11-22 15:26:15", "elapsed": 84.729329, "delta": 1.173854}}
{"target": 514.2951509353351, "params": {"d1": 2.09735618379626, "d2": 2.35392170795727, "i1": 0.245288954150368, "i2": 0.22946556015217667, "p1": 1.9758757831778806, "p2": 0.8060779944261565}, "datetime": {"datetime": "2023-11-22 15:26:16", "elapsed": 85.756548, "delta": 1.027219}}
{"target": 580.5634281136203, "params": {"d1": 1.2494285035089214, "d2": 2.1892382274288775, "i1": 0.9581124244833141, "i2": 0.2072430143030327, "p1": 1.9386414665887912, "p2": 4.745043177578358}, "datetime": {"datetime": "2023-11-22 15:26:17", "elapsed": 87.053792, "delta": 1.297244}}
{"target": 551.2165074350684, "params": {"d1": 1.559534824725114, "d2": 3.0915264688149167, "i1": 0.7520762342888286, "i2": 0.7671757542205379, "p1": 1.3730300839296512, "p2": 4.9332112553318375}, "datetime": {"datetime": "2023-11-22 15:26:18", "elapsed": 88.208853, "delta": 1.155061}}
{"target": 532.5768400447449, "params": {"d1": 0.885330880480232, "d2": 2.913229779903958, "i1": 0.0, "i2": 0.0, "p1": 2.059977401107985, "p2": 5.0}, "datetime": {"datetime": "2023-11-22 15:26:19", "elapsed": 89.306996, "delta": 1.098143}}
{"target": 607.3676837066361, "params": {"d1": 1.438234275966419, "d2": 2.3525955557072598, "i1": 0.7571095563094127, "i2": 0.5645413929661666, "p1": 1.888631441882641, "p2": 2.5916004904860857}, "datetime": {"datetime": "2023-11-22 15:26:21", "elapsed": 90.766682, "delta": 1.459686}}
{"target": 514.0655701150506, "params": {"d1": 1.09875852348756, "d2": 1.5365044091772502, "i1": 0.7492028953763876, "i2": 0.921152342355487, "p1": 1.7700492876102718, "p2": 4.765291131667363}, "datetime": {"datetime": "2023-11-22 15:26:22", "elapsed": 92.170649, "delta": 1.403967}}
{"target": 618.038358800383, "params": {"d1": 1.4226102232642472, "d2": 2.1058973743742366, "i1": 0.8794130118292172, "i2": 0.23459966316274972, "p1": 1.343422831739776, "p2": 3.6915636243436922}, "datetime": {"datetime": "2023-11-22 15:26:23", "elapsed": 93.416136, "delta": 1.245487}}
{"target": 519.295367775147, "params": {"d1": 4.384902553324485, "d2": 3.376362521302292, "i1": 0.1762685124321639, "i2": 0.14232229341941283, "p1": 4.896371884846284, "p2": 2.449037802910723}, "datetime": {"datetime": "2023-11-22 15:26:25", "elapsed": 94.553581, "delta": 1.137445}}
{"target": 601.3961222059745, "params": {"d1": 1.106432938756809, "d2": 2.1747274459704817, "i1": 0.5196474975124171, "i2": 0.04151696992074927, "p1": 1.0453614564004232, "p2": 2.173776680219671}, "datetime": {"datetime": "2023-11-22 15:26:26", "elapsed": 95.719666, "delta": 1.166085}}
{"target": 332.0815502814844, "params": {"d1": 0.5095683660123422, "d2": 5.0, "i1": 0.0, "i2": 1.0, "p1": 0.6727183191865047, "p2": 0.0}, "datetime": {"datetime": "2023-11-22 15:26:27", "elapsed": 96.844822, "delta": 1.125156}}
{"target": 248.00483440709394, "params": {"d1": 5.0, "d2": 0.0, "i1": 0.0, "i2": 1.0, "p1": 5.0, "p2": 5.0}, "datetime": {"datetime": "2023-11-22 15:26:28", "elapsed": 97.901973, "delta": 1.057151}}
{"target": 500.8468839914164, "params": {"d1": 1.951382078877243, "d2": 2.1812069822519717, "i1": 1.0, "i2": 0.0, "p1": 1.0076966999691268, "p2": 4.661279583180199}, "datetime": {"datetime": "2023-11-22 15:26:29", "elapsed": 99.136857, "delta": 1.234884}}
{"target": 605.3292639213515, "params": {"d1": 2.554203959994176, "d2": 2.1440912641171646, "i1": 0.1336346909993552, "i2": 0.8776601763641825, "p1": 2.948655749989318, "p2": 2.712396230309262}, "datetime": {"datetime": "2023-11-22 15:26:31", "elapsed": 100.570434, "delta": 1.433577}}
{"target": 548.2094780775722, "params": {"d1": 2.6474015900726258, "d2": 2.9441629972111256, "i1": 0.019647134952235357, "i2": 0.11442807687823797, "p1": 3.6382073662903816, "p2": 2.7342736732423805}, "datetime": {"datetime": "2023-11-22 15:26:32", "elapsed": 101.859251, "delta": 1.288817}}
{"target": 565.150565159521, "params": {"d1": 2.33755460562631, "d2": 2.2999318562926003, "i1": 0.8915783073055585, "i2": 0.4794178352247088, "p1": 3.5288658131341037, "p2": 3.4512085424169747}, "datetime": {"datetime": "2023-11-22 15:26:33", "elapsed": 103.368669, "delta": 1.509418}}
{"target": 539.3559643270527, "params": {"d1": 3.074516260020404, "d2": 2.1352524386607588, "i1": 0.0, "i2": 1.0, "p1": 3.741082087862644, "p2": 3.3040399107834637}, "datetime": {"datetime": "2023-11-22 15:26:34", "elapsed": 104.394336, "delta": 1.025667}}
{"target": 553.2993676915197, "params": {"d1": 2.6526485347532933, "d2": 1.6829937889131144, "i1": 1.0, "i2": 1.0, "p1": 2.8717111250231877, "p2": 2.754150300855624}, "datetime": {"datetime": "2023-11-22 15:26:36", "elapsed": 105.765234, "delta": 1.370898}}
{"target": 585.6409190039323, "params": {"d1": 1.9572029315963708, "d2": 2.1372440264858175, "i1": 1.0, "i2": 1.0, "p1": 1.3027313058688614, "p2": 3.563892843713682}, "datetime": {"datetime": "2023-11-22 15:26:37", "elapsed": 107.026202, "delta": 1.260968}}
{"target": 585.9487153723137, "params": {"d1": 2.7890165613820943, "d2": 1.8316663456600952, "i1": 0.0, "i2": 1.0, "p1": 1.980603328229022, "p2": 2.240769603315839}, "datetime": {"datetime": "2023-11-22 15:26:38", "elapsed": 108.041757, "delta": 1.015555}}
{"target": 486.4019332910203, "params": {"d1": 2.792837826188175, "d2": 3.3119724383844416, "i1": 0.952017251537419, "i2": 0.6107026989043121, "p1": 4.99163206197702, "p2": 3.8063338080459936}, "datetime": {"datetime": "2023-11-22 15:26:39", "elapsed": 109.045772, "delta": 1.004015}}
{"target": 489.11775358057406, "params": {"d1": 3.8524489673395443, "d2": 1.0446605420846353, "i1": 0.0, "i2": 1.0, "p1": 1.6941413293700955, "p2": 2.464480098883601}, "datetime": {"datetime": "2023-11-22 15:26:40", "elapsed": 110.152372, "delta": 1.1066}}
{"target": 601.8768761746413, "params": {"d1": 1.656967709952854, "d2": 1.8181117658636625, "i1": 0.788499665926492, "i2": 0.0, "p1": 1.2856448714758681, "p2": 2.8876215427691374}, "datetime": {"datetime": "2023-11-22 15:26:41", "elapsed": 111.235884, "delta": 1.083512}}
{"target": 133.64879171969352, "params": {"d1": 5.0, "d2": 0.0, "i1": 1.0, "i2": 1.0, "p1": 0.0, "p2": 5.0}, "datetime": {"datetime": "2023-11-22 15:26:42", "elapsed": 112.256046, "delta": 1.020162}}
{"target": 114.5027179104231, "params": {"d1": 0.0, "d2": 5.0, "i1": 0.0, "i2": 0.0, "p1": 5.0, "p2": 0.0}, "datetime": {"datetime": "2023-11-22 15:26:44", "elapsed": 113.526441, "delta": 1.270395}}
{"target": 486.0027223873123, "params": {"d1": 5.0, "d2": 5.0, "i1": 1.0, "i2": 0.0, "p1": 5.0, "p2": 5.0}, "datetime": {"datetime": "2023-11-22 15:26:45", "elapsed": 114.63136, "delta": 1.104919}}
{"target": 6.238161766918939, "params": {"d1": 0.0, "d2": 0.0, "i1": 1.0, "i2": 1.0, "p1": 5.0, "p2": 5.0}, "datetime": {"datetime": "2023-11-22 15:26:46", "elapsed": 115.816319, "delta": 1.184959}}
{"target": 493.13012665092504, "params": {"d1": 2.813052667724688, "d2": 5.0, "i1": 0.0, "i2": 0.0, "p1": 5.0, "p2": 5.0}, "datetime": {"datetime": "2023-11-22 15:26:47", "elapsed": 117.043127, "delta": 1.226808}}
{"target": 334.0587105064715, "params": {"d1": 0.6209434945528525, "d2": 4.696183584308407, "i1": 0.005623876731263633, "i2": 0.9451898745541152, "p1": 4.906240980601498, "p2": 3.9123594054048434}, "datetime": {"datetime": "2023-11-22 15:26:48", "elapsed": 118.345062, "delta": 1.301935}}
{"target": 227.94416971651415, "params": {"d1": 0.08687316966977458, "d2": 2.8686492327389113, "i1": 1.0, "i2": 1.0, "p1": 2.5250145605813863, "p2": 5.0}, "datetime": {"datetime": "2023-11-22 15:26:50", "elapsed": 119.970722, "delta": 1.62566}}
{"target": 529.2039462481798, "params": {"d1": 2.194922929043263, "d2": 4.559372506422072, "i1": 1.0, "i2": 1.0, "p1": 2.0467590302474346, "p2": 5.0}, "datetime": {"datetime": "2023-11-22 15:26:51", "elapsed": 121.469313, "delta": 1.498591}}
{"target": 533.9807166072247, "params": {"d1": 2.157403164256076, "d2": 3.3679887331717357, "i1": 1.0, "i2": 0.0, "p1": 2.686503508089297, "p2": 5.0}, "datetime": {"datetime": "2023-11-22 15:26:53", "elapsed": 122.795561, "delta": 1.326248}}
{"target": 493.35971351725294, "params": {"d1": 5.0, "d2": 2.8129253737615567, "i1": 0.0, "i2": 0.0, "p1": 3.852468429777902, "p2": 3.6599009402261804}, "datetime": {"datetime": "2023-11-22 15:26:54", "elapsed": 124.369764, "delta": 1.574203}}
{"target": 460.41861101297627, "params": {"d1": 1.8728482203155328, "d2": 5.0, "i1": 0.0, "i2": 0.0, "p1": 2.317968837131048, "p2": 2.327104824860944}, "datetime": {"datetime": "2023-11-22 15:26:56", "elapsed": 125.583408, "delta": 1.213644}}
{"target": 473.6773176943488, "params": {"d1": 5.0, "d2": 5.0, "i1": 0.0, "i2": 1.0, "p1": 5.0, "p2": 2.969423625524303}, "datetime": {"datetime": "2023-11-22 15:26:57", "elapsed": 126.940208, "delta": 1.3568}}
{"target": 516.4154569503683, "params": {"d1": 2.492464956132915, "d2": 2.4639064265817656, "i1": 1.0, "i2": 0.0, "p1": 3.090875593032496, "p2": 2.2145414586524867}, "datetime": {"datetime": "2023-11-22 15:26:58", "elapsed": 128.125335, "delta": 1.185127}}
{"target": 493.4242673618332, "params": {"d1": 5.0, "d2": 2.753146184405425, "i1": 1.0, "i2": 0.0, "p1": 5.0, "p2": 5.0}, "datetime": {"datetime": "2023-11-22 15:26:59", "elapsed": 129.400607, "delta": 1.275272}}
{"target": 529.4212488481445, "params": {"d1": 2.3286044132888284, "d2": 3.4382755929072113, "i1": 0.02038793697642538, "i2": 0.8728562879210999, "p1": 3.3565961532558175, "p2": 4.9742815451280515}, "datetime": {"datetime": "2023-11-22 15:27:01", "elapsed": 130.611328, "delta": 1.210721}}
{"target": 600.1390307402568, "params": {"d1": 2.019271953131939, "d2": 1.7974989963830545, "i1": 0.0, "i2": 1.0, "p1": 2.61498751427476, "p2": 3.4221571308052265}, "datetime": {"datetime": "2023-11-22 15:27:02", "elapsed": 132.092204, "delta": 1.480876}}
{"target": 554.3689959062256, "params": {"d1": 2.0915930581567124, "d2": 3.659867995465365, "i1": 1.0, "i2": 1.0, "p1": 3.2633950884870995, "p2": 3.8578023421780547}, "datetime": {"datetime": "2023-11-22 15:27:04", "elapsed": 133.534638, "delta": 1.442434}}
{"target": 622.5432019054194, "params": {"d1": 1.4534627451823674, "d2": 2.001880247510799, "i1": 0.08319596490027847, "i2": 0.13256919397068456, "p1": 1.9550881225634609, "p2": 4.085466468922933}, "datetime": {"datetime": "2023-11-22 15:27:05", "elapsed": 134.781622, "delta": 1.246984}}
{"target": 504.4833958052474, "params": {"d1": 1.8208776040832906, "d2": 3.7252832464564882, "i1": 0.0, "i2": 1.0, "p1": 1.7478166714973682, "p2": 4.225281066167369}, "datetime": {"datetime": "2023-11-22 15:27:06", "elapsed": 136.081752, "delta": 1.30013}}
{"target": 594.9561879699405, "params": {"d1": 1.8066484586819151, "d2": 2.272175691174649, "i1": 0.0, "i2": 0.0, "p1": 2.9960559953456185, "p2": 3.8984316346701946}, "datetime": {"datetime": "2023-11-22 15:27:07", "elapsed": 137.390787, "delta": 1.309035}}
{"target": 553.1148528675786, "params": {"d1": 1.402902189139722, "d2": 5.0, "i1": 1.0, "i2": 1.0, "p1": 1.5874199859009033, "p2": 3.6865243636341756}, "datetime": {"datetime": "2023-11-22 15:27:09", "elapsed": 138.598741, "delta": 1.207954}}
{"target": 562.841306463868, "params": {"d1": 2.815823339516107, "d2": 1.6114186780984867, "i1": 1.0, "i2": 1.0, "p1": 1.5645360072592027, "p2": 1.8191125359017133}, "datetime": {"datetime": "2023-11-22 15:27:10", "elapsed": 140.026701, "delta": 1.42796}}
{"target": 540.3246885681234, "params": {"d1": 1.9381005358590042, "d2": 2.870514864524468, "i1": 0.0, "i2": 1.0, "p1": 3.2180489435153543, "p2": 3.2030326819810013}, "datetime": {"datetime": "2023-11-22 15:27:11", "elapsed": 141.127032, "delta": 1.100331}}
{"target": 523.6275526625741, "params": {"d1": 3.1626235277285666, "d2": 2.70776321402999, "i1": 0.0, "i2": 1.0, "p1": 5.0, "p2": 2.0090215100680733}, "datetime": {"datetime": "2023-11-22 15:27:12", "elapsed": 142.267482, "delta": 1.14045}}
{"target": 429.98089741211726, "params": {"d1": 5.0, "d2": 2.6232248542614207, "i1": 1.0, "i2": 0.0, "p1": 5.0, "p2": 1.0785921041596036}, "datetime": {"datetime": "2023-11-22 15:27:14", "elapsed": 143.659232, "delta": 1.39175}}
{"target": 15.894602917453296, "params": {"d1": 0.06161925273374835, "d2": 0.021290710808736235, "i1": 0.3300861638208181, "i2": 0.3086342218596261, "p1": 4.905440376419718, "p2": 0.1494195316544733}, "datetime": {"datetime": "2023-11-22 15:27:15", "elapsed": 144.964293, "delta": 1.305061}}
{"target": 421.0156260969687, "params": {"d1": 1.3291517109273667, "d2": 2.7227544203798657, "i1": 0.0, "i2": 1.0, "p1": 2.775377081182806, "p2": 0.0}, "datetime": {"datetime": "2023-11-22 15:27:17", "elapsed": 146.576937, "delta": 1.612644}}
{"target": 456.59085845485873, "params": {"d1": 5.0, "d2": 5.0, "i1": 0.0, "i2": 0.0, "p1": 2.780010911016296, "p2": 5.0}, "datetime": {"datetime": "2023-11-22 15:27:18", "elapsed": 148.168869, "delta": 1.591932}}
