{"target": 177.64184171735022, "params": {"d1": 2.193308376268741, "d2": 2.8034743883119937, "i1": 0.0, "i2": 1.0, "p1": 0.0, "p2": 0.0}, "datetime": {"datetime": "2023-11-22 15:27:20", "elapsed": 149.571288, "delta": 1.402419}}
{"target": 306.7444196301838, "params": {"d1": 5.0, "d2": 0.0, "i1": 0.0, "i2": 0.0, "p1": 5.0, "p2": 0.0}, "datetime": {"datetime": "2023-11-22 15:27:21", "elapsed": 150.864479, "delta": 1.293191}}
{"target": 501.20100467328194, "params": {"d1": 3.0533676626198147, "d2": 4.055297102484709, "i1": 0.0, "i2": 0.0, "p1": 3.524547757842167, "p2": 3.9227938451918347}, "datetime": {"datetime": "2023-11-22 15:27:22", "elapsed": 152.233444, "delta": 1.368965}}
{"target": 297.1252720035073, "params": {"d1": 5.0, "d2": 5.0, "i1": 0.0, "i2": 0.0, "p1": 5.0, "p2": 0.0}, "datetime": {"datetime": "2023-11-22 15:27:24", "elapsed": 153.76599, "delta": 1.532546}}
{"target": 315.83891546313515, "params": {"d1": 0.0, "d2": 5.0, "i1": 0.0, "i2": 0.0, "p1": 2.099022781073619, "p2": 3.231858058202314}, "datetime": {"datetime": "2023-11-22 15:27:25", "elapsed": 155.383999, "delta": 1.618009}}
{"target": 491.8786971760141, "params": {"d1": 2.680441366503752, "d2": 2.255506195623341, "i1": 0.0, "i2": 0.0, "p1": 5.0, "p2": 5.0}, "datetime": {"datetime": "2023-11-22 15:27:27", "elapsed": 156.753487, "delta": 1.369488}}
{"target": 474.30335701745, "params": {"d1": 2.1498633226043795, "d2": 2.003532100299194, "i1": 0.0, "i2": 1.0, "p1": 1.9306510227847247, "p2": 5.0}, "datetime": {"datetime": "2023-11-22 15:27:28", "elapsed": 158.144717, "delta": 1.39123}}
{"target": 494.7782105769495, "params": {"d1": 2.9429714859363254, "d2": 5.0, "i1": 1.0, "i2": 1.0, "p1": 3.662852951106222, "p2": 5.0}, "datetime": {"datetime": "2023-11-22 15:27:29", "elapsed": 159.345597, "delta": 1.20088}}
{"target": 535.1185390392691, "params": {"d1": 1.49815715345738, "d2": 4.091333959493687, "i1": 1.0, "i2": 0.0, "p1": 1.4600212211335961, "p2": 4.410584467754646}, "datetime": {"datetime": "2023-11-22 15:27:31", "elapsed": 160.844922, "delta": 1.499325}}
{"target": 515.9215926184029, "params": {"d1": 5.0, "d2": 1.1250082370831225, "i1": 1.0, "i2": 0.0, "p1": 2.9323723808833213, "p2": 3.0684304538263776}, "datetime": {"datetime": "2023-11-22 15:27:32", "elapsed": 162.177094, "delta": 1.332172}}
{"target": 470.7265447260631, "params": {"d1": 3.6972185374721613, "d2": 5.0, "i1": 1.0, "i2": 0.0, "p1": 5.0, "p2": 3.161691390075347}, "datetime": {"datetime": "2023-11-22 15:27:34", "elapsed": 163.61745, "delta": 1.440356}}
{"target": 547.6221982207032, "params": {"d1": 3.2405521772832437, "d2": 2.0533905901568423, "i1": 0.0, "i2": 0.0, "p1": 5.0, "p2": 2.96827785385043}, "datetime": {"datetime": "2023-11-22 15:27:35", "elapsed": 164.835788, "delta": 1.218338}}
{"target": 546.7970467617728, "params": {"d1": 5.0, "d2": 2.078400668698241, "i1": 0.0, "i2": 1.0, "p1": 5.0, "p2": 2.732024063834274}, "datetime": {"datetime": "2023-11-22 15:27:37", "elapsed": 166.535558, "delta": 1.69977}}
{"target": 495.72398967746807, "params": {"d1": 1.1951428942521527, "d2": 1.4280288725219734, "i1": 0.0, "i2": 0.0, "p1": 2.6612522394237152, "p2": 4.884005903340965}, "datetime": {"datetime": "2023-11-22 15:27:38", "elapsed": 167.890139, "delta": 1.354581}}
{"target": 512.0778849202056, "params": {"d1": 5.0, "d2": 1.641891827227045, "i1": 0.0, "i2": 1.0, "p1": 3.484703888971311, "p2": 2.6238554984872433}, "datetime": {"datetime": "2023-11-22 15:27:39", "elapsed": 169.221573, "delta": 1.331434}}
{"target": 473.5256527599002, "params": {"d1": 1.4221051570875831, "d2": 5.0, "i1": 1.0, "i2": 1.0, "p1": 0.6583105140635094, "p2": 5.0}, "datetime": {"datetime": "2023-11-22 15:27:41", "elapsed": 170.549469, "delta": 1.327896}}
{"target": 536.3266777412864, "params": {"d1": 2.7681062521523314, "d2": 1.6754745476334205, "i1": 1.0, "i2": 1.0, "p1": 5.0, "p2": 2.839700546067333}, "datetime": {"datetime": "2023-11-22 15:27:42", "elapsed": 172.140997, "delta": 1.591528}}
{"target": 84.62275209907348, "params": {"d1": 0.0, "d2": 0.0, "i1": 0.0, "i2": 1.0, "p1": 0.0, "p2": 5.0}, "datetime": {"datetime": "2023-11-22 15:27:44", "elapsed": 174.131685, "delta": 1.990688}}
{"target": 511.7935975343366, "params": {"d1": 2.625452833136013, "d2": 2.979392720432258, "i1": 0.0, "i2": 1.0, "p1": 2.9405388660533744, "p2": 1.7049053901715359}, "datetime": {"datetime": "2023-11-22 15:27:45", "elapsed": 175.396682, "delta": 1.264997}}
{"target": 507.94744615557124, "params": {"d1": 5.0, "d2": 3.16999943646604, "i1": 1.0, "i2": 1.0, "p1": 5.0, "p2": 3.428873190391821}, "datetime": {"datetime": "2023-11-22 15:27:47", "elapsed": 177.057919, "delta": 1.661237}}
{"target": 469.5808494674777, "params": {"d1": 2.7326625811643845, "d2": 2.9826695907841834, "i1": 1.0, "i2": 0.0, "p1": 5.0, "p2": 2.084848645281672}, "datetime": {"datetime": "2023-11-22 15:27:49", "elapsed": 178.799565, "delta": 1.741646}}
{"target": 538.0087687020618, "params": {"d1": 3.4750925089902465, "d2": 1.6144209042317477, "i1": 0.0, "i2": 0.0, "p1": 3.4435052281757486, "p2": 2.7032986371872543}, "datetime": {"datetime": "2023-11-22 15:27:50", "elapsed": 180.225442, "delta": 1.425877}}
{"target": 469.34210222404306, "params": {"d1": 5.0, "d2": 2.2516808149325294, "i1": 1.0, "i2": 1.0, "p1": 3.131413330467839, "p2": 5.0}, "datetime": {"datetime": "2023-11-22 15:27:52", "elapsed": 181.622867, "delta": 1.397425}}
{"target": 371.5950961500189, "params": {"d1": 2.066882237857446, "d2": 5.0, "i1": 1.0, "i2": 0.0, "p1": 2.317866013466547, "p2": 0.0}, "datetime": {"datetime": "2023-11-22 15:27:53", "elapsed": 182.98565, "delta": 1.362783}}
{"target": 117.09502019696642, "params": {"d1": 5.0, "d2": 5.0, "i1": 0.0, "i2": 0.0, "p1": 0.0, "p2": 0.0}, "datetime": {"datetime": "2023-11-22 15:27:55", "elapsed": 184.638982, "delta": 1.653332}}
{"target": 513.4740439172998, "params": {"d1": 2.3563966747138543, "d2": 5.0, "i1": 1.0, "i2": 1.0, "p1": 2.578003713441779, "p2": 3.0596890117435267}, "datetime": {"datetime": "2023-11-22 15:27:56", "elapsed": 186.12442, "delta": 1.485438}}
{"target": 524.5422950920652, "params": {"d1": 2.515695675108897, "d2": 5.0, "i1": 0.0, "i2": 0.0, "p1": 2.4189035499440297, "p2": 5.0}, "datetime": {"datetime": "2023-11-22 15:27:58", "elapsed": 188.263051, "delta": 2.138631}}
{"target": 453.96398239668383, "params": {"d1": 2.9107273474453046, "d2": 1.0192926031049632, "i1": 1.0, "i2": 0.0, "p1": 5.0, "p2": 3.936161627263434}, "datetime": {"datetime": "2023-11-22 15:28:00", "elapsed": 189.894559, "delta": 1.631508}}
{"target": 505.16107738405736, "params": {"d1": 3.9201147180031413, "d2": 2.811890543497364, "i1": 0.0, "i2": 1.0, "p1": 5.0, "p2": 3.650848343898826}, "datetime": {"datetime": "2023-11-22 15:28:01", "elapsed": 191.472374, "delta": 1.577815}}
{"target": 620.184005602533, "params": {"d1": 1.6017797462087768, "d2": 1.533792176851037, "i1": 0.8626015457899882, "i2": 0.018666723439800803, "p1": 1.9924793945778785, "p2": 3.853701124630702}, "datetime": {"datetime": "2023-11-22 15:28:03", "elapsed": 193.161094, "delta": 1.68872}}
{"target": 449.5925745296391, "params": {"d1": 5.0, "d2": 5.0, "i1": 1.0, "i2": 0.0, "p1": 3.2040799812072525, "p2": 2.9293070053126624}, "datetime": {"datetime": "2023-11-22 15:28:05", "elapsed": 194.905014, "delta": 1.74392}}
{"target": 528.7316743228973, "params": {"d1": 5.0, "d2": 1.5840394391081325, "i1": 0.0, "i2": 0.0, "p1": 5.0, "p2": 3.2134787558417557}, "datetime": {"datetime": "2023-11-22 15:28:06", "elapsed": 196.476758, "delta": 1.571744}}
{"target": 179.4524711639948, "params": {"d1": 5.0, "d2": 0.0, "i1": 1.0, "i2": 1.0, "p1": 2.650849828516934, "p2": 2.498068022112219}, "datetime": {"datetime": "2023-11-22 15:28:08", "elapsed": 198.12013, "delta": 1.643372}}
{"target": 478.4731369585963, "params": {"d1": 5.0, "d2": 2.139266079031857, "i1": 0.0, "i2": 0.0, "p1": 2.277429266879389, "p2": 2.8649634511185704}, "datetime": {"datetime": "2023-11-22 15:28:09", "elapsed": 199.442404, "delta": 1.322274}}
{"target": 566.1260363646445, "params": {"d1": 3.7321230256711106, "d2": 1.402545082505413, "i1": 0.0, "i2": 1.0, "p1": 5.0, "p2": 2.4040275504040993}, "datetime": {"datetime": "2023-11-22 15:28:11", "elapsed": 200.842863, "delta": 1.400459}}
{"target": 528.3488103107353, "params": {"d1": 4.256314872428913, "d2": 1.9703346695205357, "i1": 0.0, "i2": 0.0, "p1": 4.525687286664544, "p2": 2.13364783274977}, "datetime": {"datetime": "2023-11-22 15:28:12", "elapsed": 202.374529, "delta": 1.531666}}
{"target": 493.10846192465664, "params": {"d1": 5.0, "d2": 5.0, "i1": 0.0, "i2": 1.0, "p1": 5.0, "p2": 5.0}, "datetime": {"datetime": "2023-11-22 15:28:14", "elapsed": 204.075221, "delta": 1.700692}}
{"target": 600.8831161821444, "params": {"d1": 1.493157900191463, "d2": 2.1703958014659976, "i1": 1.0, "i2": 0.0, "p1": 2.765785163625573, "p2": 4.006302876240447}, "datetime": {"datetime": "2023-11-22 15:28:16", "elapsed": 205.884603, "delta": 1.809382}}
{"target": 232.6502329320582, "params": {"d1": 2.7425760894707167, "d2": 0.0, "i1": 0.0, "i2": 1.0, "p1": 5.0, "p2": 2.7825622643253025}, "datetime": {"datetime": "2023-11-22 15:28:18", "elapsed": 207.653084, "delta": 1.768481}}
{"target": 528.2899514234506, "params": {"d1": 3.683558949489294, "d2": 2.0896391525005544, "i1": 0.5188731879883068, "i2": 0.8779027414182555, "p1": 4.151932994095941, "p2": 2.187896411812546}, "datetime": {"datetime": "2023-11-22 15:28:19", "elapsed": 209.131972, "delta": 1.478888}}
{"target": 545.8460202938413, "params": {"d1": 0.9111756436495314, "d2": 2.5060199679852824, "i1": 0.0, "i2": 0.0, "p1": 2.1441637066620056, "p2": 3.642733858320386}, "datetime": {"datetime": "2023-11-22 15:28:21", "elapsed": 210.747996, "delta": 1.616024}}
{"target": 529.0038773686038, "params": {"d1": 1.5592349573308977, "d2": 2.931915415612017, "i1": 0.8088511961446213, "i2": 0.01076961571425561, "p1": 3.9818344704661266, "p2": 4.690113842603747}, "datetime": {"datetime": "2023-11-22 15:28:22", "elapsed": 212.436853, "delta": 1.688857}}
{"target": 462.91378316810807, "params": {"d1": 3.3843331154585607, "d2": 1.9089741836073624, "i1": 0.0, "i2": 0.0, "p1": 1.929893650913784, "p2": 1.8236730922188593}, "datetime": {"datetime": "2023-11-22 15:28:24", "elapsed": 214.12854, "delta": 1.691687}}
{"target": 280.16784134513705, "params": {"d1": 5.0, "d2": 5.0, "i1": 0.0, "i2": 1.0, "p1": 0.0, "p2": 5.0}, "datetime": {"datetime": "2023-11-22 15:28:26", "elapsed": 215.783958, "delta": 1.655418}}
{"target": 555.9266645282382, "params": {"d1": 5.0, "d2": 1.453894524128782, "i1": 1.0, "i2": 1.0, "p1": 5.0, "p2": 2.4400766637633278}, "datetime": {"datetime": "2023-11-22 15:28:27", "elapsed": 217.199808, "delta": 1.41585}}
{"target": 414.8617804380286, "params": {"d1": 2.431228527681439, "d2": 5.0, "i1": 1.0, "i2": 1.0, "p1": 5.0, "p2": 1.4437117068257388}, "datetime": {"datetime": "2023-11-22 15:28:29", "elapsed": 218.957081, "delta": 1.757273}}
{"target": 531.8410044333368, "params": {"d1": 5.0, "d2": 2.2537791601321207, "i1": 1.0, "i2": 0.0, "p1": 5.0, "p2": 2.8590879171591728}, "datetime": {"datetime": "2023-11-22 15:28:31", "elapsed": 220.731565, "delta": 1.774484}}
{"target": 502.6097485520073, "params": {"d1": 3.543647741522863, "d2": 2.923009838013084, "i1": 1.0, "i2": 0.0, "p1": 3.612364693557968, "p2": 3.564382208127637}, "datetime": {"datetime": "2023-11-22 15:28:32", "elapsed": 222.371785, "delta": 1.64022}}
{"target": 355.60739699313785, "params": {"d1": 5.0, "d2": 1.0760239822164646, "i1": 0.0, "i2": 0.0, "p1": 0.0, "p2": 2.2852473290162068}, "datetime": {"datetime": "2023-11-22 15:28:35", "elapsed": 224.565727, "delta": 2.193942}}
{"target": 438.1889128417759, "params": {"d1": 1.3532769117175714, "d2": 3.4398979169399326, "i1": 0.0, "i2": 0.0, "p1": 0.6561721609491966, "p2": 5.0}, "datetime": {"datetime": "2023-11-22 15:28:36", "elapsed": 226.058523, "delta": 1.492796}}
{"target": 484.70164236235183, "params": {"d1": 5.0, "d2": 3.2860040372574795, "i1": 0.0, "i2": 1.0, "p1": 5.0, "p2": 5.0}, "datetime": {"datetime": "2023-11-22 15:28:38", "elapsed": 228.144233, "delta": 2.08571}}
{"target": 484.92707927591704, "params": {"d1": 5.0, "d2": 5.0, "i1": 1.0, "i2": 1.0, "p1": 3.5392652536948943, "p2": 5.0}, "datetime": {"datetime": "2023-11-22 15:28:40", "elapsed": 229.683099, "delta": 1.538866}}
{"target": 592.0516014054957, "params": {"d1": 1.8096144733254904, "d2": 1.7688208368956355, "i1": 0.0, "i2": 1.0, "p1": 2.3800478661909623, "p2": 2.4442472823902026}, "datetime": {"datetime": "2023-11-22 15:28:41", "elapsed": 231.221395, "delta": 1.538296}}
{"target": 495.18931780555044, "params": {"d1": 2.558291032955599, "d2": 2.481269208400084, "i1": 1.0, "i2": 1.0, "p1": 3.912800822736526, "p2": 5.0}, "datetime": {"datetime": "2023-11-22 15:28:43", "elapsed": 233.256265, "delta": 2.03487}}
{"target": 517.1175173802067, "params": {"d1": 1.855548743186918, "d2": 2.728542981239908, "i1": 0.0, "i2": 0.0, "p1": 4.534254224458119, "p2": 3.560797932333373}, "datetime": {"datetime": "2023-11-22 15:28:45", "elapsed": 235.194909, "delta": 1.938644}}
{"target": 432.347636122539, "params": {"d1": 1.5132237187044277, "d2": 5.0, "i1": 0.0, "i2": 1.0, "p1": 0.864794342843697, "p2": 3.7537113816622156}, "datetime": {"datetime": "2023-11-22 15:28:47", "elapsed": 236.932226, "delta": 1.737317}}
{"target": 496.7217029843621, "params": {"d1": 0.9050275516340865, "d2": 5.0, "i1": 1.0, "i2": 1.0, "p1": 2.35220414934946, "p2": 5.0}, "datetime": {"datetime": "2023-11-22 15:28:50", "elapsed": 239.563708, "delta": 2.631482}}
{"target": 488.60749981829963, "params": {"d1": 0.9271370798959804, "d2": 3.38005736190553, "i1": 1.0, "i2": 0.0, "p1": 1.259053139563181, "p2": 1.3796304883093091}, "datetime": {"datetime": "2023-11-22 15:28:51", "elapsed": 241.382912, "delta": 1.819204}}
{"target": 386.5313041210479, "params": {"d1": 5.0, "d2": 1.2189094233515974, "i1": 0.0, "i2": 0.0, "p1": 2.5637457077529913, "p2": 5.0}, "datetime": {"datetime": "2023-11-22 15:28:53", "elapsed": 242.96224, "delta": 1.579328}}
{"target": 578.9760022942897, "params": {"d1": 1.7307142248956164, "d2": 1.8303564477619567, "i1": 1.0, "i2": 1.0, "p1": 2.7328577646526444, "p2": 1.234562655307296}, "datetime": {"datetime": "2023-11-22 15:28:55", "elapsed": 244.569903, "delta": 1.607663}}
{"target": 487.4109266954446, "params": {"d1": 3.502177166794069, "d2": 3.7717478282517907, "i1": 0.0, "i2": 1.0, "p1": 3.970426009389642, "p2": 2.797084232478531}, "datetime": {"datetime": "2023-11-22 15:28:56", "elapsed": 246.388222, "delta": 1.818319}}
{"target": 536.3466845867414, "params": {"d1": 5.0, "d2": 2.056818671223199, "i1": 1.0, "i2": 0.0, "p1": 3.673394096970559, "p2": 2.6812728427506216}, "datetime": {"datetime": "2023-11-22 15:28:58", "elapsed": 248.072628, "delta": 1.684406}}
{"target": 537.7140082483713, "params": {"d1": 1.9358762968930043, "d2": 2.700910302273373, "i1": 0.0, "i2": 0.0, "p1": 2.6672758883861944, "p2": 5.0}, "datetime": {"datetime": "2023-11-22 15:29:00", "elapsed": 249.968672, "delta": 1.896044}}
{"target": 599.1730587067867, "params": {"d1": 2.033550535376728, "d2": 1.8387775790689393, "i1": 0.0, "i2": 0.0, "p1": 3.389551650635066, "p2": 2.796339983348086}, "datetime": {"datetime": "2023-11-22 15:29:02", "elapsed": 251.713437, "delta": 1.744765}}
{"target": 595.5253654282839, "params": {"d1": 1.9187397287605807, "d2": 2.2869067754440593, "i1": 1.0, "i2": 1.0, "p1": 3.9543068085445903, "p2": 2.2067472702231705}, "datetime": {"datetime": "2023-11-22 15:29:04", "elapsed": 254.287285, "delta": 2.573848}}
{"target": 585.5783417184673, "params": {"d1": 2.17771427994304, "d2": 1.9977546282848069, "i1": 0.0, "i2": 1.0, "p1": 3.9763196189307783, "p2": 2.1608928590246173}, "datetime": {"datetime": "2023-11-22 15:29:06", "elapsed": 256.010139, "delta": 1.722854}}
{"target": 538.8967700597792, "params": {"d1": 1.9997922302271647, "d2": 2.1534077690040143, "i1": 0.0, "i2": 0.0, "p1": 3.557595532495785, "p2": 1.5440477710809026}, "datetime": {"datetime": "2023-11-22 15:29:08", "elapsed": 257.542841, "delta": 1.532702}}
{"target": 402.66078006833015, "params": {"d1": 1.3516218453476838, "d2": 2.903986553526065, "i1": 1.0, "i2": 1.0, "p1": 5.0, "p2": 2.423769851899712}, "datetime": {"datetime": "2023-11-22 15:29:09", "elapsed": 259.472959, "delta": 1.930118}}
{"target": 570.5022727219196, "params": {"d1": 2.195147884010913, "d2": 1.6455847444998501, "i1": 0.748040303105633, "i2": 0.32164101798201017, "p1": 4.138912960377427, "p2": 2.3996758001691463}, "datetime": {"datetime": "2023-11-22 15:29:11", "elapsed": 261.35819, "delta": 1.885231}}
{"target": 310.85668511469936, "params": {"d1": 2.983935127563909, "d2": 2.8519370836549873, "i1": 0.0, "i2": 0.0, "p1": 5.0, "p2": 0.0}, "datetime": {"datetime": "2023-11-22 15:29:13", "elapsed": 263.173305, "delta": 1.815115}}
{"target": 617.4022775664678, "params": {"d1": 1.8109384212804083, "d2": 1.8221602629733118, "i1": 0.6803517056184462, "i2": 1.0, "p1": 3.2512591173864664, "p2": 2.300872442258319}, "datetime": {"datetime": "2023-11-22 15:29:15", "elapsed": 265.142334, "delta": 1.969029}}
{"target": 493.5731607948847, "params": {"d1": 3.5007212180613294, "d2": 3.7431161700363123, "i1": 1.0, "i2": 0.0, "p1": 5.0, "p2": 5.0}, "datetime": {"datetime": "2023-11-22 15:29:16", "elapsed": 266.494455, "delta": 1.352121}}
{"target": 491.3458462238006, "params": {"d1": 5.0, "d2": 3.002100558170952, "i1": 1.0, "i2": 1.0, "p1": 2.8942063131660616, "p2": 3.367330453241929}, "datetime": {"datetime": "2023-11-22 15:29:19", "elapsed": 268.540612, "delta": 2.046157}}
{"target": 574.7399486130023, "params": {"d1": 5.0, "d2": 1.2387621410680814, "i1": 0.0, "i2": 1.0, "p1": 5.0, "p2": 1.7437799312319195}, "datetime": {"datetime": "2023-11-22 15:29:20", "elapsed": 270.124725, "delta": 1.584113}}
{"target": 587.4825109577027, "params": {"d1": 1.6599699685667801, "d2": 1.3868766443774798, "i1": 0.0, "i2": 0.0, "p1": 2.5163616107783633, "p2": 3.5595915198199686}, "datetime": {"datetime": "2023-11-22 15:29:22", "elapsed": 271.735756, "delta": 1.611031}}
{"target": 533.6029943344506, "params": {"d1": 2.321794623907028, "d2": 1.729917157635225, "i1": 1.0, "i2": 1.0, "p1": 3.814207142088383, "p2": 1.517474798194174}, "datetime": {"datetime": "2023-11-22 15:29:24", "elapsed": 273.690287, "delta": 1.954531}}
{"target": 555.7169892107947, "params": {"d1": 1.3838356571249368, "d2": 4.174213960545942, "i1": 1.0, "i2": 1.0, "p1": 2.3870228727148137, "p2": 3.639935491019438}, "datetime": {"datetime": "2023-11-22 15:29:26", "elapsed": 275.779214, "delta": 2.088927}}
{"target": 561.5480684692463, "params": {"d1": 1.515632818341729, "d2": 3.138128070433568, "i1": 1.0, "i2": 0.0, "p1": 3.4387824307761217, "p2": 3.2500238010050047}, "datetime": {"datetime": "2023-11-22 15:29:28", "elapsed": 278.279161, "delta": 2.499947}}
{"target": 593.9549877961907, "params": {"d1": 2.0820089664534214, "d2": 1.5498260493942184, "i1": 0.5330904025732989, "i2": 0.9746135526880471, "p1": 3.696333797509311, "p2": 3.2434344616342385}, "datetime": {"datetime": "2023-11-22 15:29:31", "elapsed": 280.545839, "delta": 2.266678}}
{"target": 481.65091828059684, "params": {"d1": 2.825041574868731, "d2": 5.0, "i1": 1.0, "i2": 0.0, "p1": 2.0270825997271515, "p2": 3.9866206408241167}, "datetime": {"datetime": "2023-11-22 15:29:33", "elapsed": 282.87296, "delta": 2.327121}}
{"target": 601.6788469345179, "params": {"d1": 1.8917336211773683, "d2": 1.4985631843162073, "i1": 1.0, "i2": 0.0, "p1": 3.104602662470051, "p2": 3.2371398320254756}, "datetime": {"datetime": "2023-11-22 15:29:35", "elapsed": 285.165286, "delta": 2.292326}}
{"target": 246.87823229592513, "params": {"d1": 0.0, "d2": 5.0, "i1": 1.0, "i2": 0.0, "p1": 5.0, "p2": 5.0}, "datetime": {"datetime": "2023-11-22 15:29:37", "elapsed": 287.267904, "delta": 2.102618}}
{"target": 500.84523950653784, "params": {"d1": 3.1357670347394557, "d2": 5.0, "i1": 0.0, "i2": 1.0, "p1": 5.0, "p2": 3.777691131629619}, "datetime": {"datetime": "2023-11-22 15:29:39", "elapsed": 289.192817, "delta": 1.924913}}
{"target": 488.33710615789505, "params": {"d1": 5.0, "d2": 3.5123435426326086, "i1": 1.0, "i2": 0.0, "p1": 2.5607238830295946, "p2": 5.0}, "datetime": {"datetime": "2023-11-22 15:29:41", "elapsed": 290.649925, "delta": 1.457108}}
{"target": 398.1179678297981, "params": {"d1": 5.0, "d2": 0.7250910027183243, "i1": 0.0, "i2": 1.0, "p1": 5.0, "p2": 2.649511873990961}, "datetime": {"datetime": "2023-11-22 15:29:42", "elapsed": 292.112516, "delta": 1.462591}}
{"target": 301.9768746477762, "params": {"d1": 1.9510106497018018, "d2": 0.0, "i1": 1.0, "i2": 0.0, "p1": 2.2374098194019325, "p2": 5.0}, "datetime": {"datetime": "2023-11-22 15:29:44", "elapsed": 294.011219, "delta": 1.898703}}
{"target": 567.520267423515, "params": {"d1": 2.2755055718738304, "d2": 1.5597120549494077, "i1": 0.0, "i2": 0.0, "p1": 3.8167387806632345, "p2": 3.7285106901309852}, "datetime": {"datetime": "2023-11-22 15:29:46", "elapsed": 296.225769, "delta": 2.21455}}
{"target": 534.9224777046439, "params": {"d1": 3.737839054472364, "d2": 1.8147687199119773, "i1": 1.0, "i2": 0.0, "p1": 5.0, "p2": 2.470064371474149}, "datetime": {"datetime": "2023-11-22 15:29:48", "elapsed": 298.179162, "delta": 1.953393}}
{"target": -209.55523413094568, "params": {"d1": 0.0, "d2": 0.0, "i1": 1.0, "i2": 1.0, "p1": 0.0, "p2": 0.0}, "datetime": {"datetime": "2023-11-22 15:29:51", "elapsed": 300.969977, "delta": 2.790815}}
{"target": 403.08222181891733, "params": {"d1": 5.0, "d2": 5.0, "i1": 0.0, "i2": 1.0, "p1": 2.035183206721841, "p2": 2.7687798228431078}, "datetime": {"datetime": "2023-11-22 15:29:54", "elapsed": 304.160671, "delta": 3.190694}}
{"target": 519.4875428626738, "params": {"d1": 2.773467154508829, "d2": 1.169048515337482, "i1": 0.0, "i2": 1.0, "p1": 0.9945660925990049, "p2": 1.9855134360655187}, "datetime": {"datetime": "2023-11-22 15:29:57", "elapsed": 306.770251, "delta": 2.60958}}
