{"target": 614.5668792642904, "params": {"d1": 1.9929622261302962, "d2": 1.9539785004404973, "i1": 0.5885023051552833, "i2": 0.3330231219492064, "p1": 2.6404045661179047, "p2": 2.554553799908853}, "datetime": {"datetime": "2023-11-22 15:38:26", "elapsed": 815.715996, "delta": 3.771567}}
{"target": 614.6635724064267, "params": {"d1": 2.0075780509247236, "d2": 2.203214583607354, "i1": 1.0, "i2": 0.0, "p1": 2.6066007686696153, "p2": 3.3204807314984457}, "datetime": {"datetime": "2023-11-22 15:38:31", "elapsed": 820.796481, "delta": 5.080485}}
{"target": 532.7700540590192, "params": {"d1": 2.2134038687014383, "d2": 3.972706307306881, "i1": 0.0, "i2": 1.0, "p1": 4.051663280483942, "p2": 3.8328657551676932}, "datetime": {"datetime": "2023-11-22 15:38:34", "elapsed": 823.713348, "delta": 2.916867}}
{"target": 513.2131094978466, "params": {"d1": 1.6037747831167686, "d2": 2.8519489713444224, "i1": 0.0, "i2": 0.0, "p1": 1.7730132793100484, "p2": 4.174319793859168}, "datetime": {"datetime": "2023-11-22 15:38:38", "elapsed": 827.870224, "delta": 4.156876}}
{"target": 511.7480679773982, "params": {"d1": 2.5726000975738943, "d2": 4.24060219103454, "i1": 0.0, "i2": 1.0, "p1": 2.9037352819527023, "p2": 3.3320418368696716}, "datetime": {"datetime": "2023-11-22 15:38:41", "elapsed": 831.458157, "delta": 3.587933}}
{"target": 438.4319245628301, "params": {"d1": 1.5965178790738592, "d2": 5.0, "i1": 0.0, "i2": 0.0, "p1": 5.0, "p2": 2.5043705258295024}, "datetime": {"datetime": "2023-11-22 15:38:45", "elapsed": 835.024809, "delta": 3.566652}}
{"target": 505.12208235960884, "params": {"d1": 0.968821242910309, "d2": 4.0444771543926885, "i1": 0.0, "i2": 1.0, "p1": 1.3587072164344833, "p2": 5.0}, "datetime": {"datetime": "2023-11-22 15:38:48", "elapsed": 838.16904, "delta": 3.144231}}
{"target": 663.0583786488179, "params": {"d1": 1.3614054156600117, "d2": 1.7547241780046734, "i1": 1.0, "i2": 1.0, "p1": 1.8133722946901758, "p2": 1.455628648924426}, "datetime": {"datetime": "2023-11-22 15:38:51", "elapsed": 840.973413, "delta": 2.804373}}
{"target": 641.5186585723721, "params": {"d1": 1.807802183253491, "d2": 1.1293219796121503, "i1": 0.0, "i2": 1.0, "p1": 3.3090802407025666, "p2": 2.3873600365851027}, "datetime": {"datetime": "2023-11-22 15:38:54", "elapsed": 844.374526, "delta": 3.401113}}
{"target": 553.1002255968391, "params": {"d1": 1.9846513158919201, "d2": 2.056788563345904, "i1": 1.0, "i2": 1.0, "p1": 4.13220705986372, "p2": 3.0513127949583474}, "datetime": {"datetime": "2023-11-22 15:38:58", "elapsed": 847.863542, "delta": 3.489016}}
{"target": 623.2578308646251, "params": {"d1": 1.639020208763565, "d2": 2.0526748398639967, "i1": 1.0, "i2": 0.5476325154073743, "p1": 2.760777606952627, "p2": 3.408825363013574}, "datetime": {"datetime": "2023-11-22 15:39:02", "elapsed": 851.88806, "delta": 4.024518}}
{"target": 569.538569385641, "params": {"d1": 2.0718106939719694, "d2": 2.07727041757245, "i1": 0.6292142435571864, "i2": 1.0, "p1": 2.961607253417483, "p2": 3.5347951796420642}, "datetime": {"datetime": "2023-11-22 15:39:06", "elapsed": 855.847639, "delta": 3.959579}}
{"target": 603.3120102726182, "params": {"d1": 2.315647900505, "d2": 1.819381349585812, "i1": 0.0, "i2": 0.46366988693738237, "p1": 3.2295308606178463, "p2": 3.1980017085147687}, "datetime": {"datetime": "2023-11-22 15:39:09", "elapsed": 859.307656, "delta": 3.460017}}
{"target": 626.192786913859, "params": {"d1": 1.353477758420379, "d2": 1.929191234624302, "i1": 1.0, "i2": 1.0, "p1": 1.8437809236049312, "p2": 3.448023007563468}, "datetime": {"datetime": "2023-11-22 15:39:13", "elapsed": 862.909611, "delta": 3.601955}}
{"target": 475.44326640799073, "params": {"d1": 1.2370475328096322, "d2": 2.930107277319166, "i1": 0.0, "i2": 0.0, "p1": 1.9808415350107942, "p2": 0.9806748984946174}, "datetime": {"datetime": "2023-11-22 15:39:17", "elapsed": 866.559871, "delta": 3.65026}}
{"target": 576.0851798952151, "params": {"d1": 1.419177006890585, "d2": 1.8774133232569494, "i1": 0.0, "i2": 0.5439967403222532, "p1": 2.554215180327276, "p2": 4.015482056685157}, "datetime": {"datetime": "2023-11-22 15:39:19", "elapsed": 869.335289, "delta": 2.775418}}
{"target": 578.9223738532093, "params": {"d1": 1.3094574176547569, "d2": 2.698719054632958, "i1": 0.7068558863203731, "i2": 1.0, "p1": 1.1437438820376642, "p2": 1.6428708944471737}, "datetime": {"datetime": "2023-11-22 15:39:24", "elapsed": 873.851698, "delta": 4.516409}}
{"target": 471.14962207308736, "params": {"d1": 3.5189916614355825, "d2": 5.0, "i1": 0.0, "i2": 1.0, "p1": 5.0, "p2": 2.250156124822672}, "datetime": {"datetime": "2023-11-22 15:39:27", "elapsed": 876.769798, "delta": 2.9181}}
{"target": 479.4134185718917, "params": {"d1": 0.7630924834477502, "d2": 5.0, "i1": 1.0, "i2": 0.0, "p1": 1.3807591943936708, "p2": 4.411069820336004}, "datetime": {"datetime": "2023-11-22 15:39:34", "elapsed": 884.055942, "delta": 7.286144}}
{"target": 527.6205160621392, "params": {"d1": 3.9259614129758336, "d2": 1.5246574557297867, "i1": 1.0, "i2": 0.0, "p1": 3.618175516742835, "p2": 1.9785536935480013}, "datetime": {"datetime": "2023-11-22 15:39:38", "elapsed": 888.374201, "delta": 4.318259}}
{"target": 598.8776747166688, "params": {"d1": 1.2695701699854627, "d2": 2.481598789743855, "i1": 0.6994593160810632, "i2": 0.47331505051406314, "p1": 1.3277364387590935, "p2": 2.944950029289689}, "datetime": {"datetime": "2023-11-22 15:39:41", "elapsed": 891.429636, "delta": 3.055435}}
{"target": 413.8293346776799, "params": {"d1": 5.0, "d2": 0.6737900601924162, "i1": 1.0, "i2": 1.0, "p1": 5.0, "p2": 1.4945739692308189}, "datetime": {"datetime": "2023-11-22 15:39:44", "elapsed": 894.238071, "delta": 2.808435}}
{"target": 526.7268150280019, "params": {"d1": 2.1406713796292363, "d2": 1.462840765156, "i1": 1.0, "i2": 0.0, "p1": 2.7918938632347685, "p2": 1.6489388261199622}, "datetime": {"datetime": "2023-11-22 15:39:48", "elapsed": 897.760756, "delta": 3.522685}}
{"target": 648.7013657915983, "params": {"d1": 1.8872595294277124, "d2": 1.3743489192501648, "i1": 0.26499546489112713, "i2": 0.5502341785333477, "p1": 3.1813509049293094, "p2": 2.818545162723682}, "datetime": {"datetime": "2023-11-22 15:39:52", "elapsed": 902.424252, "delta": 4.663496}}
{"target": 532.2183013250718, "params": {"d1": 5.0, "d2": 1.9993854529500077, "i1": 1.0, "i2": 1.0, "p1": 4.008444205981585, "p2": 3.2493889932617592}, "datetime": {"datetime": "2023-11-22 15:39:55", "elapsed": 905.062505, "delta": 2.638253}}
{"target": 473.19129863451667, "params": {"d1": 2.771451468531624, "d2": 2.2968749289449053, "i1": 0.0, "i2": 0.0, "p1": 1.0324549498827742, "p2": 2.713663794450623}, "datetime": {"datetime": "2023-11-22 15:39:58", "elapsed": 907.812079, "delta": 2.749574}}
{"target": 520.7581918982149, "params": {"d1": 4.338197446119462, "d2": 1.823476402998397, "i1": 1.0, "i2": 0.0, "p1": 2.4051119954199476, "p2": 2.4155028693785408}, "datetime": {"datetime": "2023-11-22 15:40:01", "elapsed": 911.016362, "delta": 3.204283}}
{"target": 611.4050027750604, "params": {"d1": 1.9702450575441421, "d2": 1.5894539203113434, "i1": 0.30269512189553516, "i2": 0.9409678889128474, "p1": 2.9855008837241908, "p2": 2.848689378873061}, "datetime": {"datetime": "2023-11-22 15:40:06", "elapsed": 915.758102, "delta": 4.74174}}
{"target": 603.4114605087225, "params": {"d1": 1.678638125580286, "d2": 1.7767345473141136, "i1": 1.0, "i2": 0.0, "p1": 1.5204867174529235, "p2": 3.697269695017344}, "datetime": {"datetime": "2023-11-22 15:40:12", "elapsed": 921.655022, "delta": 5.89692}}
{"target": 609.2721082499256, "params": {"d1": 1.8195352599535037, "d2": 1.2183616091395124, "i1": 0.0, "i2": 0.4630071244222526, "p1": 3.7351024633182925, "p2": 2.854936434060995}, "datetime": {"datetime": "2023-11-22 15:40:15", "elapsed": 925.341206, "delta": 3.686184}}
{"target": 566.3346403393363, "params": {"d1": 1.6097873797908437, "d2": 1.3267359086240729, "i1": 1.0, "i2": 0.4361119483883521, "p1": 2.700842894698928, "p2": 3.7789591740224764}, "datetime": {"datetime": "2023-11-22 15:40:18", "elapsed": 928.394654, "delta": 3.053448}}
{"target": 511.7940562298313, "params": {"d1": 5.0, "d2": 1.9435203844170497, "i1": 1.0, "i2": 1.0, "p1": 5.0, "p2": 4.043559084336345}, "datetime": {"datetime": "2023-11-22 15:40:23", "elapsed": 932.9626, "delta": 4.567946}}
{"target": 555.3975772039871, "params": {"d1": 2.106567599546676, "d2": 1.8365893332992624, "i1": 0.0, "i2": 1.0, "p1": 3.8113499424853647, "p2": 1.0243212113066256}, "datetime": {"datetime": "2023-11-22 15:40:27", "elapsed": 937.01641, "delta": 4.05381}}
{"target": 606.6293314048446, "params": {"d1": 1.5557425870482635, "d2": 2.2273479488407233, "i1": 1.0, "i2": 1.0, "p1": 2.4870442002383735, "p2": 1.9435494295157938}, "datetime": {"datetime": "2023-11-22 15:40:29", "elapsed": 939.452908, "delta": 2.436498}}
{"target": 653.061563706103, "params": {"d1": 0.962788049369877, "d2": 0.7794722001255576, "i1": 0.4285691050725184, "i2": 0.32672295912156124, "p1": 1.69237760996396, "p2": 1.1377118463693567}, "datetime": {"datetime": "2023-11-22 15:40:32", "elapsed": 942.070857, "delta": 2.617949}}
{"target": 511.06585671763173, "params": {"d1": 2.0911319045278454, "d2": 4.2589822433961455, "i1": 1.0, "i2": 1.0, "p1": 1.4596384517445418, "p2": 3.689184000504403}, "datetime": {"datetime": "2023-11-22 15:40:36", "elapsed": 946.376273, "delta": 4.305416}}
{"target": 606.7648644328364, "params": {"d1": 1.8749373940845955, "d2": 1.6033799069956898, "i1": 0.6516077800479206, "i2": 0.3806705603695989, "p1": 3.479561778946466, "p2": 2.847524760542431}, "datetime": {"datetime": "2023-11-22 15:40:40", "elapsed": 950.473194, "delta": 4.096921}}
{"target": 489.4036908744006, "params": {"d1": 5.0, "d2": 5.0, "i1": 1.0, "i2": 1.0, "p1": 5.0, "p2": 3.882765152510135}, "datetime": {"datetime": "2023-11-22 15:40:44", "elapsed": 954.216343, "delta": 3.743149}}
{"target": 628.9292784742579, "params": {"d1": 1.5100040840840516, "d2": 1.553035009894208, "i1": 0.9886798274029045, "i2": 0.6544901746320009, "p1": 3.0790715145821763, "p2": 2.0707701457383916}, "datetime": {"datetime": "2023-11-22 15:40:49", "elapsed": 958.976797, "delta": 4.760454}}
{"target": 634.9183859824759, "params": {"d1": 1.6839283560950868, "d2": 1.2682503356805512, "i1": 1.0, "i2": 1.0, "p1": 3.085771537008608, "p2": 1.7310369598951494}, "datetime": {"datetime": "2023-11-22 15:40:53", "elapsed": 962.905195, "delta": 3.928398}}
{"target": 622.237591397579, "params": {"d1": 1.5043178004787994, "d2": 1.4914171364510524, "i1": 1.0, "i2": 0.7318584305207829, "p1": 2.262691147638545, "p2": 2.3643509058167598}, "datetime": {"datetime": "2023-11-22 15:40:56", "elapsed": 966.019141, "delta": 3.113946}}
{"target": 585.1088236115062, "params": {"d1": 1.6437863926418663, "d2": 1.1250457935636624, "i1": 0.0, "i2": 0.0, "p1": 3.0457843475564, "p2": 2.801904801682341}, "datetime": {"datetime": "2023-11-22 15:41:00", "elapsed": 969.601595, "delta": 3.582454}}
{"target": 586.0176710701232, "params": {"d1": 1.8698266398509367, "d2": 1.6534963297641698, "i1": 0.9561262344477429, "i2": 0.99413796590799, "p1": 1.9270625947040672, "p2": 1.4169133164464114}, "datetime": {"datetime": "2023-11-22 15:41:02", "elapsed": 972.369127, "delta": 2.767532}}
{"target": 361.8322188340137, "params": {"d1": 5.0, "d2": 2.577212229721985, "i1": 1.0, "i2": 1.0, "p1": 2.6786601960019354, "p2": 0.0}, "datetime": {"datetime": "2023-11-22 15:41:07", "elapsed": 976.806443, "delta": 4.437316}}
{"target": 548.1731245361428, "params": {"d1": 2.7889301696486193, "d2": 1.7472399758347208, "i1": 0.0, "i2": 1.0, "p1": 5.0, "p2": 2.1243321236874775}, "datetime": {"datetime": "2023-11-22 15:41:10", "elapsed": 980.462771, "delta": 3.656328}}
{"target": 532.720587366658, "params": {"d1": 5.0, "d2": 1.5537593843935047, "i1": 0.0, "i2": 0.0, "p1": 5.0, "p2": 1.9011121628274028}, "datetime": {"datetime": "2023-11-22 15:41:13", "elapsed": 983.381891, "delta": 2.91912}}
{"target": 512.4445085724053, "params": {"d1": 5.0, "d2": 2.7517904490427942, "i1": 0.0, "i2": 0.0, "p1": 5.0, "p2": 3.1270814730984573}, "datetime": {"datetime": "2023-11-22 15:41:18", "elapsed": 988.168999, "delta": 4.787108}}
{"target": 570.4601349382019, "params": {"d1": 1.7683737972785423, "d2": 2.6582394629485675, "i1": 0.4983387492048366, "i2": 0.0, "p1": 2.9605608834213903, "p2": 3.3385326885700723}, "datetime": {"datetime": "2023-11-22 15:41:24", "elapsed": 993.870048, "delta": 5.701049}}
{"target": 530.7759089756518, "params": {"d1": 2.727990302169462, "d2": 2.190400491038881, "i1": 1.0, "i2": 0.0, "p1": 4.512204588022115, "p2": 3.7127468042008234}, "datetime": {"datetime": "2023-11-22 15:41:29", "elapsed": 999.123775, "delta": 5.253727}}
{"target": 607.5098634523707, "params": {"d1": 1.6229274085171213, "d2": 1.1199432846945159, "i1": 0.0, "i2": 1.0, "p1": 3.844037023429389, "p2": 2.2951972472568083}, "datetime": {"datetime": "2023-11-22 15:41:33", "elapsed": 1003.009764, "delta": 3.885989}}
{"target": 532.5659468995195, "params": {"d1": 1.2874131379982046, "d2": 3.918512072058769, "i1": 0.0, "i2": 1.0, "p1": 3.1236188280726456, "p2": 3.8996839492643325}, "datetime": {"datetime": "2023-11-22 15:41:36", "elapsed": 1005.692106, "delta": 2.682342}}
{"target": 609.0819592886735, "params": {"d1": 2.1396378815453816, "d2": 1.3910480117211443, "i1": 0.0, "i2": 0.5762459439921104, "p1": 3.3673891744626125, "p2": 2.6053924702240048}, "datetime": {"datetime": "2023-11-22 15:41:43", "elapsed": 1013.01002, "delta": 7.317914}}
{"target": 605.1173913303845, "params": {"d1": 1.6885689851865302, "d2": 1.4782799377409317, "i1": 0.0, "i2": 0.4692420612358764, "p1": 3.280280209171618, "p2": 3.299477508980258}, "datetime": {"datetime": "2023-11-22 15:41:48", "elapsed": 1017.559289, "delta": 4.549269}}
{"target": 660.6967908326812, "params": {"d1": 1.9645043159622846, "d2": 1.2988104314087872, "i1": 0.24075592237774388, "i2": 1.0, "p1": 3.0308536072985883, "p2": 2.026227873110547}, "datetime": {"datetime": "2023-11-22 15:41:51", "elapsed": 1020.673142, "delta": 3.113853}}
{"target": 621.1340748308962, "params": {"d1": 2.416277962911935, "d2": 1.3110188389426274, "i1": 0.3282961004396699, "i2": 1.0, "p1": 2.6585466571645866, "p2": 2.191782396039595}, "datetime": {"datetime": "2023-11-22 15:41:56", "elapsed": 1026.261047, "delta": 5.587905}}
{"target": 508.39862337897887, "params": {"d1": 2.549641928986992, "d2": 4.100031570830807, "i1": 1.0, "i2": 0.0, "p1": 1.4536786870101905, "p2": 5.0}, "datetime": {"datetime": "2023-11-22 15:42:00", "elapsed": 1029.974903, "delta": 3.713856}}
{"target": 626.7659854627631, "params": {"d1": 1.8206822763066772, "d2": 1.4229480474256788, "i1": 0.41303567155832865, "i2": 0.9610081811590302, "p1": 2.769991727413082, "p2": 1.9967917592297297}, "datetime": {"datetime": "2023-11-22 15:42:04", "elapsed": 1033.86407, "delta": 3.889167}}
{"target": 575.4557575251328, "params": {"d1": 2.5288801723485594, "d2": 2.2521065468232244, "i1": 1.0, "i2": 1.0, "p1": 1.600428553145164, "p2": 2.9865640268565246}, "datetime": {"datetime": "2023-11-22 15:42:10", "elapsed": 1039.857353, "delta": 5.993283}}
{"target": 667.5834627877267, "params": {"d1": 1.8626662513456649, "d2": 1.1228000257720865, "i1": 0.0, "i2": 1.0, "p1": 3.278472442298162, "p2": 1.8221464278297133}, "datetime": {"datetime": "2023-11-22 15:42:15", "elapsed": 1045.14564, "delta": 5.288287}}
{"target": 480.097181180973, "params": {"d1": 5.0, "d2": 3.734228143052904, "i1": 0.0, "i2": 0.0, "p1": 3.9841120903876583, "p2": 5.0}, "datetime": {"datetime": "2023-11-22 15:42:20", "elapsed": 1050.256535, "delta": 5.110895}}
{"target": 476.2867485205577, "params": {"d1": 5.0, "d2": 1.8879873387571606, "i1": 0.0, "i2": 0.0, "p1": 5.0, "p2": 5.0}, "datetime": {"datetime": "2023-11-22 15:42:25", "elapsed": 1054.833337, "delta": 4.576802}}
{"target": 481.492734620004, "params": {"d1": 3.950724606057442, "d2": 5.0, "i1": 0.0, "i2": 0.0, "p1": 4.110406521001041, "p2": 3.1452724840476316}, "datetime": {"datetime": "2023-11-22 15:42:28", "elapsed": 1058.170387, "delta": 3.33705}}
{"target": 612.1235450885865, "params": {"d1": 1.7494661423328688, "d2": 1.6486860754662047, "i1": 0.4857245295410758, "i2": 0.0, "p1": 2.816460996212735, "p2": 2.991088133877565}, "datetime": {"datetime": "2023-11-22 15:42:31", "elapsed": 1061.334842, "delta": 3.164455}}
{"target": 464.47533199908236, "params": {"d1": 1.9231343688325564, "d2": 0.8821792706936641, "i1": 1.0, "i2": 1.0, "p1": 3.2409888343184434, "p2": 2.863419636625295}, "datetime": {"datetime": "2023-11-22 15:42:36", "elapsed": 1066.365088, "delta": 5.030246}}
{"target": 512.109398225913, "params": {"d1": 1.69197506833158, "d2": 1.6464821165718402, "i1": 1.0, "i2": 0.0, "p1": 4.212230275864911, "p2": 1.6293034719704587}, "datetime": {"datetime": "2023-11-22 15:42:40", "elapsed": 1069.662944, "delta": 3.297856}}
{"target": 601.144819704055, "params": {"d1": 1.1821938183008673, "d2": 1.5483522952643132, "i1": 0.42783746331238354, "i2": 0.0, "p1": 1.76064209355631, "p2": 3.568767834458547}, "datetime": {"datetime": "2023-11-22 15:42:45", "elapsed": 1075.158336, "delta": 5.495392}}
{"target": 514.8670521239537, "params": {"d1": 2.1423872271324345, "d2": 3.528485903260399, "i1": 1.0, "i2": 0.0, "p1": 3.7653285184686016, "p2": 3.9738558911028914}, "datetime": {"datetime": "2023-11-22 15:42:50", "elapsed": 1079.943843, "delta": 4.785507}}
{"target": 649.6024568859032, "params": {"d1": 1.3844956569972957, "d2": 1.6171087565002016, "i1": 1.0, "i2": 1.0, "p1": 2.3807586193432093, "p2": 1.6784639477163092}, "datetime": {"datetime": "2023-11-22 15:42:56", "elapsed": 1085.866392, "delta": 5.922549}}
{"target": 488.2361127623602, "params": {"d1": 0.8039548968000297, "d2": 1.99003822693452, "i1": 1.0, "i2": 0.0, "p1": 1.1864282320174395, "p2": 5.0}, "datetime": {"datetime": "2023-11-22 15:43:00", "elapsed": 1089.571387, "delta": 3.704995}}
{"target": 475.8447690789371, "params": {"d1": 1.170688561995035, "d2": 4.216498581132495, "i1": 0.0, "i2": 0.0, "p1": 1.0603399344135174, "p2": 3.8191257093056445}, "datetime": {"datetime": "2023-11-22 15:43:05", "elapsed": 1094.590289, "delta": 5.018902}}
{"target": 549.0875537348858, "params": {"d1": 2.0590893694796883, "d2": 1.6577783099941679, "i1": 0.0, "i2": 0.0, "p1": 4.569531368317823, "p2": 2.9830188444795933}, "datetime": {"datetime": "2023-11-22 15:43:11", "elapsed": 1101.003851, "delta": 6.413562}}
{"target": 464.9401213671564, "params": {"d1": 5.0, "d2": 5.0, "i1": 1.0, "i2": 1.0, "p1": 1.9393071793615058, "p2": 5.0}, "datetime": {"datetime": "2023-11-22 15:43:17", "elapsed": 1107.177063, "delta": 6.173212}}
{"target": 658.8795606104901, "params": {"d1": 1.2504416247098056, "d2": 2.008656423377822, "i1": 0.8084547332274383, "i2": 1.0, "p1": 1.7089383359254235, "p2": 2.8258007429099274}, "datetime": {"datetime": "2023-11-22 15:43:23", "elapsed": 1113.490044, "delta": 6.312981}}
{"target": 640.0552436249237, "params": {"d1": 1.228824357872595, "d2": 1.4626322883583265, "i1": 0.8231902419880004, "i2": 1.0, "p1": 1.7584099984080763, "p2": 1.6822334540254005}, "datetime": {"datetime": "2023-11-22 15:43:30", "elapsed": 1119.783543, "delta": 6.293499}}
{"target": 529.3565558428803, "params": {"d1": 5.0, "d2": 1.4775707765418842, "i1": 0.0, "i2": 0.0, "p1": 3.6940524977117, "p2": 3.08260764198372}, "datetime": {"datetime": "2023-11-22 15:43:36", "elapsed": 1125.66398, "delta": 5.880437}}
{"target": 576.1094108876222, "params": {"d1": 1.328454726037459, "d2": 1.9676326240785362, "i1": 0.64243894510507, "i2": 1.0, "p1": 1.2665013019397484, "p2": 1.5651335138373355}, "datetime": {"datetime": "2023-11-22 15:43:43", "elapsed": 1132.592592, "delta": 6.928612}}
{"target": 531.0699603700598, "params": {"d1": 1.548509004830238, "d2": 5.0, "i1": 0.0, "i2": 0.0, "p1": 3.1200538019952346, "p2": 5.0}, "datetime": {"datetime": "2023-11-22 15:43:47", "elapsed": 1136.992777, "delta": 4.400185}}
{"target": 610.7735018148738, "params": {"d1": 1.9789360102778504, "d2": 1.3452594356266157, "i1": 0.0, "i2": 1.0, "p1": 3.297115033802525, "p2": 1.9450018575514372}, "datetime": {"datetime": "2023-11-22 15:43:53", "elapsed": 1142.622845, "delta": 5.630068}}
{"target": 660.2993855019635, "params": {"d1": 1.7249557331514598, "d2": 1.1285194867361685, "i1": 0.1507107475720475, "i2": 0.6250579547390269, "p1": 3.055383657564774, "p2": 1.818448464004721}, "datetime": {"datetime": "2023-11-22 15:44:00", "elapsed": 1150.09898, "delta": 7.476135}}
{"target": 636.4864449538014, "params": {"d1": 1.2110371707343301, "d2": 1.3539969733038286, "i1": 1.0, "i2": 0.7013522469341493, "p1": 1.8595048917493595, "p2": 1.250379305557983}, "datetime": {"datetime": "2023-11-22 15:44:04", "elapsed": 1154.103688, "delta": 4.004708}}
{"target": 659.6624776209117, "params": {"d1": 2.0731569222582626, "d2": 1.0484330841491873, "i1": 0.14135355126544313, "i2": 0.8963808923217532, "p1": 2.9199301563748215, "p2": 2.3838686436098895}, "datetime": {"datetime": "2023-11-22 15:44:10", "elapsed": 1159.690201, "delta": 5.586513}}
{"target": 567.3750860576566, "params": {"d1": 2.0696813179024494, "d2": 0.8188670726959207, "i1": 0.4052765070180001, "i2": 0.922325016921606, "p1": 3.4035845315932187, "p2": 1.9473940036886566}, "datetime": {"datetime": "2023-11-22 15:44:15", "elapsed": 1165.268009, "delta": 5.577808}}
{"target": 577.8165289982884, "params": {"d1": 1.3013152616699506, "d2": 1.5372443619098088, "i1": 0.0, "i2": 1.0, "p1": 1.6223264930153174, "p2": 2.156784319129154}, "datetime": {"datetime": "2023-11-22 15:44:21", "elapsed": 1171.260382, "delta": 5.992373}}
{"target": 499.66262398284215, "params": {"d1": 1.755160212479496, "d2": 3.6999940871833896, "i1": 1.0, "i2": 1.0, "p1": 1.225357503100906, "p2": 1.5223024842961297}, "datetime": {"datetime": "2023-11-22 15:44:27", "elapsed": 1176.922049, "delta": 5.661667}}
