{"target": 517.5491386280148, "params": {"d1": 3.1981813594093214, "d2": 1.2107145703663482, "i1": 1.0, "i2": 0.0, "p1": 1.7971660659436126, "p2": 2.6093880492287878}, "datetime": {"datetime": "2023-11-22 15:33:46", "elapsed": 535.963678, "delta": 3.992587}}
{"target": 611.9147796950309, "params": {"d1": 1.5843001267084045, "d2": 1.4680818289413098, "i1": 1.0, "i2": 1.0, "p1": 3.4935487283291264, "p2": 2.9097082367798572}, "datetime": {"datetime": "2023-11-22 15:33:49", "elapsed": 538.865527, "delta": 2.901849}}
{"target": 410.83263378551374, "params": {"d1": 2.452038042338556, "d2": 2.8255832339286364, "i1": 1.0, "i2": 1.0, "p1": 0.0, "p2": 5.0}, "datetime": {"datetime": "2023-11-22 15:33:51", "elapsed": 541.070054, "delta": 2.204527}}
{"target": 474.9424625698881, "params": {"d1": 1.5962260302396887, "d2": 5.0, "i1": 1.0, "i2": 0.0, "p1": 1.1123135004370994, "p2": 3.2796806404612067}, "datetime": {"datetime": "2023-11-22 15:33:53", "elapsed": 543.491504, "delta": 2.42145}}
{"target": 610.4489609145451, "params": {"d1": 1.7699405414625418, "d2": 1.5835323589648365, "i1": 0.0, "i2": 0.7413919142759325, "p1": 3.3334193836271497, "p2": 1.9698212392725787}, "datetime": {"datetime": "2023-11-22 15:33:56", "elapsed": 545.824328, "delta": 2.332824}}
{"target": 528.7384964622167, "params": {"d1": 1.9366710947950065, "d2": 1.828727206345658, "i1": 1.0, "i2": 0.0, "p1": 3.5877505460654624, "p2": 4.648554452621042}, "datetime": {"datetime": "2023-11-22 15:33:58", "elapsed": 548.503166, "delta": 2.678838}}
{"target": 490.8957182821515, "params": {"d1": 5.0, "d2": 2.4103385581793817, "i1": 1.0, "i2": 1.0, "p1": 1.8957933644136857, "p2": 2.098524722576457}, "datetime": {"datetime": "2023-11-22 15:34:01", "elapsed": 551.093595, "delta": 2.590429}}
{"target": 494.35471673225067, "params": {"d1": 2.4617313827388614, "d2": 5.0, "i1": 0.0, "i2": 0.0, "p1": 3.204993215818776, "p2": 3.190780164955743}, "datetime": {"datetime": "2023-11-22 15:34:04", "elapsed": 554.417004, "delta": 3.323409}}
{"target": 503.7695482418691, "params": {"d1": 3.873085509667889, "d2": 5.0, "i1": 1.0, "i2": 1.0, "p1": 3.8259713941703897, "p2": 3.4944601561498914}, "datetime": {"datetime": "2023-11-22 15:34:07", "elapsed": 557.327561, "delta": 2.910557}}
{"target": 643.610884151276, "params": {"d1": 1.284655066060622, "d2": 1.2171059995726496, "i1": 1.0, "i2": 1.0, "p1": 2.4152723584067335, "p2": 1.3349679945013644}, "datetime": {"datetime": "2023-11-22 15:34:09", "elapsed": 559.301867, "delta": 1.974306}}
{"target": 541.8433723674299, "params": {"d1": 2.5230867911517527, "d2": 2.623085824163508, "i1": 0.0, "i2": 0.0, "p1": 3.786849320096487, "p2": 4.203679950029733}, "datetime": {"datetime": "2023-11-22 15:34:13", "elapsed": 563.115424, "delta": 3.813557}}
{"target": 612.7699412417002, "params": {"d1": 1.3937309439655652, "d2": 1.4301245673794563, "i1": 1.0, "i2": 1.0, "p1": 3.541334200052011, "p2": 1.3965973242574818}, "datetime": {"datetime": "2023-11-22 15:34:16", "elapsed": 565.670338, "delta": 2.554914}}
{"target": 554.311325485481, "params": {"d1": 1.3191915402319898, "d2": 2.4777580860886923, "i1": 1.0, "i2": 1.0, "p1": 1.5824596282000891, "p2": 4.05691793053664}, "datetime": {"datetime": "2023-11-22 15:34:20", "elapsed": 569.560288, "delta": 3.88995}}
{"target": 583.83418520442, "params": {"d1": 1.3058813406032435, "d2": 2.037878496582396, "i1": 0.3745404186774162, "i2": 0.4579295949746016, "p1": 1.3907204240293392, "p2": 2.4485800771343644}, "datetime": {"datetime": "2023-11-22 15:34:22", "elapsed": 572.361708, "delta": 2.80142}}
{"target": 633.9372836085428, "params": {"d1": 1.7996781606832772, "d2": 1.3658762409962861, "i1": 0.36066427909350673, "i2": 1.0, "p1": 3.4322579998026557, "p2": 1.5737236245632162}, "datetime": {"datetime": "2023-11-22 15:34:25", "elapsed": 575.137712, "delta": 2.776004}}
{"target": 267.87294903468324, "params": {"d1": 0.930291548986312, "d2": 1.9298527096016578, "i1": 1.0, "i2": 0.0, "p1": 0.0, "p2": 2.1700707907563603}, "datetime": {"datetime": "2023-11-22 15:34:27", "elapsed": 577.199587, "delta": 2.061875}}
{"target": 497.325237862701, "params": {"d1": 5.0, "d2": 3.633480463055545, "i1": 1.0, "i2": 1.0, "p1": 4.133037436487514, "p2": 5.0}, "datetime": {"datetime": "2023-11-22 15:34:30", "elapsed": 579.74137, "delta": 2.541783}}
{"target": 566.1534887697624, "params": {"d1": 2.0597253958720088, "d2": 2.563104458469855, "i1": 1.0, "i2": 0.0, "p1": 1.765827682784804, "p2": 2.6643988047493465}, "datetime": {"datetime": "2023-11-22 15:34:32", "elapsed": 582.340269, "delta": 2.598899}}
{"target": 616.9206302455891, "params": {"d1": 1.1689161204652119, "d2": 2.220375550885738, "i1": 0.44727718040761344, "i2": 0.0, "p1": 1.477685967817494, "p2": 3.272200800906845}, "datetime": {"datetime": "2023-11-22 15:34:35", "elapsed": 584.659162, "delta": 2.318893}}
{"target": 596.4303617123807, "params": {"d1": 1.6200032536300426, "d2": 1.4819733018458727, "i1": 1.0, "i2": 0.0, "p1": 2.22583390337863, "p2": 3.02038818393574}, "datetime": {"datetime": "2023-11-22 15:34:39", "elapsed": 589.168363, "delta": 4.509201}}
{"target": 535.8440530097449, "params": {"d1": 2.2369430609115444, "d2": 2.065570161105208, "i1": 0.0, "i2": 1.0, "p1": 1.979266148513308, "p2": 1.3984599868194576}, "datetime": {"datetime": "2023-11-22 15:34:43", "elapsed": 593.070551, "delta": 3.902188}}
{"target": 532.3092553389247, "params": {"d1": 2.4759990865909716, "d2": 2.1593661797721224, "i1": 0.0, "i2": 1.0, "p1": 5.0, "p2": 3.275785782944141}, "datetime": {"datetime": "2023-11-22 15:34:46", "elapsed": 595.865764, "delta": 2.795213}}
{"target": 484.05359895503426, "params": {"d1": 1.3412141241479376, "d2": 2.355592679584843, "i1": 0.0, "i2": 1.0, "p1": 0.9298219352148945, "p2": 3.5100008610140945}, "datetime": {"datetime": "2023-11-22 15:34:49", "elapsed": 598.699288, "delta": 2.833524}}
{"target": 536.3013411291818, "params": {"d1": 5.0, "d2": 1.7470312410814413, "i1": 1.0, "i2": 1.0, "p1": 4.149914937406533, "p2": 1.80571230685184}, "datetime": {"datetime": "2023-11-22 15:34:51", "elapsed": 601.48399, "delta": 2.784702}}
{"target": 287.9505115659424, "params": {"d1": 0.0, "d2": 5.0, "i1": 0.0, "i2": 1.0, "p1": 0.0, "p2": 5.0}, "datetime": {"datetime": "2023-11-22 15:34:54", "elapsed": 603.694316, "delta": 2.210326}}
{"target": 436.52513107055233, "params": {"d1": 5.0, "d2": 3.460811913984104, "i1": 0.0, "i2": 1.0, "p1": 2.3930861757929254, "p2": 5.0}, "datetime": {"datetime": "2023-11-22 15:34:56", "elapsed": 605.746412, "delta": 2.052096}}
{"target": 451.5938571071001, "params": {"d1": 5.0, "d2": 3.4501043792197885, "i1": 1.0, "i2": 0.0, "p1": 1.6938396911564202, "p2": 3.111210279183461}, "datetime": {"datetime": "2023-11-22 15:34:59", "elapsed": 608.871147, "delta": 3.124735}}
{"target": 447.8375946471995, "params": {"d1": 5.0, "d2": 5.0, "i1": 1.0, "i2": 1.0, "p1": 5.0, "p2": 1.8400518956572804}, "datetime": {"datetime": "2023-11-22 15:35:02", "elapsed": 611.566209, "delta": 2.695062}}
{"target": 414.7643912048458, "params": {"d1": 2.9862019588389073, "d2": 0.7000822435062588, "i1": 1.0, "i2": 1.0, "p1": 1.307227529207229, "p2": 2.236366712848592}, "datetime": {"datetime": "2023-11-22 15:35:05", "elapsed": 615.404389, "delta": 3.83818}}
{"target": 527.7161292815333, "params": {"d1": 2.159129666029508, "d2": 3.895499448333122, "i1": 0.0, "i2": 0.0, "p1": 4.052056418776746, "p2": 5.0}, "datetime": {"datetime": "2023-11-22 15:35:09", "elapsed": 618.630658, "delta": 3.226269}}
{"target": 510.82532831179867, "params": {"d1": 3.6819087624504476, "d2": 1.6470482233916404, "i1": 0.49825657603281454, "i2": 1.0, "p1": 1.4461797690788467, "p2": 1.3922695369288516}, "datetime": {"datetime": "2023-11-22 15:35:11", "elapsed": 621.210754, "delta": 2.580096}}
{"target": 555.6720948775559, "params": {"d1": 1.2596914858205137, "d2": 4.150518687256625, "i1": 1.0, "i2": 1.0, "p1": 1.463467454443392, "p2": 4.445900287779315}, "datetime": {"datetime": "2023-11-22 15:35:13", "elapsed": 623.427894, "delta": 2.21714}}
{"target": 616.7636125739122, "params": {"d1": 1.0903464238197909, "d2": 1.5791612820210306, "i1": 1.0, "i2": 0.0, "p1": 1.671444514051586, "p2": 4.257828952425756}, "datetime": {"datetime": "2023-11-22 15:35:18", "elapsed": 628.474666, "delta": 5.046772}}
{"target": 597.8165733347598, "params": {"d1": 1.4720316231569068, "d2": 1.6696857156398184, "i1": 0.45026833501586744, "i2": 1.0, "p1": 3.7560236517359504, "p2": 1.9339862369399454}, "datetime": {"datetime": "2023-11-22 15:35:22", "elapsed": 631.66219, "delta": 3.187524}}
{"target": 636.8685765088567, "params": {"d1": 1.0136202613985812, "d2": 1.3602427196670333, "i1": 0.5185599016164679, "i2": 1.0, "p1": 1.298419051337903, "p2": 2.05325746955182}, "datetime": {"datetime": "2023-11-22 15:35:24", "elapsed": 633.983797, "delta": 2.321607}}
{"target": 582.6672386702936, "params": {"d1": 0.7084790627613695, "d2": 1.7589219619950822, "i1": 0.0, "i2": 1.0, "p1": 1.5433644255425, "p2": 2.8369849831766243}, "datetime": {"datetime": "2023-11-22 15:35:27", "elapsed": 636.55037, "delta": 2.566573}}
{"target": 542.5104670667025, "params": {"d1": 3.926625627629138, "d2": 1.5726430332280454, "i1": 1.0, "i2": 0.0, "p1": 3.308223668777106, "p2": 3.248468334994528}, "datetime": {"datetime": "2023-11-22 15:35:29", "elapsed": 639.469063, "delta": 2.918693}}
{"target": 465.90472081079815, "params": {"d1": 5.0, "d2": 5.0, "i1": 0.0, "i2": 1.0, "p1": 3.7046512196131722, "p2": 3.884543277185226}, "datetime": {"datetime": "2023-11-22 15:35:32", "elapsed": 642.033172, "delta": 2.564109}}
{"target": 606.5468986263173, "params": {"d1": 1.1326979514314905, "d2": 1.7599977993211093, "i1": 0.5214780399881898, "i2": 0.0, "p1": 2.2098658949810046, "p2": 4.138437578615038}, "datetime": {"datetime": "2023-11-22 15:35:36", "elapsed": 645.587666, "delta": 3.554494}}
{"target": 658.8456673176826, "params": {"d1": 1.2846536839612994, "d2": 1.6824239169838526, "i1": 1.0, "i2": 1.0, "p1": 1.7314766572437479, "p2": 3.0427219801034333}, "datetime": {"datetime": "2023-11-22 15:35:38", "elapsed": 648.14364, "delta": 2.555974}}
{"target": 638.0108701929413, "params": {"d1": 1.338732408254123, "d2": 1.928520401406513, "i1": 1.0, "i2": 1.0, "p1": 2.2656258743415494, "p2": 2.9298166323944814}, "datetime": {"datetime": "2023-11-22 15:35:42", "elapsed": 651.895488, "delta": 3.751848}}
{"target": 494.30914182359265, "params": {"d1": 3.6440786052465515, "d2": 4.0373326149274815, "i1": 1.0, "i2": 0.0, "p1": 3.3373053424928787, "p2": 5.0}, "datetime": {"datetime": "2023-11-22 15:35:44", "elapsed": 653.835481, "delta": 1.939993}}
{"target": 442.4249380348935, "params": {"d1": 3.2449506543955238, "d2": 5.0, "i1": 1.0, "i2": 0.0, "p1": 3.3167777981568283, "p2": 2.004943223171225}, "datetime": {"datetime": "2023-11-22 15:35:48", "elapsed": 657.888904, "delta": 4.053423}}
{"target": 628.2360778177466, "params": {"d1": 1.306899986294048, "d2": 2.019106014868498, "i1": 1.0, "i2": 1.0, "p1": 1.3232672018093992, "p2": 2.917961301184401}, "datetime": {"datetime": "2023-11-22 15:35:52", "elapsed": 661.85565, "delta": 3.966746}}
{"target": 573.3542842821576, "params": {"d1": 1.2635109620707492, "d2": 1.2196254804801958, "i1": 1.0, "i2": 1.0, "p1": 1.8495520633950335, "p2": 3.6282381500019203}, "datetime": {"datetime": "2023-11-22 15:35:56", "elapsed": 666.199674, "delta": 4.344024}}
{"target": 660.6518488435541, "params": {"d1": 1.1465012634532523, "d2": 1.7376126774367693, "i1": 1.0, "i2": 1.0, "p1": 1.794804724600162, "p2": 2.486585047079134}, "datetime": {"datetime": "2023-11-22 15:35:58", "elapsed": 668.465449, "delta": 2.265775}}
{"target": 537.3137071785302, "params": {"d1": 1.9949693512286892, "d2": 3.0076100534960757, "i1": 1.0, "i2": 1.0, "p1": 2.2668955354035076, "p2": 5.0}, "datetime": {"datetime": "2023-11-22 15:36:02", "elapsed": 671.564271, "delta": 3.098822}}
{"target": 564.4635417665419, "params": {"d1": 2.394349535655887, "d2": 1.1431263980026924, "i1": 0.4058638876936547, "i2": 0.0, "p1": 3.321545947409097, "p2": 2.783318907951096}, "datetime": {"datetime": "2023-11-22 15:36:07", "elapsed": 676.556848, "delta": 4.992577}}
{"target": 596.8523523207426, "params": {"d1": 1.605890635026925, "d2": 2.1199083554389833, "i1": 1.0, "i2": 0.0, "p1": 3.162975782757149, "p2": 2.8626506779136567}, "datetime": {"datetime": "2023-11-22 15:36:10", "elapsed": 679.646304, "delta": 3.089456}}
{"target": 639.7558376414552, "params": {"d1": 1.039861416419018, "d2": 1.143803317684798, "i1": 0.6053490053097478, "i2": 0.4696842447409764, "p1": 1.393932980683592, "p2": 1.4002293194214093}, "datetime": {"datetime": "2023-11-22 15:36:12", "elapsed": 682.130742, "delta": 2.484438}}
{"target": 616.9648359456783, "params": {"d1": 2.318605235419501, "d2": 1.996815580796982, "i1": 0.5418295771506224, "i2": 1.0, "p1": 2.3913525240504216, "p2": 2.1501332598783662}, "datetime": {"datetime": "2023-11-22 15:36:16", "elapsed": 685.932217, "delta": 3.801475}}
{"target": 665.2193146006605, "params": {"d1": 1.3879782639426546, "d2": 1.6867431735123672, "i1": 1.0, "i2": 1.0, "p1": 1.7721291120529987, "p2": 1.9639745375718802}, "datetime": {"datetime": "2023-11-22 15:36:19", "elapsed": 689.466018, "delta": 3.533801}}
{"target": 542.1863136585869, "params": {"d1": 2.2345146025207234, "d2": 2.518950908335882, "i1": 0.0, "i2": 1.0, "p1": 2.0419651064279516, "p2": 2.631455078405801}, "datetime": {"datetime": "2023-11-22 15:36:23", "elapsed": 693.165711, "delta": 3.699693}}
{"target": 590.2304830092165, "params": {"d1": 2.5239127335385216, "d2": 1.5798195641263015, "i1": 0.0, "i2": 0.5279840486690722, "p1": 2.5445815012768, "p2": 2.5246542846436597}, "datetime": {"datetime": "2023-11-22 15:36:27", "elapsed": 696.869826, "delta": 3.704115}}
{"target": 497.523132189704, "params": {"d1": 1.828103676408744, "d2": 1.426115495403788, "i1": 1.0, "i2": 1.0, "p1": 5.0, "p2": 1.8537086363968853}, "datetime": {"datetime": "2023-11-22 15:36:31", "elapsed": 700.962068, "delta": 4.092242}}
{"target": 641.9206728254763, "params": {"d1": 1.4751864249856577, "d2": 1.4224655475353782, "i1": 1.0, "i2": 0.605324470294488, "p1": 2.5469261270702352, "p2": 1.7288246991035943}, "datetime": {"datetime": "2023-11-22 15:36:35", "elapsed": 704.577005, "delta": 3.614937}}
{"target": 589.897227763185, "params": {"d1": 1.6241283354248046, "d2": 2.0482653441163308, "i1": 0.0, "i2": 0.0, "p1": 2.212396924130448, "p2": 3.1035388699998983}, "datetime": {"datetime": "2023-11-22 15:36:38", "elapsed": 707.549475, "delta": 2.97247}}
{"target": 619.5789943795513, "params": {"d1": 1.234728636887641, "d2": 1.5404917128568028, "i1": 0.5924634888926656, "i2": 1.0, "p1": 1.8687849090076851, "p2": 2.707998979085893}, "datetime": {"datetime": "2023-11-22 15:36:41", "elapsed": 711.209324, "delta": 3.659849}}
{"target": 488.0359428937607, "params": {"d1": 3.3819183431640663, "d2": 3.6113792743068482, "i1": 0.0, "i2": 0.0, "p1": 2.1670351224297835, "p2": 5.0}, "datetime": {"datetime": "2023-11-22 15:36:44", "elapsed": 713.604849, "delta": 2.395525}}
{"target": 567.3589727078605, "params": {"d1": 1.5197418082216485, "d2": 5.0, "i1": 1.0, "i2": 0.0, "p1": 1.9412332566775432, "p2": 5.0}, "datetime": {"datetime": "2023-11-22 15:36:47", "elapsed": 716.572528, "delta": 2.967679}}
{"target": 531.2162071061093, "params": {"d1": 4.206456663669587, "d2": 2.233305066433625, "i1": 0.0, "i2": 0.0, "p1": 5.0, "p2": 4.044530702349184}, "datetime": {"datetime": "2023-11-22 15:36:50", "elapsed": 720.068702, "delta": 3.496174}}
{"target": 548.6630687640707, "params": {"d1": 0.8041759080244103, "d2": 1.7384995002745083, "i1": 0.0, "i2": 1.0, "p1": 0.8310121137320505, "p2": 2.19725275407193}, "datetime": {"datetime": "2023-11-22 15:36:53", "elapsed": 723.353502, "delta": 3.2848}}
{"target": 517.5540473231637, "params": {"d1": 1.1886545201444776, "d2": 2.492827020749176, "i1": 0.0, "i2": 0.0, "p1": 3.5242944167307217, "p2": 4.38635210615211}, "datetime": {"datetime": "2023-11-22 15:36:56", "elapsed": 726.227876, "delta": 2.874374}}
{"target": 569.3517076825653, "params": {"d1": 4.415350285543074, "d2": 1.6443916863710013, "i1": 0.3493100896235637, "i2": 1.0, "p1": 5.0, "p2": 1.9912519032747427}, "datetime": {"datetime": "2023-11-22 15:36:59", "elapsed": 729.461842, "delta": 3.233966}}
{"target": 625.1122301821944, "params": {"d1": 1.8237719740784017, "d2": 1.7069038724185577, "i1": 1.0, "i2": 1.0, "p1": 1.9039005758866554, "p2": 3.070877092706675}, "datetime": {"datetime": "2023-11-22 15:37:02", "elapsed": 732.391219, "delta": 2.929377}}
{"target": 503.4182575479415, "params": {"d1": 0.7561479507851313, "d2": 1.2360531921259614, "i1": 1.0, "i2": 1.0, "p1": 1.4477528666199295, "p2": 2.850789814456849}, "datetime": {"datetime": "2023-11-22 15:37:07", "elapsed": 737.288958, "delta": 4.897739}}
{"target": 667.2652359881203, "params": {"d1": 1.3846019666756546, "d2": 1.316557471556345, "i1": 1.0, "i2": 1.0, "p1": 2.3555796929198833, "p2": 1.8531998405192927}, "datetime": {"datetime": "2023-11-22 15:37:10", "elapsed": 740.232268, "delta": 2.94331}}
{"target": 538.4667344852212, "params": {"d1": 2.6758957150194087, "d2": 1.9025749261181015, "i1": 1.0, "i2": 0.0, "p1": 1.299353295555492, "p2": 3.427248972498597}, "datetime": {"datetime": "2023-11-22 15:37:13", "elapsed": 743.502663, "delta": 3.270395}}
{"target": 486.7963418504473, "params": {"d1": 1.2844386280315203, "d2": 5.0, "i1": 1.0, "i2": 1.0, "p1": 3.5079713193220643, "p2": 3.01518198445801}, "datetime": {"datetime": "2023-11-22 15:37:16", "elapsed": 746.364419, "delta": 2.861756}}
{"target": 663.0432158500494, "params": {"d1": 1.5469276554224658, "d2": 1.6688954243582268, "i1": 1.0, "i2": 1.0, "p1": 2.8277149856790382, "p2": 1.936969316705879}, "datetime": {"datetime": "2023-11-22 15:37:20", "elapsed": 749.671703, "delta": 3.307284}}
{"target": 549.5851776218983, "params": {"d1": 3.2771308125657455, "d2": 1.7046752082882015, "i1": 0.0, "i2": 1.0, "p1": 3.0552656707089714, "p2": 2.195508440093638}, "datetime": {"datetime": "2023-11-22 15:37:25", "elapsed": 754.770768, "delta": 5.099065}}
{"target": 646.2273402306906, "params": {"d1": 1.7138860131734879, "d2": 1.7320329299035961, "i1": 1.0, "i2": 1.0, "p1": 2.6457034618949744, "p2": 2.474548769608425}, "datetime": {"datetime": "2023-11-22 15:37:28", "elapsed": 758.170545, "delta": 3.399777}}
{"target": 668.141155521376, "params": {"d1": 1.1180164568617905, "d2": 1.4838160857487412, "i1": 1.0, "i2": 1.0, "p1": 2.070176332324656, "p2": 1.6832322282706105}, "datetime": {"datetime": "2023-11-22 15:37:34", "elapsed": 763.559621, "delta": 5.389076}}
{"target": 549.5953602755076, "params": {"d1": 2.7507365445475886, "d2": 1.9631090082299933, "i1": 0.0, "i2": 0.0, "p1": 4.00478974254334, "p2": 2.404472176026402}, "datetime": {"datetime": "2023-11-22 15:37:36", "elapsed": 766.275861, "delta": 2.71624}}
{"target": 594.5070188442136, "params": {"d1": 1.6672401595670376, "d2": 1.766417402954663, "i1": 0.4663290230745624, "i2": 0.0, "p1": 3.244454309441815, "p2": 3.6836794522913214}, "datetime": {"datetime": "2023-11-22 15:37:40", "elapsed": 769.688398, "delta": 3.412537}}
{"target": -18.397672388412733, "params": {"d1": 0.0, "d2": 5.0, "i1": 1.0, "i2": 0.0, "p1": 0.0, "p2": 0.0}, "datetime": {"datetime": "2023-11-22 15:37:42", "elapsed": 772.316795, "delta": 2.628397}}
{"target": 619.3500796283085, "params": {"d1": 1.3775502766276915, "d2": 2.1668228760738786, "i1": 1.0, "i2": 0.0, "p1": 1.7203333431309, "p2": 2.8542380795759423}, "datetime": {"datetime": "2023-11-22 15:37:46", "elapsed": 776.460785, "delta": 4.14399}}
{"target": 536.1016594168191, "params": {"d1": 3.9666605780830455, "d2": 2.358848054869463, "i1": 0.0, "i2": 0.0, "p1": 4.0753457098030905, "p2": 3.176100883923843}, "datetime": {"datetime": "2023-11-22 15:37:50", "elapsed": 779.568657, "delta": 3.107872}}
{"target": 537.4478345130829, "params": {"d1": 1.9172176135956633, "d2": 4.0357607891955345, "i1": 1.0, "i2": 1.0, "p1": 3.4675145727250833, "p2": 5.0}, "datetime": {"datetime": "2023-11-22 15:37:56", "elapsed": 785.65749, "delta": 6.088833}}
{"target": 493.9703318825032, "params": {"d1": 3.2554406452516864, "d2": 0.9315681250639909, "i1": 1.0, "i2": 0.0, "p1": 5.0, "p2": 1.0779849163701658}, "datetime": {"datetime": "2023-11-22 15:37:59", "elapsed": 788.674889, "delta": 3.017399}}
{"target": 506.3487396628934, "params": {"d1": 1.8443058891892468, "d2": 3.7864872383557913, "i1": 0.0, "i2": 1.0, "p1": 4.093646903275153, "p2": 1.7063941179428908}, "datetime": {"datetime": "2023-11-22 15:38:04", "elapsed": 793.79436, "delta": 5.119471}}
{"target": 603.9979326970713, "params": {"d1": 1.6096183596347209, "d2": 2.367851715262928, "i1": 0.4872032362671207, "i2": 0.042205547910483365, "p1": 1.568546994912855, "p2": 2.916904800262353}, "datetime": {"datetime": "2023-11-22 15:38:07", "elapsed": 797.299645, "delta": 3.505285}}
{"target": 532.780269965194, "params": {"d1": 1.9266079994769547, "d2": 1.706528067773192, "i1": 0.0, "i2": 0.0, "p1": 1.4139472691589727, "p2": 3.8660968788090173}, "datetime": {"datetime": "2023-11-22 15:38:13", "elapsed": 802.784242, "delta": 5.484597}}
{"target": 585.2177759654828, "params": {"d1": 0.8923257192855195, "d2": 2.579386363150308, "i1": 0.5072403546865017, "i2": 0.0, "p1": 1.420233399811352, "p2": 2.5735951637157233}, "datetime": {"datetime": "2023-11-22 15:38:16", "elapsed": 805.666538, "delta": 2.882296}}
{"target": 512.1174530490239, "params": {"d1": 1.8825031608664438, "d2": 3.100321437361551, "i1": 1.0, "i2": 0.0, "p1": 1.7483092952856818, "p2": 1.3520012267288612}, "datetime": {"datetime": "2023-11-22 15:38:19", "elapsed": 808.565297, "delta": 2.898759}}
{"target": 589.6068603192543, "params": {"d1": 2.51039546574754, "d2": 1.9358446441858976, "i1": 0.7496324456295689, "i2": 0.4374905135635366, "p1": 1.9162220324796957, "p2": 2.4698224645040927}, "datetime": {"datetime": "2023-11-22 15:38:22", "elapsed": 811.944429, "delta": 3.379132}}
