{"target": 491.65408057348924, "params": {"d1": 2.7440675196366238, "d2": 3.5759468318620975, "i1": 0.6027633760716439, "i2": 0.5448831829968969, "p1": 2.1182739966945237, "p2": 3.2294705653332807}, "datetime": {"datetime": "2023-11-22 15:24:50", "elapsed": 0.0, "delta": 0.0}}
{"target": 512.2306887037853, "params": {"d1": 2.1879360563134624, "d2": 4.4588650039103985, "i1": 0.9636627605010293, "i2": 0.3834415188257777, "p1": 3.958625190413323, "p2": 2.644474598764522}, "datetime": {"datetime": "2023-11-22 15:24:50", "elapsed": 0.309503, "delta": 0.309503}}
{"target": 377.76861613165397, "params": {"d1": 2.8402228054696614, "d2": 4.627983191463305, "i1": 0.07103605819788694, "i2": 0.08712929970154071, "p1": 0.1010919872016286, "p2": 4.16309922773969}, "datetime": {"datetime": "2023-11-22 15:24:51", "elapsed": 0.621526, "delta": 0.312023}}
{"target": 488.09482050315955, "params": {"d1": 3.8907837547492523, "d2": 4.3500607412340955, "i1": 0.978618342232764, "i2": 0.7991585642167236, "p1": 2.3073968112646592, "p2": 3.902645881432277}, "datetime": {"datetime": "2023-11-22 15:24:51", "elapsed": 0.931588, "delta": 0.310062}}
{"target": 449.07036866407196, "params": {"d1": 0.5913721293446661, "d2": 3.199605106637619, "i1": 0.1433532874090464, "i2": 0.9446689170495839, "p1": 2.6092416087503585, "p2": 2.0733096999526177}, "datetime": {"datetime": "2023-11-22 15:24:51", "elapsed": 1.241359, "delta": 0.309771}}
{"target": 403.260787199755, "params": {"d1": 1.322778060523135, "d2": 3.871168447171083, "i1": 0.45615033221654855, "i2": 0.5684339488686485, "p1": 0.09394900218177571, "p2": 3.0881774853793855}, "datetime": {"datetime": "2023-11-22 15:24:52", "elapsed": 1.556081, "delta": 0.314722}}
{"target": 488.23918902142736, "params": {"d1": 3.060478613612107, "d2": 3.0846699843737846, "i1": 0.9437480785146242, "i2": 0.6818202991034834, "p1": 1.79753950286893, "p2": 2.1851597689967073}, "datetime": {"datetime": "2023-11-22 15:24:52", "elapsed": 1.868014, "delta": 0.311933}}
{"target": 195.4715992123314, "params": {"d1": 3.4881559796363244, "d2": 0.30112735814634917, "i1": 0.6667667154456677, "i2": 0.6706378696181594, "p1": 1.0519128053692044, "p2": 0.6446314882742665}, "datetime": {"datetime": "2023-11-22 15:24:52", "elapsed": 2.18336, "delta": 0.315346}}
{"target": 433.97095975539423, "params": {"d1": 1.5771417546209192, "d2": 1.818553854713113, "i1": 0.5701967704178796, "i2": 0.43860151346232035, "p1": 4.941869190296131, "p2": 0.5102240537401403}, "datetime": {"datetime": "2023-11-22 15:24:52", "elapsed": 2.493928, "delta": 0.310568}}
{"target": 652.7795090766897, "params": {"d1": 1.0443837804741736, "d2": 0.8065475894249813, "i1": 0.6531083254653984, "i2": 0.2532916025397821, "p1": 2.331553864281531, "p2": 1.2221279600080137}, "datetime": {"datetime": "2023-11-22 15:24:53", "elapsed": 2.811786, "delta": 0.317858}}
{"target": 531.5433799737625, "params": {"d1": 0.7948479182275986, "d2": 0.5518757058215257, "i1": 0.6563295894652734, "i2": 0.1381829513486138, "p1": 0.9829118084002675, "p2": 1.8436258533048204}, "datetime": {"datetime": "2023-11-22 15:24:53", "elapsed": 3.123703, "delta": 0.311917}}
{"target": 460.2043615370014, "params": {"d1": 4.104966149239676, "d2": 0.48550637896530635, "i1": 0.8379449074988039, "i2": 0.09609840789396307, "p1": 4.882297325066979, "p2": 2.343256008238508}, "datetime": {"datetime": "2023-11-22 15:24:53", "elapsed": 3.438598, "delta": 0.314895}}
{"target": 390.764919356557, "params": {"d1": 4.883805440951686, "d2": 3.02422759872523, "i1": 0.7392635793983017, "i2": 0.039187792254320675, "p1": 1.414034812882048, "p2": 0.6009828060658445}, "datetime": {"datetime": "2023-11-22 15:24:54", "elapsed": 3.753319, "delta": 0.314721}}
{"target": 294.6728057616908, "params": {"d1": 1.4807009876107247, "d2": 0.5936385947712203, "i1": 0.317983179393976, "i2": 0.41426299451466997, "p1": 0.3207374817439218, "p2": 3.4623605968500994}, "datetime": {"datetime": "2023-11-22 15:24:54", "elapsed": 4.064543, "delta": 0.311224}}
{"target": 463.47007678378924, "params": {"d1": 2.8330072710328755, "d2": 1.326947454697227, "i1": 0.5232480534666997, "i2": 0.09394051075844168, "p1": 2.8797324777808964, "p2": 4.646480987881071}, "datetime": {"datetime": "2023-11-22 15:24:54", "elapsed": 4.381803, "delta": 0.31726}}
{"target": 532.329790682363, "params": {"d1": 1.5928447622566182, "d2": 3.3370518998184084, "i1": 0.13179786240439217, "i2": 0.7163272041185655, "p1": 1.4470304647360055, "p2": 0.9159568100355842}, "datetime": {"datetime": "2023-11-22 15:24:55", "elapsed": 4.693474, "delta": 0.311671}}
{"target": 390.5079760783433, "params": {"d1": 2.9325646740504157, "d2": 0.10053773093746776, "i1": 0.8289400292173631, "i2": 0.004695476192547066, "p1": 3.3890826839811505, "p2": 1.3500398659608241}, "datetime": {"datetime": "2023-11-22 15:24:55", "elapsed": 5.007721, "delta": 0.314247}}
{"target": 504.48283282379396, "params": {"d1": 3.6759701106129743, "d2": 4.810942725587191, "i1": 0.24875314351995803, "i2": 0.5761573344178369, "p1": 2.9602096563591953, "p2": 2.861259528954367}, "datetime": {"datetime": "2023-11-22 15:24:55", "elapsed": 5.338425, "delta": 0.330704}}
{"target": 481.5861069961873, "params": {"d1": 1.1154081632030914, "d2": 4.763745057584925, "i1": 0.44712537861762736, "i2": 0.8464086724711278, "p1": 3.4973963765875213, "p2": 1.4871847542756682}, "datetime": {"datetime": "2023-11-22 15:24:56", "elapsed": 5.651523, "delta": 0.313098}}
{"target": 530.032079182114, "params": {"d1": 4.068989098512386, "d2": 1.9825287042349231, "i1": 0.8811031971111616, "i2": 0.5812728726358587, "p1": 4.408676809274264, "p2": 3.4626579503888295}, "datetime": {"datetime": "2023-11-22 15:24:56", "elapsed": 5.969285, "delta": 0.317762}}
{"target": 514.5366338712713, "params": {"d1": 3.6262713990982025, "d2": 2.506621909633511, "i1": 0.9560836347232239, "i2": 0.6439901992296374, "p1": 2.1192752427908985, "p2": 3.031966070639622}, "datetime": {"datetime": "2023-11-22 15:24:56", "elapsed": 6.29446, "delta": 0.325175}}
{"target": 288.8661027291691, "params": {"d1": 0.09596599154666763, "d2": 1.5078740833727466, "i1": 0.660173537492685, "i2": 0.29007760721044407, "p1": 3.0900771449942077, "p2": 2.1438435047288307}, "datetime": {"datetime": "2023-11-22 15:24:57", "elapsed": 6.611397, "delta": 0.316937}}
{"target": 425.1481568045463, "params": {"d1": 0.6773703211122512, "d2": 1.4914116297801538, "i1": 0.5699649107012649, "i2": 0.5908727612481732, "p1": 2.871626244247894, "p2": 3.2660040992856683}, "datetime": {"datetime": "2023-11-22 15:24:57", "elapsed": 6.92249, "delta": 0.311093}}
{"target": 482.5469406524173, "params": {"d1": 3.2605163500084444, "d2": 2.15709217716987, "i1": 0.896546595851063, "i2": 0.36756187004789653, "p1": 2.179324626328134, "p2": 4.45961677507836}, "datetime": {"datetime": "2023-11-22 15:24:57", "elapsed": 7.23653, "delta": 0.31404}}
{"target": 502.53689602387533, "params": {"d1": 4.030969945230429, "d2": 3.5194429177018316, "i1": 0.10022688731230112, "i2": 0.9194826137446735, "p1": 3.571206497745557, "p2": 4.994235032839333}, "datetime": {"datetime": "2023-11-22 15:24:58", "elapsed": 7.55004, "delta": 0.31351}}
{"target": 545.9462722763867, "params": {"d1": 0.7472415232899687, "d2": 4.340630286841071, "i1": 0.16249293467637482, "i2": 0.6155595642838442, "p1": 0.6190999142472076, "p2": 4.240041146611172}, "datetime": {"datetime": "2023-11-22 15:24:58", "elapsed": 7.864195, "delta": 0.314155}}
{"target": 528.8290016282036, "params": {"d1": 4.036594793625054, "d2": 2.8455036930729665, "i1": 0.40718329722599966, "i2": 0.06916699545513805, "p1": 3.4871438657228184, "p2": 2.2677134133903443}, "datetime": {"datetime": "2023-11-22 15:24:58", "elapsed": 8.176472, "delta": 0.312277}}
{"target": 331.0819358045483, "params": {"d1": 3.61027799735174, "d2": 4.331911629643146, "i1": 0.9755215050028858, "i2": 0.855803342392611, "p1": 0.05857042092500986, "p2": 1.7998903223918195}, "datetime": {"datetime": "2023-11-22 15:24:58", "elapsed": 8.487172, "delta": 0.3107}}
{"target": 368.6268804978902, "params": {"d1": 3.64995281212029, "d2": 0.8581483863072026, "i1": 0.5210366062041293, "i2": 0.05433798833925363, "p1": 0.9999826244820004, "p2": 0.09260897230306986}, "datetime": {"datetime": "2023-11-22 15:24:59", "elapsed": 8.801599, "delta": 0.314427}}
{"target": 357.2219771039833, "params": {"d1": 3.968488516787103, "d2": 1.1196234403019005, "i1": 0.3453516806969027, "i2": 0.9280812934655909, "p1": 3.5220720096176636, "p2": 0.15919464765653923}, "datetime": {"datetime": "2023-11-22 15:24:59", "elapsed": 9.117834, "delta": 0.316235}}
{"target": 652.2979930589463, "params": {"d1": 0.93967195966589, "d2": 0.6242945997296634, "i1": 0.638617129020368, "i2": 0.1487452694610399, "p1": 1.8154324884915245, "p2": 0.9213107973805292}, "datetime": {"datetime": "2023-11-22 15:25:00", "elapsed": 9.709306, "delta": 0.591472}}
{"target": 587.701536710038, "params": {"d1": 1.218630979570833, "d2": 1.4157617302412788, "i1": 0.5023949776643583, "i2": 0.19011206396097982, "p1": 1.8989572993588257, "p2": 0.8409940909152782}, "datetime": {"datetime": "2023-11-22 15:25:01", "elapsed": 10.642313, "delta": 0.933007}}
{"target": 383.27133774749217, "params": {"d1": 0.8914497381128264, "d2": 0.387489215258684, "i1": 0.09508122299666656, "i2": 0.655767926595035, "p1": 2.2326265226783026, "p2": 0.8570562152126445}, "datetime": {"datetime": "2023-11-22 15:25:01", "elapsed": 11.365522, "delta": 0.723209}}
{"target": 509.1932791035844, "params": {"d1": 1.0071997002730915, "d2": 0.5116801316876002, "i1": 0.9519229220950141, "i2": 0.3558814346747472, "p1": 2.018024904026863, "p2": 1.368008738696177}, "datetime": {"datetime": "2023-11-22 15:25:02", "elapsed": 12.026227, "delta": 0.660705}}
{"target": 549.688271794483, "params": {"d1": 0.8263137992911029, "d2": 0.9489431783634139, "i1": 0.4642515943181277, "i2": 0.8956329643634703, "p1": 2.349213384303253, "p2": 0.9536741458175607}, "datetime": {"datetime": "2023-11-22 15:25:02", "elapsed": 12.463918, "delta": 0.437691}}
{"target": 488.5978480352302, "params": {"d1": 0.8578320101428252, "d2": 0.989310817005511, "i1": 0.7292598453014709, "i2": 0.004108856293233817, "p1": 2.144294318157363, "p2": 0.9038217654168151}, "datetime": {"datetime": "2023-11-22 15:25:03", "elapsed": 13.216393, "delta": 0.752475}}
{"target": 470.47208268065884, "params": {"d1": 3.2842556973940393, "d2": 0.6581500319040307, "i1": 0.6364987824127262, "i2": 0.7790947400463784, "p1": 1.2623734311078079, "p2": 1.2113650988466689}, "datetime": {"datetime": "2023-11-22 15:25:04", "elapsed": 13.679594, "delta": 0.463201}}
{"target": 410.20291979534153, "params": {"d1": 3.9424979897064203, "d2": 4.636501996995713, "i1": 0.9909277453888534, "i2": 0.8035227605030054, "p1": 3.685596750459651, "p2": 0.5654915861879517}, "datetime": {"datetime": "2023-11-22 15:25:04", "elapsed": 14.179461, "delta": 0.499867}}
{"target": 624.9424555055211, "params": {"d1": 1.0894664567502033, "d2": 0.8054608288700649, "i1": 0.9563607874173996, "i2": 0.17391816956293182, "p1": 1.798307434264521, "p2": 0.8368700530741574}, "datetime": {"datetime": "2023-11-22 15:25:05", "elapsed": 14.934599, "delta": 0.755138}}
{"target": 594.9919102136762, "params": {"d1": 1.277028707677802, "d2": 1.5066662754916937, "i1": 0.21162395610678375, "i2": 0.15498757038050215, "p1": 2.02582933398633, "p2": 0.7677644734213274}, "datetime": {"datetime": "2023-11-22 15:25:05", "elapsed": 15.362239, "delta": 0.42764}}
{"target": 627.583402151116, "params": {"d1": 1.2481890323285139, "d2": 0.8336300226204303, "i1": 0.5789843099538691, "i2": 0.310917605800638, "p1": 1.9631643225370496, "p2": 1.047392570491919}, "datetime": {"datetime": "2023-11-22 15:25:06", "elapsed": 16.092504, "delta": 0.730265}}
{"target": 378.15889975454496, "params": {"d1": 0.6848906170933994, "d2": 1.3027236693555637, "i1": 0.22595029562546942, "i2": 0.12947507483927623, "p1": 4.875307926959688, "p2": 2.801301052081635}, "datetime": {"datetime": "2023-11-22 15:25:07", "elapsed": 16.583876, "delta": 0.491372}}
{"target": 456.86477757428685, "params": {"d1": 4.632680146209049, "d2": 2.6735130959463027, "i1": 0.34844281451844317, "i2": 0.5585691568062746, "p1": 1.3556239594095953, "p2": 4.327877367281387}, "datetime": {"datetime": "2023-11-22 15:25:07", "elapsed": 17.082884, "delta": 0.499008}}
{"target": 644.0894801000295, "params": {"d1": 1.1032460885379503, "d2": 0.7941934334825616, "i1": 0.6309594726980297, "i2": 0.1767206198027358, "p1": 1.481198087256953, "p2": 0.9506901850973931}, "datetime": {"datetime": "2023-11-22 15:25:08", "elapsed": 17.879484, "delta": 0.7966}}
{"target": 341.2832668246736, "params": {"d1": 1.6036586156997712, "d2": 0.2138491639944229, "i1": 0.868840172067525, "i2": 0.38833522489875427, "p1": 2.315234828668611, "p2": 1.7380867413542873}, "datetime": {"datetime": "2023-11-22 15:25:08", "elapsed": 18.396513, "delta": 0.517029}}
{"target": 514.241629920464, "params": {"d1": 1.2980882424296825, "d2": 0.5549807885309676, "i1": 0.6597963465010858, "i2": 0.0, "p1": 1.6882219199659998, "p2": 0.7669169173217264}, "datetime": {"datetime": "2023-11-22 15:25:09", "elapsed": 19.110393, "delta": 0.71388}}
{"target": 645.4920953452676, "params": {"d1": 0.8882422784268872, "d2": 0.8791036999164085, "i1": 0.6909767050353963, "i2": 0.46682399756445625, "p1": 1.6968736349236624, "p2": 0.9916542366855947}, "datetime": {"datetime": "2023-11-22 15:25:10", "elapsed": 19.816552, "delta": 0.706159}}
{"target": 387.3056660638215, "params": {"d1": 4.8651221113663095, "d2": 3.460628665815237, "i1": 0.4234008793314141, "i2": 0.08899089541712091, "p1": 0.37777642469288, "p2": 1.7817412666150778}, "datetime": {"datetime": "2023-11-22 15:25:10", "elapsed": 20.333808, "delta": 0.517256}}
{"target": 514.3989743286762, "params": {"d1": 2.622323087547037, "d2": 4.668891654884576, "i1": 0.19965654318241433, "i2": 0.23329739831392515, "p1": 4.401865973652078, "p2": 2.4636094104944526}, "datetime": {"datetime": "2023-11-22 15:25:11", "elapsed": 20.862996, "delta": 0.529188}}
{"target": 489.02071988746064, "params": {"d1": 3.219272687015339, "d2": 2.3322759973539373, "i1": 0.7796427299305231, "i2": 0.35901554787568446, "p1": 1.9550376828224554, "p2": 4.6108493902740735}, "datetime": {"datetime": "2023-11-22 15:25:11", "elapsed": 21.371813, "delta": 0.508817}}
{"target": 661.8351318945838, "params": {"d1": 0.933439208558341, "d2": 0.8921237235871872, "i1": 0.4680168318524283, "i2": 0.1804547541835217, "p1": 1.742596287773937, "p2": 1.318777205041833}, "datetime": {"datetime": "2023-11-22 15:25:12", "elapsed": 22.200423, "delta": 0.82861}}
{"target": 594.804210140636, "params": {"d1": 1.093148754853768, "d2": 1.1635934302932296, "i1": 0.4132485317086779, "i2": 0.40728051619562344, "p1": 2.1779079554195047, "p2": 1.3987816964371735}, "datetime": {"datetime": "2023-11-22 15:25:13", "elapsed": 22.883877, "delta": 0.683454}}
{"target": 101.58287649777411, "params": {"d1": 0.008167742332654826, "d2": 3.632692811212093, "i1": 0.6900263407292748, "i2": 0.9392164770844701, "p1": 0.03581096167303344, "p2": 3.6398297056490803}, "datetime": {"datetime": "2023-11-22 15:25:13", "elapsed": 23.363151, "delta": 0.479274}}
{"target": 627.5255715630664, "params": {"d1": 0.8347378937059219, "d2": 1.0912718497241176, "i1": 0.3451466685420519, "i2": 0.22001079698598547, "p1": 1.7993745311621812, "p2": 1.3071086282189777}, "datetime": {"datetime": "2023-11-22 15:25:14", "elapsed": 24.060263, "delta": 0.697112}}
{"target": 437.8470181729481, "params": {"d1": 0.5439173775141516, "d2": 0.6987893102757101, "i1": 0.6401751494216353, "i2": 0.09001151498024403, "p1": 1.3481218603333045, "p2": 1.0697992216297054}, "datetime": {"datetime": "2023-11-22 15:25:15", "elapsed": 25.067772, "delta": 1.007509}}
{"target": 509.1296820447891, "params": {"d1": 4.08493422704227, "d2": 2.8802002701946843, "i1": 0.49704374804840035, "i2": 0.195520715245164, "p1": 3.3653709839534147, "p2": 2.2327064085128843}, "datetime": {"datetime": "2023-11-22 15:25:16", "elapsed": 25.828248, "delta": 0.760476}}
{"target": 451.3508624044384, "params": {"d1": 3.103283011876068, "d2": 1.1474981559412167, "i1": 0.7929519338904216, "i2": 0.25971577891011777, "p1": 0.2862837946227953, "p2": 1.8112099368875785}, "datetime": {"datetime": "2023-11-22 15:25:17", "elapsed": 26.533929, "delta": 0.705681}}
{"target": 568.8135982256903, "params": {"d1": 2.169350495736455, "d2": 4.385620257447751, "i1": 0.1775761576453624, "i2": 0.399828414586027, "p1": 2.0454636580569403, "p2": 3.422672745997135}, "datetime": {"datetime": "2023-11-22 15:25:17", "elapsed": 27.162798, "delta": 0.628869}}
{"target": 606.4034880668985, "params": {"d1": 1.2585384619308437, "d2": 1.1403046962787005, "i1": 0.53535567538432, "i2": 0.2708960868130911, "p1": 1.6345766544495515, "p2": 1.6716061430119828}, "datetime": {"datetime": "2023-11-22 15:25:18", "elapsed": 28.169237, "delta": 1.006439}}
{"target": 619.5314449621701, "params": {"d1": 1.2432612162284413, "d2": 1.1732622797204386, "i1": 0.22879078845440462, "i2": 0.42036455728080796, "p1": 1.4264102201786513, "p2": 1.1444184506109019}, "datetime": {"datetime": "2023-11-22 15:25:19", "elapsed": 29.153206, "delta": 0.983969}}
{"target": 370.13949736678796, "params": {"d1": 4.036860557838681, "d2": 3.697628048085173, "i1": 0.1555569776356075, "i2": 0.13979700237451054, "p1": 0.14339639691363593, "p2": 3.8578946052105803}, "datetime": {"datetime": "2023-11-22 15:25:20", "elapsed": 29.868248, "delta": 0.715042}}
{"target": 528.4870216442959, "params": {"d1": 1.2900481686342884, "d2": 1.0374383728724794, "i1": 0.0341354261507035, "i2": 0.0, "p1": 1.734476469662607, "p2": 1.3770832528719061}, "datetime": {"datetime": "2023-11-22 15:25:21", "elapsed": 30.739774, "delta": 0.871526}}
{"target": 553.9344409788496, "params": {"d1": 1.42424956225299, "d2": 1.4118717967710992, "i1": 0.7154394078207903, "i2": 0.36613660617735855, "p1": 0.9329545658502791, "p2": 1.1897020688623983}, "datetime": {"datetime": "2023-11-22 15:25:22", "elapsed": 31.889432, "delta": 1.149658}}
{"target": 371.7123930016096, "params": {"d1": 4.425869526324176, "d2": 4.4892003415019435, "i1": 0.33672736540753034, "i2": 0.9064054565296801, "p1": 2.968301628121969, "p2": 0.06167707203046935}, "datetime": {"datetime": "2023-11-22 15:25:23", "elapsed": 32.563616, "delta": 0.674184}}
{"target": 335.2533276316701, "params": {"d1": 2.3317059179678283, "d2": 0.338189317375458, "i1": 0.1658648027076024, "i2": 0.8044822340723162, "p1": 3.0216609965957293, "p2": 1.1326957615273043}, "datetime": {"datetime": "2023-11-22 15:25:23", "elapsed": 33.2633, "delta": 0.699684}}
{"target": 602.3458504166672, "params": {"d1": 1.1637431607642688, "d2": 1.47299332839306, "i1": 0.5671094046827283, "i2": 0.9017287651305125, "p1": 1.5851880471100952, "p2": 1.0978614766431551}, "datetime": {"datetime": "2023-11-22 15:25:24", "elapsed": 34.436027, "delta": 1.172727}}
{"target": 382.7722185104329, "params": {"d1": 4.015053184261594, "d2": 3.885344691097142, "i1": 0.8096874495781792, "i2": 0.5782861621070854, "p1": 0.19010583083454435, "p2": 4.7144786329944885}, "datetime": {"datetime": "2023-11-22 15:25:25", "elapsed": 35.135948, "delta": 0.699921}}
{"target": 504.4022782581627, "params": {"d1": 2.6579247408388813, "d2": 3.7484073111217864, "i1": 0.668480536533774, "i2": 0.5457651120295829, "p1": 2.147524067242756, "p2": 3.294229654546521}, "datetime": {"datetime": "2023-11-22 15:25:26", "elapsed": 35.843643, "delta": 0.707695}}
{"target": 413.55511452657237, "params": {"d1": 3.6632583823979377, "d2": 1.5279330796015738, "i1": 0.5488860900715569, "i2": 0.3028429874288944, "p1": 3.1021011766348163, "p2": 0.20952055240061995}, "datetime": {"datetime": "2023-11-22 15:25:27", "elapsed": 36.544096, "delta": 0.700453}}
{"target": 544.5805344134905, "params": {"d1": 1.0263588128621897, "d2": 1.7556295325948286, "i1": 0.03140971575912899, "i2": 0.5814832147033492, "p1": 1.6272957080888077, "p2": 1.0341387894918386}, "datetime": {"datetime": "2023-11-22 15:25:27", "elapsed": 37.498376, "delta": 0.95428}}
{"target": 524.9824984175301, "params": {"d1": 1.2928505657635012, "d2": 1.1206541782555293, "i1": 0.815083864716172, "i2": 0.681515755560858, "p1": 1.4394429337295649, "p2": 0.5689761150114373}, "datetime": {"datetime": "2023-11-22 15:25:29", "elapsed": 38.668172, "delta": 1.169796}}
{"target": 609.4597022426647, "params": {"d1": 1.0979922128641122, "d2": 1.1831429007907701, "i1": 0.19949353565046157, "i2": 0.567438846256174, "p1": 1.021382523022834, "p2": 1.7535508755681413}, "datetime": {"datetime": "2023-11-22 15:25:30", "elapsed": 39.542475, "delta": 0.874303}}
{"target": 621.1849517940641, "params": {"d1": 0.8533575771714691, "d2": 1.068076373876562, "i1": 0.6106518312037417, "i2": 0.9110116544553469, "p1": 1.6242207946914893, "p2": 1.5691037584883016}, "datetime": {"datetime": "2023-11-22 15:25:31", "elapsed": 40.765366, "delta": 1.222891}}
{"target": 595.6895304321574, "params": {"d1": 1.3163175143106167, "d2": 0.9260701270176241, "i1": 0.5654326298104196, "i2": 0.9710193816276309, "p1": 1.1309817482869327, "p2": 1.506043215010526}, "datetime": {"datetime": "2023-11-22 15:25:32", "elapsed": 41.783311, "delta": 1.017945}}
{"target": 616.1652345971111, "params": {"d1": 0.9385729689444278, "d2": 1.8564538247311395, "i1": 0.7120246865384283, "i2": 0.8067232990862638, "p1": 0.9811129455821549, "p2": 1.856547484058881}, "datetime": {"datetime": "2023-11-22 15:25:33", "elapsed": 42.831301, "delta": 1.04799}}
{"target": 627.0453347621516, "params": {"d1": 0.8826818594673758, "d2": 1.700327604708523, "i1": 0.26036586022966945, "i2": 0.7320874953325027, "p1": 1.56655504552399, "p2": 2.119113512624258}, "datetime": {"datetime": "2023-11-22 15:25:34", "elapsed": 44.074729, "delta": 1.243428}}
