{"target": 577.238409041733, "params": {"d1": 1.719024734634419, "d2": 0.923394403365257, "i1": 0.0, "i2": 1.0, "p1": 2.9598531994947277, "p2": 2.0445130547707144}, "datetime": {"datetime": "2023-11-22 15:44:36", "elapsed": 1186.20246, "delta": 9.280411}}
{"target": 629.9637409635833, "params": {"d1": 1.662042484049101, "d2": 1.684591021119544, "i1": 0.15094572359515968, "i2": 0.5222844211990109, "p1": 2.8479131296497098, "p2": 1.1215560704615624}, "datetime": {"datetime": "2023-11-22 15:44:42", "elapsed": 1192.164679, "delta": 5.962219}}
{"target": 548.198110145036, "params": {"d1": 1.1631776025262326, "d2": 3.522000932863082, "i1": 1.0, "i2": 0.0, "p1": 2.672926150372599, "p2": 3.98006093932054}, "datetime": {"datetime": "2023-11-22 15:44:48", "elapsed": 1197.574554, "delta": 5.409875}}
{"target": 509.6576141134852, "params": {"d1": 1.3395031949928775, "d2": 1.3005791065475025, "i1": 0.031171690405082053, "i2": 0.7205153352542997, "p1": 3.2858258932538895, "p2": 0.5193547201382054}, "datetime": {"datetime": "2023-11-22 15:44:52", "elapsed": 1201.972968, "delta": 4.398414}}
{"target": 393.3530259270717, "params": {"d1": 2.3414744986604252, "d2": 5.0, "i1": 0.0, "i2": 1.0, "p1": 3.747725092849322, "p2": 0.0}, "datetime": {"datetime": "2023-11-22 15:44:58", "elapsed": 1207.863624, "delta": 5.890656}}
{"target": 569.7620874565736, "params": {"d1": 1.1959167674367375, "d2": 3.9273107584808273, "i1": 1.0, "i2": 0.0, "p1": 2.1446675593002658, "p2": 5.0}, "datetime": {"datetime": "2023-11-22 15:45:03", "elapsed": 1213.41967, "delta": 5.556046}}
{"target": 612.9321031295198, "params": {"d1": 1.4311299664808719, "d2": 1.220533054020689, "i1": 0.02832393342592232, "i2": 0.43825581271970504, "p1": 3.594849951696613, "p2": 1.7976222107779016}, "datetime": {"datetime": "2023-11-22 15:45:08", "elapsed": 1218.190299, "delta": 4.770629}}
{"target": 660.9085194775674, "params": {"d1": 1.9101354246992808, "d2": 1.2959495802623495, "i1": 0.12519965117471799, "i2": 0.7542093332223616, "p1": 3.272690875469899, "p2": 1.4284206796342158}, "datetime": {"datetime": "2023-11-22 15:45:12", "elapsed": 1221.932712, "delta": 3.742413}}
{"target": 599.3012196517892, "params": {"d1": 1.8104351744905052, "d2": 1.3885282816571276, "i1": 0.39344268360516943, "i2": 0.36412733550032517, "p1": 3.024190264257518, "p2": 1.7997907391079266}, "datetime": {"datetime": "2023-11-22 15:45:17", "elapsed": 1226.581449, "delta": 4.648737}}
{"target": 629.0974393313041, "params": {"d1": 1.6854873759499553, "d2": 1.0304057898944379, "i1": 0.0, "i2": 0.831924008890629, "p1": 3.499129012922746, "p2": 1.5138210376422199}, "datetime": {"datetime": "2023-11-22 15:45:23", "elapsed": 1232.773188, "delta": 6.191739}}
{"target": 546.2255243119223, "params": {"d1": 2.016394653346151, "d2": 1.509505082486491, "i1": 0.0, "i2": 1.0, "p1": 2.8922279968673945, "p2": 1.0485414334465004}, "datetime": {"datetime": "2023-11-22 15:45:28", "elapsed": 1237.971564, "delta": 5.198376}}
{"target": 501.64647477046384, "params": {"d1": 2.782937164333767, "d2": 2.7406296234735494, "i1": 1.0, "i2": 1.0, "p1": 3.7974712331556955, "p2": 2.425026380775352}, "datetime": {"datetime": "2023-11-22 15:45:32", "elapsed": 1241.85266, "delta": 3.881096}}
{"target": 531.0127445592952, "params": {"d1": 3.1671807823298406, "d2": 2.491339630044721, "i1": 0.0, "i2": 0.0, "p1": 2.8953417115163362, "p2": 3.4020631280911053}, "datetime": {"datetime": "2023-11-22 15:45:35", "elapsed": 1244.831976, "delta": 2.979316}}
{"target": 143.91354495070334, "params": {"d1": 0.0, "d2": 2.7299602462834214, "i1": 1.0, "i2": 1.0, "p1": 5.0, "p2": 0.0}, "datetime": {"datetime": "2023-11-22 15:45:38", "elapsed": 1248.071648, "delta": 3.239672}}
{"target": 565.3145636254154, "params": {"d1": 2.363674311692789, "d2": 2.2075167976967855, "i1": 0.0, "i2": 0.5238419281716417, "p1": 2.6282992113084465, "p2": 1.9247496737353296}, "datetime": {"datetime": "2023-11-22 15:45:42", "elapsed": 1252.43036, "delta": 4.358712}}
{"target": 525.1834075899308, "params": {"d1": 5.0, "d2": 1.2441800692377198, "i1": 1.0, "i2": 0.0, "p1": 4.382307730163872, "p2": 2.76564623896879}, "datetime": {"datetime": "2023-11-22 15:45:47", "elapsed": 1257.500254, "delta": 5.069894}}
{"target": 574.4695572888978, "params": {"d1": 3.0421773271114856, "d2": 1.4397259006152003, "i1": 0.0, "i2": 1.0, "p1": 4.135899629238571, "p2": 1.708960307179418}, "datetime": {"datetime": "2023-11-22 15:45:53", "elapsed": 1262.704893, "delta": 5.204639}}
{"target": 570.2236256955796, "params": {"d1": 3.7361075725198964, "d2": 1.332984849620687, "i1": 1.0, "i2": 1.0, "p1": 5.0, "p2": 2.17671221667669}, "datetime": {"datetime": "2023-11-22 15:45:58", "elapsed": 1267.567075, "delta": 4.862182}}
{"target": 492.2418911460248, "params": {"d1": 1.8489859465011458, "d2": 1.6930863099069082, "i1": 0.0, "i2": 0.0, "p1": 3.0713909050032244, "p2": 0.6532652025198914}, "datetime": {"datetime": "2023-11-22 15:46:02", "elapsed": 1271.700204, "delta": 4.133129}}
{"target": 591.8750775076645, "params": {"d1": 2.164796615150972, "d2": 1.7658102109170124, "i1": 0.3635882159049123, "i2": 1.0, "p1": 1.5535964279861711, "p2": 2.4174340601458932}, "datetime": {"datetime": "2023-11-22 15:46:06", "elapsed": 1275.563977, "delta": 3.863773}}
{"target": 623.7077321717943, "params": {"d1": 1.3392150064760502, "d2": 1.861367266804858, "i1": 1.0, "i2": 0.3337084823721263, "p1": 1.853192551548813, "p2": 4.064881474643246}, "datetime": {"datetime": "2023-11-22 15:46:10", "elapsed": 1280.140415, "delta": 4.576438}}
{"target": 556.4214783165396, "params": {"d1": 1.3277077544812617, "d2": 2.9172121768776487, "i1": 0.5154066684489375, "i2": 1.0, "p1": 1.9501441241331972, "p2": 1.4793142959286192}, "datetime": {"datetime": "2023-11-22 15:46:14", "elapsed": 1283.99632, "delta": 3.855905}}
{"target": 592.1962833704373, "params": {"d1": 1.3625013938652542, "d2": 1.771452608099432, "i1": 0.9604565786515779, "i2": 0.9604860974371295, "p1": 3.4029705650809596, "p2": 2.0740935876945747}, "datetime": {"datetime": "2023-11-22 15:46:20", "elapsed": 1289.576969, "delta": 5.580649}}
{"target": 570.6711349252973, "params": {"d1": 1.3241024517175908, "d2": 2.4749695694560603, "i1": 1.0, "i2": 0.0, "p1": 1.315193774590939, "p2": 2.2546986902419923}, "datetime": {"datetime": "2023-11-22 15:46:24", "elapsed": 1294.193623, "delta": 4.616654}}
{"target": 645.4623339619724, "params": {"d1": 2.1993724958374417, "d2": 1.079790468261031, "i1": 0.01642572155924154, "i2": 0.6482158142259102, "p1": 3.0667088423569067, "p2": 1.9653621219013184}, "datetime": {"datetime": "2023-11-22 15:46:32", "elapsed": 1301.663467, "delta": 7.469844}}
{"target": 588.454362587519, "params": {"d1": 1.9330998077280805, "d2": 2.092930328651107, "i1": 0.0, "i2": 0.5048721703584046, "p1": 3.9239328580572286, "p2": 3.3427598697278103}, "datetime": {"datetime": "2023-11-22 15:46:38", "elapsed": 1307.534097, "delta": 5.87063}}
{"target": 87.24167959481234, "params": {"d1": 2.818405216318688, "d2": 0.0, "i1": 1.0, "i2": 1.0, "p1": 5.0, "p2": 0.0}, "datetime": {"datetime": "2023-11-22 15:46:44", "elapsed": 1314.192682, "delta": 6.658585}}
{"target": 619.2084283244999, "params": {"d1": 1.2180630268519892, "d2": 1.8286037736994512, "i1": 0.6553647330258118, "i2": 1.0, "p1": 1.5164160029734692, "p2": 2.298547718172836}, "datetime": {"datetime": "2023-11-22 15:46:48", "elapsed": 1317.695439, "delta": 3.502757}}
{"target": 494.2787218373583, "params": {"d1": 5.0, "d2": 2.7076367825875565, "i1": 0.0, "i2": 1.0, "p1": 4.024264584398039, "p2": 2.442822882995313}, "datetime": {"datetime": "2023-11-22 15:46:53", "elapsed": 1322.815942, "delta": 5.120503}}
{"target": 244.65984177806388, "params": {"d1": 5.0, "d2": 0.0, "i1": 0.0, "i2": 0.0, "p1": 2.387039206562781, "p2": 0.0}, "datetime": {"datetime": "2023-11-22 15:46:58", "elapsed": 1327.930976, "delta": 5.115034}}
{"target": 536.6835349629682, "params": {"d1": 1.159258589404898, "d2": 1.1686939326157064, "i1": 0.9820447104716827, "i2": 0.9919708229352118, "p1": 2.833536696699652, "p2": 0.7652535491125251}, "datetime": {"datetime": "2023-11-22 15:47:03", "elapsed": 1332.57706, "delta": 4.646084}}
{"target": 601.1177235306751, "params": {"d1": 1.5577044058955059, "d2": 1.3542551115947192, "i1": 0.4879821126987489, "i2": 1.0, "p1": 0.8831175630626334, "p2": 2.0178589452522564}, "datetime": {"datetime": "2023-11-22 15:47:08", "elapsed": 1338.13679, "delta": 5.55973}}
{"target": 456.6374178027935, "params": {"d1": 3.719729141100383, "d2": 1.5644175898972226, "i1": 1.0, "i2": 0.0, "p1": 4.207800324422115, "p2": 5.0}, "datetime": {"datetime": "2023-11-22 15:47:11", "elapsed": 1341.475534, "delta": 3.338744}}
{"target": 566.2392559603173, "params": {"d1": 1.7740288395784245, "d2": 2.5888427343229257, "i1": 0.0, "i2": 0.4001181608139927, "p1": 4.242861274513376, "p2": 2.2386248849097097}, "datetime": {"datetime": "2023-11-22 15:47:16", "elapsed": 1346.375925, "delta": 4.900391}}
{"target": 605.1456813006081, "params": {"d1": 1.0736467542123382, "d2": 2.0074589422229216, "i1": 0.5810938868420304, "i2": 0.0, "p1": 1.4437834180773632, "p2": 2.7264273791492184}, "datetime": {"datetime": "2023-11-22 15:47:22", "elapsed": 1351.796615, "delta": 5.42069}}
{"target": 491.4016005573252, "params": {"d1": 5.0, "d2": 3.7023021423710523, "i1": 1.0, "i2": 0.0, "p1": 4.089049144370971, "p2": 3.6703771744401767}, "datetime": {"datetime": "2023-11-22 15:47:26", "elapsed": 1355.598025, "delta": 3.80141}}
{"target": 616.9848233913841, "params": {"d1": 1.5358147537713116, "d2": 1.3685393402842916, "i1": 0.0, "i2": 0.6442951493882948, "p1": 3.1515827732746153, "p2": 1.4292587465170568}, "datetime": {"datetime": "2023-11-22 15:47:31", "elapsed": 1360.775405, "delta": 5.17738}}
{"target": 384.4142842326296, "params": {"d1": 5.0, "d2": 2.6513373813904155, "i1": 1.0, "i2": 1.0, "p1": 0.0, "p2": 2.9394858641317234}, "datetime": {"datetime": "2023-11-22 15:47:36", "elapsed": 1366.177618, "delta": 5.402213}}
{"target": 580.438247317163, "params": {"d1": 1.589553663237736, "d2": 2.7688748889110832, "i1": 0.06263233720070582, "i2": 0.8377161255951395, "p1": 3.5308076188710174, "p2": 1.6175199879995255}, "datetime": {"datetime": "2023-11-22 15:47:42", "elapsed": 1372.166369, "delta": 5.988751}}
{"target": 451.28676555932793, "params": {"d1": 1.7026291739391912, "d2": 2.211484174913351, "i1": 1.0, "i2": 0.0, "p1": 5.0, "p2": 5.0}, "datetime": {"datetime": "2023-11-22 15:47:47", "elapsed": 1376.880224, "delta": 4.713855}}
{"target": 536.8278586261741, "params": {"d1": 1.9470573127712776, "d2": 2.4189082623416502, "i1": 0.0, "i2": 1.0, "p1": 4.603832998082592, "p2": 1.5123762561633456}, "datetime": {"datetime": "2023-11-22 15:47:51", "elapsed": 1380.676464, "delta": 3.79624}}
{"target": 615.4066425936124, "params": {"d1": 1.0406421382209778, "d2": 2.2787368112305715, "i1": 1.0, "i2": 1.0, "p1": 1.813830839009685, "p2": 2.477150091242456}, "datetime": {"datetime": "2023-11-22 15:47:56", "elapsed": 1385.773027, "delta": 5.096563}}
{"target": 610.5298350247009, "params": {"d1": 2.07515375890286, "d2": 2.3987071575998735, "i1": 0.4976571396691006, "i2": 1.0, "p1": 3.1484245547818888, "p2": 1.624858838325434}, "datetime": {"datetime": "2023-11-22 15:48:00", "elapsed": 1389.665431, "delta": 3.892404}}
{"target": 538.6594693146267, "params": {"d1": 1.5969066647929289, "d2": 2.1570010873970715, "i1": 0.13715187896676184, "i2": 0.0, "p1": 1.2214992766176411, "p2": 1.5504964456759553}, "datetime": {"datetime": "2023-11-22 15:48:04", "elapsed": 1394.304901, "delta": 4.63947}}
{"target": 637.3441380545062, "params": {"d1": 1.6829668478772137, "d2": 1.1146100194085422, "i1": 0.28985928234225977, "i2": 0.9123036888764003, "p1": 3.2744359988083076, "p2": 2.261175161253137}, "datetime": {"datetime": "2023-11-22 15:48:09", "elapsed": 1399.404996, "delta": 5.100095}}
{"target": 405.39959129097656, "params": {"d1": 3.255103130542551, "d2": 5.0, "i1": 0.0, "i2": 0.0, "p1": 1.7334730704250971, "p2": 2.8452501161635}, "datetime": {"datetime": "2023-11-22 15:48:14", "elapsed": 1403.777791, "delta": 4.372795}}
{"target": 526.5593235223677, "params": {"d1": 3.605944630136158, "d2": 1.7977383845979957, "i1": 1.0, "i2": 0.299657386560278, "p1": 5.0, "p2": 1.4764957708537478}, "datetime": {"datetime": "2023-11-22 15:48:17", "elapsed": 1407.490674, "delta": 3.712883}}
{"target": 303.95590651877507, "params": {"d1": 0.0, "d2": 5.0, "i1": 0.0, "i2": 0.0, "p1": 2.654476553861894, "p2": 5.0}, "datetime": {"datetime": "2023-11-22 15:48:23", "elapsed": 1412.973709, "delta": 5.483035}}
{"target": 579.04199015148, "params": {"d1": 1.629779217985343, "d2": 2.3570487061379737, "i1": 0.25974426894146563, "i2": 0.658259072255496, "p1": 2.8325699376741627, "p2": 1.1465036772063804}, "datetime": {"datetime": "2023-11-22 15:48:27", "elapsed": 1417.042619, "delta": 4.06891}}
{"target": 475.4894165856843, "params": {"d1": 3.137698460392343, "d2": 1.6320237611548853, "i1": 1.0, "i2": 0.0, "p1": 1.3885846050361605, "p2": 1.4026923748155282}, "datetime": {"datetime": "2023-11-22 15:48:31", "elapsed": 1420.713596, "delta": 3.670977}}
{"target": 406.72847193021886, "params": {"d1": 2.5999364482701903, "d2": 3.3967627372292215, "i1": 1.0, "i2": 1.0, "p1": 2.251071617153388, "p2": 0.0}, "datetime": {"datetime": "2023-11-22 15:48:35", "elapsed": 1425.067275, "delta": 4.353679}}
{"target": 587.855778305722, "params": {"d1": 1.2025376659477887, "d2": 1.8464687055936815, "i1": 0.0, "i2": 0.41083617498753733, "p1": 1.6448225162194865, "p2": 3.2815730477473055}, "datetime": {"datetime": "2023-11-22 15:48:41", "elapsed": 1431.070428, "delta": 6.003153}}
{"target": 489.866888225361, "params": {"d1": 3.656958066245624, "d2": 3.734643908232437, "i1": 1.0, "i2": 1.0, "p1": 4.013230870712889, "p2": 4.209838747075011}, "datetime": {"datetime": "2023-11-22 15:48:50", "elapsed": 1440.17143, "delta": 9.101002}}
{"target": 397.597294702568, "params": {"d1": 1.029041353862151, "d2": 4.0392095444535645, "i1": 1.0, "i2": 0.0, "p1": 3.5943408251932203, "p2": 2.568507639906973}, "datetime": {"datetime": "2023-11-22 15:48:56", "elapsed": 1446.472853, "delta": 6.301423}}
{"target": 533.3731856963541, "params": {"d1": 1.478808996529943, "d2": 4.6198845265247455, "i1": 0.0, "i2": 1.0, "p1": 2.290489661036833, "p2": 3.2205644184031144}, "datetime": {"datetime": "2023-11-22 15:49:04", "elapsed": 1454.268856, "delta": 7.796003}}
{"target": 675.0319587543307, "params": {"d1": 1.282451244944387, "d2": 1.6374839600799582, "i1": 1.0, "i2": 0.791318575134978, "p1": 1.9365860661554664, "p2": 1.767887806780542}, "datetime": {"datetime": "2023-11-22 15:49:09", "elapsed": 1459.105285, "delta": 4.836429}}
{"target": 540.213429803841, "params": {"d1": 1.744212635383914, "d2": 5.0, "i1": 0.6019737004049948, "i2": 0.7029716364113295, "p1": 2.0796008437553146, "p2": 4.240268039385919}, "datetime": {"datetime": "2023-11-22 15:49:18", "elapsed": 1468.173136, "delta": 9.067851}}
{"target": 500.67993886858005, "params": {"d1": 3.2129276887665443, "d2": 1.7968807988111948, "i1": 0.0, "i2": 1.0, "p1": 5.0, "p2": 4.268434818795238}, "datetime": {"datetime": "2023-11-22 15:49:23", "elapsed": 1473.410489, "delta": 5.237353}}
{"target": 607.5261377576484, "params": {"d1": 1.1886363651145095, "d2": 1.0163514461954564, "i1": 1.0, "i2": 0.5642378902857444, "p1": 2.705283498836581, "p2": 1.3841850448096726}, "datetime": {"datetime": "2023-11-22 15:49:29", "elapsed": 1478.997929, "delta": 5.58744}}
{"target": 506.4394587551322, "params": {"d1": 2.5859268101046813, "d2": 5.0, "i1": 0.0, "i2": 1.0, "p1": 4.028261911167155, "p2": 3.1127568405377875}, "datetime": {"datetime": "2023-11-22 15:49:34", "elapsed": 1484.518557, "delta": 5.520628}}
{"target": 509.88082079337545, "params": {"d1": 2.0714278294624076, "d2": 4.438344223811719, "i1": 1.0, "i2": 1.0, "p1": 3.1027634319921336, "p2": 1.8941001024182873}, "datetime": {"datetime": "2023-11-22 15:49:38", "elapsed": 1488.366177, "delta": 3.84762}}
{"target": 628.505687215548, "params": {"d1": 1.1716817708688017, "d2": 2.3335260810676215, "i1": 0.548058528072934, "i2": 0.1836529921283022, "p1": 1.8256265598362063, "p2": 2.933560992190121}, "datetime": {"datetime": "2023-11-22 15:49:43", "elapsed": 1492.584627, "delta": 4.21845}}
{"target": 611.392970936791, "params": {"d1": 0.7673709163393931, "d2": 1.1793355533097825, "i1": 0.35628410241492614, "i2": 0.5487541520412307, "p1": 1.397426157093578, "p2": 2.022340085932966}, "datetime": {"datetime": "2023-11-22 15:49:47", "elapsed": 1497.176217, "delta": 4.59159}}
{"target": 599.7030897357399, "params": {"d1": 1.6420908628379314, "d2": 1.782345534459042, "i1": 1.0, "i2": 0.689670005910276, "p1": 3.3904521249654453, "p2": 3.4547091515452304}, "datetime": {"datetime": "2023-11-22 15:49:52", "elapsed": 1502.294574, "delta": 5.118357}}
{"target": 545.1204389502375, "params": {"d1": 2.018806385595301, "d2": 2.496273514367381, "i1": 1.0, "i2": 0.0, "p1": 4.005241125489762, "p2": 2.7948491472856003}, "datetime": {"datetime": "2023-11-22 15:49:59", "elapsed": 1508.763506, "delta": 6.468932}}
{"target": 652.794311682028, "params": {"d1": 1.9992685934126004, "d2": 1.202308151295677, "i1": 0.18021822555969744, "i2": 0.6087309550972143, "p1": 2.9598423011372317, "p2": 2.3867728873921186}, "datetime": {"datetime": "2023-11-22 15:50:04", "elapsed": 1514.252088, "delta": 5.488582}}
{"target": 367.63722275116146, "params": {"d1": 1.9074954219350113, "d2": 5.0, "i1": 1.0, "i2": 0.0, "p1": 0.0, "p2": 5.0}, "datetime": {"datetime": "2023-11-22 15:50:11", "elapsed": 1521.098312, "delta": 6.846224}}
{"target": 666.5934714411662, "params": {"d1": 1.482230712327545, "d2": 1.4027340192839493, "i1": 1.0, "i2": 1.0, "p1": 2.7771600723244787, "p2": 2.1625589795966826}, "datetime": {"datetime": "2023-11-22 15:50:15", "elapsed": 1525.475343, "delta": 4.377031}}
{"target": 611.4021974779829, "params": {"d1": 1.9175845044625879, "d2": 2.1315943130460644, "i1": 1.0, "i2": 0.4043194436180306, "p1": 2.2788323462527766, "p2": 2.95075983278158}, "datetime": {"datetime": "2023-11-22 15:50:22", "elapsed": 1531.775772, "delta": 6.300429}}
{"target": 522.9768271932073, "params": {"d1": 2.170640412359386, "d2": 2.948911586604877, "i1": 0.0, "i2": 1.0, "p1": 4.104699775495258, "p2": 2.547986881586525}, "datetime": {"datetime": "2023-11-22 15:50:28", "elapsed": 1537.878816, "delta": 6.103044}}
{"target": 453.08384949133864, "params": {"d1": 3.3164282129930376, "d2": 3.620108110637565, "i1": 0.0, "i2": 0.0, "p1": 4.1814049599986545, "p2": 1.9838331700487215}, "datetime": {"datetime": "2023-11-22 15:50:32", "elapsed": 1542.495544, "delta": 4.616728}}
{"target": 586.2816317241459, "params": {"d1": 2.624622141073868, "d2": 1.9764234964525, "i1": 0.52321008425244, "i2": 1.0, "p1": 3.068041753899789, "p2": 1.9954509272968899}, "datetime": {"datetime": "2023-11-22 15:50:43", "elapsed": 1552.779121, "delta": 10.283577}}
{"target": 513.2580609386753, "params": {"d1": 4.40946644377899, "d2": 2.1116589989031493, "i1": 0.0, "i2": 1.0, "p1": 3.3011944320764615, "p2": 3.806161427432935}, "datetime": {"datetime": "2023-11-22 15:50:50", "elapsed": 1559.535945, "delta": 6.756824}}
{"target": 623.1625451679623, "params": {"d1": 1.5358161998210773, "d2": 2.05243175725796, "i1": 1.0, "i2": 0.49325126441741207, "p1": 1.5866529571551866, "p2": 3.1456832092984763}, "datetime": {"datetime": "2023-11-22 15:50:59", "elapsed": 1568.818916, "delta": 9.282971}}
{"target": 563.6362940310861, "params": {"d1": 2.226467888956873, "d2": 1.3939839307179274, "i1": 0.0, "i2": 0.4496466993849756, "p1": 4.048416502796908, "p2": 1.6216896285884501}, "datetime": {"datetime": "2023-11-22 15:51:07", "elapsed": 1576.930939, "delta": 8.112023}}
{"target": 594.0069407065992, "params": {"d1": 1.2828793278926576, "d2": 1.9106363205902759, "i1": 0.5907431038401059, "i2": 0.16898459257613818, "p1": 1.6968092431375688, "p2": 4.246546895010016}, "datetime": {"datetime": "2023-11-22 15:51:13", "elapsed": 1582.700525, "delta": 5.769586}}
{"target": 614.7158105419034, "params": {"d1": 1.8208085292040828, "d2": 2.53324428151631, "i1": 0.2967993143050914, "i2": 1.0, "p1": 2.917189722967002, "p2": 2.2216713722749044}, "datetime": {"datetime": "2023-11-22 15:51:18", "elapsed": 1587.865814, "delta": 5.165289}}
{"target": 548.6631064588292, "params": {"d1": 1.4614803931434988, "d2": 2.8129678985813356, "i1": 1.0, "i2": 1.0, "p1": 2.483411654152137, "p2": 3.247169588055932}, "datetime": {"datetime": "2023-11-22 15:51:23", "elapsed": 1592.97304, "delta": 5.107226}}
{"target": 545.1040121527695, "params": {"d1": 1.3556180127119233, "d2": 2.7051156148016786, "i1": 1.0, "i2": 0.0, "p1": 2.845916065503077, "p2": 5.0}, "datetime": {"datetime": "2023-11-22 15:51:31", "elapsed": 1601.057808, "delta": 8.084768}}
{"target": 566.5939502231288, "params": {"d1": 2.9288817592156517, "d2": 1.5152265245357222, "i1": 0.0, "i2": 1.0, "p1": 4.216948015129272, "p2": 2.6371036818290134}, "datetime": {"datetime": "2023-11-22 15:51:37", "elapsed": 1607.312493, "delta": 6.254685}}
{"target": 592.7704525071513, "params": {"d1": 1.2693249717197734, "d2": 2.4910058571266034, "i1": 1.0, "i2": 0.0, "p1": 1.6822059053732863, "p2": 4.0323174372798185}, "datetime": {"datetime": "2023-11-22 15:51:43", "elapsed": 1613.464156, "delta": 6.151663}}
{"target": 555.8093024089014, "params": {"d1": 1.5935713007274657, "d2": 3.120714367739409, "i1": 1.0, "i2": 0.0, "p1": 1.77900391233311, "p2": 5.0}, "datetime": {"datetime": "2023-11-22 15:51:53", "elapsed": 1623.291999, "delta": 9.827843}}
{"target": 505.0231277976499, "params": {"d1": 4.050691144962946, "d2": 2.8890057888450986, "i1": 1.0, "i2": 0.0, "p1": 5.0, "p2": 3.664121259636946}, "datetime": {"datetime": "2023-11-22 15:51:58", "elapsed": 1628.361386, "delta": 5.069387}}
