{"target": 362.4221919866109, "params": {"d": 0.16730968299698468, "i": 0.12963926056490244, "p": 1.1669220258564357}, "datetime": {"datetime": "2023-11-22 15:52:30", "elapsed": 1648.498189, "delta": 7.857192}}
{"target": 236.98830150558453, "params": {"d": 0.1842515458606439, "i": 0.0, "p": 3.523483689666002}, "datetime": {"datetime": "2023-11-22 15:52:35", "elapsed": 1653.848141, "delta": 5.349952}}
{"target": 393.88922059414966, "params": {"d": 0.1041027892137143, "i": 0.07630177636210772, "p": 2.077723932808984}, "datetime": {"datetime": "2023-11-22 15:52:41", "elapsed": 1659.431346, "delta": 5.583205}}
{"target": 555.5775409429939, "params": {"d": 0.07611184473880306, "i": 0.0044719260599433985, "p": 1.1388882502392632}, "datetime": {"datetime": "2023-11-22 15:52:53", "elapsed": 1671.892659, "delta": 12.461313}}
{"target": 358.54832467304004, "params": {"d": 0.059266108418511654, "i": 0.11745933766455685, "p": 2.0210221927046805}, "datetime": {"datetime": "2023-11-22 15:53:00", "elapsed": 1678.693945, "delta": 6.801286}}
{"target": 493.7522393780136, "params": {"d": 0.11267275839157509, "i": 0.007695971224863707, "p": 0.8863350931306119}, "datetime": {"datetime": "2023-11-22 15:53:04", "elapsed": 1683.02359, "delta": 4.329645}}
{"target": 242.439273333655, "params": {"d": 0.4651725350018193, "i": 0.38539750782402293, "p": 3.0621872675570962}, "datetime": {"datetime": "2023-11-22 15:53:08", "elapsed": 1686.583529, "delta": 3.559939}}
{"target": 597.8613703332612, "params": {"d": 0.0719024605938905, "i": 0.0009493793252127181, "p": 1.3329253762681859}, "datetime": {"datetime": "2023-11-22 15:53:15", "elapsed": 1694.101131, "delta": 7.517602}}
{"target": 535.5364596264474, "params": {"d": 0.06263323826057987, "i": 0.0025540674003127206, "p": 1.5185087729691444}, "datetime": {"datetime": "2023-11-22 15:53:19", "elapsed": 1697.671356, "delta": 3.570225}}
{"target": 207.6531616471003, "params": {"d": 0.9405593948427597, "i": 0.4313108172814212, "p": 1.9703940295358224}, "datetime": {"datetime": "2023-11-22 15:53:21", "elapsed": 1700.268322, "delta": 2.596966}}
{"target": 250.77740599579158, "params": {"d": 0.35018881864733564, "i": 0.03862068491387527, "p": 4.07708983624461}, "datetime": {"datetime": "2023-11-22 15:53:27", "elapsed": 1705.390217, "delta": 5.121895}}
{"target": 237.0228601969004, "params": {"d": 0.5389682447098016, "i": 0.20998591698728408, "p": 2.871818230752996}, "datetime": {"datetime": "2023-11-22 15:53:32", "elapsed": 1710.906591, "delta": 5.516374}}
{"target": 498.3237107231853, "params": {"d": 0.02513115059880333, "i": 0.0029044304041191404, "p": 0.6845967216788518}, "datetime": {"datetime": "2023-11-22 15:53:43", "elapsed": 1721.495977, "delta": 10.589386}}
{"target": 220.35867175602024, "params": {"d": 0.7186937355549669, "i": 0.12333039979829286, "p": 1.9487600121060171}, "datetime": {"datetime": "2023-11-22 15:53:46", "elapsed": 1724.76656, "delta": 3.270583}}
{"target": 390.47795926396907, "params": {"d": 0.05713999033721173, "i": 0.11666855077220456, "p": 1.8460665317049485}, "datetime": {"datetime": "2023-11-22 15:53:51", "elapsed": 1729.665954, "delta": 4.899394}}
{"target": 579.2237204646466, "params": {"d": 0.08039252837357114, "i": 0.00231188118082587, "p": 1.2191939666659195}, "datetime": {"datetime": "2023-11-22 15:53:56", "elapsed": 1734.955692, "delta": 5.289738}}
{"target": 160.2137451938405, "params": {"d": 0.8698223568657202, "i": 0.019646090816455464, "p": 1.214862099302041}, "datetime": {"datetime": "2023-11-22 15:54:00", "elapsed": 1738.381173, "delta": 3.425481}}
{"target": 222.3226584589701, "params": {"d": 0.980977787715816, "i": 0.3713396767296839, "p": 3.6612810919169556}, "datetime": {"datetime": "2023-11-22 15:54:03", "elapsed": 1742.066401, "delta": 3.685228}}
{"target": 632.8388640884272, "params": {"d": 0.12586912742541345, "i": 0.00026174183174915155, "p": 1.117526877929531}, "datetime": {"datetime": "2023-11-22 15:54:09", "elapsed": 1747.889519, "delta": 5.823118}}
{"target": 493.73960851745557, "params": {"d": 0.04154740227044629, "i": 0.008528904791022307, "p": 0.5131593548871188}, "datetime": {"datetime": "2023-11-22 15:54:13", "elapsed": 1752.200923, "delta": 4.311404}}
{"target": 243.15410827376502, "params": {"d": 0.2562138185323365, "i": 0.14164386761784942, "p": 4.505710777180209}, "datetime": {"datetime": "2023-11-22 15:54:19", "elapsed": 1757.982446, "delta": 5.781523}}
{"target": 342.48469341523906, "params": {"d": 0.0, "i": 0.15437269644019933, "p": 1.3913263790654082}, "datetime": {"datetime": "2023-11-22 15:54:26", "elapsed": 1764.36417, "delta": 6.381724}}
{"target": 349.04902273120405, "params": {"d": 0.10811606523588568, "i": 0.17509485394327018, "p": 1.8467890229280477}, "datetime": {"datetime": "2023-11-22 15:54:33", "elapsed": 1772.085111, "delta": 7.720941}}
{"target": 119.38580538183322, "params": {"d": 0.7502076556183029, "i": 0.0011033598795912036, "p": 0.20271148843361952}, "datetime": {"datetime": "2023-11-22 15:54:38", "elapsed": 1776.503, "delta": 4.417889}}
{"target": 219.28642534970098, "params": {"d": 0.8480576029328516, "i": 0.08671774065699317, "p": 2.669609452205162}, "datetime": {"datetime": "2023-11-22 15:54:44", "elapsed": 1782.351699, "delta": 5.848699}}
{"target": 638.3228811006561, "params": {"d": 0.08146630926440912, "i": 0.00022589417038298976, "p": 1.347577644941142}, "datetime": {"datetime": "2023-11-22 15:54:48", "elapsed": 1787.199348, "delta": 4.847649}}
{"target": 255.5526500395806, "params": {"d": 0.4975244343198819, "i": 0.09085008910518094, "p": 4.285526719401391}, "datetime": {"datetime": "2023-11-22 15:54:52", "elapsed": 1790.358175, "delta": 3.158827}}
{"target": 201.61940888324844, "params": {"d": 0.7912394049349506, "i": 0.42827666553352806, "p": 1.0824171153782163}, "datetime": {"datetime": "2023-11-22 15:54:54", "elapsed": 1792.765178, "delta": 2.407003}}
{"target": 247.31684503925334, "params": {"d": 0.5030616326743951, "i": 0.5, "p": 3.8661506996314925}, "datetime": {"datetime": "2023-11-22 15:55:02", "elapsed": 1800.808565, "delta": 8.043387}}
{"target": 209.91303653990738, "params": {"d": 1.0, "i": 0.2042215926156293, "p": 3.3351933541303325}, "datetime": {"datetime": "2023-11-22 15:55:07", "elapsed": 1805.66433, "delta": 4.855765}}
{"target": 242.77363989834922, "params": {"d": 0.6922336080278074, "i": 0.3960176101633286, "p": 3.606150783603397}, "datetime": {"datetime": "2023-11-22 15:55:16", "elapsed": 1815.262821, "delta": 9.598491}}
{"target": 223.4287873107336, "params": {"d": 1.0, "i": 0.23997188945037246, "p": 4.006410130733228}, "datetime": {"datetime": "2023-11-22 15:55:22", "elapsed": 1820.76284, "delta": 5.500019}}
{"target": 252.92627474833654, "params": {"d": 0.6162901296444131, "i": 0.22555343828861307, "p": 4.817797357834091}, "datetime": {"datetime": "2023-11-22 15:55:25", "elapsed": 1823.958739, "delta": 3.195899}}
{"target": 229.65870048145024, "params": {"d": 0.4578581734834361, "i": 0.21243115745192423, "p": 1.6558090574643187}, "datetime": {"datetime": "2023-11-22 15:55:34", "elapsed": 1832.464053, "delta": 8.505314}}
{"target": 247.40072863186583, "params": {"d": 0.8039599418168577, "i": 0.4883312653898802, "p": 4.548491661037661}, "datetime": {"datetime": "2023-11-22 15:55:41", "elapsed": 1839.721902, "delta": 7.257849}}
{"target": 87.84074236620043, "params": {"d": 0.9612459138313451, "i": 0.2373346683209971, "p": 0.019790862888318106}, "datetime": {"datetime": "2023-11-22 15:55:46", "elapsed": 1844.865057, "delta": 5.143155}}
{"target": 241.40852138150436, "params": {"d": 0.7938721885142344, "i": 0.15150212464262514, "p": 5.0}, "datetime": {"datetime": "2023-11-22 15:55:55", "elapsed": 1853.484597, "delta": 8.61954}}
{"target": 199.0526051768741, "params": {"d": 0.9922547149954616, "i": 0.20981900877838006, "p": 2.7867874836787143}, "datetime": {"datetime": "2023-11-22 15:56:04", "elapsed": 1862.782488, "delta": 9.297891}}
{"target": 254.70043439381465, "params": {"d": 0.5139805485055946, "i": 0.0012757081818963178, "p": 4.758213102077578}, "datetime": {"datetime": "2023-11-22 15:56:10", "elapsed": 1869.098927, "delta": 6.316439}}
{"target": 531.5736496810105, "params": {"d": 0.02591990358171714, "i": 0.00031755496697660757, "p": 0.7729541070250562}, "datetime": {"datetime": "2023-11-22 15:56:17", "elapsed": 1875.970799, "delta": 6.871872}}
{"target": 243.1748163759158, "params": {"d": 0.6592337653435912, "i": 0.4188868443036617, "p": 3.135155578177224}, "datetime": {"datetime": "2023-11-22 15:56:23", "elapsed": 1881.994917, "delta": 6.024118}}
{"target": 531.0963071133096, "params": {"d": 0.033309222217533074, "i": 0.0008647785573149269, "p": 0.4419494565954152}, "datetime": {"datetime": "2023-11-22 15:56:29", "elapsed": 1887.628584, "delta": 5.633667}}
{"target": 118.62896953175795, "params": {"d": 0.9494241066292409, "i": 0.0264417720010941, "p": 0.6597556203064231}, "datetime": {"datetime": "2023-11-22 15:56:32", "elapsed": 1891.063808, "delta": 3.435224}}
{"target": 299.00167642718327, "params": {"d": 0.007951364702657782, "i": 0.3588597546426014, "p": 0.5061964765790439}, "datetime": {"datetime": "2023-11-22 15:56:41", "elapsed": 1899.865346, "delta": 8.801538}}
{"target": 214.49352388583668, "params": {"d": 0.5492140445490282, "i": 0.06621322769048249, "p": 1.1480885584354144}, "datetime": {"datetime": "2023-11-22 15:56:44", "elapsed": 1903.060806, "delta": 3.19546}}
{"target": 262.9605930082077, "params": {"d": 0.1550805790170695, "i": 0.49600640484714636, "p": 2.611843892473631}, "datetime": {"datetime": "2023-11-22 15:56:51", "elapsed": 1909.809192, "delta": 6.748386}}
{"target": 199.3890754773482, "params": {"d": 0.03266473125920455, "i": 0.48229618803769186, "p": 4.014736597261514}, "datetime": {"datetime": "2023-11-22 15:56:59", "elapsed": 1917.369746, "delta": 7.560554}}
{"target": 251.12794132083025, "params": {"d": 0.5283974352285884, "i": 0.20459651857595607, "p": 4.921946523246647}, "datetime": {"datetime": "2023-11-22 15:57:03", "elapsed": 1921.511349, "delta": 4.141603}}
{"target": 238.99487945648553, "params": {"d": 0.7415093040476474, "i": 0.0037132965352170144, "p": 3.935413912764788}, "datetime": {"datetime": "2023-11-22 15:57:12", "elapsed": 1930.966805, "delta": 9.455456}}
{"target": 115.02102568864233, "params": {"d": 1.0, "i": 0.1916244501668314, "p": 0.3880174580711146}, "datetime": {"datetime": "2023-11-22 15:57:19", "elapsed": 1937.358547, "delta": 6.391742}}
{"target": 192.90587230463763, "params": {"d": 0.8077142584997544, "i": 0.22973016547392577, "p": 0.8065754831971639}, "datetime": {"datetime": "2023-11-22 15:57:21", "elapsed": 1940.162666, "delta": 2.804119}}
{"target": 575.6197603883103, "params": {"d": 0.14145032764811016, "i": 0.0025603537643797414, "p": 1.2900362853321194}, "datetime": {"datetime": "2023-11-22 15:57:30", "elapsed": 1948.376328, "delta": 8.213662}}
{"target": 387.45738136052756, "params": {"d": 0.01790322500915087, "i": 0.1049016690496023, "p": 1.1837729263495516}, "datetime": {"datetime": "2023-11-22 15:57:37", "elapsed": 1955.388555, "delta": 7.012227}}
{"target": 150.534438218329, "params": {"d": 0.45153283434676406, "i": 0.1192314736740182, "p": 0.3774811081329482}, "datetime": {"datetime": "2023-11-22 15:57:41", "elapsed": 1959.768332, "delta": 4.379777}}
{"target": 151.60991843510084, "params": {"d": 0.13550202438663472, "i": 0.4664050854018758, "p": 0.1659109422101096}, "datetime": {"datetime": "2023-11-22 15:57:45", "elapsed": 1964.088553, "delta": 4.320221}}
{"target": 693.6659305310201, "params": {"d": 0.08768057175236299, "i": 0.0004221074911891498, "p": 1.0345682869767199}, "datetime": {"datetime": "2023-11-22 15:57:52", "elapsed": 1971.266666, "delta": 7.178113}}
{"target": 242.8806126831509, "params": {"d": 0.2776718195121909, "i": 0.2595811645592024, "p": 4.747984136366671}, "datetime": {"datetime": "2023-11-22 15:58:04", "elapsed": 1982.58647, "delta": 11.319804}}
{"target": 542.2875467234303, "params": {"d": 0.06908386970135183, "i": 0.005036297546279933, "p": 0.6946111972401714}, "datetime": {"datetime": "2023-11-22 15:58:11", "elapsed": 1990.067837, "delta": 7.481367}}
{"target": 397.59664839967866, "params": {"d": 0.08722260156629781, "i": 0.0, "p": 2.3221174327731}, "datetime": {"datetime": "2023-11-22 15:58:20", "elapsed": 1998.764892, "delta": 8.697055}}
{"target": 320.69589382181437, "params": {"d": 0.055476174720054505, "i": 0.06078308354035156, "p": 2.3438662213022243}, "datetime": {"datetime": "2023-11-22 15:58:29", "elapsed": 2008.273323, "delta": 9.508431}}
{"target": 700.623928754636, "params": {"d": 0.08217536175547724, "i": 0.00026685260147296663, "p": 0.9264106234484326}, "datetime": {"datetime": "2023-11-22 15:58:36", "elapsed": 2014.870147, "delta": 6.596824}}
{"target": 176.63022061072544, "params": {"d": 0.47735853480813095, "i": 0.35622109897268533, "p": 0.16424062010916785}, "datetime": {"datetime": "2023-11-22 15:58:45", "elapsed": 2023.660953, "delta": 8.790806}}
{"target": 246.36719755076797, "params": {"d": 0.3660376978381087, "i": 0.19210592393442555, "p": 3.1225545556859355}, "datetime": {"datetime": "2023-11-22 15:58:55", "elapsed": 2033.363378, "delta": 9.702425}}
{"target": 199.75715671316695, "params": {"d": 0.8840148810273062, "i": 0.3717018364197135, "p": 1.616873455521696}, "datetime": {"datetime": "2023-11-22 15:59:01", "elapsed": 2039.387624, "delta": 6.024246}}
{"target": 214.7206373432941, "params": {"d": 0.9952098152828062, "i": 0.45304942216433836, "p": 3.0248568284891575}, "datetime": {"datetime": "2023-11-22 15:59:06", "elapsed": 2044.768635, "delta": 5.381011}}
{"target": 224.78481728588386, "params": {"d": 0.8108872187864334, "i": 0.2992502064068739, "p": 2.3443755094477594}, "datetime": {"datetime": "2023-11-22 15:59:12", "elapsed": 2050.979723, "delta": 6.211088}}
{"target": 234.58025210083346, "params": {"d": 0.8140194311275899, "i": 0.1619723129494352, "p": 3.9614338704262564}, "datetime": {"datetime": "2023-11-22 15:59:16", "elapsed": 2054.969343, "delta": 3.98962}}
{"target": 392.90965594827327, "params": {"d": 0.18227404030161243, "i": 0.014556011512585676, "p": 1.4690779463644983}, "datetime": {"datetime": "2023-11-22 15:59:21", "elapsed": 2059.725109, "delta": 4.755766}}
{"target": 245.3732347460812, "params": {"d": 0.2508521722377498, "i": 0.5, "p": 3.158935403532222}, "datetime": {"datetime": "2023-11-22 15:59:28", "elapsed": 2066.777649, "delta": 7.05254}}
{"target": 232.60614976802765, "params": {"d": 0.7888952168388188, "i": 0.5, "p": 2.6338085379394856}, "datetime": {"datetime": "2023-11-22 15:59:36", "elapsed": 2075.280761, "delta": 8.503112}}
{"target": 231.8534673710063, "params": {"d": 0.6107579576525286, "i": 0.313927100200676, "p": 1.8640732054994302}, "datetime": {"datetime": "2023-11-22 15:59:41", "elapsed": 2079.568695, "delta": 4.287934}}
{"target": 227.04418639257935, "params": {"d": 0.19120433285980298, "i": 0.356461533857548, "p": 4.836605163632813}, "datetime": {"datetime": "2023-11-22 15:59:44", "elapsed": 2082.763298, "delta": 3.194603}}
{"target": 203.5445343297731, "params": {"d": 0.759870889676307, "i": 0.27779395623795217, "p": 0.9155718758876663}, "datetime": {"datetime": "2023-11-22 15:59:48", "elapsed": 2087.286264, "delta": 4.522966}}
{"target": 608.0743438286939, "params": {"d": 0.08481631831348801, "i": 0.0024559370540874204, "p": 1.0366802998190376}, "datetime": {"datetime": "2023-11-22 15:59:57", "elapsed": 2095.964671, "delta": 8.678407}}
{"target": 512.1594218013423, "params": {"d": 0.03960280690709039, "i": 0.0077690324507128095, "p": 1.0668562932671033}, "datetime": {"datetime": "2023-11-22 16:00:06", "elapsed": 2104.404536, "delta": 8.439865}}
{"target": 216.21176956619863, "params": {"d": 0.9302475306595822, "i": 0.43601978084009496, "p": 1.9498850817004842}, "datetime": {"datetime": "2023-11-22 16:00:09", "elapsed": 2108.264915, "delta": 3.860379}}
{"target": 238.71086669347267, "params": {"d": 0.203357358243627, "i": 0.41096068614244524, "p": 4.974534022744538}, "datetime": {"datetime": "2023-11-22 16:00:13", "elapsed": 2111.563247, "delta": 3.298332}}
{"target": 213.81145828957327, "params": {"d": 0.05490213314366721, "i": 0.36410243133463255, "p": 3.3182187087298187}, "datetime": {"datetime": "2023-11-22 16:00:17", "elapsed": 2115.850172, "delta": 4.286925}}
{"target": 577.5925988637027, "params": {"d": 0.05399643765727624, "i": 0.0031216558390412263, "p": 0.7154737703576414}, "datetime": {"datetime": "2023-11-22 16:00:22", "elapsed": 2120.999357, "delta": 5.149185}}
{"target": 257.84347616312436, "params": {"d": 0.5900029474772029, "i": 0.4294015439324732, "p": 4.557947922594237}, "datetime": {"datetime": "2023-11-22 16:00:26", "elapsed": 2124.565563, "delta": 3.566206}}
{"target": 502.54826530202206, "params": {"d": 0.11640202899475582, "i": 0.018968699856185045, "p": 1.0309182862500128}, "datetime": {"datetime": "2023-11-22 16:00:31", "elapsed": 2129.621353, "delta": 5.05579}}
{"target": 108.12217959197807, "params": {"d": 0.745158201731253, "i": 0.06259750486720228, "p": 0.1895298632013892}, "datetime": {"datetime": "2023-11-22 16:00:33", "elapsed": 2132.163575, "delta": 2.542222}}
{"target": 440.681978308961, "params": {"d": 0.06285327651461592, "i": 0.037021027180299426, "p": 1.6111280201772227}, "datetime": {"datetime": "2023-11-22 16:00:41", "elapsed": 2139.626669, "delta": 7.463094}}
{"target": 428.94442531005393, "params": {"d": 0.17072824079051185, "i": 0.0008443639015782156, "p": 0.9314129807872978}, "datetime": {"datetime": "2023-11-22 16:00:51", "elapsed": 2149.966268, "delta": 10.339599}}
{"target": 241.19900521832372, "params": {"d": 0.17126481697521823, "i": 0.32725976730405143, "p": 3.042379120417446}, "datetime": {"datetime": "2023-11-22 16:00:55", "elapsed": 2153.782634, "delta": 3.816366}}
{"target": 384.48842122135903, "params": {"d": 0.07744743951576616, "i": 0.018579560065962897, "p": 0.46026644179539333}, "datetime": {"datetime": "2023-11-22 16:01:05", "elapsed": 2163.658819, "delta": 9.876185}}
{"target": 249.47257909541088, "params": {"d": 0.38514900488654813, "i": 0.19775275074525056, "p": 3.8256596737202297}, "datetime": {"datetime": "2023-11-22 16:01:09", "elapsed": 2167.786278, "delta": 4.127459}}
{"target": 395.9936823295177, "params": {"d": 0.05384611845531573, "i": 0.07322847215507189, "p": 1.0621259492821067}, "datetime": {"datetime": "2023-11-22 16:01:20", "elapsed": 2178.457965, "delta": 10.671687}}
{"target": 433.17558864005764, "params": {"d": 0.1407837104829427, "i": 0.043870316125472764, "p": 1.4713356416802363}, "datetime": {"datetime": "2023-11-22 16:01:29", "elapsed": 2188.155648, "delta": 9.697683}}
{"target": 414.19315723292334, "params": {"d": 0.11385788352206838, "i": 0.03544978677144045, "p": 0.8173093335871473}, "datetime": {"datetime": "2023-11-22 16:01:35", "elapsed": 2193.461777, "delta": 5.306129}}
{"target": 296.27965735021536, "params": {"d": 0.20637197631708548, "i": 0.020812247910348802, "p": 1.5290745619652917}, "datetime": {"datetime": "2023-11-22 16:01:42", "elapsed": 2200.538758, "delta": 7.076981}}
{"target": 476.0571388760808, "params": {"d": 0.05091248529164172, "i": 0.019780898594217722, "p": 1.1759756051484682}, "datetime": {"datetime": "2023-11-22 16:01:49", "elapsed": 2208.018281, "delta": 7.479523}}
{"target": 423.5106976087607, "params": {"d": 0.031354381829849176, "i": 0.027901720091629223, "p": 0.5458253568782356}, "datetime": {"datetime": "2023-11-22 16:01:57", "elapsed": 2215.586316, "delta": 7.568035}}
{"target": 383.2302700677829, "params": {"d": 0.07573924956144051, "i": 0.07897898384163915, "p": 0.9702616550399057}, "datetime": {"datetime": "2023-11-22 16:02:03", "elapsed": 2222.085533, "delta": 6.499217}}
{"target": 229.67320039565055, "params": {"d": 0.16291887135034155, "i": 0.21744853721386892, "p": 4.175356483289761}, "datetime": {"datetime": "2023-11-22 16:02:07", "elapsed": 2225.572271, "delta": 3.486738}}
{"target": 530.7787626115786, "params": {"d": 0.06752862505320745, "i": 0.007325799332079941, "p": 0.9257415212178449}, "datetime": {"datetime": "2023-11-22 16:02:13", "elapsed": 2231.671195, "delta": 6.098924}}
{"target": 382.3582509024615, "params": {"d": 0.13646023376138527, "i": 0.061581917516289664, "p": 0.9021387545850562}, "datetime": {"datetime": "2023-11-22 16:02:20", "elapsed": 2239.260007, "delta": 7.588812}}
{"target": 608.4732522334775, "params": {"d": 0.11210507886061782, "i": 0.0037269731305206166, "p": 1.0774657686889961}, "datetime": {"datetime": "2023-11-22 16:02:30", "elapsed": 2248.76325, "delta": 9.503243}}
{"target": 546.3337528941895, "params": {"d": 0.15048447240192708, "i": 0.0012874206312084024, "p": 1.181221015768712}, "datetime": {"datetime": "2023-11-22 16:02:38", "elapsed": 2256.860022, "delta": 8.096772}}
{"target": 575.5499653667526, "params": {"d": 0.11304850611212602, "i": 0.005124440499438054, "p": 1.3436001503832118}, "datetime": {"datetime": "2023-11-22 16:02:46", "elapsed": 2265.126257, "delta": 8.266235}}
{"target": 191.91573407107782, "params": {"d": 0.7430559682007162, "i": 0.19511991983425153, "p": 0.9891012318811199}, "datetime": {"datetime": "2023-11-22 16:02:51", "elapsed": 2269.962949, "delta": 4.836692}}
{"target": 585.314394850719, "params": {"d": 0.07160208787017275, "i": 0.002160124486569659, "p": 1.3844789975368617}, "datetime": {"datetime": "2023-11-22 16:02:57", "elapsed": 2275.661527, "delta": 5.698578}}
{"target": 424.09522973431297, "params": {"d": 0.08351303560702994, "i": 0.05402601620051911, "p": 1.8672482287397052}, "datetime": {"datetime": "2023-11-22 16:03:03", "elapsed": 2282.269116, "delta": 6.607589}}
{"target": 205.30284690854936, "params": {"d": 0.43744137394344906, "i": 0.14668795822855435, "p": 0.6516015529260782}, "datetime": {"datetime": "2023-11-22 16:03:07", "elapsed": 2285.36017, "delta": 3.091054}}
