{"target": 242.166339514716, "params": {"d": 0.27150853331187763, "i": 0.0016655491854010718, "p": 1.3634114080877473}, "datetime": {"datetime": "2023-11-22 15:26:21", "elapsed": 79.370981, "delta": 1.280553}}
{"target": 250.6801706953498, "params": {"d": 0.5044881137883954, "i": 0.24251970285233848, "p": 4.72884610884739}, "datetime": {"datetime": "2023-11-22 15:26:22", "elapsed": 80.491455, "delta": 1.120474}}
{"target": 351.6766350814308, "params": {"d": 0.004591979398707591, "i": 0.29785907351353075, "p": 1.240561609446908}, "datetime": {"datetime": "2023-11-22 15:26:23", "elapsed": 81.656498, "delta": 1.165043}}
{"target": 189.18684129194605, "params": {"d": 0.0, "i": 0.5, "p": 3.8205219993115898}, "datetime": {"datetime": "2023-11-22 15:26:24", "elapsed": 82.809925, "delta": 1.153427}}
{"target": 211.15903736331683, "params": {"d": 1.0, "i": 0.0, "p": 5.0}, "datetime": {"datetime": "2023-11-22 15:26:25", "elapsed": 83.999967, "delta": 1.190042}}
{"target": 517.4156964268187, "params": {"d": 0.12200148066872984, "i": 0.00891869995654948, "p": 1.4980082746623269}, "datetime": {"datetime": "2023-11-22 15:26:26", "elapsed": 85.054804, "delta": 1.054837}}
{"target": 175.8711801429068, "params": {"d": 0.8071776649575783, "i": 0.009645688284445508, "p": 1.446068988257685}, "datetime": {"datetime": "2023-11-22 15:26:27", "elapsed": 86.056251, "delta": 1.001447}}
{"target": 254.57722243661806, "params": {"d": 0.5742953670396027, "i": 0.4857394449122086, "p": 4.6866821718419525}, "datetime": {"datetime": "2023-11-22 15:26:28", "elapsed": 87.181419, "delta": 1.125168}}
{"target": 561.518825912982, "params": {"d": 0.06622154414616477, "i": 0.000670127858671099, "p": 1.5212354138065938}, "datetime": {"datetime": "2023-11-22 15:26:29", "elapsed": 88.262936, "delta": 1.081517}}
{"target": 243.6087040247639, "params": {"d": 0.15957380950728373, "i": 0.3381712941969214, "p": 3.0620086462820844}, "datetime": {"datetime": "2023-11-22 15:26:30", "elapsed": 89.28113, "delta": 1.018194}}
{"target": 585.9569560385459, "params": {"d": 0.09809186202274067, "i": 0.00038928995599013527, "p": 1.5892733727992399}, "datetime": {"datetime": "2023-11-22 15:26:32", "elapsed": 90.455965, "delta": 1.174835}}
{"target": 478.73454657040713, "params": {"d": 0.09499468789671539, "i": 0.02298307206644057, "p": 1.5558104107777926}, "datetime": {"datetime": "2023-11-22 15:26:33", "elapsed": 91.68553, "delta": 1.229565}}
{"target": 226.95400614704852, "params": {"d": 1.0, "i": 0.5, "p": 2.761880202348873}, "datetime": {"datetime": "2023-11-22 15:26:34", "elapsed": 92.824222, "delta": 1.138692}}
{"target": 551.5319928643258, "params": {"d": 0.12723360993026733, "i": 0.0036377710453453505, "p": 1.6503615624428047}, "datetime": {"datetime": "2023-11-22 15:26:35", "elapsed": 93.996023, "delta": 1.171801}}
{"target": 598.0353853237317, "params": {"d": 0.10529550416375011, "i": 0.0016803223291613767, "p": 1.3226442933285627}, "datetime": {"datetime": "2023-11-22 15:26:37", "elapsed": 95.375103, "delta": 1.37908}}
{"target": 188.45641368910995, "params": {"d": 0.0, "i": 0.0, "p": 5.0}, "datetime": {"datetime": "2023-11-22 15:26:38", "elapsed": 96.352107, "delta": 0.977004}}
{"target": 565.3421847569551, "params": {"d": 0.08769759403007182, "i": 0.0002153110465863417, "p": 1.645625676382837}, "datetime": {"datetime": "2023-11-22 15:26:39", "elapsed": 97.339021, "delta": 0.986914}}
{"target": 189.80885365508362, "params": {"d": 1.0, "i": 0.5, "p": 1.467444739999469}, "datetime": {"datetime": "2023-11-22 15:26:40", "elapsed": 98.445052, "delta": 1.106031}}
{"target": 247.04270620876875, "params": {"d": 0.7241528835870923, "i": 0.12450240953022301, "p": 4.575519118134052}, "datetime": {"datetime": "2023-11-22 15:26:41", "elapsed": 99.504714, "delta": 1.059662}}
{"target": 240.8651562462607, "params": {"d": 0.6923166555004794, "i": 0.07228523597758452, "p": 3.2673645678350067}, "datetime": {"datetime": "2023-11-22 15:26:42", "elapsed": 100.433299, "delta": 0.928585}}
{"target": 229.72426839987045, "params": {"d": 0.9732810634373413, "i": 0.49581441629919243, "p": 4.33725746143404}, "datetime": {"datetime": "2023-11-22 15:26:43", "elapsed": 101.68528, "delta": 1.251981}}
{"target": 243.42739781259687, "params": {"d": 0.29402833386849414, "i": 0.23431340590206517, "p": 4.165632726509635}, "datetime": {"datetime": "2023-11-22 15:26:44", "elapsed": 102.683314, "delta": 0.998034}}
{"target": 249.95171938932302, "params": {"d": 0.3548450028778717, "i": 0.03229848803414609, "p": 3.6862355223979266}, "datetime": {"datetime": "2023-11-22 15:26:45", "elapsed": 103.664425, "delta": 0.981111}}
{"target": 205.42304278309663, "params": {"d": 1.0, "i": 0.0, "p": 2.827406153952565}, "datetime": {"datetime": "2023-11-22 15:26:46", "elapsed": 105.163465, "delta": 1.49904}}
{"target": 488.00979397800853, "params": {"d": 0.041486058081610655, "i": 0.014921515190169543, "p": 0.9713358797860466}, "datetime": {"datetime": "2023-11-22 15:26:47", "elapsed": 105.961558, "delta": 0.798093}}
{"target": 127.41390768851787, "params": {"d": 1.0, "i": 0.5, "p": 0.0}, "datetime": {"datetime": "2023-11-22 15:26:48", "elapsed": 107.168119, "delta": 1.206561}}
{"target": 166.92055985653514, "params": {"d": 1.0, "i": 0.5, "p": 0.7537451581531532}, "datetime": {"datetime": "2023-11-22 15:26:50", "elapsed": 108.611768, "delta": 1.443649}}
{"target": 222.6237449511174, "params": {"d": 0.995771408989461, "i": 0.4939896476067308, "p": 3.262908976073234}, "datetime": {"datetime": "2023-11-22 15:26:51", "elapsed": 109.861361, "delta": 1.249593}}
{"target": 188.90495005197204, "params": {"d": 0.0, "i": 0.5, "p": 5.0}, "datetime": {"datetime": "2023-11-22 15:26:52", "elapsed": 111.02836, "delta": 1.166999}}
{"target": 333.15673258195005, "params": {"d": 0.00974289772239667, "i": 0.46916753313965737, "p": 1.0427889620816466}, "datetime": {"datetime": "2023-11-22 15:26:54", "elapsed": 112.391453, "delta": 1.363093}}
{"target": 238.20656535770203, "params": {"d": 0.47621416621707613, "i": 0.5, "p": 1.553835799543856}, "datetime": {"datetime": "2023-11-22 15:26:55", "elapsed": 113.813564, "delta": 1.422111}}
{"target": 245.63541545280964, "params": {"d": 0.4785644297018981, "i": 0.5, "p": 3.63059020840383}, "datetime": {"datetime": "2023-11-22 15:26:56", "elapsed": 115.186519, "delta": 1.372955}}
{"target": 573.2146603442477, "params": {"d": 0.059988503489543876, "i": 0.0013851581260302392, "p": 1.4301232893729887}, "datetime": {"datetime": "2023-11-22 15:26:58", "elapsed": 116.327608, "delta": 1.141089}}
{"target": 265.3495216267299, "params": {"d": 0.0, "i": 0.5, "p": 0.34108863332329686}, "datetime": {"datetime": "2023-11-22 15:26:59", "elapsed": 117.680125, "delta": 1.352517}}
{"target": 332.8788812651484, "params": {"d": 0.05857889527168458, "i": 0.4966337229955237, "p": 1.7184983187651675}, "datetime": {"datetime": "2023-11-22 15:27:00", "elapsed": 118.893116, "delta": 1.212991}}
{"target": 250.27757743060556, "params": {"d": 0.49275006089235784, "i": 0.0, "p": 5.0}, "datetime": {"datetime": "2023-11-22 15:27:01", "elapsed": 120.19384, "delta": 1.300724}}
{"target": 315.9813017449878, "params": {"d": 0.0, "i": 0.5, "p": 1.4230559765393942}, "datetime": {"datetime": "2023-11-22 15:27:03", "elapsed": 121.711256, "delta": 1.517416}}
{"target": 511.09109890526094, "params": {"d": 0.0, "i": 0.0, "p": 0.3964048755994528}, "datetime": {"datetime": "2023-11-22 15:27:04", "elapsed": 123.04512, "delta": 1.333864}}
{"target": 256.6525476411146, "params": {"d": 0.12166134881520543, "i": 0.0, "p": 0.41538501532768374}, "datetime": {"datetime": "2023-11-22 15:27:05", "elapsed": 124.29718, "delta": 1.25206}}
{"target": 466.22170244080445, "params": {"d": 0.0, "i": 0.0, "p": 0.28182897070872814}, "datetime": {"datetime": "2023-11-22 15:27:07", "elapsed": 125.553857, "delta": 1.256677}}
{"target": 294.52126077134466, "params": {"d": 0.0009035018209959667, "i": 0.14778706263212904, "p": 0.38682352931482145}, "datetime": {"datetime": "2023-11-22 15:27:08", "elapsed": 126.805596, "delta": 1.251739}}
{"target": 493.1946744174973, "params": {"d": 0.0, "i": 0.0, "p": 0.5255438194180755}, "datetime": {"datetime": "2023-11-22 15:27:09", "elapsed": 128.152623, "delta": 1.347027}}
{"target": 188.0302404179346, "params": {"d": 0.0, "i": 0.0, "p": 3.720018923724577}, "datetime": {"datetime": "2023-11-22 15:27:11", "elapsed": 129.37147, "delta": 1.218847}}
{"target": 190.73797940282293, "params": {"d": 0.3861834595794531, "i": 0.11254163678615292, "p": 0.575863164311593}, "datetime": {"datetime": "2023-11-22 15:27:12", "elapsed": 130.43354, "delta": 1.06207}}
{"target": 442.18597786207056, "params": {"d": 0.11512737642073068, "i": 0.03223860426316533, "p": 1.8083806487432947}, "datetime": {"datetime": "2023-11-22 15:27:13", "elapsed": 131.668968, "delta": 1.235428}}
{"target": 128.71983897606677, "params": {"d": 1.0, "i": 0.0, "p": 0.8854146960782868}, "datetime": {"datetime": "2023-11-22 15:27:14", "elapsed": 132.664092, "delta": 0.995124}}
{"target": 475.689170216244, "params": {"d": 0.10859360280983521, "i": 0.02449195303767332, "p": 0.9478583856945405}, "datetime": {"datetime": "2023-11-22 15:27:15", "elapsed": 133.666989, "delta": 1.002897}}
{"target": 251.86418418863525, "params": {"d": 0.5687448266402679, "i": 0.5, "p": 4.102424734061858}, "datetime": {"datetime": "2023-11-22 15:27:17", "elapsed": 135.329106, "delta": 1.662117}}
{"target": 187.9771488089634, "params": {"d": 0.0, "i": 0.0, "p": 2.726075530469335}, "datetime": {"datetime": "2023-11-22 15:27:18", "elapsed": 136.767281, "delta": 1.438175}}
{"target": 438.92143526897775, "params": {"d": 0.030976049265522665, "i": 0.00055572790293279, "p": 1.5729481813932695}, "datetime": {"datetime": "2023-11-22 15:27:19", "elapsed": 138.161665, "delta": 1.394384}}
{"target": 170.45837256588817, "params": {"d": 0.997230624322854, "i": 0.03707268936136582, "p": 1.7789184529008466}, "datetime": {"datetime": "2023-11-22 15:27:21", "elapsed": 139.585667, "delta": 1.424002}}
{"target": 149.728718337105, "params": {"d": 0.0, "i": 0.5, "p": 0.0}, "datetime": {"datetime": "2023-11-22 15:27:22", "elapsed": 141.020999, "delta": 1.435332}}
{"target": 551.7425492010088, "params": {"d": 0.09681395890812683, "i": 0.00421726038681719, "p": 1.5822582891236603}, "datetime": {"datetime": "2023-11-22 15:27:23", "elapsed": 142.158479, "delta": 1.13748}}
{"target": 373.3004784342468, "params": {"d": 0.037521550697079076, "i": 0.1200325156323811, "p": 1.4863845275826948}, "datetime": {"datetime": "2023-11-22 15:27:25", "elapsed": 143.452565, "delta": 1.294086}}
{"target": 464.7534800512726, "params": {"d": 0.04526341645514553, "i": 0.018546718356181324, "p": 0.6632984008161025}, "datetime": {"datetime": "2023-11-22 15:27:26", "elapsed": 144.920495, "delta": 1.46793}}
{"target": 366.73964875373036, "params": {"d": 0.010998030620135157, "i": 0.0010496056878239735, "p": 1.5028040913956398}, "datetime": {"datetime": "2023-11-22 15:27:28", "elapsed": 146.346298, "delta": 1.425803}}
{"target": 458.42754404213355, "params": {"d": 0.14878292035927476, "i": 0.01085570687048143, "p": 1.5960447708790182}, "datetime": {"datetime": "2023-11-22 15:27:29", "elapsed": 147.567769, "delta": 1.221471}}
{"target": 304.52305107125346, "params": {"d": 0.0, "i": 0.0, "p": 0.15700644353392423}, "datetime": {"datetime": "2023-11-22 15:27:30", "elapsed": 148.817587, "delta": 1.249818}}
{"target": 235.17922779900823, "params": {"d": 0.77430776717447, "i": 0.49436258985692694, "p": 2.4268196035700305}, "datetime": {"datetime": "2023-11-22 15:27:32", "elapsed": 150.40888, "delta": 1.591293}}
{"target": 466.03545874941716, "params": {"d": 0.08747510149082116, "i": 0.03123108352608156, "p": 1.4242591221300538}, "datetime": {"datetime": "2023-11-22 15:27:33", "elapsed": 151.690488, "delta": 1.281608}}
{"target": 362.8284969712152, "params": {"d": 0.02937530931264054, "i": 0.2579720413069087, "p": 1.600264647463994}, "datetime": {"datetime": "2023-11-22 15:27:34", "elapsed": 153.077689, "delta": 1.387201}}
{"target": 587.8305634891626, "params": {"d": 0.04299700722320188, "i": 0.0009787297906213577, "p": 1.117339517334306}, "datetime": {"datetime": "2023-11-22 15:27:36", "elapsed": 154.595305, "delta": 1.517616}}
{"target": 602.388398615904, "params": {"d": 0.0625757059898866, "i": 0.0010981397307062712, "p": 1.157412696364869}, "datetime": {"datetime": "2023-11-22 15:27:37", "elapsed": 155.867668, "delta": 1.272363}}
{"target": 412.5630582822187, "params": {"d": 0.008367803899659076, "i": 0.049717611909555426, "p": 1.1416352743074099}, "datetime": {"datetime": "2023-11-22 15:27:38", "elapsed": 157.205208, "delta": 1.33754}}
{"target": 189.0289168183519, "params": {"d": 0.0010393941470584478, "i": 0.46614789207182633, "p": 4.242414986811356}, "datetime": {"datetime": "2023-11-22 15:27:40", "elapsed": 158.490841, "delta": 1.285633}}
{"target": 583.0047680372986, "params": {"d": 0.10908392015827739, "i": 0.007277329498580842, "p": 1.1366091951105939}, "datetime": {"datetime": "2023-11-22 15:27:41", "elapsed": 159.657755, "delta": 1.166914}}
{"target": 227.7189663160111, "params": {"d": 0.5960893876316474, "i": 0.0, "p": 1.835761204227356}, "datetime": {"datetime": "2023-11-22 15:27:42", "elapsed": 160.929079, "delta": 1.271324}}
{"target": 164.14401053072967, "params": {"d": 0.5554792356600112, "i": 0.5, "p": 0.0}, "datetime": {"datetime": "2023-11-22 15:27:44", "elapsed": 162.930856, "delta": 2.001777}}
{"target": 607.3840861051111, "params": {"d": 0.09878100114999289, "i": 0.00207024462353933, "p": 1.1963495139155567}, "datetime": {"datetime": "2023-11-22 15:27:45", "elapsed": 164.175049, "delta": 1.244193}}
{"target": 158.15615263049318, "params": {"d": 1.0, "i": 0.5, "p": 0.38583229304639}, "datetime": {"datetime": "2023-11-22 15:27:47", "elapsed": 165.626156, "delta": 1.451107}}
{"target": 311.288194083412, "params": {"d": 0.09763165070767421, "i": 0.3831680224062467, "p": 2.1565499050469445}, "datetime": {"datetime": "2023-11-22 15:27:48", "elapsed": 166.995549, "delta": 1.369393}}
{"target": 216.05750341117826, "params": {"d": 1.0, "i": 0.0, "p": 3.4452771751255655}, "datetime": {"datetime": "2023-11-22 15:27:49", "elapsed": 168.298952, "delta": 1.303403}}
{"target": 164.738995237759, "params": {"d": 1.0, "i": 0.3677245369978288, "p": 1.1213995248213557}, "datetime": {"datetime": "2023-11-22 15:27:51", "elapsed": 169.863936, "delta": 1.564984}}
{"target": 215.13767627178328, "params": {"d": 0.8798171747798968, "i": 0.37198500849432814, "p": 2.1465964644599786}, "datetime": {"datetime": "2023-11-22 15:27:52", "elapsed": 171.012545, "delta": 1.148609}}
{"target": 253.97633986137507, "params": {"d": 0.24974380996958043, "i": 0.5, "p": 1.8738767309310147}, "datetime": {"datetime": "2023-11-22 15:27:54", "elapsed": 172.505138, "delta": 1.492593}}
{"target": 190.09360182990076, "params": {"d": 0.0, "i": 0.5, "p": 3.4631106457880354}, "datetime": {"datetime": "2023-11-22 15:27:55", "elapsed": 173.767554, "delta": 1.262416}}
{"target": 185.46442263782913, "params": {"d": 1.0, "i": 0.0, "p": 2.474190477606892}, "datetime": {"datetime": "2023-11-22 15:27:56", "elapsed": 174.911856, "delta": 1.144302}}
{"target": 219.64901371731892, "params": {"d": 0.9986601263975875, "i": 0.3160446446815291, "p": 4.6736999823530265}, "datetime": {"datetime": "2023-11-22 15:27:58", "elapsed": 176.656341, "delta": 1.744485}}
{"target": 189.39906716092818, "params": {"d": 0.002110259626555533, "i": 0.49510047673088736, "p": 2.802404957684827}, "datetime": {"datetime": "2023-11-22 15:27:59", "elapsed": 178.068099, "delta": 1.411758}}
{"target": 242.152896484591, "params": {"d": 0.26984601838779443, "i": 0.49057940214240514, "p": 0.9784868710672207}, "datetime": {"datetime": "2023-11-22 15:28:01", "elapsed": 179.563015, "delta": 1.494916}}
{"target": 224.4845527963619, "params": {"d": 1.0, "i": 0.5, "p": 3.9873706017495265}, "datetime": {"datetime": "2023-11-22 15:28:02", "elapsed": 181.178561, "delta": 1.615546}}
{"target": 342.1795429600154, "params": {"d": 0.22107851795735256, "i": 0.0, "p": 0.8925506707936599}, "datetime": {"datetime": "2023-11-22 15:28:04", "elapsed": 182.791011, "delta": 1.61245}}
{"target": 36.23291962923207, "params": {"d": 0.5938399197774741, "i": 0.0, "p": 0.0}, "datetime": {"datetime": "2023-11-22 15:28:05", "elapsed": 184.312601, "delta": 1.52159}}
{"target": 245.9924079883072, "params": {"d": 0.6696398813725313, "i": 0.5, "p": 3.3662289793447218}, "datetime": {"datetime": "2023-11-22 15:28:07", "elapsed": 185.951969, "delta": 1.639368}}
{"target": 243.39455063772783, "params": {"d": 0.2806217083788997, "i": 0.0, "p": 4.696034814452143}, "datetime": {"datetime": "2023-11-22 15:28:09", "elapsed": 187.591772, "delta": 1.639803}}
{"target": 223.4834142381436, "params": {"d": 0.968282726798653, "i": 0.18429172493317364, "p": 4.871292215432491}, "datetime": {"datetime": "2023-11-22 15:28:10", "elapsed": 188.875585, "delta": 1.283813}}
{"target": 246.9656020068552, "params": {"d": 0.645551642210671, "i": 0.15850869149489183, "p": 3.6025026094695995}, "datetime": {"datetime": "2023-11-22 15:28:11", "elapsed": 189.767461, "delta": 0.891876}}
{"target": 204.44566638542017, "params": {"d": 0.9745522343656339, "i": 0.09935905039102827, "p": 2.2858979398045873}, "datetime": {"datetime": "2023-11-22 15:28:12", "elapsed": 190.882353, "delta": 1.114892}}
{"target": 312.88391999045825, "params": {"d": 0.16983086366326905, "i": 0.38615743248903045, "p": 1.5004115978400794}, "datetime": {"datetime": "2023-11-22 15:28:14", "elapsed": 192.457343, "delta": 1.57499}}
{"target": 199.05226648311194, "params": {"d": 1.0, "i": 0.19511194952792288, "p": 3.105607163994289}, "datetime": {"datetime": "2023-11-22 15:28:15", "elapsed": 194.21803, "delta": 1.760687}}
{"target": 237.56567168939273, "params": {"d": 0.5219612215210451, "i": 0.3975230005391628, "p": 2.5519066262665198}, "datetime": {"datetime": "2023-11-22 15:28:17", "elapsed": 195.615378, "delta": 1.397348}}
{"target": 208.58730076547224, "params": {"d": 1.0, "i": 0.0, "p": 4.479676663740273}, "datetime": {"datetime": "2023-11-22 15:28:18", "elapsed": 197.235729, "delta": 1.620351}}
{"target": 219.35235716618837, "params": {"d": 0.6644732731834279, "i": 0.5, "p": 1.2977605857231769}, "datetime": {"datetime": "2023-11-22 15:28:20", "elapsed": 198.916406, "delta": 1.680677}}
{"target": 213.34066422179222, "params": {"d": 0.33616430693307064, "i": 0.29776296280293707, "p": 0.5870166485779338}, "datetime": {"datetime": "2023-11-22 15:28:21", "elapsed": 200.07474, "delta": 1.158334}}
{"target": 340.2498995084577, "params": {"d": 0.003315170585540872, "i": 0.29394182141278996, "p": 1.4134497134030517}, "datetime": {"datetime": "2023-11-22 15:28:23", "elapsed": 201.985785, "delta": 1.911045}}
{"target": 222.18456023739273, "params": {"d": 0.9997802944376232, "i": 0.00278975708583612, "p": 3.9367996243242236}, "datetime": {"datetime": "2023-11-22 15:28:25", "elapsed": 203.574061, "delta": 1.588276}}
{"target": 450.1339285437732, "params": {"d": 0.06338666169239204, "i": 0.018237553418406383, "p": 0.5677412840065044}, "datetime": {"datetime": "2023-11-22 15:28:26", "elapsed": 205.212663, "delta": 1.638602}}
{"target": 251.336803342984, "params": {"d": 0.33076281215115255, "i": 0.3242396540240287, "p": 3.8609733948454004}, "datetime": {"datetime": "2023-11-22 15:28:28", "elapsed": 206.67665, "delta": 1.463987}}
{"target": 204.36489417437508, "params": {"d": 0.9646787613572005, "i": 0.48410701076781065, "p": 1.7962135551461205}, "datetime": {"datetime": "2023-11-22 15:28:29", "elapsed": 208.167649, "delta": 1.490999}}
{"target": 231.84648402278876, "params": {"d": 1.0, "i": 0.5, "p": 5.0}, "datetime": {"datetime": "2023-11-22 15:28:31", "elapsed": 210.064432, "delta": 1.896783}}
{"target": 252.96240216138634, "params": {"d": 0.2642227083760821, "i": 0.03632580021952708, "p": 1.598947318340036}, "datetime": {"datetime": "2023-11-22 15:28:32", "elapsed": 211.066625, "delta": 1.002193}}
{"target": 113.78172135652974, "params": {"d": 1.0, "i": 0.0, "p": 0.5235939878056002}, "datetime": {"datetime": "2023-11-22 15:28:34", "elapsed": 213.003635, "delta": 1.93701}}
{"target": 256.49479323334793, "params": {"d": 0.5039962527073365, "i": 0.0, "p": 3.9732758788551945}, "datetime": {"datetime": "2023-11-22 15:28:36", "elapsed": 214.610184, "delta": 1.606549}}
{"target": 463.9550943775274, "params": {"d": 0.011980937649459844, "i": 0.012012342426162115, "p": 1.1972020219703716}, "datetime": {"datetime": "2023-11-22 15:28:37", "elapsed": 216.06135, "delta": 1.451166}}
{"target": 509.5786383540968, "params": {"d": 0.08460893839037564, "i": 0.012845248159834843, "p": 1.1894443729574427}, "datetime": {"datetime": "2023-11-22 15:28:39", "elapsed": 217.821316, "delta": 1.759966}}
{"target": 253.96266034490804, "params": {"d": 0.0, "i": 0.31943829805383633, "p": 1.7632736289015745}, "datetime": {"datetime": "2023-11-22 15:28:40", "elapsed": 219.29376, "delta": 1.472444}}
{"target": 345.52027901919655, "params": {"d": 0.11037879686577481, "i": 0.21097034217691643, "p": 2.2712449055441626}, "datetime": {"datetime": "2023-11-22 15:28:42", "elapsed": 221.114029, "delta": 1.820269}}
{"target": 370.06472311049845, "params": {"d": 0.004026731362642311, "i": 0.3259729672124029, "p": 0.9051784695879533}, "datetime": {"datetime": "2023-11-22 15:28:44", "elapsed": 223.101333, "delta": 1.987304}}
{"target": 316.79681117417755, "params": {"d": 0.05450598299054332, "i": 0.3177914256434788, "p": 1.0770935386473695}, "datetime": {"datetime": "2023-11-22 15:28:46", "elapsed": 224.459518, "delta": 1.358185}}
{"target": 391.7010829475392, "params": {"d": 0.19123754838711726, "i": 0.02413644079548638, "p": 1.1739458401238934}, "datetime": {"datetime": "2023-11-22 15:28:47", "elapsed": 225.716364, "delta": 1.256846}}
