{"target": 222.95909455894736, "params": {"d": 0.4161853390006912, "i": 0.5, "p": 0.773881400234147}, "datetime": {"datetime": "2023-11-22 15:37:07", "elapsed": 725.51847, "delta": 3.955661}}
{"target": 391.64028606170126, "params": {"d": 0.015230761704762452, "i": 0.03171845076265789, "p": 0.6002728534261753}, "datetime": {"datetime": "2023-11-22 15:37:09", "elapsed": 727.648369, "delta": 2.129899}}
{"target": 491.9421252242545, "params": {"d": 0.12747125146664773, "i": 0.00672406530328451, "p": 0.913018056913073}, "datetime": {"datetime": "2023-11-22 15:37:12", "elapsed": 730.405508, "delta": 2.757139}}
{"target": 220.69373450865558, "params": {"d": 0.9961753606567387, "i": 0.018770364966193664, "p": 4.713016163975318}, "datetime": {"datetime": "2023-11-22 15:37:15", "elapsed": 733.923085, "delta": 3.517577}}
{"target": 197.92757562969877, "params": {"d": 0.023034429630157782, "i": 0.49626897535359504, "p": 3.0590163395828087}, "datetime": {"datetime": "2023-11-22 15:37:18", "elapsed": 737.106106, "delta": 3.183021}}
{"target": 251.77552798051502, "params": {"d": 0.5656109265241814, "i": 0.5, "p": 5.0}, "datetime": {"datetime": "2023-11-22 15:37:23", "elapsed": 741.807589, "delta": 4.701483}}
{"target": 242.47404812073842, "params": {"d": 0.2888696890276661, "i": 0.0, "p": 4.038040912289604}, "datetime": {"datetime": "2023-11-22 15:37:27", "elapsed": 745.586766, "delta": 3.779177}}
{"target": 250.99160226214056, "params": {"d": 0.4975255346790811, "i": 0.27375156170312404, "p": 4.443286373156194}, "datetime": {"datetime": "2023-11-22 15:37:32", "elapsed": 750.930999, "delta": 5.344233}}
{"target": 619.867429376873, "params": {"d": 0.09176485983256344, "i": 0.002586044890277639, "p": 1.069650177600328}, "datetime": {"datetime": "2023-11-22 15:37:35", "elapsed": 753.778155, "delta": 2.847156}}
{"target": 252.0256843235188, "params": {"d": 0.3750110766149776, "i": 0.0, "p": 2.7667623769136918}, "datetime": {"datetime": "2023-11-22 15:37:39", "elapsed": 757.579117, "delta": 3.800962}}
{"target": 347.8791225893776, "params": {"d": 0.0844104319620802, "i": 0.15601761259657498, "p": 0.9153596030601729}, "datetime": {"datetime": "2023-11-22 15:37:41", "elapsed": 759.862404, "delta": 2.283287}}
{"target": 140.9132806487855, "params": {"d": 0.9145962167815919, "i": 0.16815487676806334, "p": 0.8089282191603453}, "datetime": {"datetime": "2023-11-22 15:37:43", "elapsed": 761.374696, "delta": 1.512292}}
{"target": 624.6878413614784, "params": {"d": 0.12217969458320044, "i": 0.002572150703250342, "p": 1.206046252912435}, "datetime": {"datetime": "2023-11-22 15:37:45", "elapsed": 764.168231, "delta": 2.793535}}
{"target": 427.85561092750953, "params": {"d": 0.09267726679627242, "i": 0.019607047376569653, "p": 0.6823135291033827}, "datetime": {"datetime": "2023-11-22 15:37:49", "elapsed": 767.668019, "delta": 3.499788}}
{"target": 210.45817201042064, "params": {"d": 0.9738470012662044, "i": 0.49946066172743186, "p": 2.351919136858055}, "datetime": {"datetime": "2023-11-22 15:37:55", "elapsed": 773.474135, "delta": 5.806116}}
{"target": 248.26499091656754, "params": {"d": 0.47670034832434205, "i": 0.3645319791813818, "p": 3.6234291597987847}, "datetime": {"datetime": "2023-11-22 15:37:57", "elapsed": 775.665505, "delta": 2.19137}}
{"target": 246.57204311250314, "params": {"d": 0.42225045894896507, "i": 0.4400705509292042, "p": 2.2859432598601086}, "datetime": {"datetime": "2023-11-22 15:37:58", "elapsed": 777.276173, "delta": 1.610668}}
{"target": 371.1585232296192, "params": {"d": 0.01767452586504814, "i": 0.10314746011100029, "p": 0.8149106833367642}, "datetime": {"datetime": "2023-11-22 15:38:03", "elapsed": 781.567787, "delta": 4.291614}}
{"target": 240.6277195973958, "params": {"d": 0.6410669271798065, "i": 0.07745804096600695, "p": 3.075179419478185}, "datetime": {"datetime": "2023-11-22 15:38:05", "elapsed": 783.994635, "delta": 2.426848}}
{"target": 239.51942678249375, "params": {"d": 0.4879508962247573, "i": 0.006229518991970773, "p": 2.0504136259300636}, "datetime": {"datetime": "2023-11-22 15:38:08", "elapsed": 786.973586, "delta": 2.978951}}
{"target": 190.6919991714732, "params": {"d": 0.0, "i": 0.2752185660073789, "p": 3.71397487467631}, "datetime": {"datetime": "2023-11-22 15:38:13", "elapsed": 791.863785, "delta": 4.890199}}
{"target": 223.646475697982, "params": {"d": 0.7512327059376356, "i": 0.19653768371413627, "p": 1.86496100909284}, "datetime": {"datetime": "2023-11-22 15:38:16", "elapsed": 795.071366, "delta": 3.207581}}
{"target": 272.82714015609497, "params": {"d": 0.1340168660508334, "i": 0.17074962117718379, "p": 0.6195689922084846}, "datetime": {"datetime": "2023-11-22 15:38:18", "elapsed": 797.189456, "delta": 2.11809}}
{"target": 326.09721196200456, "params": {"d": 0.08304662563615361, "i": 0.3615061735821276, "p": 1.3222147067109398}, "datetime": {"datetime": "2023-11-22 15:38:22", "elapsed": 800.746398, "delta": 3.556942}}
{"target": 483.0827009962606, "params": {"d": 0.15845802495400385, "i": 0.003777674857825264, "p": 1.5296761421594067}, "datetime": {"datetime": "2023-11-22 15:38:26", "elapsed": 804.964948, "delta": 4.21855}}
{"target": 243.71503959605457, "params": {"d": 0.43882954511290323, "i": 0.20584336085686472, "p": 2.4207162951743553}, "datetime": {"datetime": "2023-11-22 15:38:32", "elapsed": 811.013656, "delta": 6.048708}}
{"target": 669.9701052085724, "params": {"d": 0.0970883438365221, "i": 5.825461613606642e-05, "p": 1.3731694664184397}, "datetime": {"datetime": "2023-11-22 15:38:35", "elapsed": 814.060787, "delta": 3.047131}}
{"target": 218.7394574765385, "params": {"d": 0.8182689229009802, "i": 0.35663056435658763, "p": 1.9175894944054728}, "datetime": {"datetime": "2023-11-22 15:38:37", "elapsed": 815.880954, "delta": 1.820167}}
{"target": 494.137520873567, "params": {"d": 0.14224633109710483, "i": 0.0033446250057375115, "p": 0.973179177428728}, "datetime": {"datetime": "2023-11-22 15:38:41", "elapsed": 819.612552, "delta": 3.731598}}
{"target": 260.4723468954627, "params": {"d": 0.25512852299149646, "i": 0.08613173375143934, "p": 2.4181390291486022}, "datetime": {"datetime": "2023-11-22 15:38:43", "elapsed": 822.160478, "delta": 2.547926}}
{"target": 526.5979963076634, "params": {"d": 0.10712677435786411, "i": 0.004016002885620984, "p": 1.7062142642838374}, "datetime": {"datetime": "2023-11-22 15:38:47", "elapsed": 825.450854, "delta": 3.290376}}
{"target": 439.672665120484, "params": {"d": 0.1059186558341122, "i": 0.040627011903507204, "p": 1.6595179461327791}, "datetime": {"datetime": "2023-11-22 15:38:50", "elapsed": 829.039873, "delta": 3.589019}}
{"target": 306.0424263585142, "params": {"d": 0.13573997248203062, "i": 0.1852012536647848, "p": 0.8160161333568233}, "datetime": {"datetime": "2023-11-22 15:38:54", "elapsed": 832.446192, "delta": 3.406319}}
{"target": 228.12490454127234, "params": {"d": 0.34258282702695975, "i": 0.12095765723786861, "p": 1.1104046660505629}, "datetime": {"datetime": "2023-11-22 15:38:56", "elapsed": 834.993697, "delta": 2.547505}}
{"target": 249.09212212519915, "params": {"d": 0.2955479807639366, "i": 0.5, "p": 5.0}, "datetime": {"datetime": "2023-11-22 15:39:00", "elapsed": 838.57225, "delta": 3.578553}}
{"target": 234.65414963984122, "params": {"d": 0.7605942455833511, "i": 0.00020372602818241603, "p": 4.393970718935416}, "datetime": {"datetime": "2023-11-22 15:39:04", "elapsed": 843.001366, "delta": 4.429116}}
{"target": 545.1680875101385, "params": {"d": 0.05686350186435851, "i": 0.0032049826499687684, "p": 1.018765412106899}, "datetime": {"datetime": "2023-11-22 15:39:07", "elapsed": 845.864256, "delta": 2.86289}}
{"target": 257.64666774128614, "params": {"d": 0.25239152398432085, "i": 0.3550989999107062, "p": 2.0285462857984307}, "datetime": {"datetime": "2023-11-22 15:39:10", "elapsed": 849.084546, "delta": 3.22029}}
{"target": 562.7855003398471, "params": {"d": 0.1165410550448055, "i": 0.007617781165786264, "p": 1.364731835961045}, "datetime": {"datetime": "2023-11-22 15:39:15", "elapsed": 853.51454, "delta": 4.429994}}
{"target": 563.5494982942225, "params": {"d": 0.08347139274364523, "i": 0.00614536985580022, "p": 1.0186128276497168}, "datetime": {"datetime": "2023-11-22 15:39:18", "elapsed": 857.019514, "delta": 3.504974}}
{"target": 559.2451404464056, "params": {"d": 0.11538060608472278, "i": 0.009794829129571248, "p": 1.1305170561020401}, "datetime": {"datetime": "2023-11-22 15:39:20", "elapsed": 858.770876, "delta": 1.751362}}
{"target": 401.8147958173283, "params": {"d": 0.030542644821707654, "i": 0.010153135983024142, "p": 1.7551493704870151}, "datetime": {"datetime": "2023-11-22 15:39:25", "elapsed": 863.365161, "delta": 4.594285}}
{"target": 233.75643372018155, "params": {"d": 0.807012352225113, "i": 0.09949464812221315, "p": 4.760213477086925}, "datetime": {"datetime": "2023-11-22 15:39:27", "elapsed": 865.384309, "delta": 2.019148}}
{"target": 352.69137262436976, "params": {"d": 0.004030111521731938, "i": 0.18450648933945285, "p": 1.2782209526177546}, "datetime": {"datetime": "2023-11-22 15:39:34", "elapsed": 873.071758, "delta": 7.687449}}
{"target": 175.31837044233586, "params": {"d": 0.845080290697961, "i": 0.04512040388665817, "p": 1.0677722635647824}, "datetime": {"datetime": "2023-11-22 15:39:37", "elapsed": 876.264644, "delta": 3.192886}}
{"target": 715.0217404550946, "params": {"d": 0.10030537485857904, "i": 0.00029363432570989056, "p": 1.1569184436376012}, "datetime": {"datetime": "2023-11-22 15:39:41", "elapsed": 879.38324, "delta": 3.118596}}
{"target": 248.18790216643706, "params": {"d": 0.45669797225076847, "i": 0.011467981826454476, "p": 4.459503324272524}, "datetime": {"datetime": "2023-11-22 15:39:43", "elapsed": 881.926878, "delta": 2.543638}}
{"target": 241.72761873247208, "params": {"d": 0.20641338767335293, "i": 0.28264108150655465, "p": 3.257524433267451}, "datetime": {"datetime": "2023-11-22 15:39:45", "elapsed": 884.258737, "delta": 2.331859}}
{"target": 301.1809357999046, "params": {"d": 0.1829570252510404, "i": 0.27186170446333857, "p": 1.9959897639622115}, "datetime": {"datetime": "2023-11-22 15:39:48", "elapsed": 886.570544, "delta": 2.311807}}
{"target": 228.23232347792964, "params": {"d": 0.34287941943786904, "i": 0.40923735586767934, "p": 0.801736304240942}, "datetime": {"datetime": "2023-11-22 15:39:51", "elapsed": 890.009781, "delta": 3.439237}}
{"target": 453.29072078664024, "params": {"d": 0.1496161865421144, "i": 0.04573744547098607, "p": 1.4250459372272584}, "datetime": {"datetime": "2023-11-22 15:39:54", "elapsed": 892.822933, "delta": 2.813152}}
{"target": 216.10108720051284, "params": {"d": 0.9250322484059144, "i": 0.18404153254896755, "p": 4.236949928543251}, "datetime": {"datetime": "2023-11-22 15:39:56", "elapsed": 894.766764, "delta": 1.943831}}
{"target": 312.3264942059698, "params": {"d": 0.2083263069983401, "i": 0.1121823455462499, "p": 1.3128611727373651}, "datetime": {"datetime": "2023-11-22 15:39:59", "elapsed": 897.887308, "delta": 3.120544}}
{"target": 382.5663238833934, "params": {"d": 0.07073160621293983, "i": 0.13319897920029, "p": 1.4156616379840075}, "datetime": {"datetime": "2023-11-22 15:40:02", "elapsed": 900.557214, "delta": 2.669906}}
{"target": 385.5561307645748, "params": {"d": 0.08169819752936369, "i": 0.09498879988816195, "p": 1.0228421858433856}, "datetime": {"datetime": "2023-11-22 15:40:06", "elapsed": 904.667757, "delta": 4.110543}}
{"target": 472.43975853356, "params": {"d": 0.1318959581764707, "i": 0.002043657760868123, "p": 0.846791023654655}, "datetime": {"datetime": "2023-11-22 15:40:12", "elapsed": 911.157723, "delta": 6.489966}}
{"target": 426.0428906480348, "params": {"d": 0.010338907640698225, "i": 0.06338396051056905, "p": 0.9663189866526961}, "datetime": {"datetime": "2023-11-22 15:40:17", "elapsed": 915.691947, "delta": 4.534224}}
{"target": 134.63604915676697, "params": {"d": 0.15853188846315103, "i": 0.4012911775875946, "p": 0.07687636772929163}, "datetime": {"datetime": "2023-11-22 15:40:19", "elapsed": 917.573047, "delta": 1.8811}}
{"target": 213.680524325099, "params": {"d": 0.07923815111853194, "i": 0.18954011808489035, "p": 4.694066449481383}, "datetime": {"datetime": "2023-11-22 15:40:22", "elapsed": 920.865843, "delta": 3.292796}}
{"target": 242.15766936159469, "params": {"d": 0.2942317946382196, "i": 0.05734927259393391, "p": 3.93943515021148}, "datetime": {"datetime": "2023-11-22 15:40:25", "elapsed": 924.00051, "delta": 3.134667}}
{"target": 610.6880817922151, "params": {"d": 0.06183810541254231, "i": 0.0005689465912482872, "p": 1.1228585285619723}, "datetime": {"datetime": "2023-11-22 15:40:28", "elapsed": 927.146108, "delta": 3.145598}}
{"target": 236.57403076434818, "params": {"d": 0.3734261775310487, "i": 0.48076477321232947, "p": 0.9575682016106568}, "datetime": {"datetime": "2023-11-22 15:40:30", "elapsed": 928.967483, "delta": 1.821375}}
{"target": 345.89018036911244, "params": {"d": 0.014808539777556362, "i": 0.32369320287284986, "p": 0.9024338091485506}, "datetime": {"datetime": "2023-11-22 15:40:32", "elapsed": 930.780657, "delta": 1.813174}}
{"target": 201.10408474904827, "params": {"d": 0.8589464282747152, "i": 0.07750628861222475, "p": 1.7594467914473317}, "datetime": {"datetime": "2023-11-22 15:40:35", "elapsed": 933.839633, "delta": 3.058976}}
{"target": 305.4036414626355, "params": {"d": 0.04385271313472772, "i": 0.26760659953884164, "p": 0.8940658473456381}, "datetime": {"datetime": "2023-11-22 15:40:39", "elapsed": 938.162217, "delta": 4.322584}}
{"target": 292.23059745985745, "params": {"d": 0.20107196103967273, "i": 0.0602034794243258, "p": 0.6112674656730044}, "datetime": {"datetime": "2023-11-22 15:40:42", "elapsed": 940.963148, "delta": 2.800931}}
{"target": 554.1186343798198, "params": {"d": 0.07335023782319039, "i": 0.007400556835623018, "p": 0.9003215752436167}, "datetime": {"datetime": "2023-11-22 15:40:45", "elapsed": 944.061501, "delta": 3.098353}}
{"target": 257.6256503088808, "params": {"d": 0.5056312353009933, "i": 0.13563430491644285, "p": 4.018858955674981}, "datetime": {"datetime": "2023-11-22 15:40:48", "elapsed": 947.070069, "delta": 3.008568}}
{"target": 375.22331725263626, "params": {"d": 0.15713366051899913, "i": 0.11394969120809956, "p": 1.5785916651787884}, "datetime": {"datetime": "2023-11-22 15:40:52", "elapsed": 950.81613, "delta": 3.746061}}
{"target": 235.46119999102888, "params": {"d": 0.08854451947503494, "i": 0.20886877827729072, "p": 3.4841292399986648}, "datetime": {"datetime": "2023-11-22 15:40:54", "elapsed": 953.292835, "delta": 2.476705}}
{"target": 251.08490073038965, "params": {"d": 0.23520941542246676, "i": 0.4967791884519597, "p": 2.846901091029083}, "datetime": {"datetime": "2023-11-22 15:40:58", "elapsed": 956.35959, "delta": 3.066755}}
{"target": 589.135899867944, "params": {"d": 0.14240699599211792, "i": 0.002360243498820469, "p": 1.2292462746866102}, "datetime": {"datetime": "2023-11-22 15:41:01", "elapsed": 959.924346, "delta": 3.564756}}
{"target": 562.8024683773941, "params": {"d": 0.067954280126723, "i": 0.0034747461610094565, "p": 1.0416288861113399}, "datetime": {"datetime": "2023-11-22 15:41:05", "elapsed": 963.982563, "delta": 4.058217}}
{"target": 423.0177225116066, "params": {"d": 0.04908044391141364, "i": 0.002632614500104047, "p": 0.3990802904748175}, "datetime": {"datetime": "2023-11-22 15:41:09", "elapsed": 967.612786, "delta": 3.630223}}
{"target": 625.3341276303753, "params": {"d": 0.09275153737790665, "i": 0.0013173527878194702, "p": 1.1603229668810449}, "datetime": {"datetime": "2023-11-22 15:41:12", "elapsed": 970.904984, "delta": 3.292198}}
{"target": 229.2566199735404, "params": {"d": 0.6804002416279865, "i": 0.4447011131770945, "p": 1.788387339949573}, "datetime": {"datetime": "2023-11-22 15:41:14", "elapsed": 973.270896, "delta": 2.365912}}
{"target": 224.80339821825507, "params": {"d": 0.11002808144743248, "i": 0.08302921702335686, "p": 3.809156927057293}, "datetime": {"datetime": "2023-11-22 15:41:17", "elapsed": 976.278767, "delta": 3.007871}}
{"target": 559.7160317285894, "params": {"d": 0.034022415557662944, "i": 0.001458220884530681, "p": 0.5447035485655044}, "datetime": {"datetime": "2023-11-22 15:41:22", "elapsed": 981.048362, "delta": 4.769595}}
{"target": 555.3007661424003, "params": {"d": 0.10904123289226175, "i": 0.0057104523416521835, "p": 0.9800606699851244}, "datetime": {"datetime": "2023-11-22 15:41:27", "elapsed": 985.950659, "delta": 4.902297}}
{"target": 405.7937636466879, "params": {"d": 0.09383482501916662, "i": 0.09846004117473967, "p": 1.7364975665051858}, "datetime": {"datetime": "2023-11-22 15:41:31", "elapsed": 989.665343, "delta": 3.714684}}
{"target": 456.8477962588427, "params": {"d": 0.08965853963355364, "i": 0.019501141028123115, "p": 1.742235749053684}, "datetime": {"datetime": "2023-11-22 15:41:34", "elapsed": 993.188504, "delta": 3.523161}}
{"target": 241.25979388425276, "params": {"d": 0.5373221801710543, "i": 0.47455192681391484, "p": 3.2080066505187617}, "datetime": {"datetime": "2023-11-22 15:41:36", "elapsed": 995.172457, "delta": 1.983953}}
{"target": 236.0580083082003, "params": {"d": 0.8671526579831377, "i": 0.11175435340453965, "p": 4.73766932066996}, "datetime": {"datetime": "2023-11-22 15:41:41", "elapsed": 999.461063, "delta": 4.288606}}
{"target": 435.6739071140878, "params": {"d": 0.0306770988312135, "i": 0.03996481514250305, "p": 1.2791382246014837}, "datetime": {"datetime": "2023-11-22 15:41:45", "elapsed": 1004.236176, "delta": 4.775113}}
{"target": 428.08099886493056, "params": {"d": 0.05264734842750718, "i": 0.053284105172362706, "p": 1.203709304437024}, "datetime": {"datetime": "2023-11-22 15:41:49", "elapsed": 1008.296687, "delta": 4.060511}}
{"target": 377.63970102349964, "params": {"d": 0.19666154015597248, "i": 0.004931429766913686, "p": 1.3903153622847304}, "datetime": {"datetime": "2023-11-22 15:41:55", "elapsed": 1013.990008, "delta": 5.693321}}
{"target": 474.0111580387675, "params": {"d": 0.026845834287258397, "i": 0.019066556532502443, "p": 1.1357910651541765}, "datetime": {"datetime": "2023-11-22 15:42:00", "elapsed": 1018.58914, "delta": 4.599132}}
{"target": 227.74606608961932, "params": {"d": 0.2316685076534637, "i": 0.3033903785225325, "p": 0.6318373406233141}, "datetime": {"datetime": "2023-11-22 15:42:03", "elapsed": 1021.773222, "delta": 3.184082}}
{"target": 605.9626935099335, "params": {"d": 0.05255530569473088, "i": 0.0007102166732380621, "p": 1.196840445373986}, "datetime": {"datetime": "2023-11-22 15:42:09", "elapsed": 1027.580692, "delta": 5.80747}}
{"target": 486.5408622579151, "params": {"d": 0.17373926995512157, "i": 0.005082316145181898, "p": 1.3087532191813878}, "datetime": {"datetime": "2023-11-22 15:42:12", "elapsed": 1030.957128, "delta": 3.376436}}
{"target": 241.05880527596491, "params": {"d": 0.24757395889198752, "i": 0.0004695174873168284, "p": 1.2197257070950185}, "datetime": {"datetime": "2023-11-22 15:42:17", "elapsed": 1035.458098, "delta": 4.50097}}
{"target": 306.17373848138845, "params": {"d": 0.018843385607781427, "i": 0.0007485876088625942, "p": 1.9104884287557384}, "datetime": {"datetime": "2023-11-22 15:42:22", "elapsed": 1040.377507, "delta": 4.919409}}
{"target": 435.91177195062244, "params": {"d": 0.07169216985380122, "i": 0.045148664602093935, "p": 0.7201562053232241}, "datetime": {"datetime": "2023-11-22 15:42:26", "elapsed": 1045.061075, "delta": 4.683568}}
{"target": 420.01001906851127, "params": {"d": 0.03220771605893802, "i": 0.053642862578837436, "p": 1.4468294831121313}, "datetime": {"datetime": "2023-11-22 15:42:30", "elapsed": 1048.625292, "delta": 3.564217}}
{"target": 409.468449404028, "params": {"d": 0.15336648220461135, "i": 0.057178961763986624, "p": 1.521152309942095}, "datetime": {"datetime": "2023-11-22 15:42:33", "elapsed": 1052.211254, "delta": 3.585962}}
{"target": 572.0758374924467, "params": {"d": 0.040671371478579244, "i": 0.0013059721369634292, "p": 1.1598993112432632}, "datetime": {"datetime": "2023-11-22 15:42:39", "elapsed": 1057.503323, "delta": 5.292069}}
{"target": 241.5416487321571, "params": {"d": 0.8368600342123712, "i": 0.36409209096338313, "p": 4.141923260980133}, "datetime": {"datetime": "2023-11-22 15:42:43", "elapsed": 1061.4565, "delta": 3.953177}}
{"target": 499.33227274503855, "params": {"d": 0.13736218212545237, "i": 0.01696334556678214, "p": 1.1036410342875618}, "datetime": {"datetime": "2023-11-22 15:42:46", "elapsed": 1065.273248, "delta": 3.816748}}
{"target": 664.5506450332969, "params": {"d": 0.09409960614825064, "i": 0.0010562439627009312, "p": 1.0395638312148747}, "datetime": {"datetime": "2023-11-22 15:42:51", "elapsed": 1070.155055, "delta": 4.881807}}
{"target": 509.76011090313165, "params": {"d": 0.09543778208777898, "i": 0.016392517603041612, "p": 1.2298138559712641}, "datetime": {"datetime": "2023-11-22 15:42:57", "elapsed": 1076.173209, "delta": 6.018154}}
{"target": 576.928651475296, "params": {"d": 0.055046232002340933, "i": 0.002671287078269191, "p": 0.7516978802200724}, "datetime": {"datetime": "2023-11-22 15:43:02", "elapsed": 1080.403565, "delta": 4.230356}}
{"target": 389.4808780789771, "params": {"d": 0.042557551804765725, "i": 0.08175036476162428, "p": 1.7773116529602317}, "datetime": {"datetime": "2023-11-22 15:43:07", "elapsed": 1085.886328, "delta": 5.482763}}
{"target": 470.0210489938732, "params": {"d": 0.07760123916281136, "i": 0.028404739242621435, "p": 0.7639077689469992}, "datetime": {"datetime": "2023-11-22 15:43:15", "elapsed": 1093.976439, "delta": 8.090111}}
{"target": 610.8573129232595, "params": {"d": 0.10963853765758547, "i": 0.0040691810402332385, "p": 1.1375118318609645}, "datetime": {"datetime": "2023-11-22 15:43:18", "elapsed": 1096.665412, "delta": 2.688973}}
{"target": 477.0142860408887, "params": {"d": 0.08117717613605169, "i": 0.029416780760454564, "p": 1.3114821269497794}, "datetime": {"datetime": "2023-11-22 15:43:24", "elapsed": 1102.46598, "delta": 5.800568}}
