{"target": 382.0991715869327, "params": {"d": 0.10348931881883427, "i": 0.15259687229895535, "p": 1.6251833695197866}, "datetime": {"datetime": "2023-11-22 16:03:14", "elapsed": 2293.069179, "delta": 7.709009}}
{"target": 581.130778247415, "params": {"d": 0.053258564599196756, "i": 0.0011326521262159384, "p": 0.8292368810217354}, "datetime": {"datetime": "2023-11-22 16:03:22", "elapsed": 2300.617342, "delta": 7.548163}}
{"target": 251.44758166437978, "params": {"d": 0.4259893591855498, "i": 0.05836599368555834, "p": 3.892121819843095}, "datetime": {"datetime": "2023-11-22 16:03:27", "elapsed": 2305.681505, "delta": 5.064163}}
{"target": 379.4323935148434, "params": {"d": 0.18361848182527174, "i": 0.058839144200901694, "p": 1.131609810399502}, "datetime": {"datetime": "2023-11-22 16:03:34", "elapsed": 2312.662114, "delta": 6.980609}}
{"target": 491.3938840929775, "params": {"d": 0.14393533140639903, "i": 0.022650772806802055, "p": 1.3941187153043195}, "datetime": {"datetime": "2023-11-22 16:03:47", "elapsed": 2325.928526, "delta": 13.266412}}
{"target": 357.14508404895065, "params": {"d": 0.06606140397991433, "i": 0.12055157200491917, "p": 0.855099157156512}, "datetime": {"datetime": "2023-11-22 16:03:56", "elapsed": 2335.069627, "delta": 9.141101}}
{"target": 578.9162604038717, "params": {"d": 0.059246492775978266, "i": 0.0016938238331183908, "p": 1.0905455564514561}, "datetime": {"datetime": "2023-11-22 16:04:02", "elapsed": 2340.869421, "delta": 5.799794}}
{"target": 374.9202322499825, "params": {"d": 0.10403006880120713, "i": 0.16436959957963632, "p": 1.4638278767835444}, "datetime": {"datetime": "2023-11-22 16:04:09", "elapsed": 2347.674366, "delta": 6.804945}}
{"target": 309.12677004753937, "params": {"d": 0.15450092684827132, "i": 0.01084608829685857, "p": 2.3518998889016727}, "datetime": {"datetime": "2023-11-22 16:04:16", "elapsed": 2354.563228, "delta": 6.888862}}
{"target": 479.6308324665549, "params": {"d": 0.07707099268475792, "i": 0.03020662374688543, "p": 1.4626693253500078}, "datetime": {"datetime": "2023-11-22 16:04:27", "elapsed": 2366.144336, "delta": 11.581108}}
{"target": 411.9924435002663, "params": {"d": 0.03330360699537793, "i": 0.07499133601390506, "p": 1.513356180225562}, "datetime": {"datetime": "2023-11-22 16:04:39", "elapsed": 2378.05929, "delta": 11.914954}}
{"target": 333.92800621143294, "params": {"d": 0.05132406614459872, "i": 0.21685013101222822, "p": 1.0476567020238452}, "datetime": {"datetime": "2023-11-22 16:04:51", "elapsed": 2389.756256, "delta": 11.696966}}
{"target": 355.8963577048009, "params": {"d": 0.09612738987306402, "i": 0.06436692690142004, "p": 0.5824872077287763}, "datetime": {"datetime": "2023-11-22 16:05:00", "elapsed": 2398.460119, "delta": 8.703863}}
{"target": 234.0121886262336, "params": {"d": 0.3959426427203565, "i": 0.3312623208525225, "p": 1.3908697675543498}, "datetime": {"datetime": "2023-11-22 16:05:04", "elapsed": 2403.137531, "delta": 4.677412}}
{"target": 103.45095653636922, "params": {"d": 0.8684616652879001, "i": 0.024769551928480016, "p": 0.18184324535631402}, "datetime": {"datetime": "2023-11-22 16:05:08", "elapsed": 2406.774006, "delta": 3.636475}}
{"target": 413.19500407855344, "params": {"d": 0.1062549465954904, "i": 0.07932479560332506, "p": 1.4070389183350784}, "datetime": {"datetime": "2023-11-22 16:05:16", "elapsed": 2414.849511, "delta": 8.075505}}
{"target": 248.35864798933446, "params": {"d": 0.2643444756626536, "i": 0.44781375500792275, "p": 0.7983845103099746}, "datetime": {"datetime": "2023-11-22 16:05:21", "elapsed": 2419.768482, "delta": 4.918971}}
{"target": 210.88933788003115, "params": {"d": 0.5019168694863864, "i": 0.3654473750108049, "p": 0.6047219232678258}, "datetime": {"datetime": "2023-11-22 16:05:26", "elapsed": 2425.262112, "delta": 5.49363}}
{"target": 607.8035893985979, "params": {"d": 0.11001028151344605, "i": 0.0010005416687030588, "p": 0.9990534018085206}, "datetime": {"datetime": "2023-11-22 16:05:33", "elapsed": 2431.629805, "delta": 6.367693}}
{"target": 227.5727136532337, "params": {"d": 0.6985288504915038, "i": 0.21374837219893267, "p": 1.7266167376228054}, "datetime": {"datetime": "2023-11-22 16:05:37", "elapsed": 2435.564572, "delta": 3.934767}}
{"target": 231.63447497967056, "params": {"d": 0.9193156822034194, "i": 0.4342467062109258, "p": 4.062697006239952}, "datetime": {"datetime": "2023-11-22 16:05:44", "elapsed": 2442.659098, "delta": 7.094526}}
{"target": 249.42289178163097, "params": {"d": 0.3339561928071202, "i": 0.043171541595841245, "p": 2.4906537438707064}, "datetime": {"datetime": "2023-11-22 16:05:48", "elapsed": 2447.14596, "delta": 4.486862}}
{"target": 368.64964420119463, "params": {"d": 0.13223730987004945, "i": 0.16805075398161895, "p": 1.5547265234934908}, "datetime": {"datetime": "2023-11-22 16:05:59", "elapsed": 2457.66979, "delta": 10.52383}}
{"target": 384.3793864311437, "params": {"d": 0.09135432849859715, "i": 0.11892758209351056, "p": 1.7965594540983176}, "datetime": {"datetime": "2023-11-22 16:06:05", "elapsed": 2464.170211, "delta": 6.500421}}
{"target": 291.3820772921526, "params": {"d": 0.21010640473605569, "i": 0.15844402810304847, "p": 1.64064916343721}, "datetime": {"datetime": "2023-11-22 16:06:12", "elapsed": 2470.872629, "delta": 6.702418}}
{"target": 313.9242343781558, "params": {"d": 0.01643123781913447, "i": 0.07004535984338706, "p": 1.842237515644174}, "datetime": {"datetime": "2023-11-22 16:06:17", "elapsed": 2476.159726, "delta": 5.287097}}
{"target": 306.60328740187805, "params": {"d": 0.08695637420007074, "i": 0.39088723927351027, "p": 1.309966402775284}, "datetime": {"datetime": "2023-11-22 16:06:24", "elapsed": 2482.788189, "delta": 6.628463}}
{"target": 372.45541475447914, "params": {"d": 0.08417479912337944, "i": 0.209071472071448, "p": 1.7048840884413234}, "datetime": {"datetime": "2023-11-22 16:06:31", "elapsed": 2489.46827, "delta": 6.680081}}
{"target": 347.76141600357965, "params": {"d": 0.1379929007514621, "i": 0.10432006248029879, "p": 0.8731023608198868}, "datetime": {"datetime": "2023-11-22 16:06:34", "elapsed": 2492.457145, "delta": 2.988875}}
{"target": 420.2828375342701, "params": {"d": 0.15654199785863288, "i": 0.05256024677549115, "p": 1.2127812035593983}, "datetime": {"datetime": "2023-11-22 16:06:50", "elapsed": 2508.560904, "delta": 16.103759}}
{"target": 522.1398938003823, "params": {"d": 0.008754043658273702, "i": 0.004699956891115853, "p": 0.805916456077832}, "datetime": {"datetime": "2023-11-22 16:07:00", "elapsed": 2519.172674, "delta": 10.61177}}
{"target": 359.972426467961, "params": {"d": 0.13482811225203883, "i": 0.17821613627088473, "p": 1.3722889573301185}, "datetime": {"datetime": "2023-11-22 16:07:12", "elapsed": 2530.665173, "delta": 11.492499}}
{"target": 459.4468053895644, "params": {"d": 0.07217453696061926, "i": 0.008649413497075154, "p": 1.9030055087687636}, "datetime": {"datetime": "2023-11-22 16:07:17", "elapsed": 2535.699505, "delta": 5.034332}}
{"target": 357.7588124324044, "params": {"d": 0.0780182979220404, "i": 0.2229789046483267, "p": 1.5645816288852765}, "datetime": {"datetime": "2023-11-22 16:07:25", "elapsed": 2544.026784, "delta": 8.327279}}
{"target": 419.8079017102484, "params": {"d": 0.0709976463235259, "i": 0.06693150317980634, "p": 1.688427707258553}, "datetime": {"datetime": "2023-11-22 16:07:35", "elapsed": 2553.909164, "delta": 9.88238}}
{"target": 335.1850765067452, "params": {"d": 0.13972810632282107, "i": 0.292259000728628, "p": 1.6757044423257956}, "datetime": {"datetime": "2023-11-22 16:07:41", "elapsed": 2559.596641, "delta": 5.687477}}
{"target": 247.67791096636225, "params": {"d": 0.18171599564449537, "i": 0.15979245731224712, "p": 0.5187110448905613}, "datetime": {"datetime": "2023-11-22 16:07:45", "elapsed": 2563.57316, "delta": 3.976519}}
{"target": 240.27198944183468, "params": {"d": 0.5707389882983955, "i": 0.4789490846409624, "p": 3.363702525718163}, "datetime": {"datetime": "2023-11-22 16:07:48", "elapsed": 2567.073783, "delta": 3.500623}}
{"target": 386.0403345935796, "params": {"d": 0.15580685909081637, "i": 0.11381118051010874, "p": 1.4269604640818363}, "datetime": {"datetime": "2023-11-22 16:07:55", "elapsed": 2574.169463, "delta": 7.09568}}
{"target": 374.4882095348031, "params": {"d": 0.12272892417924774, "i": 0.1076685311973063, "p": 1.953710501537727}, "datetime": {"datetime": "2023-11-22 16:08:06", "elapsed": 2584.763383, "delta": 10.59392}}
{"target": 455.4286813194225, "params": {"d": 0.00541397881866712, "i": 7.80706514982854e-05, "p": 1.1212636539162362}, "datetime": {"datetime": "2023-11-22 16:08:15", "elapsed": 2593.967036, "delta": 9.203653}}
{"target": 323.2969030892756, "params": {"d": 0.18797620083495725, "i": 0.21898316138196627, "p": 1.2674194192281996}, "datetime": {"datetime": "2023-11-22 16:08:20", "elapsed": 2598.385918, "delta": 4.418882}}
{"target": 409.0607387661452, "params": {"d": 0.11889552413411697, "i": 0.06414247560140729, "p": 1.7224967174041128}, "datetime": {"datetime": "2023-11-22 16:08:28", "elapsed": 2606.703792, "delta": 8.317874}}
{"target": 483.08561251742753, "params": {"d": 0.12614034232823834, "i": 0.0016275257523355458, "p": 1.8213218701965417}, "datetime": {"datetime": "2023-11-22 16:08:35", "elapsed": 2613.432033, "delta": 6.728241}}
{"target": 358.53679442401733, "params": {"d": 0.1323266607176696, "i": 0.1581874315507872, "p": 2.0139510344771243}, "datetime": {"datetime": "2023-11-22 16:08:45", "elapsed": 2623.375891, "delta": 9.943858}}
{"target": 351.08920204152827, "params": {"d": 0.0797898015897307, "i": 0.24631225248197286, "p": 1.4138859349726802}, "datetime": {"datetime": "2023-11-22 16:08:53", "elapsed": 2631.818564, "delta": 8.442673}}
{"target": 551.7615222683366, "params": {"d": 0.08572745461113429, "i": 0.004589508526368802, "p": 1.4391512191959492}, "datetime": {"datetime": "2023-11-22 16:09:02", "elapsed": 2641.017839, "delta": 9.199275}}
{"target": 216.12004804245325, "params": {"d": 0.8112359088689376, "i": 0.06689317081495944, "p": 3.4899677159423326}, "datetime": {"datetime": "2023-11-22 16:09:08", "elapsed": 2647.053523, "delta": 6.035684}}
{"target": 341.7870677200654, "params": {"d": 0.17889345673671217, "i": 0.1421189171315645, "p": 1.0748982706977401}, "datetime": {"datetime": "2023-11-22 16:09:16", "elapsed": 2654.557504, "delta": 7.503981}}
{"target": 226.87143698705128, "params": {"d": 0.5583206784868907, "i": 0.14206275078734915, "p": 1.806724763691453}, "datetime": {"datetime": "2023-11-22 16:09:22", "elapsed": 2660.323931, "delta": 5.766427}}
{"target": 457.9724270302629, "params": {"d": 0.11111761178316104, "i": 0.002490639603309197, "p": 2.036385006678883}, "datetime": {"datetime": "2023-11-22 16:09:28", "elapsed": 2667.265964, "delta": 6.942033}}
{"target": 237.40457992550827, "params": {"d": 0.21005001087802566, "i": 0.4137627382310356, "p": 4.264909429548722}, "datetime": {"datetime": "2023-11-22 16:09:34", "elapsed": 2673.273527, "delta": 6.007563}}
{"target": 706.1677579154978, "params": {"d": 0.09785944108476397, "i": 0.00010074033570839358, "p": 1.0310905604850362}, "datetime": {"datetime": "2023-11-22 16:09:41", "elapsed": 2679.458108, "delta": 6.184581}}
{"target": 427.49288838468203, "params": {"d": 0.17514312954913158, "i": 0.017912888295571694, "p": 1.0412182252781343}, "datetime": {"datetime": "2023-11-22 16:09:50", "elapsed": 2688.872205, "delta": 9.414097}}
{"target": 553.3390789167106, "params": {"d": 0.014429115512918922, "i": 0.000491938881986731, "p": 0.8313153418337887}, "datetime": {"datetime": "2023-11-22 16:10:01", "elapsed": 2699.859365, "delta": 10.98716}}
{"target": 186.59438789238564, "params": {"d": 1.0, "i": 0.0, "p": 3.2225422413247053}, "datetime": {"datetime": "2023-11-22 16:10:12", "elapsed": 2710.364873, "delta": 10.505508}}
{"target": 240.88392975871383, "params": {"d": 0.17727019536539446, "i": 0.23963617540564913, "p": 3.3535275517745564}, "datetime": {"datetime": "2023-11-22 16:10:18", "elapsed": 2716.928349, "delta": 6.563476}}
{"target": 203.63239944290373, "params": {"d": 0.856368293447974, "i": 0.1898640995878264, "p": 1.8893337754712336}, "datetime": {"datetime": "2023-11-22 16:10:22", "elapsed": 2721.255737, "delta": 4.327388}}
{"target": 622.1647022495737, "params": {"d": 0.07467532679355837, "i": 0.0002999268840241931, "p": 0.7747529821201171}, "datetime": {"datetime": "2023-11-22 16:10:32", "elapsed": 2730.566289, "delta": 9.310552}}
{"target": 249.50953934679706, "params": {"d": 0.3908820210280314, "i": 0.004279916143862195, "p": 3.2248496360165784}, "datetime": {"datetime": "2023-11-22 16:10:38", "elapsed": 2736.355711, "delta": 5.789422}}
{"target": 297.61954594955176, "params": {"d": 0.22420646855335302, "i": 0.004872293502700353, "p": 0.7479712024898305}, "datetime": {"datetime": "2023-11-22 16:10:49", "elapsed": 2747.87465, "delta": 11.518939}}
{"target": 409.30220288204566, "params": {"d": 0.08937292685517995, "i": 0.043831102055854054, "p": 2.1266619688428245}, "datetime": {"datetime": "2023-11-22 16:10:57", "elapsed": 2756.271612, "delta": 8.396962}}
{"target": 640.4936203177288, "params": {"d": 0.11529880459821562, "i": 0.002013840820075219, "p": 1.2213789300748956}, "datetime": {"datetime": "2023-11-22 16:11:09", "elapsed": 2768.08704, "delta": 11.815428}}
{"target": 260.77990127684626, "params": {"d": 0.23932576529267768, "i": 0.006726289443670319, "p": 1.8749718109829345}, "datetime": {"datetime": "2023-11-22 16:11:22", "elapsed": 2780.660099, "delta": 12.573059}}
{"target": 703.1599774868811, "params": {"d": 0.128562570685267, "i": 0.000186003306603566, "p": 1.2666005349750726}, "datetime": {"datetime": "2023-11-22 16:11:29", "elapsed": 2787.67402, "delta": 7.013921}}
{"target": 221.188428994992, "params": {"d": 0.9460297058824787, "i": 0.08156227840309405, "p": 3.645707897364234}, "datetime": {"datetime": "2023-11-22 16:11:35", "elapsed": 2793.991845, "delta": 6.317825}}
{"target": 414.6816406936518, "params": {"d": 0.1874459598893098, "i": 0.013939369217919217, "p": 1.1088614576402822}, "datetime": {"datetime": "2023-11-22 16:11:46", "elapsed": 2804.936636, "delta": 10.944791}}
{"target": 160.86170576013666, "params": {"d": 0.7746403513599711, "i": 0.5, "p": 0.0}, "datetime": {"datetime": "2023-11-22 16:11:56", "elapsed": 2814.459267, "delta": 9.522631}}
{"target": 392.2294976994895, "params": {"d": 0.06651977554454425, "i": 0.11481651000079512, "p": 1.363354011837326}, "datetime": {"datetime": "2023-11-22 16:12:03", "elapsed": 2821.961677, "delta": 7.50241}}
{"target": 163.46620365541852, "params": {"d": 1.0, "i": 0.0, "p": 1.5542838243345887}, "datetime": {"datetime": "2023-11-22 16:12:14", "elapsed": 2832.611322, "delta": 10.649645}}
{"target": 236.61346646604346, "params": {"d": 0.4279601298254694, "i": 0.44899041177280247, "p": 1.363935979704007}, "datetime": {"datetime": "2023-11-22 16:12:17", "elapsed": 2835.366922, "delta": 2.7556}}
{"target": 423.5233489667464, "params": {"d": 0.029026400759106896, "i": 0.04252736422008063, "p": 1.3326529951938721}, "datetime": {"datetime": "2023-11-22 16:12:22", "elapsed": 2841.188636, "delta": 5.821714}}
{"target": 591.9888374690107, "params": {"d": 0.10873290219835952, "i": 0.004647641547940229, "p": 1.170318479954295}, "datetime": {"datetime": "2023-11-22 16:12:30", "elapsed": 2848.663743, "delta": 7.475107}}
{"target": 249.66248633885377, "params": {"d": 0.7108207815820818, "i": 0.4576379465550717, "p": 4.406586077793194}, "datetime": {"datetime": "2023-11-22 16:12:37", "elapsed": 2855.424107, "delta": 6.760364}}
{"target": 197.00180060665934, "params": {"d": 0.9056899562830273, "i": 0.5, "p": 1.2664185512320427}, "datetime": {"datetime": "2023-11-22 16:12:43", "elapsed": 2861.545797, "delta": 6.12169}}
{"target": 485.21135837318815, "params": {"d": 0.18146283285942055, "i": 0.002176928277928092, "p": 1.216092857418389}, "datetime": {"datetime": "2023-11-22 16:12:52", "elapsed": 2870.669944, "delta": 9.124147}}
{"target": 335.9247282064887, "params": {"d": 0.06776971620826033, "i": 0.2558397578735206, "p": 1.1592926745471288}, "datetime": {"datetime": "2023-11-22 16:13:00", "elapsed": 2878.773245, "delta": 8.103301}}
{"target": 243.34907630029323, "params": {"d": 0.4383332457009401, "i": 0.48279932824810545, "p": 1.9021329705534957}, "datetime": {"datetime": "2023-11-22 16:13:10", "elapsed": 2888.359414, "delta": 9.586169}}
{"target": 190.05783037443885, "params": {"d": 0.0, "i": 0.45415437238931305, "p": 4.7473419269427986}, "datetime": {"datetime": "2023-11-22 16:13:20", "elapsed": 2898.95521, "delta": 10.595796}}
{"target": 411.91365809926737, "params": {"d": 0.11767817925610502, "i": 0.03298331141525662, "p": 1.8069224782281963}, "datetime": {"datetime": "2023-11-22 16:13:24", "elapsed": 2902.580837, "delta": 3.625627}}
{"target": 430.09157617906646, "params": {"d": 0.09328848981741389, "i": 0.058140585456855076, "p": 1.773241899772144}, "datetime": {"datetime": "2023-11-22 16:13:31", "elapsed": 2909.5893, "delta": 7.008463}}
{"target": 228.46866051890422, "params": {"d": 0.8948692685521564, "i": 0.1879437290400991, "p": 3.4714927179238293}, "datetime": {"datetime": "2023-11-22 16:13:37", "elapsed": 2915.662587, "delta": 6.073287}}
{"target": 190.0741651918036, "params": {"d": 0.0, "i": 0.0, "p": 3.9708928323305144}, "datetime": {"datetime": "2023-11-22 16:13:43", "elapsed": 2921.674137, "delta": 6.01155}}
{"target": 249.04460385796617, "params": {"d": 0.37138700628870946, "i": 0.18920459420918215, "p": 2.645191943622082}, "datetime": {"datetime": "2023-11-22 16:13:51", "elapsed": 2929.32711, "delta": 7.652973}}
{"target": 244.54815580892225, "params": {"d": 0.19418919937181645, "i": 0.08668060965645324, "p": 2.686603302688588}, "datetime": {"datetime": "2023-11-22 16:13:55", "elapsed": 2933.866693, "delta": 4.539583}}
{"target": 687.6857057807201, "params": {"d": 0.09615423723989469, "i": 0.00010472173266917739, "p": 0.9913253243530762}, "datetime": {"datetime": "2023-11-22 16:14:02", "elapsed": 2941.061419, "delta": 7.194726}}
{"target": 223.19662569422738, "params": {"d": 0.8808328023964932, "i": 0.3502041312443282, "p": 3.057634328313621}, "datetime": {"datetime": "2023-11-22 16:14:08", "elapsed": 2946.998558, "delta": 5.937139}}
{"target": 532.179031317853, "params": {"d": 0.06878787819824139, "i": 0.006548855814921484, "p": 1.2482218418648228}, "datetime": {"datetime": "2023-11-22 16:14:14", "elapsed": 2952.955726, "delta": 5.957168}}
{"target": 423.97899733547047, "params": {"d": 0.09740183764739596, "i": 0.0714156693389254, "p": 1.816264742649828}, "datetime": {"datetime": "2023-11-22 16:14:22", "elapsed": 2960.484093, "delta": 7.528367}}
{"target": 295.9045492530638, "params": {"d": 0.08706161831088854, "i": 0.2622169028074829, "p": 2.6710636214119705}, "datetime": {"datetime": "2023-11-22 16:14:27", "elapsed": 2965.705294, "delta": 5.221201}}
{"target": 233.75296478451443, "params": {"d": 0.6951755094424744, "i": 0.2959889674242058, "p": 2.6024867977283708}, "datetime": {"datetime": "2023-11-22 16:14:37", "elapsed": 2976.181172, "delta": 10.475878}}
{"target": 367.604389344896, "params": {"d": 0.0, "i": 0.5, "p": 0.9312876734753273}, "datetime": {"datetime": "2023-11-22 16:14:46", "elapsed": 2984.749936, "delta": 8.568764}}
{"target": 513.1354208747363, "params": {"d": 0.05505742419177839, "i": 0.009057552872930474, "p": 0.7761426050267817}, "datetime": {"datetime": "2023-11-22 16:15:00", "elapsed": 2999.16799, "delta": 14.418054}}
{"target": 246.6626709442127, "params": {"d": 0.3553339548458821, "i": 0.5, "p": 4.642123723436764}, "datetime": {"datetime": "2023-11-22 16:15:18", "elapsed": 3017.268226, "delta": 18.100236}}
{"target": 391.5654422061291, "params": {"d": 0.05827010397924691, "i": 0.10013548431801891, "p": 1.286933621821414}, "datetime": {"datetime": "2023-11-22 16:15:26", "elapsed": 3024.762263, "delta": 7.494037}}
{"target": 229.6464382672297, "params": {"d": 0.5494821682420624, "i": 0.2670379816970628, "p": 1.3544422987281368}, "datetime": {"datetime": "2023-11-22 16:15:31", "elapsed": 3030.127222, "delta": 5.364959}}
{"target": 490.7134353141701, "params": {"d": 0.11140543505892542, "i": 0.0044904796177324124, "p": 1.7036176560760712}, "datetime": {"datetime": "2023-11-22 16:15:36", "elapsed": 3035.181472, "delta": 5.05425}}
{"target": 235.10848758492207, "params": {"d": 0.5024312270997042, "i": 0.4778157261819634, "p": 1.1515654181916335}, "datetime": {"datetime": "2023-11-22 16:15:46", "elapsed": 3044.601254, "delta": 9.419782}}
{"target": 548.1992278842017, "params": {"d": 0.0801712225546436, "i": 0.0009249285231652249, "p": 1.6979836677573363}, "datetime": {"datetime": "2023-11-22 16:15:53", "elapsed": 3051.97556, "delta": 7.374306}}
{"target": 461.55831488009477, "params": {"d": 0.08087232713810655, "i": 0.02037665928875898, "p": 1.8232792968441314}, "datetime": {"datetime": "2023-11-22 16:16:01", "elapsed": 3059.337244, "delta": 7.361684}}
{"target": 674.9541151958115, "params": {"d": 0.0878136429709161, "i": 0.00050929935713806, "p": 1.0939862322256666}, "datetime": {"datetime": "2023-11-22 16:16:09", "elapsed": 3067.818431, "delta": 8.481187}}
{"target": 234.0276209368229, "params": {"d": 0.4024405367033659, "i": 0.0, "p": 1.7586955234465793}, "datetime": {"datetime": "2023-11-22 16:16:22", "elapsed": 3080.329213, "delta": 12.510782}}
{"target": 442.6282923039906, "params": {"d": 0.1487878302069754, "i": 0.030715066526710022, "p": 1.6485416078156994}, "datetime": {"datetime": "2023-11-22 16:16:32", "elapsed": 3090.871434, "delta": 10.542221}}
{"target": 249.40825343447457, "params": {"d": 0.27066119383973053, "i": 0.5, "p": 1.595901661439906}, "datetime": {"datetime": "2023-11-22 16:16:41", "elapsed": 3099.562333, "delta": 8.690899}}
{"target": 243.38276006231092, "params": {"d": 0.3641825635792154, "i": 0.2540340410001875, "p": 4.486586268080083}, "datetime": {"datetime": "2023-11-22 16:16:47", "elapsed": 3105.321819, "delta": 5.759486}}
