{"target": 484.95527940292783, "params": {"d": 0.1243309203111681, "i": 0.0070543464540528955, "p": 1.7576542459443152}, "datetime": {"datetime": "2023-11-22 16:16:55", "elapsed": 3113.586246, "delta": 8.264427}}
{"target": 188.41955278772807, "params": {"d": 1.0, "i": 0.051433295947406636, "p": 2.008896747869408}, "datetime": {"datetime": "2023-11-22 16:17:09", "elapsed": 3128.252508, "delta": 14.666262}}
{"target": 245.7537346295196, "params": {"d": 0.7078744216652424, "i": 0.2995466310983177, "p": 4.195098333729212}, "datetime": {"datetime": "2023-11-22 16:17:15", "elapsed": 3133.616877, "delta": 5.364369}}
{"target": 234.15936837952674, "params": {"d": 0.42218887348684, "i": 0.3030266172801293, "p": 1.6115455065385835}, "datetime": {"datetime": "2023-11-22 16:17:19", "elapsed": 3137.763312, "delta": 4.146435}}
{"target": 651.3394230535903, "params": {"d": 0.08324481330986944, "i": 0.0010601474713183845, "p": 0.8777345709258766}, "datetime": {"datetime": "2023-11-22 16:17:28", "elapsed": 3147.165916, "delta": 9.402604}}
{"target": 447.043132680791, "params": {"d": 0.04335523075870307, "i": 0.02252530246843054, "p": 0.6990944126711296}, "datetime": {"datetime": "2023-11-22 16:17:37", "elapsed": 3155.735513, "delta": 8.569597}}
{"target": 429.66861524632145, "params": {"d": 0.044474857644449695, "i": 0.04098639300579454, "p": 1.0509384100928294}, "datetime": {"datetime": "2023-11-22 16:17:44", "elapsed": 3162.547147, "delta": 6.811634}}
{"target": 237.38149456532705, "params": {"d": 0.2080645265443466, "i": 0.48101089426225224, "p": 3.895407863533812}, "datetime": {"datetime": "2023-11-22 16:17:55", "elapsed": 3174.071375, "delta": 11.524228}}
{"target": 243.29162946145283, "params": {"d": 0.6801670950033277, "i": 0.4014191043597275, "p": 3.8210185697929804}, "datetime": {"datetime": "2023-11-22 16:18:00", "elapsed": 3178.439795, "delta": 4.36842}}
{"target": 244.9643911828406, "params": {"d": 0.38404526637730163, "i": 0.18126899745816966, "p": 3.9000131915530964}, "datetime": {"datetime": "2023-11-22 16:18:06", "elapsed": 3184.457608, "delta": 6.017813}}
{"target": 196.498263811363, "params": {"d": 0.7321185768181404, "i": 0.4961746113961847, "p": 0.4863916772456578}, "datetime": {"datetime": "2023-11-22 16:18:14", "elapsed": 3192.862594, "delta": 8.404986}}
{"target": 595.5805699101692, "params": {"d": 0.05144895101901514, "i": 0.000268194340908412, "p": 1.1341134862130602}, "datetime": {"datetime": "2023-11-22 16:18:26", "elapsed": 3204.877444, "delta": 12.01485}}
{"target": 251.59713507591243, "params": {"d": 0.6262456511838074, "i": 0.0, "p": 4.142730799955069}, "datetime": {"datetime": "2023-11-22 16:18:33", "elapsed": 3211.632266, "delta": 6.754822}}
{"target": 246.04634641234688, "params": {"d": 0.6509125373923874, "i": 0.26735152774996906, "p": 3.40789412916583}, "datetime": {"datetime": "2023-11-22 16:18:41", "elapsed": 3219.661694, "delta": 8.029428}}
{"target": 468.23769128722085, "params": {"d": 0.08495357418591831, "i": 0.02188429535744635, "p": 1.791364405006231}, "datetime": {"datetime": "2023-11-22 16:18:47", "elapsed": 3225.666185, "delta": 6.004491}}
{"target": 275.83832276558945, "params": {"d": 0.193202504865278, "i": 0.4421570711157108, "p": 1.1566942904226578}, "datetime": {"datetime": "2023-11-22 16:18:52", "elapsed": 3230.989793, "delta": 5.323608}}
{"target": 196.2462287744534, "params": {"d": 0.38208790008815147, "i": 0.3568599527550235, "p": 0.3595819688623642}, "datetime": {"datetime": "2023-11-22 16:19:09", "elapsed": 3247.98258, "delta": 16.992787}}
{"target": 116.15558095774175, "params": {"d": 0.6205637895096267, "i": 0.07921969525675687, "p": 0.058006632255205304}, "datetime": {"datetime": "2023-11-22 16:19:14", "elapsed": 3253.065514, "delta": 5.082934}}
{"target": 592.9396523206151, "params": {"d": 0.11074168842540766, "i": 0.0015018981299463885, "p": 1.51881439255982}, "datetime": {"datetime": "2023-11-22 16:19:28", "elapsed": 3266.366102, "delta": 13.300588}}
{"target": 433.2298301076262, "params": {"d": 0.09125073042941212, "i": 0.05364219056571928, "p": 1.0430694463144734}, "datetime": {"datetime": "2023-11-22 16:19:35", "elapsed": 3273.773246, "delta": 7.407144}}
{"target": 145.30402055480587, "params": {"d": 0.337509099734726, "i": 0.4745643318476061, "p": 0.004970013085391356}, "datetime": {"datetime": "2023-11-22 16:19:46", "elapsed": 3285.065356, "delta": 11.29211}}
{"target": 648.4423405065255, "params": {"d": 0.065163901691631, "i": 6.628620966797616e-05, "p": 0.988440412290747}, "datetime": {"datetime": "2023-11-22 16:19:58", "elapsed": 3297.288232, "delta": 12.222876}}
{"target": 224.2082673577519, "params": {"d": 0.09116613065140901, "i": 0.0, "p": 4.801240178122574}, "datetime": {"datetime": "2023-11-22 16:20:06", "elapsed": 3304.347647, "delta": 7.059415}}
{"target": 81.379694024327, "params": {"d": 0.0, "i": 0.0, "p": 0.0}, "datetime": {"datetime": "2023-11-22 16:20:17", "elapsed": 3315.432021, "delta": 11.084374}}
{"target": 651.8791409218915, "params": {"d": 0.13356138796300454, "i": 0.0003240728625890088, "p": 1.2514846233173682}, "datetime": {"datetime": "2023-11-22 16:20:29", "elapsed": 3327.968199, "delta": 12.536178}}
{"target": 224.57899231244025, "params": {"d": 0.0, "i": 0.31035618720418906, "p": 1.981050194921081}, "datetime": {"datetime": "2023-11-22 16:20:38", "elapsed": 3336.466704, "delta": 8.498505}}
{"target": 167.49341957562717, "params": {"d": 0.7531616324319717, "i": 0.20693828744146514, "p": 0.37935008488255706}, "datetime": {"datetime": "2023-11-22 16:20:53", "elapsed": 3351.343684, "delta": 14.87698}}
{"target": 209.42221325018042, "params": {"d": 0.7498723313886482, "i": 0.5, "p": 0.8942894740075278}, "datetime": {"datetime": "2023-11-22 16:21:03", "elapsed": 3362.267246, "delta": 10.923562}}
{"target": 444.1035497466009, "params": {"d": 0.13916204269804588, "i": 0.005343460163472591, "p": 1.881038311678792}, "datetime": {"datetime": "2023-11-22 16:21:13", "elapsed": 3372.186833, "delta": 9.919587}}
{"target": 213.7784289832243, "params": {"d": 0.6654228700690815, "i": 0.1486437341633793, "p": 1.4873699787967598}, "datetime": {"datetime": "2023-11-22 16:21:26", "elapsed": 3384.530276, "delta": 12.343443}}
{"target": 244.26494134506802, "params": {"d": 0.7044666100369158, "i": 0.19216886605762612, "p": 4.35879107751885}, "datetime": {"datetime": "2023-11-22 16:21:34", "elapsed": 3393.282542, "delta": 8.752266}}
{"target": 247.2783741125622, "params": {"d": 0.4937028219112322, "i": 0.0, "p": 2.912529010923581}, "datetime": {"datetime": "2023-11-22 16:21:45", "elapsed": 3404.164565, "delta": 10.882023}}
{"target": 327.89756155184995, "params": {"d": 0.16381751720565196, "i": 0.035012183294491184, "p": 2.0552310067657844}, "datetime": {"datetime": "2023-11-22 16:21:54", "elapsed": 3412.918237, "delta": 8.753672}}
{"target": 253.3410011399675, "params": {"d": 0.151407165686537, "i": 0.044773081345654164, "p": 3.081296348881107}, "datetime": {"datetime": "2023-11-22 16:22:00", "elapsed": 3418.658178, "delta": 5.739941}}
{"target": 235.24621995380923, "params": {"d": 0.7120695903299105, "i": 0.19539107005569206, "p": 2.754934443455598}, "datetime": {"datetime": "2023-11-22 16:22:05", "elapsed": 3423.48716, "delta": 4.828982}}
{"target": 256.5094651333995, "params": {"d": 0.31094090886912845, "i": 0.5, "p": 2.123207896167642}, "datetime": {"datetime": "2023-11-22 16:22:20", "elapsed": 3438.464523, "delta": 14.977363}}
{"target": 243.79142250233497, "params": {"d": 0.23321035564938264, "i": 0.08196830576780106, "p": 3.9392996489378507}, "datetime": {"datetime": "2023-11-22 16:22:25", "elapsed": 3444.251919, "delta": 5.787396}}
{"target": 231.77833606176011, "params": {"d": 0.12159481202488642, "i": 0.37423783260777405, "p": 3.441250327089962}, "datetime": {"datetime": "2023-11-22 16:22:31", "elapsed": 3449.971113, "delta": 5.719194}}
{"target": 616.5916297812919, "params": {"d": 0.07324245935733464, "i": 0.0011339749341058858, "p": 0.9702921352455712}, "datetime": {"datetime": "2023-11-22 16:22:39", "elapsed": 3458.055699, "delta": 8.084586}}
{"target": 608.5206988037625, "params": {"d": 0.09698087482880302, "i": 0.0015592404615229483, "p": 1.3544484023820687}, "datetime": {"datetime": "2023-11-22 16:22:50", "elapsed": 3469.06785, "delta": 11.012151}}
{"target": 227.92057471908203, "params": {"d": 0.9312245580513222, "i": 0.18912337187190864, "p": 4.450532694875826}, "datetime": {"datetime": "2023-11-22 16:23:05", "elapsed": 3483.824352, "delta": 14.756502}}
{"target": 124.29588719037416, "params": {"d": 0.5148606855125756, "i": 0.2409243510456644, "p": 0.0017183665648329294}, "datetime": {"datetime": "2023-11-22 16:23:17", "elapsed": 3495.349869, "delta": 11.525517}}
{"target": 238.1484702193427, "params": {"d": 0.6086064090396163, "i": 0.10530678952208433, "p": 2.369240563173456}, "datetime": {"datetime": "2023-11-22 16:23:23", "elapsed": 3502.061008, "delta": 6.711139}}
{"target": 186.99961691211666, "params": {"d": 0.0, "i": 0.0, "p": 3.349728055571674}, "datetime": {"datetime": "2023-11-22 16:23:33", "elapsed": 3511.463455, "delta": 9.402447}}
{"target": 240.86175585145256, "params": {"d": 0.7188162369838578, "i": 0.2351697545569775, "p": 2.9912319404741137}, "datetime": {"datetime": "2023-11-22 16:23:42", "elapsed": 3520.977643, "delta": 9.514188}}
{"target": 191.86481459682489, "params": {"d": 0.6884319528918402, "i": 0.1489326411824563, "p": 0.9741596124982371}, "datetime": {"datetime": "2023-11-22 16:23:48", "elapsed": 3526.663517, "delta": 5.685874}}
{"target": 606.6378297208712, "params": {"d": 0.1205264630119402, "i": 0.0, "p": 1.597956808727771}, "datetime": {"datetime": "2023-11-22 16:23:56", "elapsed": 3534.670322, "delta": 8.006805}}
{"target": 228.1293480746185, "params": {"d": 0.7413470611037397, "i": 0.5, "p": 2.190912417219609}, "datetime": {"datetime": "2023-11-22 16:24:02", "elapsed": 3540.559718, "delta": 5.889396}}
{"target": 203.66595546134823, "params": {"d": 0.8654331891230159, "i": 0.20282631829334785, "p": 2.3661535975335863}, "datetime": {"datetime": "2023-11-22 16:24:07", "elapsed": 3545.461043, "delta": 4.901325}}
{"target": 234.47522787797922, "params": {"d": 0.7696545984364156, "i": 0.39172141458014853, "p": 2.610957798668951}, "datetime": {"datetime": "2023-11-22 16:24:11", "elapsed": 3549.756638, "delta": 4.295595}}
{"target": 540.0834476457054, "params": {"d": 0.09019805483987087, "i": 0.0008043131433508321, "p": 1.648100816198933}, "datetime": {"datetime": "2023-11-22 16:24:16", "elapsed": 3555.071806, "delta": 5.315168}}
{"target": 250.23090117776647, "params": {"d": 0.5986076941431707, "i": 0.0, "p": 3.507463159120821}, "datetime": {"datetime": "2023-11-22 16:24:24", "elapsed": 3562.503368, "delta": 7.431562}}
{"target": 332.3022621376187, "params": {"d": 0.01941847824702425, "i": 0.15536654554282048, "p": 0.7203132949229191}, "datetime": {"datetime": "2023-11-22 16:24:38", "elapsed": 3577.256466, "delta": 14.753098}}
{"target": 212.71239731547786, "params": {"d": 0.4411219804038833, "i": 0.025579188224925054, "p": 0.9776848389061316}, "datetime": {"datetime": "2023-11-22 16:24:43", "elapsed": 3581.370223, "delta": 4.113757}}
{"target": 192.48286810568916, "params": {"d": 0.011709639137637895, "i": 0.17929334711130823, "p": 2.8065576573337303}, "datetime": {"datetime": "2023-11-22 16:24:51", "elapsed": 3589.761645, "delta": 8.391422}}
{"target": 363.7946974958271, "params": {"d": 0.028980432381515042, "i": 0.12077286131142628, "p": 0.9406150220738252}, "datetime": {"datetime": "2023-11-22 16:24:59", "elapsed": 3598.108679, "delta": 8.347034}}
{"target": 249.13271607212948, "params": {"d": 0.6697303159167095, "i": 0.35104594348399115, "p": 4.015346122376769}, "datetime": {"datetime": "2023-11-22 16:25:12", "elapsed": 3610.742475, "delta": 12.633796}}
{"target": 514.258547821536, "params": {"d": 0.08651434013856896, "i": 0.008151446340016133, "p": 0.755857987511282}, "datetime": {"datetime": "2023-11-22 16:25:24", "elapsed": 3622.359818, "delta": 11.617343}}
{"target": 594.6931955269862, "params": {"d": 0.09284366333572835, "i": 0.0020958572724146807, "p": 1.1367656508672797}, "datetime": {"datetime": "2023-11-22 16:25:31", "elapsed": 3629.516879, "delta": 7.157061}}
{"target": 378.10596105188904, "params": {"d": 0.08002566936109623, "i": 0.11003901483914741, "p": 1.147346822934146}, "datetime": {"datetime": "2023-11-22 16:25:39", "elapsed": 3637.567918, "delta": 8.051039}}
{"target": 410.171178362916, "params": {"d": 0.07270128670548248, "i": 0.006831064257844854, "p": 2.0634241283872026}, "datetime": {"datetime": "2023-11-22 16:25:51", "elapsed": 3649.498552, "delta": 11.930634}}
{"target": 263.4208089693505, "params": {"d": 0.15344749215832507, "i": 0.0, "p": 2.8585037202576467}, "datetime": {"datetime": "2023-11-22 16:25:59", "elapsed": 3657.677393, "delta": 8.178841}}
{"target": 457.42911687216684, "params": {"d": 0.10470445560596364, "i": 0.041121185130743754, "p": 1.585715440264438}, "datetime": {"datetime": "2023-11-22 16:26:07", "elapsed": 3666.016098, "delta": 8.338705}}
{"target": 223.02647851998708, "params": {"d": 1.0, "i": 0.5, "p": 3.7916859781984926}, "datetime": {"datetime": "2023-11-22 16:26:19", "elapsed": 3677.56217, "delta": 11.546072}}
{"target": 385.2387787458401, "params": {"d": 0.05726308113945622, "i": 0.06689866894524837, "p": 1.9589793854338522}, "datetime": {"datetime": "2023-11-22 16:26:31", "elapsed": 3689.588029, "delta": 12.025859}}
{"target": 354.47487167679793, "params": {"d": 0.02588010398245677, "i": 0.2544781890544013, "p": 1.3291700488554625}, "datetime": {"datetime": "2023-11-22 16:26:39", "elapsed": 3698.260454, "delta": 8.672425}}
{"target": 549.8408429669549, "params": {"d": 0.1437137193402045, "i": 0.0035298988489130823, "p": 1.2045084238282882}, "datetime": {"datetime": "2023-11-22 16:26:50", "elapsed": 3709.182096, "delta": 10.921642}}
{"target": 397.4937017492217, "params": {"d": 0.09505657601522255, "i": 0.1123478000615396, "p": 1.8911152090136951}, "datetime": {"datetime": "2023-11-22 16:27:00", "elapsed": 3718.866164, "delta": 9.684068}}
{"target": 233.01565070652114, "params": {"d": 0.7083521066584276, "i": 0.49869172227362707, "p": 1.5514845544675078}, "datetime": {"datetime": "2023-11-22 16:27:05", "elapsed": 3723.476216, "delta": 4.610052}}
{"target": 240.13873710094052, "params": {"d": 0.49422652205658135, "i": 0.39244890835522467, "p": 1.630668998861648}, "datetime": {"datetime": "2023-11-22 16:27:08", "elapsed": 3727.258494, "delta": 3.782278}}
{"target": 394.07313240058545, "params": {"d": 0.1805059879267633, "i": 0.01476570644798919, "p": 0.8495031735148684}, "datetime": {"datetime": "2023-11-22 16:27:17", "elapsed": 3736.111407, "delta": 8.852913}}
{"target": 397.8427969726605, "params": {"d": 0.0017737901609355955, "i": 0.08104468366949452, "p": 1.0061480552803104}, "datetime": {"datetime": "2023-11-22 16:27:24", "elapsed": 3743.228312, "delta": 7.116905}}
{"target": 246.53090602591888, "params": {"d": 0.6906050106458488, "i": 0.22096884524784843, "p": 4.669961655141288}, "datetime": {"datetime": "2023-11-22 16:27:30", "elapsed": 3748.463157, "delta": 5.234845}}
{"target": 362.95617734883416, "params": {"d": 0.06254505050834958, "i": 0.17113120959387185, "p": 1.1861990254783839}, "datetime": {"datetime": "2023-11-22 16:27:36", "elapsed": 3755.22998, "delta": 6.766823}}
{"target": 321.9072454780944, "params": {"d": 0.2122638970426186, "i": 0.09011500039271225, "p": 1.211500442560049}, "datetime": {"datetime": "2023-11-22 16:27:49", "elapsed": 3767.755691, "delta": 12.525711}}
{"target": 254.84005136045485, "params": {"d": 0.5200004383138421, "i": 0.2519523246332793, "p": 4.259003234697744}, "datetime": {"datetime": "2023-11-22 16:27:53", "elapsed": 3771.556211, "delta": 3.80052}}
{"target": 238.74120478275702, "params": {"d": 0.7895691084328431, "i": 0.24373607506544626, "p": 3.704809825941855}, "datetime": {"datetime": "2023-11-22 16:28:02", "elapsed": 3780.780754, "delta": 9.224543}}
{"target": 510.13178679393286, "params": {"d": 0.10235232184174303, "i": 0.001555643973157439, "p": 0.8162673341572574}, "datetime": {"datetime": "2023-11-22 16:28:11", "elapsed": 3789.96384, "delta": 9.183086}}
{"target": 551.6298812031199, "params": {"d": 0.07814565131754825, "i": 0.006195042601862377, "p": 0.7988965569385958}, "datetime": {"datetime": "2023-11-22 16:28:20", "elapsed": 3798.567576, "delta": 8.603736}}
{"target": 237.7421767620188, "params": {"d": 0.20437318637841828, "i": 0.2947078249022789, "p": 4.005468599363677}, "datetime": {"datetime": "2023-11-22 16:28:29", "elapsed": 3807.467722, "delta": 8.900146}}
{"target": 249.18169495568517, "params": {"d": 0.3885479902725606, "i": 0.19919880289193254, "p": 3.6218428525658126}, "datetime": {"datetime": "2023-11-22 16:28:38", "elapsed": 3816.755861, "delta": 9.288139}}
{"target": 182.6587400878748, "params": {"d": 1.0, "i": 0.2242913179959615, "p": 1.691165228151886}, "datetime": {"datetime": "2023-11-22 16:28:49", "elapsed": 3827.559316, "delta": 10.803455}}
{"target": 506.54833328426304, "params": {"d": 0.12336128024094684, "i": 0.017298636941989964, "p": 1.3290970639960626}, "datetime": {"datetime": "2023-11-22 16:29:02", "elapsed": 3840.568986, "delta": 13.00967}}
{"target": 231.95390175133812, "params": {"d": 0.3049454207100796, "i": 0.3506278455800023, "p": 0.9832327466947288}, "datetime": {"datetime": "2023-11-22 16:29:08", "elapsed": 3846.618331, "delta": 6.049345}}
{"target": 245.02566565054912, "params": {"d": 0.4051886046714842, "i": 0.32116779844894666, "p": 3.2738521193176}, "datetime": {"datetime": "2023-11-22 16:29:17", "elapsed": 3855.552886, "delta": 8.934555}}
{"target": 316.308325532346, "params": {"d": 0.10493979066068848, "i": 0.39407666805946867, "p": 2.3314156451828416}, "datetime": {"datetime": "2023-11-22 16:29:22", "elapsed": 3860.46248, "delta": 4.909594}}
{"target": 244.94200947470708, "params": {"d": 0.42378417987121075, "i": 0.3640183836254647, "p": 4.994850823619798}, "datetime": {"datetime": "2023-11-22 16:29:29", "elapsed": 3867.76892, "delta": 7.30644}}
{"target": 179.85517601935896, "params": {"d": 0.6300828466743579, "i": 0.026003101811955642, "p": 0.9605581092584164}, "datetime": {"datetime": "2023-11-22 16:29:35", "elapsed": 3873.52514, "delta": 5.75622}}
{"target": 403.1771308712879, "params": {"d": 0.09804847472825717, "i": 0.10758379411444763, "p": 1.6732559719939148}, "datetime": {"datetime": "2023-11-22 16:29:47", "elapsed": 3885.397141, "delta": 11.872001}}
{"target": 227.87969079061293, "params": {"d": 0.7910776562960536, "i": 0.33934428446170434, "p": 2.910650564783146}, "datetime": {"datetime": "2023-11-22 16:29:54", "elapsed": 3892.965736, "delta": 7.568595}}
{"target": 374.8855230665927, "params": {"d": 0.0, "i": 0.4407931356584278, "p": 0.7987009785811061}, "datetime": {"datetime": "2023-11-22 16:30:03", "elapsed": 3901.664369, "delta": 8.698633}}
{"target": 185.17984287350785, "params": {"d": 0.5845681398384648, "i": 0.0049966902261007196, "p": 0.7963119987095391}, "datetime": {"datetime": "2023-11-22 16:30:10", "elapsed": 3908.495937, "delta": 6.831568}}
{"target": 230.42331904886817, "params": {"d": 0.9229382987359559, "i": 0.3311209146529204, "p": 4.998402666428904}, "datetime": {"datetime": "2023-11-22 16:30:16", "elapsed": 3914.909411, "delta": 6.413474}}
{"target": 254.49961236768857, "params": {"d": 0.32997523470247386, "i": 0.3481494245039573, "p": 2.921430359957595}, "datetime": {"datetime": "2023-11-22 16:30:27", "elapsed": 3925.790721, "delta": 10.88131}}
{"target": 570.6964571616431, "params": {"d": 0.08543916398610937, "i": 0.0, "p": 1.7253969196147543}, "datetime": {"datetime": "2023-11-22 16:30:36", "elapsed": 3935.196597, "delta": 9.405876}}
{"target": 638.0701378802572, "params": {"d": 0.07544033671209449, "i": 0.0009665757408439113, "p": 0.9507430343862383}, "datetime": {"datetime": "2023-11-22 16:30:44", "elapsed": 3942.597557, "delta": 7.40096}}
{"target": 352.0175627563877, "params": {"d": 0.13592927963308277, "i": 0.05419367038486078, "p": 0.7188360108189884}, "datetime": {"datetime": "2023-11-22 16:30:58", "elapsed": 3956.561671, "delta": 13.964114}}
{"target": 237.42741431186082, "params": {"d": 0.18740340914475245, "i": 0.2611459775805884, "p": 3.7674187597656967}, "datetime": {"datetime": "2023-11-22 16:31:14", "elapsed": 3972.711257, "delta": 16.149586}}
{"target": 141.79420017266392, "params": {"d": 0.9821202421996532, "i": 0.23189045660725932, "p": 0.6030265446216437}, "datetime": {"datetime": "2023-11-22 16:31:23", "elapsed": 3981.860777, "delta": 9.14952}}
{"target": 425.8792215244018, "params": {"d": 0.03450715887264122, "i": 0.029490189256359822, "p": 0.46041815972880984}, "datetime": {"datetime": "2023-11-22 16:31:31", "elapsed": 3989.366782, "delta": 7.506005}}
{"target": 350.63678578598723, "params": {"d": 0.1945370389158697, "i": 0.07373119884682827, "p": 1.3955388530063133}, "datetime": {"datetime": "2023-11-22 16:31:38", "elapsed": 3996.466677, "delta": 7.099895}}
{"target": 177.72174751862636, "params": {"d": 0.5465322025182456, "i": 0.0, "p": 0.5423610261482863}, "datetime": {"datetime": "2023-11-22 16:31:45", "elapsed": 4003.99927, "delta": 7.532593}}
{"target": 233.2013635519387, "params": {"d": 0.5926540803209485, "i": 0.2824969030504068, "p": 2.0582348839254254}, "datetime": {"datetime": "2023-11-22 16:31:54", "elapsed": 4012.560838, "delta": 8.561568}}
{"target": 237.826900739025, "params": {"d": 0.6221644741833406, "i": 0.2956127564104094, "p": 2.4140365387248495}, "datetime": {"datetime": "2023-11-22 16:32:02", "elapsed": 4020.550261, "delta": 7.989423}}
{"target": 192.25816711752512, "params": {"d": 0.006195436286005496, "i": 0.010714172405740852, "p": 4.403824954609623}, "datetime": {"datetime": "2023-11-22 16:32:10", "elapsed": 4028.451475, "delta": 7.901214}}
