{"target": 240.70574951826734, "params": {"d": 0.5488135039273248, "i": 0.35759468318620974, "p": 3.0138168803582195}, "datetime": {"datetime": "2023-11-22 15:25:01", "elapsed": 0.0, "delta": 0.0}}
{"target": 247.43339172461094, "params": {"d": 0.5448831829968969, "i": 0.21182739966945235, "p": 3.2294705653332807}, "datetime": {"datetime": "2023-11-22 15:25:02", "elapsed": 0.489079, "delta": 0.489079}}
{"target": 246.24195634017724, "params": {"d": 0.4375872112626925, "i": 0.4458865003910399, "p": 4.818313802505147}, "datetime": {"datetime": "2023-11-22 15:25:02", "elapsed": 0.806805, "delta": 0.317726}}
{"target": 244.96093339224925, "params": {"d": 0.3834415188257777, "i": 0.3958625190413323, "p": 2.644474598764522}, "datetime": {"datetime": "2023-11-22 15:25:02", "elapsed": 1.240188, "delta": 0.433383}}
{"target": 197.940554697243, "params": {"d": 0.5680445610939323, "i": 0.4627983191463305, "p": 0.3551802909894347}, "datetime": {"datetime": "2023-11-22 15:25:03", "elapsed": 1.770782, "delta": 0.530594}}
{"target": 230.31529603335366, "params": {"d": 0.08712929970154071, "i": 0.01010919872016286, "p": 4.16309922773969}, "datetime": {"datetime": "2023-11-22 15:25:03", "elapsed": 2.20332, "delta": 0.432538}}
{"target": 252.8902716926479, "params": {"d": 0.7781567509498505, "i": 0.4350060741234096, "p": 4.89309171116382}, "datetime": {"datetime": "2023-11-22 15:25:04", "elapsed": 2.678464, "delta": 0.475144}}
{"target": 239.608055187551, "params": {"d": 0.7991585642167236, "i": 0.23073968112646592, "p": 3.902645881432277}, "datetime": {"datetime": "2023-11-22 15:25:04", "elapsed": 2.996485, "delta": 0.318021}}
{"target": 265.5627142920602, "params": {"d": 0.11827442586893322, "i": 0.3199605106637619, "p": 0.716766437045232}, "datetime": {"datetime": "2023-11-22 15:25:05", "elapsed": 3.459033, "delta": 0.462548}}
{"target": 206.2768087619886, "params": {"d": 0.9446689170495839, "i": 0.26092416087503584, "p": 2.0733096999526177}, "datetime": {"datetime": "2023-11-22 15:25:05", "elapsed": 3.874652, "delta": 0.415619}}
{"target": 257.409410583946, "params": {"d": 0.26455561210462697, "i": 0.38711684471710833, "p": 2.2807516610827427}, "datetime": {"datetime": "2023-11-22 15:25:06", "elapsed": 4.363251, "delta": 0.488599}}
{"target": 244.54247684928055, "params": {"d": 0.5684339488686485, "i": 0.009394900218177571, "p": 3.0881774853793855}, "datetime": {"datetime": "2023-11-22 15:25:06", "elapsed": 4.679186, "delta": 0.315935}}
{"target": 253.64286533759153, "params": {"d": 0.6120957227224214, "i": 0.30846699843737846, "p": 4.718740392573121}, "datetime": {"datetime": "2023-11-22 15:25:06", "elapsed": 5.135377, "delta": 0.456191}}
{"target": 232.79236032754284, "params": {"d": 0.6818202991034834, "i": 0.179753950286893, "p": 2.1851597689967073}, "datetime": {"datetime": "2023-11-22 15:25:07", "elapsed": 5.610895, "delta": 0.475518}}
{"target": 234.11577400203842, "params": {"d": 0.6976311959272649, "i": 0.030112735814634917, "p": 3.3338335772283383}, "datetime": {"datetime": "2023-11-22 15:25:07", "elapsed": 6.090989, "delta": 0.480094}}
{"target": 166.73054149908825, "params": {"d": 0.6706378696181594, "i": 0.10519128053692045, "p": 0.6446314882742665}, "datetime": {"datetime": "2023-11-22 15:25:08", "elapsed": 6.40457, "delta": 0.313581}}
{"target": 256.86730604824874, "params": {"d": 0.31542835092418386, "i": 0.1818553854713113, "p": 2.8509838520893984}, "datetime": {"datetime": "2023-11-22 15:25:08", "elapsed": 6.881778, "delta": 0.477208}}
{"target": 211.1506035700337, "params": {"d": 0.43860151346232035, "i": 0.4941869190296131, "p": 0.5102240537401403}, "datetime": {"datetime": "2023-11-22 15:25:09", "elapsed": 7.357226, "delta": 0.475448}}
{"target": 239.97590725001845, "params": {"d": 0.2088767560948347, "i": 0.08065475894249813, "p": 3.265541627326992}, "datetime": {"datetime": "2023-11-22 15:25:09", "elapsed": 7.669488, "delta": 0.312262}}
{"target": 248.99398893244393, "params": {"d": 0.2532916025397821, "i": 0.23315538642815314, "p": 1.2221279600080137}, "datetime": {"datetime": "2023-11-22 15:25:09", "elapsed": 8.115786, "delta": 0.446298}}
{"target": 239.47978019024137, "params": {"d": 0.15896958364551972, "i": 0.05518757058215257, "p": 3.281647947326367}, "datetime": {"datetime": "2023-11-22 15:25:10", "elapsed": 8.44599, "delta": 0.330204}}
{"target": 366.95652505751235, "params": {"d": 0.1381829513486138, "i": 0.09829118084002675, "p": 1.8436258533048204}, "datetime": {"datetime": "2023-11-22 15:25:10", "elapsed": 8.930204, "delta": 0.484214}}
{"target": 222.1037304530154, "params": {"d": 0.8209932298479351, "i": 0.048550637896530635, "p": 4.189724537494019}, "datetime": {"datetime": "2023-11-22 15:25:11", "elapsed": 9.434506, "delta": 0.504302}}
{"target": 308.680803899995, "params": {"d": 0.09609840789396307, "i": 0.4882297325066979, "p": 2.343256008238508}, "datetime": {"datetime": "2023-11-22 15:25:11", "elapsed": 9.922706, "delta": 0.4882}}
{"target": 223.25821401764003, "params": {"d": 0.9767610881903371, "i": 0.302422759872523, "p": 3.6963178969915083}, "datetime": {"datetime": "2023-11-22 15:25:12", "elapsed": 10.497579, "delta": 0.574873}}
{"target": 329.10675147631036, "params": {"d": 0.039187792254320675, "i": 0.1414034812882048, "p": 0.6009828060658445}, "datetime": {"datetime": "2023-11-22 15:25:12", "elapsed": 10.828318, "delta": 0.330739}}
{"target": 243.91383880670904, "params": {"d": 0.29614019752214493, "i": 0.05936385947712203, "p": 1.5899158969698801}, "datetime": {"datetime": "2023-11-22 15:25:12", "elapsed": 11.27743, "delta": 0.449112}}
{"target": 248.7483955913115, "params": {"d": 0.41426299451466997, "i": 0.03207374817439218, "p": 3.4623605968500994}, "datetime": {"datetime": "2023-11-22 15:25:13", "elapsed": 11.590665, "delta": 0.313235}}
{"target": 238.07703914908586, "params": {"d": 0.5666014542065752, "i": 0.1326947454697227, "p": 2.6162402673334983}, "datetime": {"datetime": "2023-11-22 15:25:13", "elapsed": 12.056583, "delta": 0.465918}}
{"target": 227.44271984067106, "params": {"d": 0.09394051075844168, "i": 0.28797324777808964, "p": 4.646480987881071}, "datetime": {"datetime": "2023-11-22 15:25:14", "elapsed": 12.546958, "delta": 0.490375}}
{"target": 307.1313715919602, "params": {"d": 0.019899131624989436, "i": 0.13697297391411203, "p": 1.9324154857927178}, "datetime": {"datetime": "2023-11-22 15:25:15", "elapsed": 13.376511, "delta": 0.829553}}
{"target": 313.1941383605943, "params": {"d": 0.11188001722881302, "i": 0.4920849741351198, "p": 2.3575062266260494}, "datetime": {"datetime": "2023-11-22 15:25:15", "elapsed": 14.168833, "delta": 0.792322}}
{"target": 319.3136024135449, "params": {"d": 0.11143626260287809, "i": 0.4811544752817865, "p": 2.3565649681374}, "datetime": {"datetime": "2023-11-22 15:25:16", "elapsed": 14.876188, "delta": 0.707355}}
{"target": 372.08855177999436, "params": {"d": 0.17342388530377953, "i": 0.049906436469313066, "p": 1.9084080625064361}, "datetime": {"datetime": "2023-11-22 15:25:17", "elapsed": 15.632161, "delta": 0.755973}}
{"target": 242.3045944916078, "params": {"d": 0.3720470245787787, "i": 0.05773938639222809, "p": 4.28573295715904}, "datetime": {"datetime": "2023-11-22 15:25:18", "elapsed": 16.327972, "delta": 0.695811}}
{"target": 258.4733847931367, "params": {"d": 0.22723705715338366, "i": 0.1452008926380878, "p": 1.90406330492462}, "datetime": {"datetime": "2023-11-22 15:25:18", "elapsed": 16.805989, "delta": 0.478017}}
{"target": 475.2075685981355, "params": {"d": 0.10917197371522172, "i": 0.019961522156655795, "p": 1.8685512835606723}, "datetime": {"datetime": "2023-11-22 15:25:19", "elapsed": 17.673725, "delta": 0.867736}}
{"target": 93.19684337921892, "params": {"d": 0.20604032850332432, "i": 0.09053142403642894, "p": 0.0018654850260085842}, "datetime": {"datetime": "2023-11-22 15:25:20", "elapsed": 18.435593, "delta": 0.761868}}
{"target": 422.3703424067836, "params": {"d": 0.0493133801895308, "i": 0.022460397423360923, "p": 1.8209945817468247}, "datetime": {"datetime": "2023-11-22 15:25:20", "elapsed": 19.16382, "delta": 0.728227}}
{"target": 421.9595794244127, "params": {"d": 0.1167950755092183, "i": 0.03577467140255891, "p": 1.8031223079449699}, "datetime": {"datetime": "2023-11-22 15:25:21", "elapsed": 19.956551, "delta": 0.792731}}
{"target": 383.1046794386721, "params": {"d": 0.044713638034581615, "i": 0.00273689890955664, "p": 1.9748190646674857}, "datetime": {"datetime": "2023-11-22 15:25:22", "elapsed": 20.487999, "delta": 0.531448}}
{"target": 503.26044154156756, "params": {"d": 0.09298876530024525, "i": 0.0015994831351415773, "p": 1.84180897481574}, "datetime": {"datetime": "2023-11-22 15:25:22", "elapsed": 21.221441, "delta": 0.733442}}
{"target": 444.9947170612662, "params": {"d": 0.10726199391998736, "i": 0.006361366020225356, "p": 1.9134759469803346}, "datetime": {"datetime": "2023-11-22 15:25:23", "elapsed": 22.0439, "delta": 0.822459}}
{"target": 451.4254222242378, "params": {"d": 0.06982392784668401, "i": 0.009039275908198252, "p": 1.864349787252459}, "datetime": {"datetime": "2023-11-22 15:25:24", "elapsed": 22.920584, "delta": 0.876684}}
{"target": 410.45318654277105, "params": {"d": 0.12365985820175762, "i": 0.008711563395842115, "p": 2.091948822775217}, "datetime": {"datetime": "2023-11-22 15:25:25", "elapsed": 23.559239, "delta": 0.638655}}
{"target": 120.6892708304705, "params": {"d": 0.8742061917710939, "i": 0.09080009315153337, "p": 0.2159540080473621}, "datetime": {"datetime": "2023-11-22 15:25:25", "elapsed": 24.253732, "delta": 0.694493}}
{"target": 242.54093254111845, "params": {"d": 0.5160643879270266, "i": 0.4538451846736289, "p": 2.101359546814923}, "datetime": {"datetime": "2023-11-22 15:25:26", "elapsed": 24.947242, "delta": 0.69351}}
{"target": 347.154651742205, "params": {"d": 0.06134064888938939, "i": 0.03203191165031255, "p": 2.2276516748937727}, "datetime": {"datetime": "2023-11-22 15:25:27", "elapsed": 25.73485, "delta": 0.787608}}
{"target": 259.3782806313443, "params": {"d": 0.23722960913260205, "i": 0.01814044442300733, "p": 2.136374885703949}, "datetime": {"datetime": "2023-11-22 15:25:27", "elapsed": 26.291056, "delta": 0.556206}}
{"target": 311.2801780059054, "params": {"d": 0.03714548455872313, "i": 0.13320652587545562, "p": 2.1501511652983214}, "datetime": {"datetime": "2023-11-22 15:25:28", "elapsed": 27.164988, "delta": 0.873932}}
{"target": 396.2055498196885, "params": {"d": 0.16878327937043147, "i": 0.0014507824060331354, "p": 1.8477170898052087}, "datetime": {"datetime": "2023-11-22 15:25:29", "elapsed": 27.942913, "delta": 0.777925}}
{"target": 261.92266743758887, "params": {"d": 0.04064337548948915, "i": 0.3341967422524462, "p": 2.484104833057086}, "datetime": {"datetime": "2023-11-22 15:25:30", "elapsed": 28.740302, "delta": 0.797389}}
{"target": 246.26453283622084, "params": {"d": 0.42493287207602437, "i": 0.48820868971848774, "p": 3.025488014425833}, "datetime": {"datetime": "2023-11-22 15:25:30", "elapsed": 29.283081, "delta": 0.542779}}
{"target": 309.0015203337812, "params": {"d": 0.05152669225481832, "i": 0.038611409032809074, "p": 2.2361690993432264}, "datetime": {"datetime": "2023-11-22 15:25:31", "elapsed": 30.215877, "delta": 0.932796}}
{"target": 285.66438232570016, "params": {"d": 0.024103553460190885, "i": 0.024180648925085757, "p": 2.0915079105221777}, "datetime": {"datetime": "2023-11-22 15:25:32", "elapsed": 31.112251, "delta": 0.896374}}
{"target": 259.2253243776321, "params": {"d": 0.2965238542981692, "i": 0.49739942520736335, "p": 2.4762388240219826}, "datetime": {"datetime": "2023-11-22 15:25:33", "elapsed": 31.758979, "delta": 0.646728}}
{"target": 365.1745492452261, "params": {"d": 0.014609570144249018, "i": 0.1553731097507139, "p": 1.0028247712939238}, "datetime": {"datetime": "2023-11-22 15:25:34", "elapsed": 32.585286, "delta": 0.826307}}
{"target": 388.79446666608, "params": {"d": 0.13041251068144122, "i": 0.07715205526269037, "p": 2.0195821000208984}, "datetime": {"datetime": "2023-11-22 15:25:35", "elapsed": 33.51945, "delta": 0.934164}}
{"target": 383.07226009216566, "params": {"d": 0.07215191431878099, "i": 0.036694533400656426, "p": 2.2370119836811257}, "datetime": {"datetime": "2023-11-22 15:25:36", "elapsed": 34.35094, "delta": 0.83149}}
{"target": 318.8410083725772, "params": {"d": 0.16117850534558908, "i": 0.02155479454918746, "p": 2.253609786254913}, "datetime": {"datetime": "2023-11-22 15:25:36", "elapsed": 35.300854, "delta": 0.949914}}
{"target": 380.92401502430846, "params": {"d": 0.11931077489711495, "i": 0.07919605185942669, "p": 2.1840599545616826}, "datetime": {"datetime": "2023-11-22 15:25:37", "elapsed": 35.896088, "delta": 0.595234}}
{"target": 403.2519007544929, "params": {"d": 0.13463046179703608, "i": 0.027715135436759075, "p": 1.9978234635069947}, "datetime": {"datetime": "2023-11-22 15:25:38", "elapsed": 36.861354, "delta": 0.965266}}
{"target": 398.767985704565, "params": {"d": 0.0, "i": 0.09572242575192298, "p": 0.8987165279092573}, "datetime": {"datetime": "2023-11-22 15:25:39", "elapsed": 37.746637, "delta": 0.885283}}
{"target": 355.9216416123265, "params": {"d": 0.08370302094664739, "i": 0.15469588905313253, "p": 0.9127737604897795}, "datetime": {"datetime": "2023-11-22 15:25:40", "elapsed": 38.724205, "delta": 0.977568}}
{"target": 531.7747717829196, "params": {"d": 0.08590913117917563, "i": 0.0, "p": 1.7882514186106202}, "datetime": {"datetime": "2023-11-22 15:25:40", "elapsed": 39.29057, "delta": 0.566365}}
{"target": 467.4170943489522, "params": {"d": 0.07771804056910181, "i": 0.02570720539022675, "p": 1.710673355913424}, "datetime": {"datetime": "2023-11-22 15:25:41", "elapsed": 40.254036, "delta": 0.963466}}
{"target": 443.2347642582562, "params": {"d": 0.14875276277050387, "i": 0.006459123463072203, "p": 1.7229483101443437}, "datetime": {"datetime": "2023-11-22 15:25:42", "elapsed": 41.262069, "delta": 1.008033}}
{"target": 371.2457879549916, "params": {"d": 0.02202217152930619, "i": 0.06279392603344208, "p": 1.6196293433310944}, "datetime": {"datetime": "2023-11-22 15:25:43", "elapsed": 42.282856, "delta": 1.020787}}
{"target": 261.14723244161655, "params": {"d": 0.24978326267104212, "i": 0.392238023975693, "p": 2.3887796229403806}, "datetime": {"datetime": "2023-11-22 15:25:44", "elapsed": 42.869715, "delta": 0.586859}}
{"target": 277.250579136923, "params": {"d": 0.11420965525408289, "i": 0.2636915411906692, "p": 2.917373892127281}, "datetime": {"datetime": "2023-11-22 15:25:45", "elapsed": 43.753598, "delta": 0.883883}}
{"target": 442.3200863871256, "params": {"d": 0.018433443657645765, "i": 0.03129917523020259, "p": 1.014611913293758}, "datetime": {"datetime": "2023-11-22 15:25:46", "elapsed": 44.733598, "delta": 0.98}}
{"target": 477.9250619286749, "params": {"d": 0.10510658385084293, "i": 0.026237876428769624, "p": 0.9404406181577091}, "datetime": {"datetime": "2023-11-22 15:25:47", "elapsed": 45.423205, "delta": 0.689607}}
{"target": 176.83508608802367, "params": {"d": 0.7651865693737573, "i": 0.02143894120596407, "p": 1.2471342817861415}, "datetime": {"datetime": "2023-11-22 15:25:48", "elapsed": 46.380117, "delta": 0.956912}}
{"target": 330.4957860811452, "params": {"d": 0.042121318457073564, "i": 0.14016383850959213, "p": 2.150772013128155}, "datetime": {"datetime": "2023-11-22 15:25:49", "elapsed": 47.341615, "delta": 0.961498}}
{"target": 484.1605736374064, "params": {"d": 0.14731721119204, "i": 0.009220075860508825, "p": 1.0111657939379848}, "datetime": {"datetime": "2023-11-22 15:25:49", "elapsed": 47.996667, "delta": 0.655052}}
{"target": 451.16594820202323, "params": {"d": 0.09521672440697981, "i": 0.0383618393978129, "p": 1.078208634642357}, "datetime": {"datetime": "2023-11-22 15:25:50", "elapsed": 49.008063, "delta": 1.011396}}
{"target": 382.9818626210665, "params": {"d": 0.14037102734629836, "i": 0.07037108061871378, "p": 1.011968068760098}, "datetime": {"datetime": "2023-11-22 15:25:51", "elapsed": 49.941205, "delta": 0.933142}}
{"target": 557.7156690951794, "params": {"d": 0.04631447559647828, "i": 0.0012165994994241536, "p": 0.8621848144553296}, "datetime": {"datetime": "2023-11-22 15:25:52", "elapsed": 50.851296, "delta": 0.910091}}
{"target": 474.1432859602626, "params": {"d": 0.05575417284369377, "i": 0.018226898727366048, "p": 0.808017041596672}, "datetime": {"datetime": "2023-11-22 15:25:53", "elapsed": 51.771094, "delta": 0.919798}}
{"target": 442.61086658021776, "params": {"d": 0.10025701543184029, "i": 0.03759005220526007, "p": 0.8563351005890768}, "datetime": {"datetime": "2023-11-22 15:25:54", "elapsed": 52.688704, "delta": 0.91761}}
{"target": 245.95161026294736, "params": {"d": 0.2496086414973976, "i": 0.002800709296376269, "p": 1.071058925495425}, "datetime": {"datetime": "2023-11-22 15:25:55", "elapsed": 53.806033, "delta": 1.117329}}
{"target": 501.12732531813765, "params": {"d": 0.03897363680333621, "i": 0.007294205429732026, "p": 0.968146569947968}, "datetime": {"datetime": "2023-11-22 15:25:56", "elapsed": 54.737951, "delta": 0.931918}}
{"target": 203.41107013701492, "params": {"d": 0.9971588954144783, "i": 0.20340480864416144, "p": 2.21072315556261}, "datetime": {"datetime": "2023-11-22 15:25:57", "elapsed": 55.688484, "delta": 0.950533}}
{"target": 241.86309382731486, "params": {"d": 0.6917381080124337, "i": 0.05706578398762702, "p": 3.6929358223786295}, "datetime": {"datetime": "2023-11-22 15:25:58", "elapsed": 56.666247, "delta": 0.977763}}
{"target": 550.3640928420571, "params": {"d": 0.01978594227882169, "i": 0.0032304961529763254, "p": 0.8936063785065473}, "datetime": {"datetime": "2023-11-22 15:25:59", "elapsed": 57.380632, "delta": 0.714385}}
{"target": 461.9096648845979, "params": {"d": 0.004389939904974383, "i": 0.01618966752498391, "p": 0.8501691411835449}, "datetime": {"datetime": "2023-11-22 15:26:00", "elapsed": 58.479001, "delta": 1.098369}}
{"target": 453.6191393733594, "params": {"d": 0.00843534702471782, "i": 0.005937926257462478, "p": 1.1996442070891211}, "datetime": {"datetime": "2023-11-22 15:26:01", "elapsed": 59.482693, "delta": 1.003692}}
{"target": 397.73532376120005, "params": {"d": 0.03109514280776915, "i": 0.12344878008472399, "p": 1.2423982700042075}, "datetime": {"datetime": "2023-11-22 15:26:02", "elapsed": 60.505409, "delta": 1.022716}}
{"target": 330.52049678088486, "params": {"d": 0.12043759599421688, "i": 0.2779924593532247, "p": 2.1150924985899544}, "datetime": {"datetime": "2023-11-22 15:26:03", "elapsed": 61.616423, "delta": 1.111014}}
{"target": 591.6798441180189, "params": {"d": 0.08712064468734215, "i": 0.0035212963601188862, "p": 1.2978686374352493}, "datetime": {"datetime": "2023-11-22 15:26:04", "elapsed": 62.462193, "delta": 0.84577}}
{"target": 171.20466046986292, "params": {"d": 0.2850925640255646, "i": 0.24047229211121768, "p": 0.1596632337169207}, "datetime": {"datetime": "2023-11-22 15:26:05", "elapsed": 63.471283, "delta": 1.00909}}
{"target": 483.3382503877638, "params": {"d": 0.0680824375711272, "i": 0.023045199294310537, "p": 1.357456012459457}, "datetime": {"datetime": "2023-11-22 15:26:06", "elapsed": 65.061716, "delta": 1.590433}}
{"target": 241.6963376493504, "params": {"d": 0.2918615861501699, "i": 0.38545496113245037, "p": 4.497142022810163}, "datetime": {"datetime": "2023-11-22 15:26:07", "elapsed": 66.213523, "delta": 1.151807}}
{"target": 218.85617246941118, "params": {"d": 0.5772676685089135, "i": 0.40127117468974566, "p": 0.9921372106640197}, "datetime": {"datetime": "2023-11-22 15:26:08", "elapsed": 67.150273, "delta": 0.93675}}
{"target": 498.6447962097161, "params": {"d": 0.1316814395714796, "i": 0.023994639895942693, "p": 1.2291846106423454}, "datetime": {"datetime": "2023-11-22 15:26:09", "elapsed": 68.069754, "delta": 0.919481}}
{"target": 233.0145146481099, "params": {"d": 0.7317867040972228, "i": 0.440376646881204, "p": 1.9864490463059354}, "datetime": {"datetime": "2023-11-22 15:26:10", "elapsed": 69.013329, "delta": 0.943575}}
{"target": 432.8123954881372, "params": {"d": 0.013636720806736835, "i": 0.001401366887140043, "p": 1.3106919141871431}, "datetime": {"datetime": "2023-11-22 15:26:11", "elapsed": 69.678285, "delta": 0.664956}}
{"target": 230.23556804068699, "params": {"d": 0.1666183676634111, "i": 0.03221672361201705, "p": 4.334524920105604}, "datetime": {"datetime": "2023-11-22 15:26:12", "elapsed": 70.664853, "delta": 0.986568}}
{"target": 507.7992639615426, "params": {"d": 0.13197155357487123, "i": 0.02246685525711073, "p": 1.2994895747312352}, "datetime": {"datetime": "2023-11-22 15:26:13", "elapsed": 71.755974, "delta": 1.091121}}
{"target": 426.1421772289461, "params": {"d": 0.08302081410231765, "i": 0.062082376570466, "p": 1.2654117605020327}, "datetime": {"datetime": "2023-11-22 15:26:14", "elapsed": 72.960304, "delta": 1.20433}}
{"target": 256.52254713492795, "params": {"d": 0.5188948576431898, "i": 0.08730709277602272, "p": 4.288878505767826}, "datetime": {"datetime": "2023-11-22 15:26:15", "elapsed": 74.037322, "delta": 1.077018}}
{"target": 249.82141083806087, "params": {"d": 0.1031267643184468, "i": 0.3369880948713052, "p": 3.2285630678952737}, "datetime": {"datetime": "2023-11-22 15:26:16", "elapsed": 75.180374, "delta": 1.143052}}
{"target": 561.6951393239176, "params": {"d": 0.08463832333075816, "i": 0.004621779037006835, "p": 1.276017146323618}, "datetime": {"datetime": "2023-11-22 15:26:17", "elapsed": 75.964036, "delta": 0.783662}}
{"target": 359.2612428823529, "params": {"d": 0.16620624876487644, "i": 0.0145470810614714, "p": 0.6872723466698533}, "datetime": {"datetime": "2023-11-22 15:26:18", "elapsed": 77.068477, "delta": 1.104441}}
{"target": 543.6752877172493, "params": {"d": 0.135919563177766, "i": 0.002409635365801077, "p": 1.3756997055472497}, "datetime": {"datetime": "2023-11-22 15:26:19", "elapsed": 78.090428, "delta": 1.021951}}
