{"target": 262.369720137231, "params": {"d": 0.22294541979811525, "i": 0.0, "p": 1.9958286766867945}, "datetime": {"datetime": "2023-11-22 15:32:23", "elapsed": 442.269542, "delta": 2.705841}}
{"target": 580.7867159899515, "params": {"d": 0.10889790160497648, "i": 0.008427813054667, "p": 1.1243163861238852}, "datetime": {"datetime": "2023-11-22 15:32:26", "elapsed": 444.640388, "delta": 2.370846}}
{"target": 388.2266727879854, "params": {"d": 0.10538005618589563, "i": 0.0665484194032401, "p": 0.7718447182063665}, "datetime": {"datetime": "2023-11-22 15:32:29", "elapsed": 447.347938, "delta": 2.70755}}
{"target": 159.30744525952642, "params": {"d": 0.8841738529814707, "i": 0.35541513733148594, "p": 0.4809551650653754}, "datetime": {"datetime": "2023-11-22 15:32:30", "elapsed": 448.854212, "delta": 1.506274}}
{"target": 395.19740643688476, "params": {"d": 0.1030637655445682, "i": 0.001299114587036021, "p": 0.6111466114376951}, "datetime": {"datetime": "2023-11-22 15:32:32", "elapsed": 450.994385, "delta": 2.140173}}
{"target": 169.97972734204393, "params": {"d": 0.9437743423052896, "i": 0.4144312134074341, "p": 0.6722514005886959}, "datetime": {"datetime": "2023-11-22 15:32:34", "elapsed": 452.556029, "delta": 1.561644}}
{"target": 580.6847941373197, "params": {"d": 0.15412436231588256, "i": 0.0007116712473431708, "p": 1.3376458871925494}, "datetime": {"datetime": "2023-11-22 15:32:36", "elapsed": 454.655441, "delta": 2.099412}}
{"target": 211.48428241053807, "params": {"d": 0.75522807731632, "i": 0.2445097528309365, "p": 1.29008201055689}, "datetime": {"datetime": "2023-11-22 15:32:37", "elapsed": 455.883607, "delta": 1.228166}}
{"target": 388.0508604535735, "params": {"d": 0.017747799706829492, "i": 0.09930480853155527, "p": 1.051793366388587}, "datetime": {"datetime": "2023-11-22 15:32:41", "elapsed": 459.331715, "delta": 3.448108}}
{"target": 174.76295216783325, "params": {"d": 0.9358376180657568, "i": 0.4435041254483176, "p": 0.9889948759273692}, "datetime": {"datetime": "2023-11-22 15:32:42", "elapsed": 460.990509, "delta": 1.658794}}
{"target": 516.5835494179665, "params": {"d": 0.17512551576575164, "i": 0.0017317036701863242, "p": 1.3069292222966866}, "datetime": {"datetime": "2023-11-22 15:32:45", "elapsed": 463.515048, "delta": 2.524539}}
{"target": 392.064582012418, "params": {"d": 0.15006330607879637, "i": 0.08927759625744386, "p": 1.6793697164713857}, "datetime": {"datetime": "2023-11-22 15:32:47", "elapsed": 465.455565, "delta": 1.940517}}
{"target": 226.47514120978659, "params": {"d": 0.11538070100759745, "i": 0.04961151498712818, "p": 3.772360695111099}, "datetime": {"datetime": "2023-11-22 15:32:48", "elapsed": 466.465413, "delta": 1.009848}}
{"target": 360.4241780789366, "params": {"d": 0.1398647117721139, "i": 0.20711968406073428, "p": 1.6304823515208144}, "datetime": {"datetime": "2023-11-22 15:32:52", "elapsed": 470.664225, "delta": 4.198812}}
{"target": 563.8659760774183, "params": {"d": 0.1598507357671478, "i": 0.00015454799426467547, "p": 1.2848943860010982}, "datetime": {"datetime": "2023-11-22 15:32:55", "elapsed": 473.871256, "delta": 3.207031}}
{"target": 498.611189459033, "params": {"d": 0.06870814001010062, "i": 0.016725762939007016, "p": 1.0514774124424686}, "datetime": {"datetime": "2023-11-22 15:32:58", "elapsed": 477.266192, "delta": 3.394936}}
{"target": 397.22755189790746, "params": {"d": 0.13853978554184465, "i": 0.01969851964241781, "p": 2.0020591392427356}, "datetime": {"datetime": "2023-11-22 15:33:01", "elapsed": 479.367814, "delta": 2.101622}}
{"target": 401.5741507704437, "params": {"d": 0.1636732819501553, "i": 0.002883679642015524, "p": 0.7946873638303009}, "datetime": {"datetime": "2023-11-22 15:33:03", "elapsed": 481.769045, "delta": 2.401231}}
{"target": 408.5967300694518, "params": {"d": 0.0589463755997508, "i": 0.049620237713778825, "p": 0.9057867492921601}, "datetime": {"datetime": "2023-11-22 15:33:05", "elapsed": 484.081626, "delta": 2.312581}}
{"target": 249.26114604831687, "params": {"d": 0.3152664898278593, "i": 0.027627953323203003, "p": 4.897755507711205}, "datetime": {"datetime": "2023-11-22 15:33:07", "elapsed": 485.566657, "delta": 1.485031}}
{"target": 575.8831515584553, "params": {"d": 0.07074645021657472, "i": 0.0, "p": 1.6087374479577037}, "datetime": {"datetime": "2023-11-22 15:33:10", "elapsed": 488.357234, "delta": 2.790577}}
{"target": 285.41481018185283, "params": {"d": 0.20094236150962064, "i": 0.2274845704272741, "p": 0.9595721772576304}, "datetime": {"datetime": "2023-11-22 15:33:13", "elapsed": 491.57685, "delta": 3.219616}}
{"target": 393.48918148353056, "params": {"d": 0.14700805809622575, "i": 0.11427006131488388, "p": 1.3712344232306295}, "datetime": {"datetime": "2023-11-22 15:33:16", "elapsed": 494.355419, "delta": 2.778569}}
{"target": 475.4795595418694, "params": {"d": 0.024294819215504804, "i": 0.021105942099174713, "p": 1.0803813877393913}, "datetime": {"datetime": "2023-11-22 15:33:20", "elapsed": 498.471, "delta": 4.115581}}
{"target": 232.00809573068685, "params": {"d": 0.8959124323923747, "i": 0.4594721434895734, "p": 3.962920421451544}, "datetime": {"datetime": "2023-11-22 15:33:22", "elapsed": 500.46397, "delta": 1.99297}}
{"target": 317.59218993405904, "params": {"d": 0.18641512188244347, "i": 0.24163591616661217, "p": 1.380971389597987}, "datetime": {"datetime": "2023-11-22 15:33:25", "elapsed": 503.858548, "delta": 3.394578}}
{"target": 534.4411113745623, "params": {"d": 0.041568554745480935, "i": 0.0019742968549110174, "p": 1.2585632614243965}, "datetime": {"datetime": "2023-11-22 15:33:28", "elapsed": 506.927091, "delta": 3.068543}}
{"target": 402.30252991828763, "params": {"d": 0.026001667932505468, "i": 0.10041206574911699, "p": 1.3272467380800768}, "datetime": {"datetime": "2023-11-22 15:33:32", "elapsed": 511.057917, "delta": 4.130826}}
{"target": 189.76276021697296, "params": {"d": 0.004472354507641607, "i": 0.1610945159601953, "p": 3.468948425304817}, "datetime": {"datetime": "2023-11-22 15:33:36", "elapsed": 514.73683, "delta": 3.678913}}
{"target": 350.29945606690234, "params": {"d": 0.18660979119787557, "i": 0.0074620548589827695, "p": 1.6572192587362817}, "datetime": {"datetime": "2023-11-22 15:33:39", "elapsed": 517.618283, "delta": 2.881453}}
{"target": 188.92732327130386, "params": {"d": 0.005150229070115753, "i": 0.2227195350257289, "p": 4.393225994114264}, "datetime": {"datetime": "2023-11-22 15:33:42", "elapsed": 520.442551, "delta": 2.824268}}
{"target": 388.73907508426555, "params": {"d": 0.06905064217743218, "i": 0.14964174727690993, "p": 1.5684116313052114}, "datetime": {"datetime": "2023-11-22 15:33:45", "elapsed": 524.03243, "delta": 3.589879}}
{"target": 234.28937401249087, "params": {"d": 0.6264099871948262, "i": 0.5, "p": 2.7772243163850723}, "datetime": {"datetime": "2023-11-22 15:33:48", "elapsed": 526.580394, "delta": 2.547964}}
{"target": 256.7882993869192, "params": {"d": 0.4983264287404454, "i": 0.013885005464691513, "p": 4.541152032662786}, "datetime": {"datetime": "2023-11-22 15:33:50", "elapsed": 528.7481, "delta": 2.167706}}
{"target": 214.6579459701383, "params": {"d": 0.7319814321676692, "i": 0.0, "p": 2.474030696838898}, "datetime": {"datetime": "2023-11-22 15:33:53", "elapsed": 531.467071, "delta": 2.718971}}
{"target": 216.07056877457325, "params": {"d": 0.9043266623356194, "i": 0.31316270127079093, "p": 2.5893355538971647}, "datetime": {"datetime": "2023-11-22 15:33:55", "elapsed": 533.406511, "delta": 1.93944}}
{"target": 245.47694875128957, "params": {"d": 0.4505286911257437, "i": 0.48123576352242403, "p": 2.8125527871785057}, "datetime": {"datetime": "2023-11-22 15:33:56", "elapsed": 534.871352, "delta": 1.464841}}
{"target": 190.6000534158612, "params": {"d": 0.7913526288171538, "i": 0.2141195724476717, "p": 0.8793861423260494}, "datetime": {"datetime": "2023-11-22 15:33:59", "elapsed": 537.563888, "delta": 2.692536}}
{"target": 577.3430208727425, "params": {"d": 0.12033013960420291, "i": 0.005838149598442477, "p": 1.2994084637864272}, "datetime": {"datetime": "2023-11-22 15:34:01", "elapsed": 540.270029, "delta": 2.706141}}
{"target": 408.66711520750613, "params": {"d": 0.10483138892437793, "i": 0.0809304620911207, "p": 1.3341342822183422}, "datetime": {"datetime": "2023-11-22 15:34:05", "elapsed": 543.955188, "delta": 3.685159}}
{"target": 495.6335542651782, "params": {"d": 0.04987560254816337, "i": 0.0033314157046510084, "p": 0.48851824813397837}, "datetime": {"datetime": "2023-11-22 15:34:08", "elapsed": 546.77509, "delta": 2.819902}}
{"target": 245.69179746670616, "params": {"d": 0.5808527571406047, "i": 0.11284606763826244, "p": 3.261834062183058}, "datetime": {"datetime": "2023-11-22 15:34:09", "elapsed": 548.08143, "delta": 1.30634}}
{"target": 382.1692383384475, "params": {"d": 0.0549980161382706, "i": 0.13134748678455466, "p": 1.674553169492294}, "datetime": {"datetime": "2023-11-22 15:34:13", "elapsed": 552.26662, "delta": 4.18519}}
{"target": 239.08508986987405, "params": {"d": 0.019229586552573785, "i": 0.25552560453599527, "p": 0.17244638591063732}, "datetime": {"datetime": "2023-11-22 15:34:16", "elapsed": 554.453634, "delta": 2.187014}}
{"target": 537.6618893489083, "params": {"d": 0.13440810679177817, "i": 0.004210718018203385, "p": 1.062302057540054}, "datetime": {"datetime": "2023-11-22 15:34:19", "elapsed": 557.934121, "delta": 3.480487}}
{"target": 329.0800921737016, "params": {"d": 0.0020786335615382567, "i": 0.21704980362248222, "p": 1.491496558140129}, "datetime": {"datetime": "2023-11-22 15:34:22", "elapsed": 560.823745, "delta": 2.889624}}
{"target": 196.1957580436557, "params": {"d": 0.9836219783373822, "i": 0.3108607890313672, "p": 1.869928214374419}, "datetime": {"datetime": "2023-11-22 15:34:24", "elapsed": 562.85206, "delta": 2.028315}}
{"target": 423.69801302018675, "params": {"d": 0.1597538669386922, "i": 0.04812186473438779, "p": 1.3529678254733901}, "datetime": {"datetime": "2023-11-22 15:34:26", "elapsed": 565.210064, "delta": 2.358004}}
{"target": 154.71395187544772, "params": {"d": 0.6899738214940814, "i": 0.22294686245725215, "p": 0.17425336762078192}, "datetime": {"datetime": "2023-11-22 15:34:28", "elapsed": 567.163347, "delta": 1.953283}}
{"target": 387.8191424503159, "params": {"d": 0.14096848676645327, "i": 0.11429327046248818, "p": 1.4978244344975693}, "datetime": {"datetime": "2023-11-22 15:34:31", "elapsed": 569.576946, "delta": 2.413599}}
{"target": 146.3812378215991, "params": {"d": 1.0, "i": 0.0, "p": 1.1776406985061718}, "datetime": {"datetime": "2023-11-22 15:34:33", "elapsed": 571.869396, "delta": 2.29245}}
{"target": 117.45321123286489, "params": {"d": 0.3803491372583532, "i": 0.12146708714447052, "p": 0.10036108484387629}, "datetime": {"datetime": "2023-11-22 15:34:34", "elapsed": 573.189652, "delta": 1.320256}}
{"target": 196.04580461097967, "params": {"d": 0.009142317543261447, "i": 0.018958212415356834, "p": 2.4993691923699757}, "datetime": {"datetime": "2023-11-22 15:34:39", "elapsed": 577.84126, "delta": 4.651608}}
{"target": 237.5965878950235, "params": {"d": 0.7487488595956047, "i": 0.26306901459208665, "p": 4.537730274340108}, "datetime": {"datetime": "2023-11-22 15:34:42", "elapsed": 580.779, "delta": 2.93774}}
{"target": 231.16363782568328, "params": {"d": 0.9634363217385237, "i": 0.4978986649659017, "p": 3.5576209437301336}, "datetime": {"datetime": "2023-11-22 15:34:44", "elapsed": 583.289621, "delta": 2.510621}}
{"target": 640.0799936690353, "params": {"d": 0.0866620654855561, "i": 0.002099689438038288, "p": 0.9998514031513589}, "datetime": {"datetime": "2023-11-22 15:34:47", "elapsed": 585.671413, "delta": 2.381792}}
{"target": 468.6705237738481, "params": {"d": 0.09229547912293967, "i": 0.033954552091776946, "p": 1.015670964079125}, "datetime": {"datetime": "2023-11-22 15:34:49", "elapsed": 588.263801, "delta": 2.592388}}
{"target": 252.81057182628064, "params": {"d": 0.20827382910964176, "i": 0.1737555722763623, "p": 2.3416960395497126}, "datetime": {"datetime": "2023-11-22 15:34:52", "elapsed": 591.099913, "delta": 2.836112}}
{"target": 210.82892301078522, "params": {"d": 0.8435557814446085, "i": 0.0, "p": 3.0675427077513215}, "datetime": {"datetime": "2023-11-22 15:34:54", "elapsed": 593.181414, "delta": 2.081501}}
{"target": 249.31559166188254, "params": {"d": 0.36379551718635095, "i": 0.43905622446417736, "p": 4.042924837931777}, "datetime": {"datetime": "2023-11-22 15:34:56", "elapsed": 594.669772, "delta": 1.488358}}
{"target": 189.5278314367564, "params": {"d": 0.0, "i": 0.24465278572981813, "p": 4.886313205635542}, "datetime": {"datetime": "2023-11-22 15:34:59", "elapsed": 598.162633, "delta": 3.492861}}
{"target": 333.85479939424226, "params": {"d": 0.014135928894392857, "i": 0.32548334082299596, "p": 0.9023291403633138}, "datetime": {"datetime": "2023-11-22 15:35:01", "elapsed": 599.969961, "delta": 1.807328}}
{"target": 705.1815521515978, "params": {"d": 0.0825165121537349, "i": 2.3928271883633112e-05, "p": 1.0344230638089673}, "datetime": {"datetime": "2023-11-22 15:35:05", "elapsed": 603.398554, "delta": 3.428593}}
{"target": 447.7480709919627, "params": {"d": 0.0, "i": 0.0, "p": 1.0532987734022379}, "datetime": {"datetime": "2023-11-22 15:35:07", "elapsed": 606.067822, "delta": 2.669268}}
{"target": 384.13726590700577, "params": {"d": 0.03517822099377843, "i": 0.056373009564790466, "p": 0.5204683054896764}, "datetime": {"datetime": "2023-11-22 15:35:10", "elapsed": 608.668582, "delta": 2.60076}}
{"target": 223.8096763410992, "params": {"d": 0.5465003786319574, "i": 0.005261504144544071, "p": 1.5957839185846185}, "datetime": {"datetime": "2023-11-22 15:35:12", "elapsed": 611.056828, "delta": 2.388246}}
{"target": 194.76510599240729, "params": {"d": 0.665218490793335, "i": 0.13589965459534126, "p": 0.7416785816484817}, "datetime": {"datetime": "2023-11-22 15:35:14", "elapsed": 612.373334, "delta": 1.316506}}
{"target": 351.87761415569054, "params": {"d": 0.09469187943863, "i": 0.17292038215468591, "p": 1.1089425650901559}, "datetime": {"datetime": "2023-11-22 15:35:18", "elapsed": 616.800727, "delta": 4.427393}}
{"target": 536.5921556922644, "params": {"d": 0.06115268463085077, "i": 0.0033962944603588285, "p": 1.3062360794189805}, "datetime": {"datetime": "2023-11-22 15:35:21", "elapsed": 619.36699, "delta": 2.566263}}
{"target": 255.0424142986384, "params": {"d": 0.25157279450529424, "i": 0.25015846467960734, "p": 1.5635035548124216}, "datetime": {"datetime": "2023-11-22 15:35:23", "elapsed": 621.959108, "delta": 2.592118}}
{"target": 244.72190535609815, "params": {"d": 0.6640451809524213, "i": 0.2976676580959696, "p": 4.205987196162593}, "datetime": {"datetime": "2023-11-22 15:35:26", "elapsed": 624.326026, "delta": 2.366918}}
{"target": 134.46128536710296, "params": {"d": 0.963549832696352, "i": 0.4052061348208152, "p": 0.1333666315149573}, "datetime": {"datetime": "2023-11-22 15:35:27", "elapsed": 626.071095, "delta": 1.745069}}
{"target": 244.5089167038637, "params": {"d": 0.45691699760154636, "i": 0.2959906156229668, "p": 3.4680343479431306}, "datetime": {"datetime": "2023-11-22 15:35:30", "elapsed": 629.261613, "delta": 3.190518}}
{"target": 642.1763241786623, "params": {"d": 0.09465306408964669, "i": 0.00013010048689743314, "p": 0.956428439076088}, "datetime": {"datetime": "2023-11-22 15:35:34", "elapsed": 632.368967, "delta": 3.107354}}
{"target": 243.31323204465204, "params": {"d": 0.41832800773659956, "i": 0.20979849342147697, "p": 2.141332910446012}, "datetime": {"datetime": "2023-11-22 15:35:37", "elapsed": 635.606645, "delta": 3.237678}}
{"target": 190.18874240637854, "params": {"d": 0.6890310422147174, "i": 0.3137123366229571, "p": 0.669658037650987}, "datetime": {"datetime": "2023-11-22 15:35:38", "elapsed": 637.259029, "delta": 1.652384}}
{"target": 240.2096899700585, "params": {"d": 0.5670195229740328, "i": 0.055727493102997294, "p": 2.6426673449872293}, "datetime": {"datetime": "2023-11-22 15:35:41", "elapsed": 639.893169, "delta": 2.63414}}
{"target": 188.77904993070652, "params": {"d": 0.011882501785926203, "i": 0.37833440376944716, "p": 4.3652112021906975}, "datetime": {"datetime": "2023-11-22 15:35:43", "elapsed": 641.670077, "delta": 1.776908}}
{"target": 546.1339909993851, "params": {"d": 0.045985025086981324, "i": 0.0026800048953314892, "p": 1.2610900405691983}, "datetime": {"datetime": "2023-11-22 15:35:45", "elapsed": 643.460708, "delta": 1.790631}}
{"target": 229.99352375994545, "params": {"d": 0.5866009403933142, "i": 0.4389264015561693, "p": 2.2911036608759905}, "datetime": {"datetime": "2023-11-22 15:35:47", "elapsed": 645.946421, "delta": 2.485713}}
{"target": 174.173844947611, "params": {"d": 0.9975380100775663, "i": 0.27927235907959874, "p": 1.3684590346409786}, "datetime": {"datetime": "2023-11-22 15:35:50", "elapsed": 648.698965, "delta": 2.752544}}
{"target": 227.86317242962411, "params": {"d": 0.5926766318482363, "i": 0.5, "p": 1.7809537759607692}, "datetime": {"datetime": "2023-11-22 15:35:53", "elapsed": 651.873638, "delta": 3.174673}}
{"target": 374.75752596871246, "params": {"d": 0.10937194961797592, "i": 0.008843943200790683, "p": 0.5201253670040551}, "datetime": {"datetime": "2023-11-22 15:35:57", "elapsed": 655.372769, "delta": 3.499131}}
{"target": 290.999618419803, "params": {"d": 0.20809720918578667, "i": 0.3058152635638974, "p": 1.5504774381994442}, "datetime": {"datetime": "2023-11-22 15:35:58", "elapsed": 657.209813, "delta": 1.837044}}
{"target": 229.50547918751298, "params": {"d": 0.5022140886583903, "i": 0.344679546186275, "p": 1.3348807209882936}, "datetime": {"datetime": "2023-11-22 15:36:01", "elapsed": 659.44758, "delta": 2.237767}}
{"target": 249.34050205703764, "params": {"d": 0.390305083093023, "i": 0.5, "p": 4.312437756768242}, "datetime": {"datetime": "2023-11-22 15:36:04", "elapsed": 663.297359, "delta": 3.849779}}
{"target": 568.9421083817113, "params": {"d": 0.09678336482686822, "i": 0.00976187793294786, "p": 1.0357026891820442}, "datetime": {"datetime": "2023-11-22 15:36:08", "elapsed": 666.47341, "delta": 3.176051}}
{"target": 346.46651377897047, "params": {"d": 0.1645691390255949, "i": 0.1957554530211682, "p": 1.7462864500560298}, "datetime": {"datetime": "2023-11-22 15:36:11", "elapsed": 669.567899, "delta": 3.094489}}
{"target": 373.28654764891974, "params": {"d": 0.0003806300891393555, "i": 0.259820670767765, "p": 0.9749256858100719}, "datetime": {"datetime": "2023-11-22 15:36:14", "elapsed": 672.762875, "delta": 3.194976}}
{"target": 514.3959296440324, "params": {"d": 0.07590928396091834, "i": 0.011443546817130001, "p": 0.961768752040067}, "datetime": {"datetime": "2023-11-22 15:36:16", "elapsed": 674.772718, "delta": 2.009843}}
{"target": 228.60624462977844, "params": {"d": 0.5236200164650724, "i": 0.1588729237513452, "p": 1.179128875295317}, "datetime": {"datetime": "2023-11-22 15:36:19", "elapsed": 677.540215, "delta": 2.767497}}
{"target": 659.2139472962394, "params": {"d": 0.09400843177467755, "i": 0.00045038004426500855, "p": 1.247871695063767}, "datetime": {"datetime": "2023-11-22 15:36:22", "elapsed": 681.246796, "delta": 3.706581}}
{"target": 441.68941338107595, "params": {"d": 0.07199533933637459, "i": 0.046421714347015586, "p": 1.5005933536355731}, "datetime": {"datetime": "2023-11-22 15:36:26", "elapsed": 684.780827, "delta": 3.534031}}
{"target": 621.9958289378975, "params": {"d": 0.11246221413470014, "i": 0.002478052179669621, "p": 1.2740634337219543}, "datetime": {"datetime": "2023-11-22 15:36:30", "elapsed": 688.443707, "delta": 3.66288}}
{"target": 393.62990891065107, "params": {"d": 0.15166287381661958, "i": 0.10419252625759501, "p": 1.2378115058382089}, "datetime": {"datetime": "2023-11-22 15:36:33", "elapsed": 691.772961, "delta": 3.329254}}
{"target": 254.0726020332763, "params": {"d": 0.5604645379676354, "i": 0.2740887449229826, "p": 3.8374892544162886}, "datetime": {"datetime": "2023-11-22 15:36:37", "elapsed": 695.557321, "delta": 3.78436}}
{"target": 153.05385560103113, "params": {"d": 0.9933630268875222, "i": 0.33626386531590946, "p": 0.9702694564642}, "datetime": {"datetime": "2023-11-22 15:36:39", "elapsed": 697.487148, "delta": 1.929827}}
{"target": 220.31081199412836, "params": {"d": 0.9596357066439302, "i": 0.02818423961543398, "p": 3.6984866074381473}, "datetime": {"datetime": "2023-11-22 15:36:43", "elapsed": 701.557974, "delta": 4.070826}}
{"target": 219.184396942743, "params": {"d": 0.7541790775223282, "i": 0.12485371566109116, "p": 2.4536285423956494}, "datetime": {"datetime": "2023-11-22 15:36:45", "elapsed": 703.542612, "delta": 1.984638}}
{"target": 249.52699613739193, "params": {"d": 0.16953044543236387, "i": 0.2266449913422748, "p": 2.655706735582582}, "datetime": {"datetime": "2023-11-22 15:36:49", "elapsed": 707.345264, "delta": 3.802652}}
{"target": 455.1704736894346, "params": {"d": 0.1512021412681267, "i": 0.0020547421600287663, "p": 0.8918567489518425}, "datetime": {"datetime": "2023-11-22 15:36:52", "elapsed": 711.206636, "delta": 3.861372}}
{"target": 209.40909038634643, "params": {"d": 0.931228998229071, "i": 0.22491213255324094, "p": 3.0451346938075305}, "datetime": {"datetime": "2023-11-22 15:36:54", "elapsed": 713.194989, "delta": 1.988353}}
{"target": 185.220008965429, "params": {"d": 0.1910141341204995, "i": 0.49912961721808263, "p": 0.5011504597625471}, "datetime": {"datetime": "2023-11-22 15:36:57", "elapsed": 716.171067, "delta": 2.976078}}
{"target": 643.2336922888653, "params": {"d": 0.08891782847111229, "i": 0.0023071377388695913, "p": 0.9391840505514615}, "datetime": {"datetime": "2023-11-22 15:37:00", "elapsed": 719.160341, "delta": 2.989274}}
{"target": 580.5436734777912, "params": {"d": 0.09366764726270227, "i": 0.0020418452676419507, "p": 0.8551950794410668}, "datetime": {"datetime": "2023-11-22 15:37:03", "elapsed": 721.562809, "delta": 2.402468}}
