{"target": 582.3699484119629, "params": {"d": 0.12149183678033093, "i": 0.005638541310279022, "p": 1.2042493223243995}, "datetime": {"datetime": "2023-11-22 15:28:49", "elapsed": 228.020646, "delta": 2.304282}}
{"target": 362.5689740053958, "params": {"d": 0.0, "i": 0.042493964237348705, "p": 0.3407421807118599}, "datetime": {"datetime": "2023-11-22 15:28:51", "elapsed": 229.721529, "delta": 1.700883}}
{"target": 368.62840366164676, "params": {"d": 0.00038380007616856116, "i": 0.03323660406575013, "p": 0.4320396693451489}, "datetime": {"datetime": "2023-11-22 15:28:53", "elapsed": 231.39285, "delta": 1.671321}}
{"target": 374.71767225842336, "params": {"d": 0.0, "i": 0.08803209116229324, "p": 0.7220353148102707}, "datetime": {"datetime": "2023-11-22 15:28:54", "elapsed": 233.071574, "delta": 1.678724}}
{"target": 193.01898249072033, "params": {"d": 0.7129405234166725, "i": 0.14908353202794994, "p": 1.1456995879038723}, "datetime": {"datetime": "2023-11-22 15:28:55", "elapsed": 234.310409, "delta": 1.238835}}
{"target": 377.28487418074576, "params": {"d": 0.0016789185874204193, "i": 0.49306364204117337, "p": 0.8539983160874359}, "datetime": {"datetime": "2023-11-22 15:28:57", "elapsed": 236.209381, "delta": 1.898972}}
{"target": 538.8263206115652, "params": {"d": 0.10466415804944595, "i": 0.009116039442184254, "p": 1.619996279072693}, "datetime": {"datetime": "2023-11-22 15:28:59", "elapsed": 238.142183, "delta": 1.932802}}
{"target": 287.9253520071538, "params": {"d": 0.027683244533970752, "i": 0.48712227431176514, "p": 0.6843475219216022}, "datetime": {"datetime": "2023-11-22 15:29:01", "elapsed": 240.021243, "delta": 1.87906}}
{"target": 522.912989248889, "params": {"d": 0.1277014984915239, "i": 0.007172995701493268, "p": 1.4938081206167748}, "datetime": {"datetime": "2023-11-22 15:29:03", "elapsed": 241.455692, "delta": 1.434449}}
{"target": 397.25190440742125, "params": {"d": 0.015807513256568817, "i": 0.03288280620341383, "p": 0.5979102620218518}, "datetime": {"datetime": "2023-11-22 15:29:05", "elapsed": 243.802514, "delta": 2.346822}}
{"target": 541.9737589248023, "params": {"d": 0.16689337795444215, "i": 0.00016347465216348667, "p": 1.244010848444677}, "datetime": {"datetime": "2023-11-22 15:29:07", "elapsed": 245.653519, "delta": 1.851005}}
{"target": 210.3585626675869, "params": {"d": 0.3568526619127238, "i": 0.11218050786441591, "p": 0.7014347697774015}, "datetime": {"datetime": "2023-11-22 15:29:08", "elapsed": 246.960979, "delta": 1.30746}}
{"target": 528.4310597458748, "params": {"d": 0.04000131641567306, "i": 0.006318035448715897, "p": 0.9615023225484126}, "datetime": {"datetime": "2023-11-22 15:29:09", "elapsed": 247.979207, "delta": 1.018228}}
{"target": 517.1871400075157, "params": {"d": 0.08626425522209347, "i": 0.006365623931801678, "p": 1.476166265607572}, "datetime": {"datetime": "2023-11-22 15:29:11", "elapsed": 249.629248, "delta": 1.650041}}
{"target": 255.26136324628413, "params": {"d": 0.2923394973625866, "i": 0.0, "p": 2.5335944127832266}, "datetime": {"datetime": "2023-11-22 15:29:13", "elapsed": 251.346651, "delta": 1.717403}}
{"target": 365.66325638273236, "params": {"d": 0.0087882280239433, "i": 0.0005353588157360201, "p": 1.4089334570296979}, "datetime": {"datetime": "2023-11-22 15:29:14", "elapsed": 253.040697, "delta": 1.694046}}
{"target": 625.4188609909174, "params": {"d": 0.12219953999569522, "i": 0.0016625589701100285, "p": 1.1575331991288729}, "datetime": {"datetime": "2023-11-22 15:29:16", "elapsed": 254.731534, "delta": 1.690837}}
{"target": 257.03772540329095, "params": {"d": 0.0003145286242004497, "i": 0.24765964674344676, "p": 1.7802485492139641}, "datetime": {"datetime": "2023-11-22 15:29:17", "elapsed": 256.269524, "delta": 1.53799}}
{"target": 545.6883371499991, "params": {"d": 0.047078452061706466, "i": 0.0022166233055867512, "p": 0.9190272848090636}, "datetime": {"datetime": "2023-11-22 15:29:19", "elapsed": 257.866128, "delta": 1.596604}}
{"target": 225.736177308759, "params": {"d": 0.6869027212715566, "i": 0.28386951709428276, "p": 1.6356494979740361}, "datetime": {"datetime": "2023-11-22 15:29:21", "elapsed": 259.480269, "delta": 1.614141}}
{"target": 231.4795217063461, "params": {"d": 0.259449391798958, "i": 0.24918198359805094, "p": 5.0}, "datetime": {"datetime": "2023-11-22 15:29:22", "elapsed": 261.261787, "delta": 1.781518}}
{"target": 251.11016653558036, "params": {"d": 0.6344251537985885, "i": 0.4837268023080282, "p": 4.366439882016822}, "datetime": {"datetime": "2023-11-22 15:29:25", "elapsed": 263.564032, "delta": 2.302245}}
{"target": 235.80491269366604, "params": {"d": 0.20397596061111034, "i": 0.002419085175653146, "p": 3.8130615619786514}, "datetime": {"datetime": "2023-11-22 15:29:26", "elapsed": 264.571797, "delta": 1.007765}}
{"target": 253.31700617136863, "params": {"d": 0.3376151244923915, "i": 0.5, "p": 3.351622369124107}, "datetime": {"datetime": "2023-11-22 15:29:29", "elapsed": 267.556596, "delta": 2.984799}}
{"target": 189.067282495614, "params": {"d": 0.0, "i": 0.0, "p": 4.599192167294924}, "datetime": {"datetime": "2023-11-22 15:29:31", "elapsed": 269.36828, "delta": 1.811684}}
{"target": 496.594581760825, "params": {"d": 0.014126328013165046, "i": 0.013903054423985595, "p": 0.9353934809183856}, "datetime": {"datetime": "2023-11-22 15:29:33", "elapsed": 271.555835, "delta": 2.187555}}
{"target": 294.1514021991154, "params": {"d": 0.10757391317648357, "i": 0.49427461527568445, "p": 1.2194858637861121}, "datetime": {"datetime": "2023-11-22 15:29:35", "elapsed": 273.707326, "delta": 2.151491}}
{"target": 518.5500698675762, "params": {"d": 0.1562976685397247, "i": 0.0023270517043706973, "p": 1.0818657833715317}, "datetime": {"datetime": "2023-11-22 15:29:37", "elapsed": 275.370494, "delta": 1.663168}}
{"target": 237.06845301676807, "params": {"d": 0.7823906671930765, "i": 0.29132249824019624, "p": 2.808664011562667}, "datetime": {"datetime": "2023-11-22 15:29:39", "elapsed": 277.432782, "delta": 2.062288}}
{"target": 259.65661427241525, "params": {"d": 0.26110448570554323, "i": 0.3772448935213065, "p": 1.7536245405919932}, "datetime": {"datetime": "2023-11-22 15:29:40", "elapsed": 278.841028, "delta": 1.408246}}
{"target": 318.6643335897859, "params": {"d": 0.08368753594269096, "i": 0.08719692323319772, "p": 0.4711440155503499}, "datetime": {"datetime": "2023-11-22 15:29:41", "elapsed": 280.192305, "delta": 1.351277}}
{"target": 257.9671172705221, "params": {"d": 0.5936619633117429, "i": 0.18538616393981333, "p": 4.688458670052624}, "datetime": {"datetime": "2023-11-22 15:29:43", "elapsed": 281.613769, "delta": 1.421464}}
{"target": 320.6555983021174, "params": {"d": 0.007544101849120688, "i": 0.013958406116593991, "p": 1.6836837464779424}, "datetime": {"datetime": "2023-11-22 15:29:45", "elapsed": 283.967055, "delta": 2.353286}}
{"target": 207.30832424030552, "params": {"d": 0.6803636183291956, "i": 0.5, "p": 0.7094182198075805}, "datetime": {"datetime": "2023-11-22 15:29:47", "elapsed": 285.559709, "delta": 1.592654}}
{"target": 188.7671001186348, "params": {"d": 0.0005460063966238327, "i": 0.021739898015764425, "p": 3.032576056071996}, "datetime": {"datetime": "2023-11-22 15:29:48", "elapsed": 287.265388, "delta": 1.705679}}
{"target": 405.30821880916073, "params": {"d": 0.1821412427472333, "i": 0.017001478356797828, "p": 1.4728810304789364}, "datetime": {"datetime": "2023-11-22 15:29:51", "elapsed": 289.728425, "delta": 2.463037}}
{"target": 242.05169600868066, "params": {"d": 0.7334021442753602, "i": 0.4941894044118427, "p": 3.7951470866539436}, "datetime": {"datetime": "2023-11-22 15:29:54", "elapsed": 292.645745, "delta": 2.91732}}
{"target": 240.9359308399349, "params": {"d": 0.5209720993303093, "i": 0.007464231525572906, "p": 2.313305167947953}, "datetime": {"datetime": "2023-11-22 15:29:56", "elapsed": 294.698419, "delta": 2.052674}}
{"target": 128.67851874583914, "params": {"d": 0.534164899211751, "i": 0.0, "p": 0.33800179393051183}, "datetime": {"datetime": "2023-11-22 15:29:58", "elapsed": 296.999392, "delta": 2.300973}}
{"target": 239.04607685167082, "params": {"d": 0.19236703429136365, "i": 0.27043019638267146, "p": 3.5682896313592143}, "datetime": {"datetime": "2023-11-22 15:30:00", "elapsed": 298.678103, "delta": 1.678711}}
{"target": 518.8007477014077, "params": {"d": 0.08740584011794039, "i": 0.00506860508069229, "p": 0.7275218127589417}, "datetime": {"datetime": "2023-11-22 15:30:02", "elapsed": 300.567486, "delta": 1.889383}}
{"target": 182.05753507669868, "params": {"d": 0.7500249458304837, "i": 0.3047099400159325, "p": 0.5683886625747403}, "datetime": {"datetime": "2023-11-22 15:30:04", "elapsed": 302.651557, "delta": 2.084071}}
{"target": 371.5438247889014, "params": {"d": 0.0870719485990078, "i": 0.09005905607160025, "p": 0.696085483429314}, "datetime": {"datetime": "2023-11-22 15:30:06", "elapsed": 304.752406, "delta": 2.100849}}
{"target": 190.08433285467552, "params": {"d": 0.0, "i": 0.22951674448550488, "p": 3.981875840420221}, "datetime": {"datetime": "2023-11-22 15:30:08", "elapsed": 306.763475, "delta": 2.011069}}
{"target": 578.4479817328054, "params": {"d": 0.08472894219232074, "i": 0.004428571220540023, "p": 1.1045528376832818}, "datetime": {"datetime": "2023-11-22 15:30:10", "elapsed": 308.562979, "delta": 1.799504}}
{"target": 435.43194349887324, "params": {"d": 0.0100747950552178, "i": 0.006265667288376409, "p": 1.1915277949737746}, "datetime": {"datetime": "2023-11-22 15:30:11", "elapsed": 309.877525, "delta": 1.314546}}
{"target": 257.9704870477383, "params": {"d": 0.07038644130946514, "i": 0.0017953477392131378, "p": 0.27690018281663564}, "datetime": {"datetime": "2023-11-22 15:30:13", "elapsed": 311.559332, "delta": 1.681807}}
{"target": 230.38661080907926, "params": {"d": 0.8049947824305015, "i": 0.5, "p": 3.029654784864813}, "datetime": {"datetime": "2023-11-22 15:30:15", "elapsed": 314.174082, "delta": 2.61475}}
{"target": 356.8010082586598, "params": {"d": 0.13148995026509658, "i": 0.2267057248385878, "p": 1.4966149869287038}, "datetime": {"datetime": "2023-11-22 15:30:19", "elapsed": 317.63937, "delta": 3.465288}}
{"target": 242.22281496104424, "params": {"d": 0.7888114578374326, "i": 0.19844321745358012, "p": 3.9639835028397603}, "datetime": {"datetime": "2023-11-22 15:30:21", "elapsed": 319.350291, "delta": 1.710921}}
{"target": 487.67805694001964, "params": {"d": 0.10329533540176716, "i": 0.006434977818963239, "p": 0.7845879312727555}, "datetime": {"datetime": "2023-11-22 15:30:22", "elapsed": 321.266566, "delta": 1.916275}}
{"target": 444.78769754302647, "params": {"d": 0.025867354617978733, "i": 0.013103791248450403, "p": 0.7274810961230016}, "datetime": {"datetime": "2023-11-22 15:30:24", "elapsed": 322.940552, "delta": 1.673986}}
{"target": 623.7331012934394, "params": {"d": 0.11494868108361866, "i": 0.0019314355697074292, "p": 1.2392365641101115}, "datetime": {"datetime": "2023-11-22 15:30:26", "elapsed": 324.663833, "delta": 1.723281}}
{"target": 203.4948462004034, "params": {"d": 0.5123725594542732, "i": 0.011330510753975565, "p": 0.9036271967119602}, "datetime": {"datetime": "2023-11-22 15:30:28", "elapsed": 327.07261, "delta": 2.408777}}
{"target": 51.928698723007194, "params": {"d": 1.0, "i": 0.0, "p": 0.0}, "datetime": {"datetime": "2023-11-22 15:30:30", "elapsed": 328.861549, "delta": 1.788939}}
{"target": 199.57695662067002, "params": {"d": 1.0, "i": 0.32221060425640957, "p": 2.530346470196585}, "datetime": {"datetime": "2023-11-22 15:30:32", "elapsed": 330.459463, "delta": 1.597914}}
{"target": 387.5139360657159, "params": {"d": 0.002069126308386404, "i": 0.05714832371286199, "p": 1.230178860748659}, "datetime": {"datetime": "2023-11-22 15:30:35", "elapsed": 333.563867, "delta": 3.104404}}
{"target": 230.8981372904684, "params": {"d": 0.4980761569368635, "i": 0.22676228083581504, "p": 1.396119264736617}, "datetime": {"datetime": "2023-11-22 15:30:37", "elapsed": 335.560947, "delta": 1.99708}}
{"target": 370.46674201034386, "params": {"d": 0.05696204670750027, "i": 0.17678086011684496, "p": 1.3409986901318067}, "datetime": {"datetime": "2023-11-22 15:30:40", "elapsed": 338.532092, "delta": 2.971145}}
{"target": 247.82068026961394, "params": {"d": 0.7274048344453384, "i": 0.0, "p": 4.849158934481083}, "datetime": {"datetime": "2023-11-22 15:30:43", "elapsed": 341.343705, "delta": 2.811613}}
{"target": 293.6172264401193, "params": {"d": 0.10293782166655152, "i": 0.41369102444741596, "p": 0.9210721061562283}, "datetime": {"datetime": "2023-11-22 15:30:44", "elapsed": 343.264744, "delta": 1.921039}}
{"target": 229.37291049169994, "params": {"d": 0.686362618411861, "i": 0.0, "p": 2.832242400281181}, "datetime": {"datetime": "2023-11-22 15:30:46", "elapsed": 345.206281, "delta": 1.941537}}
{"target": 243.46655064368758, "params": {"d": 0.27024532999687745, "i": 0.5, "p": 4.079249415123247}, "datetime": {"datetime": "2023-11-22 15:30:48", "elapsed": 347.194263, "delta": 1.987982}}
{"target": 227.93023643129146, "params": {"d": 0.9881457115909397, "i": 0.45851772828989573, "p": 4.840638366191426}, "datetime": {"datetime": "2023-11-22 15:30:50", "elapsed": 348.647029, "delta": 1.452766}}
{"target": 168.35553113000805, "params": {"d": 1.0, "i": 0.2121956019258288, "p": 1.490590146798968}, "datetime": {"datetime": "2023-11-22 15:30:51", "elapsed": 350.180591, "delta": 1.533562}}
{"target": 612.6347062270617, "params": {"d": 0.1187986558012033, "i": 0.0021173352648332644, "p": 1.3979685348398685}, "datetime": {"datetime": "2023-11-22 15:30:53", "elapsed": 351.971665, "delta": 1.791074}}
{"target": 216.44532153428622, "params": {"d": 0.7504705494930931, "i": 0.48193548162422334, "p": 1.4261467952288398}, "datetime": {"datetime": "2023-11-22 15:30:55", "elapsed": 353.783076, "delta": 1.811411}}
{"target": 285.5691410066098, "params": {"d": 0.027471288689368656, "i": 0.4912731365783201, "p": 2.013040578256028}, "datetime": {"datetime": "2023-11-22 15:30:57", "elapsed": 355.773118, "delta": 1.990042}}
{"target": 673.0943023092354, "params": {"d": 0.13664602822739635, "i": 4.34855045821636e-05, "p": 1.267593607050449}, "datetime": {"datetime": "2023-11-22 15:30:59", "elapsed": 358.122806, "delta": 2.349688}}
{"target": 236.21839135364974, "params": {"d": 0.33373998976211516, "i": 0.48595891259176405, "p": 1.2821035004886645}, "datetime": {"datetime": "2023-11-22 15:31:01", "elapsed": 360.129582, "delta": 2.006776}}
{"target": 248.78598085736942, "params": {"d": 0.14978374110905202, "i": 0.49420549124181723, "p": 0.8521244237933084}, "datetime": {"datetime": "2023-11-22 15:31:03", "elapsed": 361.558354, "delta": 1.428772}}
{"target": 197.2085889499598, "params": {"d": 0.0, "i": 0.26839586082088324, "p": 2.2010327202790347}, "datetime": {"datetime": "2023-11-22 15:31:05", "elapsed": 363.473777, "delta": 1.915423}}
{"target": 569.9421113708963, "params": {"d": 0.09951442952855516, "i": 0.004410962951201636, "p": 1.402468496218221}, "datetime": {"datetime": "2023-11-22 15:31:07", "elapsed": 365.745765, "delta": 2.271988}}
{"target": 247.0466044697669, "params": {"d": 0.7325597314500252, "i": 0.3933236197656582, "p": 4.76539176665315}, "datetime": {"datetime": "2023-11-22 15:31:09", "elapsed": 367.792027, "delta": 2.046262}}
{"target": 138.4595167709045, "params": {"d": 0.3869139533303917, "i": 0.09317145300169077, "p": 0.2681378219910535}, "datetime": {"datetime": "2023-11-22 15:31:11", "elapsed": 369.706449, "delta": 1.914422}}
{"target": 309.8707084925681, "params": {"d": 0.0009455524232774293, "i": 0.39770779688748736, "p": 1.5721890374193555}, "datetime": {"datetime": "2023-11-22 15:31:13", "elapsed": 372.077087, "delta": 2.370638}}
{"target": 221.69038414204675, "params": {"d": 0.9967769663170147, "i": 0.24903649736995198, "p": 4.263021881805612}, "datetime": {"datetime": "2023-11-22 15:31:15", "elapsed": 373.474777, "delta": 1.39769}}
{"target": 507.3656823599145, "params": {"d": 0.15416821390393443, "i": 0.005787366566343932, "p": 1.1365375999377396}, "datetime": {"datetime": "2023-11-22 15:31:17", "elapsed": 375.762917, "delta": 2.28814}}
{"target": 253.09787314624538, "params": {"d": 0.6044534257878044, "i": 0.2576341586204637, "p": 5.0}, "datetime": {"datetime": "2023-11-22 15:31:20", "elapsed": 378.758387, "delta": 2.99547}}
{"target": 341.01679583823915, "params": {"d": 0.11399055015199111, "i": 0.09315159647067728, "p": 2.3972061010650565}, "datetime": {"datetime": "2023-11-22 15:31:24", "elapsed": 382.368167, "delta": 3.60978}}
{"target": 243.2184299855206, "params": {"d": 0.6146027230995327, "i": 0.046193811326158796, "p": 3.2259060403632986}, "datetime": {"datetime": "2023-11-22 15:31:26", "elapsed": 384.481905, "delta": 2.113738}}
{"target": 540.4742586933951, "params": {"d": 0.11236324053796298, "i": 0.0074961043461279075, "p": 1.4356488745379474}, "datetime": {"datetime": "2023-11-22 15:31:28", "elapsed": 386.456616, "delta": 1.974711}}
{"target": 225.20477358316305, "params": {"d": 0.9603405187748693, "i": 0.3504120712237745, "p": 4.553570773495777}, "datetime": {"datetime": "2023-11-22 15:31:29", "elapsed": 387.969837, "delta": 1.513221}}
{"target": 231.07907879485379, "params": {"d": 0.8374865917328332, "i": 0.3135474923367218, "p": 3.4303912916920347}, "datetime": {"datetime": "2023-11-22 15:31:32", "elapsed": 391.271273, "delta": 3.301436}}
{"target": 310.5202661489488, "params": {"d": 0.1620217808536063, "i": 0.1625342108550833, "p": 2.120164662356792}, "datetime": {"datetime": "2023-11-22 15:31:35", "elapsed": 393.570375, "delta": 2.299102}}
{"target": 121.39615636538811, "params": {"d": 0.772397384018711, "i": 0.2777035482227371, "p": 0.007742923871659202}, "datetime": {"datetime": "2023-11-22 15:31:38", "elapsed": 396.815699, "delta": 3.245324}}
{"target": 336.5698978130905, "params": {"d": 0.020324254807688846, "i": 0.21399680517137093, "p": 0.8095307267688445}, "datetime": {"datetime": "2023-11-22 15:31:40", "elapsed": 398.662021, "delta": 1.846322}}
{"target": 228.51046014734416, "params": {"d": 0.4980596810437239, "i": 0.2698875018938976, "p": 1.8773263087618408}, "datetime": {"datetime": "2023-11-22 15:31:42", "elapsed": 400.960891, "delta": 2.29887}}
{"target": 220.70945093842056, "params": {"d": 0.815981650421956, "i": 0.0, "p": 2.0238942786888847}, "datetime": {"datetime": "2023-11-22 15:31:44", "elapsed": 403.256314, "delta": 2.295423}}
{"target": 226.2501456330594, "params": {"d": 0.18108302421678157, "i": 0.4993358257797547, "p": 4.789727103027463}, "datetime": {"datetime": "2023-11-22 15:31:46", "elapsed": 405.159639, "delta": 1.903325}}
{"target": 158.5739005273461, "params": {"d": 0.2995168092314292, "i": 0.4977291788163732, "p": 0.19454407120645723}, "datetime": {"datetime": "2023-11-22 15:31:50", "elapsed": 408.470907, "delta": 3.311268}}
{"target": 371.3650445778559, "params": {"d": 0.0026108358737073623, "i": 0.20624990449719643, "p": 1.1724164398356236}, "datetime": {"datetime": "2023-11-22 15:31:52", "elapsed": 410.36617, "delta": 1.895263}}
{"target": 514.5588502213682, "params": {"d": 0.10434150520991181, "i": 0.0007425287845992945, "p": 1.907044437490753}, "datetime": {"datetime": "2023-11-22 15:31:54", "elapsed": 413.09348, "delta": 2.72731}}
{"target": 347.69316651019176, "params": {"d": 0.08499356334442931, "i": 0.21047720586535928, "p": 1.237773002778972}, "datetime": {"datetime": "2023-11-22 15:31:57", "elapsed": 415.722937, "delta": 2.629457}}
{"target": 544.1176242286405, "params": {"d": 0.1514367045956292, "i": 0.0025397223353404996, "p": 1.4335805811887044}, "datetime": {"datetime": "2023-11-22 15:31:59", "elapsed": 418.172726, "delta": 2.449789}}
{"target": 260.925864822282, "params": {"d": 0.30797931846245874, "i": 0.0, "p": 3.020510760432667}, "datetime": {"datetime": "2023-11-22 15:32:02", "elapsed": 420.352422, "delta": 2.179696}}
{"target": 405.9568758019847, "params": {"d": 0.0270320860366845, "i": 0.03433312705363467, "p": 0.5977426849216716}, "datetime": {"datetime": "2023-11-22 15:32:03", "elapsed": 421.874717, "delta": 1.522295}}
{"target": 240.04099483999585, "params": {"d": 0.20851177695058498, "i": 0.463243851453057, "p": 3.6691093125427847}, "datetime": {"datetime": "2023-11-22 15:32:04", "elapsed": 423.178181, "delta": 1.303464}}
{"target": 319.34532511679436, "params": {"d": 0.042412720835737994, "i": 0.14841135535826222, "p": 0.6048374167288473}, "datetime": {"datetime": "2023-11-22 15:32:07", "elapsed": 425.650557, "delta": 2.472376}}
{"target": 610.4560090880888, "params": {"d": 0.11275579061305763, "i": 0.00422687032427832, "p": 1.1292626828289476}, "datetime": {"datetime": "2023-11-22 15:32:08", "elapsed": 426.86596, "delta": 1.215403}}
{"target": 246.1880787669635, "params": {"d": 0.6823727463113693, "i": 0.2849468243603803, "p": 4.207031731388639}, "datetime": {"datetime": "2023-11-22 15:32:10", "elapsed": 429.05834, "delta": 2.19238}}
{"target": 222.76746465714547, "params": {"d": 0.4768080657142657, "i": 0.2914739276773552, "p": 0.9634757201055155}, "datetime": {"datetime": "2023-11-22 15:32:11", "elapsed": 430.164905, "delta": 1.106565}}
{"target": 609.8929231335449, "params": {"d": 0.06617490584966534, "i": 0.0004211638800230566, "p": 1.2238979087794895}, "datetime": {"datetime": "2023-11-22 15:32:14", "elapsed": 432.821401, "delta": 2.656496}}
{"target": 247.04584646593813, "params": {"d": 0.6940435529546649, "i": 0.4570785183425403, "p": 4.3529262141711245}, "datetime": {"datetime": "2023-11-22 15:32:16", "elapsed": 434.931876, "delta": 2.110475}}
{"target": 192.82585421736894, "params": {"d": 0.0, "i": 0.5, "p": 4.531353915307762}, "datetime": {"datetime": "2023-11-22 15:32:19", "elapsed": 437.402435, "delta": 2.470559}}
{"target": 545.7590687983158, "params": {"d": 0.13366001801161043, "i": 0.009537540981867043, "p": 1.2597377244149626}, "datetime": {"datetime": "2023-11-22 15:32:21", "elapsed": 439.563701, "delta": 2.161266}}
