{"target": 247.51103274659977, "params": {"d": 0.6594657875512273, "i": 0.45077102899996496, "p": 3.9722499002762475}, "datetime": {"datetime": "2023-11-22 16:32:15", "elapsed": 4033.671109, "delta": 5.219634}}
{"target": 223.89958694715307, "params": {"d": 0.7214103367654812, "i": 0.00954780653936299, "p": 1.655142358798194}, "datetime": {"datetime": "2023-11-22 16:32:26", "elapsed": 4045.263365, "delta": 11.592256}}
{"target": 370.4310294269857, "params": {"d": 0.1075610864957881, "i": 0.15537935932138053, "p": 2.1899356222711}, "datetime": {"datetime": "2023-11-22 16:32:36", "elapsed": 4054.963159, "delta": 9.699794}}
{"target": 161.55536112390385, "params": {"d": 0.7887215102724582, "i": 0.16189871681398893, "p": 0.6344050187534434}, "datetime": {"datetime": "2023-11-22 16:32:42", "elapsed": 4061.061356, "delta": 6.098197}}
{"target": 220.483317648776, "params": {"d": 0.8515375569347218, "i": 0.09380428733062557, "p": 3.482385678833591}, "datetime": {"datetime": "2023-11-22 16:32:49", "elapsed": 4067.53399, "delta": 6.472634}}
{"target": 201.8171744984941, "params": {"d": 0.35608464103383675, "i": 0.39946072459893905, "p": 0.42215208858863096}, "datetime": {"datetime": "2023-11-22 16:32:56", "elapsed": 4074.620735, "delta": 7.086745}}
{"target": 234.95418028915122, "params": {"d": 0.8590863930535093, "i": 0.17647132722592562, "p": 3.671895042424122}, "datetime": {"datetime": "2023-11-22 16:33:01", "elapsed": 4079.974051, "delta": 5.353316}}
{"target": 652.5727184664212, "params": {"d": 0.07457394618535584, "i": 0.0009426790567042542, "p": 0.8829463799671611}, "datetime": {"datetime": "2023-11-22 16:33:11", "elapsed": 4089.778985, "delta": 9.804934}}
{"target": 670.8094523010758, "params": {"d": 0.10232839875902022, "i": 0.0011908161738112821, "p": 1.1503461636503838}, "datetime": {"datetime": "2023-11-22 16:33:22", "elapsed": 4100.369006, "delta": 10.590021}}
{"target": 412.767357975033, "params": {"d": 0.1432370650270972, "i": 0.04040132411395475, "p": 0.9597304458118422}, "datetime": {"datetime": "2023-11-22 16:33:31", "elapsed": 4109.319468, "delta": 8.950462}}
{"target": 556.1296598140748, "params": {"d": 0.07947714971236075, "i": 0.0086974186788083, "p": 0.8680632488038303}, "datetime": {"datetime": "2023-11-22 16:33:39", "elapsed": 4117.546097, "delta": 8.226629}}
{"target": 406.56561354307973, "params": {"d": 0.1556228397220134, "i": 0.08221229665736829, "p": 1.3036825451207164}, "datetime": {"datetime": "2023-11-22 16:33:49", "elapsed": 4128.108516, "delta": 10.562419}}
{"target": 263.6250395357531, "params": {"d": 0.1450306900080075, "i": 0.24567942748600224, "p": 0.6715992470282883}, "datetime": {"datetime": "2023-11-22 16:33:55", "elapsed": 4133.763892, "delta": 5.655376}}
{"target": 249.2285861849098, "params": {"d": 0.6012558079917977, "i": 0.026216730815502798, "p": 3.585539589626718}, "datetime": {"datetime": "2023-11-22 16:34:01", "elapsed": 4139.358883, "delta": 5.594991}}
{"target": 195.09671611060716, "params": {"d": 0.013067848421401074, "i": 0.3913738503885378, "p": 2.8900629959146498}, "datetime": {"datetime": "2023-11-22 16:34:05", "elapsed": 4144.061028, "delta": 4.702145}}
{"target": 471.29810141850135, "params": {"d": 0.05090873314752409, "i": 0.025645143734034315, "p": 1.421853879689225}, "datetime": {"datetime": "2023-11-22 16:34:22", "elapsed": 4160.373428, "delta": 16.3124}}
{"target": 248.36567050777936, "params": {"d": 0.4214112629175113, "i": 0.17922971879692617, "p": 3.1212346885289977}, "datetime": {"datetime": "2023-11-22 16:34:28", "elapsed": 4166.950975, "delta": 6.577547}}
{"target": 656.1717040489198, "params": {"d": 0.10755204401261642, "i": 4.1951378522309124e-05, "p": 1.028055436498458}, "datetime": {"datetime": "2023-11-22 16:34:46", "elapsed": 4184.359977, "delta": 17.409002}}
{"target": 436.6422656794834, "params": {"d": 0.10763605225866513, "i": 0.05872607979992828, "p": 1.5010595285048356}, "datetime": {"datetime": "2023-11-22 16:35:00", "elapsed": 4198.758582, "delta": 14.398605}}
{"target": 462.5930420916495, "params": {"d": 0.032998756742385504, "i": 0.01917104998056607, "p": 0.8317940075786417}, "datetime": {"datetime": "2023-11-22 16:35:09", "elapsed": 4207.461025, "delta": 8.702443}}
{"target": 395.77540308695876, "params": {"d": 0.07072741299455332, "i": 0.06097975783631088, "p": 0.6444900122031139}, "datetime": {"datetime": "2023-11-22 16:35:17", "elapsed": 4215.961157, "delta": 8.500132}}
{"target": 169.7518440021826, "params": {"d": 0.7227768036599836, "i": 0.3668292573715416, "p": 0.23735767820463438}, "datetime": {"datetime": "2023-11-22 16:35:23", "elapsed": 4222.305495, "delta": 6.344338}}
{"target": 376.4380145554169, "params": {"d": 0.08521397609376768, "i": 0.16705012362016314, "p": 1.5233714268668352}, "datetime": {"datetime": "2023-11-22 16:35:31", "elapsed": 4230.161202, "delta": 7.855707}}
{"target": 244.48889938662262, "params": {"d": 0.37417446007055766, "i": 0.39579609600421506, "p": 3.1567999836778315}, "datetime": {"datetime": "2023-11-22 16:35:39", "elapsed": 4237.872026, "delta": 7.710824}}
{"target": 616.8043497869099, "params": {"d": 0.07396688415792063, "i": 0.0010123920731980873, "p": 1.0210669838692976}, "datetime": {"datetime": "2023-11-22 16:35:47", "elapsed": 4246.162494, "delta": 8.290468}}
{"target": 412.8742471743354, "params": {"d": 0.03582051539918851, "i": 0.007745951574516519, "p": 0.3289978139371197}, "datetime": {"datetime": "2023-11-22 16:36:02", "elapsed": 4260.353594, "delta": 14.1911}}
{"target": 235.20289112825014, "params": {"d": 0.16689122529259703, "i": 0.17902287071123257, "p": 3.500418669217042}, "datetime": {"datetime": "2023-11-22 16:36:07", "elapsed": 4265.756444, "delta": 5.40285}}
{"target": 413.3452415505233, "params": {"d": 0.0043309757295341145, "i": 0.014922703407126647, "p": 1.2702049896407974}, "datetime": {"datetime": "2023-11-22 16:36:24", "elapsed": 4282.892636, "delta": 17.136192}}
{"target": 218.98402662623957, "params": {"d": 0.8959868820396292, "i": 0.4355909937473565, "p": 2.772088882552013}, "datetime": {"datetime": "2023-11-22 16:36:29", "elapsed": 4288.173154, "delta": 5.280518}}
{"target": 413.52971236954824, "params": {"d": 0.10632766468244959, "i": 0.04002153365456007, "p": 2.0433593152605836}, "datetime": {"datetime": "2023-11-22 16:36:37", "elapsed": 4295.373016, "delta": 7.199862}}
{"target": 381.3307586240891, "params": {"d": 0.17136589972775362, "i": 0.04125283284598297, "p": 1.7042363600496035}, "datetime": {"datetime": "2023-11-22 16:36:53", "elapsed": 4311.456539, "delta": 16.083523}}
{"target": 374.14743721052224, "params": {"d": 0.048546728449237686, "i": 0.13350718216787877, "p": 1.091859738166923}, "datetime": {"datetime": "2023-11-22 16:37:05", "elapsed": 4323.936547, "delta": 12.480008}}
{"target": 238.52821265453008, "params": {"d": 0.3446590021240312, "i": 0.06931904802181288, "p": 1.5372996982802052}, "datetime": {"datetime": "2023-11-22 16:37:11", "elapsed": 4329.361379, "delta": 5.424832}}
{"target": 212.10351631908208, "params": {"d": 0.9464208170271332, "i": 0.3006597429796997, "p": 2.5405951443568506}, "datetime": {"datetime": "2023-11-22 16:37:15", "elapsed": 4333.970543, "delta": 4.609164}}
{"target": 397.818522625697, "params": {"d": 0.00734262282257625, "i": 0.06572098858087116, "p": 1.0844692127534483}, "datetime": {"datetime": "2023-11-22 16:37:26", "elapsed": 4344.764287, "delta": 10.793744}}
{"target": 424.4206477154366, "params": {"d": 0.10910572446111422, "i": 0.06559747097758245, "p": 1.906130236309909}, "datetime": {"datetime": "2023-11-22 16:37:38", "elapsed": 4356.916295, "delta": 12.152008}}
{"target": 477.983829208501, "params": {"d": 0.07004521321799206, "i": 0.01509625691885419, "p": 1.6315811469181796}, "datetime": {"datetime": "2023-11-22 16:37:52", "elapsed": 4371.297475, "delta": 14.38118}}
{"target": 586.4994275868298, "params": {"d": 0.03328315404376603, "i": 0.00020583117694411568, "p": 0.8864512543577924}, "datetime": {"datetime": "2023-11-22 16:38:01", "elapsed": 4379.720921, "delta": 8.423446}}
{"target": 525.1582610518788, "params": {"d": 0.12738411344850897, "i": 0.009680543453408186, "p": 1.4179937005859928}, "datetime": {"datetime": "2023-11-22 16:38:09", "elapsed": 4388.188053, "delta": 8.467132}}
{"target": 612.5346012610114, "params": {"d": 0.10795490766002958, "i": 0.004761315611007622, "p": 1.1041045150533386}, "datetime": {"datetime": "2023-11-22 16:38:23", "elapsed": 4401.964091, "delta": 13.776038}}
{"target": 526.0401778254667, "params": {"d": 0.0033341503200267075, "i": 0.00016880567850419137, "p": 0.7657891534930555}, "datetime": {"datetime": "2023-11-22 16:38:38", "elapsed": 4417.24261, "delta": 15.278519}}
{"target": 289.7382809111415, "params": {"d": 0.20997128968508239, "i": 0.1504034822263221, "p": 1.589817814894832}, "datetime": {"datetime": "2023-11-22 16:38:44", "elapsed": 4422.861441, "delta": 5.618831}}
{"target": 384.2102094638578, "params": {"d": 0.03118078438091243, "i": 0.04528605040452388, "p": 0.38528809252081797}, "datetime": {"datetime": "2023-11-22 16:38:59", "elapsed": 4437.543893, "delta": 14.682452}}
{"target": 466.1091225474101, "params": {"d": 0.0990807360699616, "i": 0.0033971826222229384, "p": 1.8835571496425358}, "datetime": {"datetime": "2023-11-22 16:39:07", "elapsed": 4445.732601, "delta": 8.188708}}
{"target": 368.8380573957763, "params": {"d": 0.06379043173591126, "i": 0.10186103468326063, "p": 0.745477882741093}, "datetime": {"datetime": "2023-11-22 16:39:16", "elapsed": 4454.360305, "delta": 8.627704}}
{"target": 235.26632432885592, "params": {"d": 0.3933755254541965, "i": 0.24180377716914891, "p": 1.6780825752970157}, "datetime": {"datetime": "2023-11-22 16:39:21", "elapsed": 4459.670502, "delta": 5.310197}}
{"target": 396.3238754633382, "params": {"d": 0.09756249337470668, "i": 0.09725624235088948, "p": 1.0916929746605204}, "datetime": {"datetime": "2023-11-22 16:39:31", "elapsed": 4469.464148, "delta": 9.793646}}
{"target": 243.3608276968325, "params": {"d": 0.40419450412086566, "i": 0.028145357935539683, "p": 2.2711317693801787}, "datetime": {"datetime": "2023-11-22 16:39:38", "elapsed": 4476.627803, "delta": 7.163655}}
{"target": 530.6799664873481, "params": {"d": 0.12210424315426516, "i": 0.0024751310822300754, "p": 0.9479942447860323}, "datetime": {"datetime": "2023-11-22 16:39:49", "elapsed": 4488.065013, "delta": 11.43721}}
{"target": 559.1321675913754, "params": {"d": 0.06959353606086349, "i": 0.0005170210602208902, "p": 0.6591717200952929}, "datetime": {"datetime": "2023-11-22 16:39:59", "elapsed": 4497.568711, "delta": 9.503698}}
{"target": 218.39078838756384, "params": {"d": 0.9596488860214066, "i": 0.3637053813509825, "p": 3.405432054758463}, "datetime": {"datetime": "2023-11-22 16:40:06", "elapsed": 4504.594233, "delta": 7.025522}}
{"target": 305.6918612179805, "params": {"d": 0.16755368600152465, "i": 0.12661303510338007, "p": 2.2255484633679683}, "datetime": {"datetime": "2023-11-22 16:40:17", "elapsed": 4515.473187, "delta": 10.878954}}
{"target": 485.69800206479374, "params": {"d": 0.07446024523147632, "i": 0.00563648800584593, "p": 0.6271028771621373}, "datetime": {"datetime": "2023-11-22 16:40:29", "elapsed": 4528.062264, "delta": 12.589077}}
{"target": 251.66237930647026, "params": {"d": 0.3416473791190161, "i": 0.17411936824753166, "p": 3.8027812223998336}, "datetime": {"datetime": "2023-11-22 16:40:34", "elapsed": 4533.074698, "delta": 5.012434}}
{"target": 542.4485602405109, "params": {"d": 0.03323660185507593, "i": 0.0032702048669752126, "p": 1.002167937857933}, "datetime": {"datetime": "2023-11-22 16:40:52", "elapsed": 4551.303517, "delta": 18.228819}}
{"target": 612.831022608053, "params": {"d": 0.09880216599282765, "i": 0.0015367803891681575, "p": 0.9246915211888851}, "datetime": {"datetime": "2023-11-22 16:41:00", "elapsed": 4558.35693, "delta": 7.053413}}
{"target": 509.5194812240968, "params": {"d": 0.0945551316884281, "i": 0.0023848809978231356, "p": 1.7630819039550976}, "datetime": {"datetime": "2023-11-22 16:41:10", "elapsed": 4569.071925, "delta": 10.714995}}
{"target": 247.66336874440665, "params": {"d": 0.7224618978567946, "i": 0.43893040769756075, "p": 4.2511232286304415}, "datetime": {"datetime": "2023-11-22 16:41:16", "elapsed": 4574.89698, "delta": 5.825055}}
{"target": 226.8656045168621, "params": {"d": 0.5392380501065589, "i": 0.3451367946721105, "p": 1.7297577149744265}, "datetime": {"datetime": "2023-11-22 16:41:22", "elapsed": 4580.914298, "delta": 6.017318}}
{"target": 414.2134882225033, "params": {"d": 0.10175557355216192, "i": 0.07568993259242107, "p": 1.2126208026675744}, "datetime": {"datetime": "2023-11-22 16:41:34", "elapsed": 4593.055786, "delta": 12.141488}}
{"target": 331.12347275910093, "params": {"d": 0.005193472905070218, "i": 0.07222956579238371, "p": 1.5629644490218468}, "datetime": {"datetime": "2023-11-22 16:41:43", "elapsed": 4602.267456, "delta": 9.21167}}
{"target": 399.3184425685894, "params": {"d": 0.023600869499104005, "i": 0.003884002695590305, "p": 1.6156231493102013}, "datetime": {"datetime": "2023-11-22 16:41:57", "elapsed": 4615.838091, "delta": 13.570635}}
{"target": 216.3375636544809, "params": {"d": 0.963781571756693, "i": 0.39539135121827296, "p": 3.130360492315752}, "datetime": {"datetime": "2023-11-22 16:42:04", "elapsed": 4622.356397, "delta": 6.518306}}
{"target": 463.72693480540164, "params": {"d": 0.11553608866112519, "i": 0.030931080128708932, "p": 1.4615046661799695}, "datetime": {"datetime": "2023-11-22 16:42:15", "elapsed": 4633.568843, "delta": 11.212446}}
{"target": 443.3138759867529, "params": {"d": 0.18996109890899981, "i": 0.0018367614630900864, "p": 1.3437773329703007}, "datetime": {"datetime": "2023-11-22 16:42:27", "elapsed": 4646.213647, "delta": 12.644804}}
{"target": 256.5691921116262, "params": {"d": 0.3047748879626634, "i": 0.4336722752661589, "p": 3.5221092437545254}, "datetime": {"datetime": "2023-11-22 16:42:36", "elapsed": 4654.557427, "delta": 8.34378}}
{"target": 542.5307520662095, "params": {"d": 0.07115013013548377, "i": 0.005252542518041747, "p": 1.360875676418007}, "datetime": {"datetime": "2023-11-22 16:42:44", "elapsed": 4662.96147, "delta": 8.404043}}
{"target": 549.5202819823215, "params": {"d": 0.09988763882063745, "i": 0.005416847060961516, "p": 0.90495769378096}, "datetime": {"datetime": "2023-11-22 16:42:59", "elapsed": 4677.667254, "delta": 14.705784}}
{"target": 535.0153693858061, "params": {"d": 0.09571345619442362, "i": 0.013466739089634083, "p": 1.0335427931311698}, "datetime": {"datetime": "2023-11-22 16:43:07", "elapsed": 4686.281153, "delta": 8.613899}}
{"target": 429.8350438943333, "params": {"d": 0.14620593263660164, "i": 0.06691280997419768, "p": 1.3721529958887775}, "datetime": {"datetime": "2023-11-22 16:43:12", "elapsed": 4690.472444, "delta": 4.191291}}
{"target": 401.63415077375714, "params": {"d": 0.008952358891089918, "i": 0.013122803712865116, "p": 1.3563516245208858}, "datetime": {"datetime": "2023-11-22 16:43:24", "elapsed": 4702.517986, "delta": 12.045542}}
{"target": 554.2700948835958, "params": {"d": 0.0388754229940288, "i": 0.001135623479769976, "p": 1.2884394854103802}, "datetime": {"datetime": "2023-11-22 16:43:34", "elapsed": 4712.367241, "delta": 9.849255}}
{"target": 247.96182937397532, "params": {"d": 0.688217985893057, "i": 0.007583426851145825, "p": 4.27169961144923}, "datetime": {"datetime": "2023-11-22 16:43:39", "elapsed": 4718.189352, "delta": 5.822111}}
{"target": 221.9731083166823, "params": {"d": 0.8790000266077604, "i": 0.35895243045170316, "p": 3.0019682300166126}, "datetime": {"datetime": "2023-11-22 16:43:48", "elapsed": 4726.464074, "delta": 8.274722}}
{"target": 216.1093366237152, "params": {"d": 0.9181011645901037, "i": 0.3141372109436888, "p": 2.546767678647364}, "datetime": {"datetime": "2023-11-22 16:43:54", "elapsed": 4732.969031, "delta": 6.504957}}
{"target": 603.6702564802505, "params": {"d": 0.03883170847181704, "i": 0.0, "p": 0.5795567822520028}, "datetime": {"datetime": "2023-11-22 16:44:07", "elapsed": 4745.365038, "delta": 12.396007}}
{"target": 605.2046518913743, "params": {"d": 0.04499060990123871, "i": 0.00027085055885495146, "p": 1.0476117047362417}, "datetime": {"datetime": "2023-11-22 16:44:24", "elapsed": 4762.402489, "delta": 17.037451}}
{"target": 167.31454463755202, "params": {"d": 0.0642701986063321, "i": 0.4903409951694943, "p": 0.1120520809766179}, "datetime": {"datetime": "2023-11-22 16:44:29", "elapsed": 4767.460264, "delta": 5.057775}}
{"target": 506.2881943104314, "params": {"d": 0.16471578905171713, "i": 0.0006788688078631089, "p": 1.4047103970421515}, "datetime": {"datetime": "2023-11-22 16:44:46", "elapsed": 4784.369793, "delta": 16.909529}}
{"target": 415.6233367386292, "params": {"d": 0.032098543760109455, "i": 0.041979656406511634, "p": 0.9421739516202637}, "datetime": {"datetime": "2023-11-22 16:44:56", "elapsed": 4794.374562, "delta": 10.004769}}
{"target": 248.9648681494907, "params": {"d": 0.312520959193344, "i": 0.10144641718615044, "p": 2.043761511129263}, "datetime": {"datetime": "2023-11-22 16:45:01", "elapsed": 4799.656777, "delta": 5.282215}}
