{"target": 430.6189101847324, "params": {"d": 0.047158558821771925, "i": 0.05058766008997736, "p": 1.552268922633347}, "datetime": {"datetime": "2023-11-22 15:43:30", "elapsed": 1108.66032, "delta": 6.19434}}
{"target": 377.62230641697914, "params": {"d": 0.10845549681796363, "i": 0.1300067705338267, "p": 1.2846678375137248}, "datetime": {"datetime": "2023-11-22 15:43:35", "elapsed": 1113.903692, "delta": 5.243372}}
{"target": 441.327258515069, "params": {"d": 0.09965648587365172, "i": 0.0006884577337467057, "p": 2.1494152725259448}, "datetime": {"datetime": "2023-11-22 15:43:40", "elapsed": 1118.619072, "delta": 4.71538}}
{"target": 370.9496213774167, "params": {"d": 8.897224045290031e-05, "i": 0.1452051799690648, "p": 1.1348364880098383}, "datetime": {"datetime": "2023-11-22 15:43:45", "elapsed": 1124.158483, "delta": 5.539411}}
{"target": 235.83558650452215, "params": {"d": 0.10072638078833451, "i": 0.18837542377590782, "p": 4.881760260405622}, "datetime": {"datetime": "2023-11-22 15:43:50", "elapsed": 1128.569702, "delta": 4.411219}}
{"target": 405.6901344307082, "params": {"d": 0.02470092991158046, "i": 0.03807946934624612, "p": 0.7803805593448238}, "datetime": {"datetime": "2023-11-22 15:43:54", "elapsed": 1133.157909, "delta": 4.588207}}
{"target": 496.8098245177625, "params": {"d": 0.0462962857402921, "i": 0.0068778778300332966, "p": 1.3966650501148747}, "datetime": {"datetime": "2023-11-22 15:44:02", "elapsed": 1140.361339, "delta": 7.20343}}
{"target": 230.74970066398663, "params": {"d": 0.8430648981413971, "i": 0.44196716746205067, "p": 2.837682134519199}, "datetime": {"datetime": "2023-11-22 15:44:04", "elapsed": 1143.266765, "delta": 2.905426}}
{"target": 327.2468143369946, "params": {"d": 0.19691875001945236, "i": 0.07313097080616743, "p": 0.8073555972554308}, "datetime": {"datetime": "2023-11-22 15:44:10", "elapsed": 1148.662706, "delta": 5.395941}}
{"target": 250.78294139078858, "params": {"d": 0.46302131111508915, "i": 0.2622941600139234, "p": 4.072147589224961}, "datetime": {"datetime": "2023-11-22 15:44:14", "elapsed": 1152.319969, "delta": 3.657263}}
{"target": 374.55110660847066, "params": {"d": 0.1532423042708534, "i": 0.011376601958157706, "p": 2.1640668991322265}, "datetime": {"datetime": "2023-11-22 15:44:19", "elapsed": 1157.494055, "delta": 5.174086}}
{"target": 315.3410411691079, "params": {"d": 0.1941790880809768, "i": 0.09069377624806195, "p": 1.7486265361513957}, "datetime": {"datetime": "2023-11-22 15:44:27", "elapsed": 1166.058003, "delta": 8.563948}}
{"target": 680.1040572643808, "params": {"d": 0.10041727547357185, "i": 0.0, "p": 1.5332743681206067}, "datetime": {"datetime": "2023-11-22 15:44:37", "elapsed": 1175.76022, "delta": 9.702217}}
{"target": 236.00692329290493, "params": {"d": 0.3660385185186451, "i": 0.13559731699854005, "p": 1.9551105503986155}, "datetime": {"datetime": "2023-11-22 15:44:41", "elapsed": 1179.358029, "delta": 3.597809}}
{"target": 467.9272122261237, "params": {"d": 0.06411866401386546, "i": 0.024608377599867504, "p": 0.8532811083152242}, "datetime": {"datetime": "2023-11-22 15:44:47", "elapsed": 1185.36775, "delta": 6.009721}}
{"target": 386.4031127064185, "params": {"d": 0.09342719854055104, "i": 0.11927691373000154, "p": 1.2040996053835507}, "datetime": {"datetime": "2023-11-22 15:44:51", "elapsed": 1189.575673, "delta": 4.207923}}
{"target": 258.71014852136614, "params": {"d": 0.2279192268982596, "i": 0.1276594989324757, "p": 1.4613456591745766}, "datetime": {"datetime": "2023-11-22 15:44:56", "elapsed": 1194.905345, "delta": 5.329672}}
{"target": 577.1826383192141, "params": {"d": 0.13954055896399886, "i": 0.0016966234450884188, "p": 1.4104762641637443}, "datetime": {"datetime": "2023-11-22 15:45:02", "elapsed": 1200.731189, "delta": 5.825844}}
{"target": 224.1202932116091, "params": {"d": 0.8024089480233739, "i": 0.08230020010887312, "p": 2.1124284002141227}, "datetime": {"datetime": "2023-11-22 15:45:04", "elapsed": 1203.161947, "delta": 2.430758}}
{"target": 347.3797942514877, "params": {"d": 0.18669728100051886, "i": 0.07728642594454987, "p": 0.9330040112276128}, "datetime": {"datetime": "2023-11-22 15:45:10", "elapsed": 1208.76107, "delta": 5.599123}}
{"target": 574.9735486931951, "params": {"d": 0.08990485577413543, "i": 0.0028925906076632812, "p": 1.5208685699605817}, "datetime": {"datetime": "2023-11-22 15:45:13", "elapsed": 1212.260238, "delta": 3.499168}}
{"target": 374.48125337482895, "params": {"d": 0.2003973184554032, "i": 0.02346940597874214, "p": 0.9893295269510655}, "datetime": {"datetime": "2023-11-22 15:45:18", "elapsed": 1217.283592, "delta": 5.023354}}
{"target": 506.5499106485372, "params": {"d": 0.0881112130701136, "i": 0.015821119696069696, "p": 1.3720190149977678}, "datetime": {"datetime": "2023-11-22 15:45:27", "elapsed": 1225.638581, "delta": 8.354989}}
{"target": 237.3473651046456, "params": {"d": 0.5114304603496148, "i": 0.44388806724770186, "p": 1.662710016450732}, "datetime": {"datetime": "2023-11-22 15:45:30", "elapsed": 1228.415333, "delta": 2.776752}}
{"target": 370.84343951106945, "params": {"d": 0.05811482578895277, "i": 0.16036290718642832, "p": 1.7702324303600263}, "datetime": {"datetime": "2023-11-22 15:45:33", "elapsed": 1232.01921, "delta": 3.603877}}
{"target": 137.0445036351646, "params": {"d": 0.7642884343233672, "i": 0.0, "p": 0.4348872765157597}, "datetime": {"datetime": "2023-11-22 15:45:37", "elapsed": 1235.368238, "delta": 3.349028}}
{"target": 250.37027342032982, "params": {"d": 0.2550112246832459, "i": 0.2045942183008671, "p": 1.373214576849215}, "datetime": {"datetime": "2023-11-22 15:45:40", "elapsed": 1238.664983, "delta": 3.296745}}
{"target": 186.093310290936, "params": {"d": 0.7729877260638027, "i": 0.49396304173385025, "p": 0.25513084549813825}, "datetime": {"datetime": "2023-11-22 15:45:45", "elapsed": 1243.377968, "delta": 4.712985}}
{"target": 535.0328390748725, "params": {"d": 0.11886556805469561, "i": 0.00012860339750020433, "p": 1.7864103456718254}, "datetime": {"datetime": "2023-11-22 15:45:50", "elapsed": 1248.576272, "delta": 5.198304}}
{"target": 318.81066389079865, "params": {"d": 0.0013949815263868404, "i": 0.07495534871104298, "p": 0.23993258412312424}, "datetime": {"datetime": "2023-11-22 15:45:54", "elapsed": 1253.221075, "delta": 4.644803}}
{"target": 564.433595023744, "params": {"d": 0.08730397643840904, "i": 0.002796219361311525, "p": 1.548584856196233}, "datetime": {"datetime": "2023-11-22 15:46:00", "elapsed": 1258.648697, "delta": 5.427622}}
{"target": 506.3716728749647, "params": {"d": 0.13139878785888726, "i": 0.013265095484675526, "p": 1.5511308155656152}, "datetime": {"datetime": "2023-11-22 15:46:04", "elapsed": 1262.982403, "delta": 4.333706}}
{"target": 207.7924846963918, "params": {"d": 0.04365952928881944, "i": 0.21542453153181962, "p": 3.2167894881781107}, "datetime": {"datetime": "2023-11-22 15:46:06", "elapsed": 1264.969155, "delta": 1.986752}}
{"target": 436.74601024269674, "params": {"d": 0.002909609810831437, "i": 0.04089677453467522, "p": 0.8883364311521408}, "datetime": {"datetime": "2023-11-22 15:46:11", "elapsed": 1269.872226, "delta": 4.903071}}
{"target": 123.00142032772693, "params": {"d": 0.876954887543349, "i": 0.2091971910946696, "p": 0.18101830631542803}, "datetime": {"datetime": "2023-11-22 15:46:14", "elapsed": 1272.776726, "delta": 2.9045}}
{"target": 362.54063979189596, "params": {"d": 0.10979928109640502, "i": 0.10497874879110675, "p": 2.268298793350467}, "datetime": {"datetime": "2023-11-22 15:46:19", "elapsed": 1277.979781, "delta": 5.203055}}
{"target": 464.3205746259122, "params": {"d": 0.04551822703677533, "i": 0.0036810374692600734, "p": 1.6449643697928402}, "datetime": {"datetime": "2023-11-22 15:46:24", "elapsed": 1282.992952, "delta": 5.013171}}
{"target": 569.2750126971404, "params": {"d": 0.09994214634386633, "i": 0.0017579294413413993, "p": 1.5409753826085497}, "datetime": {"datetime": "2023-11-22 15:46:32", "elapsed": 1290.392865, "delta": 7.399913}}
{"target": 448.99713293875146, "params": {"d": 0.034025642968742775, "i": 0.005980198920803426, "p": 1.4638049731781626}, "datetime": {"datetime": "2023-11-22 15:46:38", "elapsed": 1296.960433, "delta": 6.567568}}
{"target": 476.6172214185138, "params": {"d": 0.068234896679507, "i": 0.019858281133608324, "p": 1.5642096587484267}, "datetime": {"datetime": "2023-11-22 15:46:45", "elapsed": 1303.76845, "delta": 6.808017}}
{"target": 241.7346091162255, "params": {"d": 0.24513912010678895, "i": 0.4724194302350295, "p": 1.201997571379222}, "datetime": {"datetime": "2023-11-22 15:46:48", "elapsed": 1306.480366, "delta": 2.711916}}
{"target": 406.44253825468024, "params": {"d": 0.04250409044197201, "i": 0.07787920384069591, "p": 1.113131668086356}, "datetime": {"datetime": "2023-11-22 15:46:53", "elapsed": 1311.773073, "delta": 5.292707}}
{"target": 407.02721886312776, "params": {"d": 0.12980272036091023, "i": 0.05936020986902346, "p": 1.6088363530688976}, "datetime": {"datetime": "2023-11-22 15:46:59", "elapsed": 1318.073219, "delta": 6.300146}}
{"target": 349.6466625320131, "params": {"d": 0.15340391601583925, "i": 0.01411108943778333, "p": 2.1590216542436957}, "datetime": {"datetime": "2023-11-22 15:47:02", "elapsed": 1321.087329, "delta": 3.01411}}
{"target": 253.30640832257205, "params": {"d": 0.5883205711079617, "i": 0.25176579639462116, "p": 4.173529054235884}, "datetime": {"datetime": "2023-11-22 15:47:06", "elapsed": 1325.264732, "delta": 4.177403}}
{"target": 462.5308314599826, "params": {"d": 0.13447977547280965, "i": 0.027383974950179024, "p": 1.702223624313572}, "datetime": {"datetime": "2023-11-22 15:47:10", "elapsed": 1329.018835, "delta": 3.754103}}
{"target": 217.94103415960075, "params": {"d": 0.9182271690149969, "i": 0.019973485421494408, "p": 4.251336853165256}, "datetime": {"datetime": "2023-11-22 15:47:13", "elapsed": 1331.455793, "delta": 2.436958}}
{"target": 413.7447478828038, "params": {"d": 0.08737055450280451, "i": 0.10327104645412682, "p": 1.5454618399697617}, "datetime": {"datetime": "2023-11-22 15:47:17", "elapsed": 1335.658858, "delta": 4.203065}}
{"target": 423.84049529752184, "params": {"d": 0.11160733794304412, "i": 0.06218462545030107, "p": 1.5514880720628077}, "datetime": {"datetime": "2023-11-22 15:47:23", "elapsed": 1342.190401, "delta": 6.531543}}
{"target": 487.975602032649, "params": {"d": 0.09040125211127226, "i": 0.01194822864995676, "p": 1.681262460766932}, "datetime": {"datetime": "2023-11-22 15:47:28", "elapsed": 1346.885893, "delta": 4.695492}}
{"target": 609.4674168961129, "params": {"d": 0.13430202976651262, "i": 0.0008276187227467813, "p": 1.1805126852468733}, "datetime": {"datetime": "2023-11-22 15:47:34", "elapsed": 1353.071765, "delta": 6.185872}}
{"target": 413.8278829684886, "params": {"d": 0.09814214505691554, "i": 0.08657502264216677, "p": 1.4654948524840679}, "datetime": {"datetime": "2023-11-22 15:47:39", "elapsed": 1357.720698, "delta": 4.648933}}
{"target": 573.5810864740481, "params": {"d": 0.06435276436210435, "i": 0.0013637385604312047, "p": 1.4490564555632868}, "datetime": {"datetime": "2023-11-22 15:47:45", "elapsed": 1364.047239, "delta": 6.326541}}
{"target": 376.0880051826687, "params": {"d": 0.0069582094952121976, "i": 0.0720466398896703, "p": 1.3721554741921327}, "datetime": {"datetime": "2023-11-22 15:47:49", "elapsed": 1367.78192, "delta": 3.734681}}
{"target": 474.34320963001437, "params": {"d": 0.008476777574516592, "i": 0.0033632863315339323, "p": 0.4819108280721601}, "datetime": {"datetime": "2023-11-22 15:47:54", "elapsed": 1372.317702, "delta": 4.535782}}
{"target": 512.8542247596667, "params": {"d": 0.12422309120700403, "i": 0.002575219574294685, "p": 1.6745503838039184}, "datetime": {"datetime": "2023-11-22 15:47:58", "elapsed": 1377.230723, "delta": 4.913021}}
{"target": 543.9385849984887, "params": {"d": 0.12551840954399573, "i": 0.002842303121218137, "p": 1.5298096112383308}, "datetime": {"datetime": "2023-11-22 15:48:02", "elapsed": 1381.001373, "delta": 3.77065}}
{"target": 508.71788320751205, "params": {"d": 0.04774604574358099, "i": 0.008498381798387578, "p": 1.2272201057992755}, "datetime": {"datetime": "2023-11-22 15:48:07", "elapsed": 1385.684313, "delta": 4.68294}}
{"target": 446.10095786321324, "params": {"d": 0.15797037678560388, "i": 0.026588696247669075, "p": 1.5596484669175874}, "datetime": {"datetime": "2023-11-22 15:48:11", "elapsed": 1389.90212, "delta": 4.217807}}
{"target": 468.5804490031842, "params": {"d": 0.05918292866849717, "i": 0.024128890774323952, "p": 1.0926398121379872}, "datetime": {"datetime": "2023-11-22 15:48:15", "elapsed": 1394.116411, "delta": 4.214291}}
{"target": 476.9655730080904, "params": {"d": 0.006914679996143813, "i": 0.0019218363885181722, "p": 0.34293818279340915}, "datetime": {"datetime": "2023-11-22 15:48:20", "elapsed": 1398.561916, "delta": 4.445505}}
{"target": 349.3546727271923, "params": {"d": 0.01693286177901343, "i": 0.19383924748056047, "p": 1.6431283013882219}, "datetime": {"datetime": "2023-11-22 15:48:24", "elapsed": 1403.22956, "delta": 4.667644}}
{"target": 488.4311481343968, "params": {"d": 0.011368274984035254, "i": 0.0004147874764185433, "p": 0.5536952698780706}, "datetime": {"datetime": "2023-11-22 15:48:29", "elapsed": 1407.695467, "delta": 4.465907}}
{"target": 127.91029067574283, "params": {"d": 0.9186056782127788, "i": 0.06443397557674158, "p": 0.6994836883338412}, "datetime": {"datetime": "2023-11-22 15:48:31", "elapsed": 1409.673892, "delta": 1.978425}}
{"target": 243.71108914343324, "params": {"d": 0.2183897814440996, "i": 0.12268139690465935, "p": 2.981804005566158}, "datetime": {"datetime": "2023-11-22 15:48:34", "elapsed": 1413.260516, "delta": 3.586624}}
{"target": 414.3923419208394, "params": {"d": 0.07396612857624685, "i": 0.03497907969717717, "p": 2.0222605036099934}, "datetime": {"datetime": "2023-11-22 15:48:40", "elapsed": 1419.280432, "delta": 6.019916}}
{"target": 382.32547254515396, "params": {"d": 0.1717229997110975, "i": 0.06388886137614302, "p": 1.0612992000417383}, "datetime": {"datetime": "2023-11-22 15:48:49", "elapsed": 1428.169477, "delta": 8.889045}}
{"target": 579.0897815745927, "params": {"d": 0.10042345740852643, "i": 0.0025469220914625668, "p": 0.9255713990537356}, "datetime": {"datetime": "2023-11-22 15:48:56", "elapsed": 1435.144304, "delta": 6.974827}}
{"target": 315.499209019607, "params": {"d": 0.21609593178217645, "i": 0.003998539596256678, "p": 1.2908063327357022}, "datetime": {"datetime": "2023-11-22 15:49:03", "elapsed": 1441.448036, "delta": 6.303732}}
{"target": 680.4412909038475, "params": {"d": 0.10661364213265301, "i": 0.0010452425592022974, "p": 1.086433297691864}, "datetime": {"datetime": "2023-11-22 15:49:09", "elapsed": 1448.156711, "delta": 6.708675}}
{"target": 378.8407008389302, "params": {"d": 0.018401337099384962, "i": 0.05900298912619345, "p": 0.6607578460696112}, "datetime": {"datetime": "2023-11-22 15:49:18", "elapsed": 1456.559216, "delta": 8.402505}}
{"target": 646.6348399700478, "params": {"d": 0.10228032643159324, "i": 0.002435950663347619, "p": 1.0651520214870986}, "datetime": {"datetime": "2023-11-22 15:49:23", "elapsed": 1462.225071, "delta": 5.665855}}
{"target": 374.86415005552544, "params": {"d": 0.0, "i": 0.29035339412742484, "p": 0.9317350465913394}, "datetime": {"datetime": "2023-11-22 15:49:29", "elapsed": 1468.165383, "delta": 5.940312}}
{"target": 259.1079403503891, "params": {"d": 0.2597949336595766, "i": 0.27880105404737215, "p": 1.8387009736095967}, "datetime": {"datetime": "2023-11-22 15:49:33", "elapsed": 1472.096904, "delta": 3.931521}}
{"target": 138.21557095712106, "params": {"d": 0.9079650147554731, "i": 0.04298281675501403, "p": 0.8135412902303835}, "datetime": {"datetime": "2023-11-22 15:49:36", "elapsed": 1475.243496, "delta": 3.146592}}
{"target": 538.6099201110369, "params": {"d": 0.051289387977560774, "i": 0.0022873192332715786, "p": 1.3481327244358972}, "datetime": {"datetime": "2023-11-22 15:49:42", "elapsed": 1480.432345, "delta": 5.188849}}
{"target": 341.83808092895663, "params": {"d": 0.1645338840798125, "i": 0.04749180155214411, "p": 2.2138770109586456}, "datetime": {"datetime": "2023-11-22 15:49:45", "elapsed": 1484.175701, "delta": 3.743356}}
{"target": 216.32627469317998, "params": {"d": 0.9350705293137432, "i": 0.40318521979157956, "p": 1.854632788153638}, "datetime": {"datetime": "2023-11-22 15:49:48", "elapsed": 1486.560848, "delta": 2.385147}}
{"target": 406.276903565381, "params": {"d": 0.07967980716845424, "i": 0.09012441636509327, "p": 1.6129959389203736}, "datetime": {"datetime": "2023-11-22 15:49:53", "elapsed": 1491.67115, "delta": 5.110302}}
{"target": 344.67669695159753, "params": {"d": 0.010104197298009043, "i": 0.1289071961668975, "p": 1.5895301838768638}, "datetime": {"datetime": "2023-11-22 15:49:58", "elapsed": 1497.277462, "delta": 5.606312}}
{"target": 403.1629631090716, "params": {"d": 0.13049944480668504, "i": 0.0, "p": 0.7431766150813549}, "datetime": {"datetime": "2023-11-22 15:50:04", "elapsed": 1503.260115, "delta": 5.982653}}
{"target": 527.4130521985364, "params": {"d": 0.13311145876722363, "i": 0.005362028544136921, "p": 1.4621200719677878}, "datetime": {"datetime": "2023-11-22 15:50:12", "elapsed": 1511.274237, "delta": 8.014122}}
{"target": 370.39958138232964, "params": {"d": 0.1282060211867585, "i": 0.15227985586497722, "p": 1.6995377789906492}, "datetime": {"datetime": "2023-11-22 15:50:17", "elapsed": 1515.963677, "delta": 4.68944}}
{"target": 294.64274049290793, "params": {"d": 0.12365343574589382, "i": 0.1829088006515351, "p": 0.7437454986923836}, "datetime": {"datetime": "2023-11-22 15:50:21", "elapsed": 1519.776797, "delta": 3.81312}}
{"target": 324.7015011345891, "params": {"d": 0.1915549867422669, "i": 0.007308053116679314, "p": 1.774043724616361}, "datetime": {"datetime": "2023-11-22 15:50:26", "elapsed": 1524.895288, "delta": 5.118491}}
{"target": 602.6891507653471, "params": {"d": 0.043204924054331406, "i": 0.0004141272682010033, "p": 0.700727439380533}, "datetime": {"datetime": "2023-11-22 15:50:30", "elapsed": 1528.865875, "delta": 3.970587}}
{"target": 189.32733702260884, "params": {"d": 0.005578387667338647, "i": 0.4970001672484566, "p": 4.4803327716735675}, "datetime": {"datetime": "2023-11-22 15:50:32", "elapsed": 1531.279376, "delta": 2.413501}}
{"target": 556.1912895092497, "params": {"d": 0.07823381786219907, "i": 0.007821544632522714, "p": 0.8312416189840038}, "datetime": {"datetime": "2023-11-22 15:50:40", "elapsed": 1539.266645, "delta": 7.987269}}
{"target": 233.7016501424962, "params": {"d": 0.7614349306977084, "i": 0.3248765249886142, "p": 3.1968215083396787}, "datetime": {"datetime": "2023-11-22 15:50:46", "elapsed": 1544.772193, "delta": 5.505548}}
{"target": 511.28729600303444, "params": {"d": 0.05193801563202516, "i": 0.005000680761780174, "p": 1.5373453578871987}, "datetime": {"datetime": "2023-11-22 15:50:51", "elapsed": 1549.660334, "delta": 4.888141}}
{"target": 377.4655798840573, "params": {"d": 0.0007137896844440217, "i": 0.21938761197214185, "p": 1.093444691707552}, "datetime": {"datetime": "2023-11-22 15:51:01", "elapsed": 1559.556824, "delta": 9.89649}}
{"target": 373.2737635239363, "params": {"d": 0.0008710328823196001, "i": 0.16889065602472986, "p": 0.9178445440249389}, "datetime": {"datetime": "2023-11-22 15:51:07", "elapsed": 1565.85854, "delta": 6.301716}}
{"target": 197.22276652492795, "params": {"d": 0.6372076575957251, "i": 0.07574011252210844, "p": 1.0132486776012057}, "datetime": {"datetime": "2023-11-22 15:51:11", "elapsed": 1570.299481, "delta": 4.440941}}
{"target": 238.49873024460823, "params": {"d": 0.2756842741048675, "i": 0.4677225703771247, "p": 0.7896830820362993}, "datetime": {"datetime": "2023-11-22 15:51:15", "elapsed": 1574.264247, "delta": 3.964766}}
{"target": 221.19461996999274, "params": {"d": 0.4103910986649735, "i": 0.4351579203036823, "p": 0.7227700221147332}, "datetime": {"datetime": "2023-11-22 15:51:18", "elapsed": 1576.761475, "delta": 2.497228}}
{"target": 186.51214965191403, "params": {"d": 0.5529564063028952, "i": 0.2353355664595158, "p": 0.42601410418945473}, "datetime": {"datetime": "2023-11-22 15:51:24", "elapsed": 1582.560145, "delta": 5.79867}}
{"target": 406.6350078102431, "params": {"d": 0.09959640381581791, "i": 0.01463959787941227, "p": 2.2025696759098503}, "datetime": {"datetime": "2023-11-22 15:51:30", "elapsed": 1588.677232, "delta": 6.117087}}
{"target": 193.9041819194265, "params": {"d": 0.19255613789705806, "i": 0.2899256007191846, "p": 0.36918210888684744}, "datetime": {"datetime": "2023-11-22 15:51:38", "elapsed": 1596.374806, "delta": 7.697574}}
{"target": 257.54642872377855, "params": {"d": 0.2662776076532912, "i": 0.10460474437503481, "p": 2.0606041770024754}, "datetime": {"datetime": "2023-11-22 15:51:43", "elapsed": 1601.420952, "delta": 5.046146}}
{"target": 663.5814700802429, "params": {"d": 0.11470943385999244, "i": 0.0003973410469581551, "p": 1.0936558439684392}, "datetime": {"datetime": "2023-11-22 15:51:55", "elapsed": 1613.914687, "delta": 12.493735}}
{"target": 215.75832561322136, "params": {"d": 0.49712801958492525, "i": 0.004348320771453473, "p": 1.3495541629929368}, "datetime": {"datetime": "2023-11-22 15:52:00", "elapsed": 1619.231976, "delta": 5.317289}}
{"target": 730.8671325951514, "params": {"d": 0.09971736541163134, "i": 7.009151318732032e-05, "p": 1.142539098868638}, "datetime": {"datetime": "2023-11-22 15:52:09", "elapsed": 1628.192342, "delta": 8.960366}}
{"target": 314.4595095480296, "params": {"d": 0.011562772059969029, "i": 0.11818303478255632, "p": 1.7315250775696849}, "datetime": {"datetime": "2023-11-22 15:52:16", "elapsed": 1635.209147, "delta": 7.016805}}
{"target": 609.039307411545, "params": {"d": 0.13477711661249236, "i": 0.0017922087110793794, "p": 1.314889326929114}, "datetime": {"datetime": "2023-11-22 15:52:22", "elapsed": 1640.640997, "delta": 5.43185}}
